#
# There is insufficient memory for the Java Runtime Environment to continue.
# Native memory allocation (mmap) failed to map 65536 bytes. Error detail: Failed to commit metaspace.
# Possible reasons:
#   The system is out of physical RAM or swap space
#   This process is running with CompressedOops enabled, and the Java Heap may be blocking the growth of the native heap
# Possible solutions:
#   Reduce memory load on the system
#   Increase physical memory or swap space
#   Check if swap backing store is full
#   Decrease Java heap size (-Xmx/-Xms)
#   Decrease number of Java threads
#   Decrease Java thread stack sizes (-Xss)
#   Set larger code cache with -XX:ReservedCodeCacheSize=
#   JVM is running with Unscaled Compressed Oops mode in which the Java heap is
#     placed in the first 4GB address space. The Java Heap base address is the
#     maximum limit for the native heap growth. Please use -XX:HeapBaseMinAddress
#     to set the Java Heap base and to place the Java Heap above 4GB virtual address.
# This output file may be truncated or incomplete.
#
#  Out of Memory Error (virtualSpaceNode.cpp:113), pid=22760, tid=14504
#
# JRE version: OpenJDK Runtime Environment Temurin-21.0.10+7 (21.0.10+7) (build 21.0.10+7-LTS)
# Java VM: OpenJDK 64-Bit Server VM Temurin-21.0.10+7 (21.0.10+7-LTS, mixed mode, sharing, tiered, compressed oops, compressed class ptrs, parallel gc, windows-amd64)
# No core dump will be written. Minidumps are not enabled by default on client versions of Windows
#

---------------  S U M M A R Y ------------

Command Line: --add-modules=ALL-SYSTEM --add-opens=java.base/java.util=ALL-UNNAMED --add-opens=java.base/java.lang=ALL-UNNAMED --add-opens=java.base/sun.nio.fs=ALL-UNNAMED -Declipse.application=org.eclipse.jdt.ls.core.id1 -Dosgi.bundles.defaultStartLevel=4 -Declipse.product=org.eclipse.jdt.ls.core.product -Djava.import.generatesMetadataFilesAtProjectRoot=false -DDetectVMInstallationsJob.disabled=true -Dfile.encoding=utf8 -XX:+UseParallelGC -XX:GCTimeRatio=4 -XX:AdaptiveSizePolicyWeight=90 -Dsun.zip.disableMemoryMapping=true -Xmx2G -Xms100m -Xlog:disable -javaagent:c:\Users\TUF\.vscode\extensions\redhat.java-1.54.0-win32-x64\lombok\lombok-1.18.39-4050.jar -XX:+HeapDumpOnOutOfMemoryError -XX:HeapDumpPath=c:\Users\TUF\AppData\Roaming\Code\User\workspaceStorage\9666aa7d0958d0b855e21311c80c4bb9\redhat.java -Daether.dependencyCollector.impl=bf c:\Users\TUF\.vscode\extensions\redhat.java-1.54.0-win32-x64\server\plugins\org.eclipse.equinox.launcher_1.7.100.v20251111-0406.jar -configuration c:\Users\TUF\AppData\Roaming\Code\User\globalStorage\redhat.java\1.54.0\config_win -data c:\Users\TUF\AppData\Roaming\Code\User\workspaceStorage\9666aa7d0958d0b855e21311c80c4bb9\redhat.java\jdt_ws --pipe=\\.\pipe\lsp-7a257ce53860f42d3213e716d5e52a31-sock

Host: AMD Ryzen 5 7535HS with Radeon Graphics        , 12 cores, 15G,  Windows 11 , 64 bit Build 26100 (10.0.26100.8521)
Time: Thu Jun 25 18:30:39 2026 SE Asia Standard Time elapsed time: 9.534176 seconds (0d 0h 0m 9s)

---------------  T H R E A D  ---------------

Current thread (0x000002640c9ce220):  JavaThread "main"             [_thread_in_vm, id=14504, stack(0x000000aeecd00000,0x000000aeece00000) (1024K)]

Stack: [0x000000aeecd00000,0x000000aeece00000]
Native frames: (J=compiled Java code, j=interpreted, Vv=VM code, C=native code)
V  [jvm.dll+0x6d7a39]
V  [jvm.dll+0x8b4b26]
V  [jvm.dll+0x8b70de]
V  [jvm.dll+0x8b77c3]
V  [jvm.dll+0x284346]
V  [jvm.dll+0x8b086e]
V  [jvm.dll+0x679444]
V  [jvm.dll+0x1e82bb]
V  [jvm.dll+0x1e807e]
V  [jvm.dll+0x67bd42]
V  [jvm.dll+0x67bb72]
V  [jvm.dll+0x679e1e]
V  [jvm.dll+0x281217]
V  [jvm.dll+0x72dd4f]
V  [jvm.dll+0x72e88f]
V  [jvm.dll+0x3cc641]
V  [jvm.dll+0x3cb417]
V  [jvm.dll+0x3cb3b8]
V  [jvm.dll+0x3dce7a]
C  0x0000026417119274

The last pc belongs to new (printed below).
Java frames: (J=compiled Java code, j=interpreted, Vv=VM code)
j  org.eclipse.osgi.storage.Storage.<init>(Lorg/eclipse/osgi/internal/framework/EquinoxContainer;[Ljava/lang/String;)V+642
j  org.eclipse.osgi.storage.Storage.createStorage(Lorg/eclipse/osgi/internal/framework/EquinoxContainer;)Lorg/eclipse/osgi/storage/Storage;+11
j  org.eclipse.osgi.internal.framework.EquinoxContainer.<init>(Ljava/util/Map;Lorg/osgi/framework/connect/ModuleConnector;)V+146
j  org.eclipse.osgi.launch.Equinox.<init>(Ljava/util/Map;Lorg/osgi/framework/connect/ModuleConnector;)V+10
j  org.eclipse.osgi.launch.Equinox.<init>(Ljava/util/Map;)V+3
j  org.eclipse.core.runtime.adaptor.EclipseStarter.startup([Ljava/lang/String;Ljava/lang/Runnable;)Lorg/osgi/framework/BundleContext;+28
j  org.eclipse.core.runtime.adaptor.EclipseStarter.run([Ljava/lang/String;Ljava/lang/Runnable;)Ljava/lang/Object;+21
j  java.lang.invoke.DirectMethodHandle$Holder.invokeStatic(Ljava/lang/Object;Ljava/lang/Object;Ljava/lang/Object;)Ljava/lang/Object;+11 java.base@21.0.10
j  java.lang.invoke.LambdaForm$MH+0x000002642508a800.invoke(Ljava/lang/Object;Ljava/lang/Object;Ljava/lang/Object;Ljava/lang/Object;)Ljava/lang/Object;+54 java.base@21.0.10
j  java.lang.invoke.LambdaForm$MH+0x0000026425002c00.invokeExact_MT(Ljava/lang/Object;Ljava/lang/Object;Ljava/lang/Object;Ljava/lang/Object;Ljava/lang/Object;)Ljava/lang/Object;+22 java.base@21.0.10
j  jdk.internal.reflect.DirectMethodHandleAccessor.invokeImpl(Ljava/lang/Object;[Ljava/lang/Object;)Ljava/lang/Object;+72 java.base@21.0.10
j  jdk.internal.reflect.DirectMethodHandleAccessor.invoke(Ljava/lang/Object;[Ljava/lang/Object;)Ljava/lang/Object;+23 java.base@21.0.10
j  java.lang.reflect.Method.invoke(Ljava/lang/Object;[Ljava/lang/Object;)Ljava/lang/Object;+102 java.base@21.0.10
j  org.eclipse.equinox.launcher.Main.invokeFramework([Ljava/lang/String;[Ljava/net/URL;)V+155
j  org.eclipse.equinox.launcher.Main.basicRun([Ljava/lang/String;)V+191
j  org.eclipse.equinox.launcher.Main.run([Ljava/lang/String;)I+4
j  org.eclipse.equinox.launcher.Main.main([Ljava/lang/String;)V+10
v  ~StubRoutines::call_stub 0x000002641710100d
new  187 new  [0x00000264171190e0, 0x00000264171192e8]  520 bytes
[MachCode]
  0x00000264171190e0: 4883 ec08 | c5fa 1104 | 24eb 1f48 | 83ec 10c5 | fb11 0424 | eb14 4883 | ec10 4889 | 0424 48c7 
  0x0000026417119100: 4424 0800 | 0000 00eb | 0150 410f | b755 010f | cac1 ea10 | 488b 4de8 | 488b 4908 | 488b 4908 
  0x0000026417119120: 488b 4108 | 807c 1004 | 070f 85d3 | 0000 0066 | 8b54 d148 | 488b 4928 | 488b 4cd1 | 0851 80b9 
  0x0000026417119140: 3101 0000 | 040f 85b6 | 0000 008b | 5108 f6c2 | 010f 85aa | 0000 0049 | 8b87 b801 | 0000 488d 
  0x0000026417119160: 1c10 493b | 9fc8 0100 | 000f 8792 | 0000 0049 | 899f b801 | 0000 4883 | ea10 0f84 | 0f00 0000 
  0x0000026417119180: 33c9 c1ea | 0348 894c | d008 48ff | ca75 f648 | c700 0100 | 0000 5933 | f689 700c | 49ba 0000 
  0x00000264171191a0: 0024 6402 | 0000 492b | ca89 4808 | 49ba c75c | 7192 fb7f | 0000 4180 | 3a00 0f84 | 3c00 0000 
  0x00000264171191c0: 5048 8bc8 | 4883 ec20 | 40f6 c40f | 0f84 1900 | 0000 4883 | ec08 48b8 | 90e1 1a92 | fb7f 0000 
  0x00000264171191e0: ffd0 4883 | c408 e90c | 0000 0048 | b890 e11a | 92fb 7f00 | 00ff d048 | 83c4 2058 | e9cb 0000 
  0x0000026417119200: 0059 488b | 55e8 488b | 5208 488b | 5208 450f | b745 0141 | 0fc8 41c1 | e810 e805 | 0000 00e9 
  0x0000026417119220: a800 0000 | 488d 4424 | 084c 896d | c049 8bcf | c5f8 7749 | 89af b003 | 0000 4989 | 87a0 0300 
  0x0000026417119240: 0048 83ec | 2040 f6c4 | 0f0f 8419 | 0000 0048 | 83ec 0848 | b8f0 cde4 | 91fb 7f00 | 00ff d048 
  0x0000026417119260: 83c4 08e9 | 0c00 0000 | 48b8 f0cd | e491 fb7f | 0000 ffd0 | 4883 c420 | 49c7 87a0 | 0300 0000 
  0x0000026417119280: 0000 0049 | c787 b003 | 0000 0000 | 0000 49c7 | 87a8 0300 | 0000 0000 | 00c5 f877 | 4983 7f08 
  0x00000264171192a0: 000f 8405 | 0000 00e9 | 547c feff | 498b 87f8 | 0300 0049 | c787 f803 | 0000 0000 | 0000 4c8b 
  0x00000264171192c0: 6dc0 4c8b | 75c8 4e8d | 74f5 00c3 | 410f b65d | 0349 83c5 | 0349 ba10 | 2574 92fb | 7f00 0041 
  0x00000264171192e0: ff24 da0f | 1f44 0000 
[/MachCode]

---------------  P R O C E S S  ---------------

Threads class SMR info:
_java_thread_list=0x0000026466a2ecc0, length=12, elements={
0x000002640c9ce220, 0x000002640ca74370, 0x000002640c97e090, 0x000002640ca77c80,
0x000002640ca788e0, 0x000002640ca7d7a0, 0x000002640ca809b0, 0x000002640ca8d360,
0x00000264657bd8f0, 0x0000026465a09340, 0x0000026466760820, 0x0000026466a39e40
}

Java Threads: ( => current thread )
=>0x000002640c9ce220 JavaThread "main"                              [_thread_in_vm, id=14504, stack(0x000000aeecd00000,0x000000aeece00000) (1024K)]
  0x000002640ca74370 JavaThread "Reference Handler"          daemon [_thread_blocked, id=9800, stack(0x000000aeed100000,0x000000aeed200000) (1024K)]
  0x000002640c97e090 JavaThread "Finalizer"                  daemon [_thread_blocked, id=12864, stack(0x000000aeed200000,0x000000aeed300000) (1024K)]
  0x000002640ca77c80 JavaThread "Signal Dispatcher"          daemon [_thread_blocked, id=14440, stack(0x000000aeed300000,0x000000aeed400000) (1024K)]
  0x000002640ca788e0 JavaThread "Attach Listener"            daemon [_thread_blocked, id=2700, stack(0x000000aeed400000,0x000000aeed500000) (1024K)]
  0x000002640ca7d7a0 JavaThread "Service Thread"             daemon [_thread_blocked, id=23320, stack(0x000000aeed500000,0x000000aeed600000) (1024K)]
  0x000002640ca809b0 JavaThread "Monitor Deflation Thread"   daemon [_thread_blocked, id=11604, stack(0x000000aeed600000,0x000000aeed700000) (1024K)]
  0x000002640ca8d360 JavaThread "C2 CompilerThread0"         daemon [_thread_blocked, id=13156, stack(0x000000aeed700000,0x000000aeed800000) (1024K)]
  0x00000264657bd8f0 JavaThread "C1 CompilerThread0"         daemon [_thread_blocked, id=19156, stack(0x000000aeed800000,0x000000aeed900000) (1024K)]
  0x0000026465a09340 JavaThread "Common-Cleaner"             daemon [_thread_blocked, id=2452, stack(0x000000aeeda00000,0x000000aeedb00000) (1024K)]
  0x0000026466760820 JavaThread "Notification Thread"        daemon [_thread_blocked, id=4684, stack(0x000000aeed900000,0x000000aeeda00000) (1024K)]
  0x0000026466a39e40 JavaThread "C2 CompilerThread1"         daemon [_thread_blocked, id=17640, stack(0x000000aeedb00000,0x000000aeedc00000) (1024K)]
Total: 12

Other Threads:
  0x000002640c9640d0 VMThread "VM Thread"                           [id=17228, stack(0x000000aeed000000,0x000000aeed100000) (1024K)] _threads_hazard_ptr=0x0000026466a2ecc0
  0x000002640c85ca10 WatcherThread "VM Periodic Task Thread"        [id=17196, stack(0x000000aeecf00000,0x000000aeed000000) (1024K)]
  0x000002640c9ec5f0 WorkerThread "GC Thread#0"                     [id=27344, stack(0x000000aeece00000,0x000000aeecf00000) (1024K)]
  0x00000264669232e0 WorkerThread "GC Thread#1"                     [id=1532, stack(0x000000aeedc00000,0x000000aeedd00000) (1024K)]
  0x000002646b05a150 WorkerThread "GC Thread#2"                     [id=14392, stack(0x000000aeedd00000,0x000000aeede00000) (1024K)]
  0x000002646b05a500 WorkerThread "GC Thread#3"                     [id=2516, stack(0x000000aeede00000,0x000000aeedf00000) (1024K)]
  0x000002646b05a8b0 WorkerThread "GC Thread#4"                     [id=9140, stack(0x000000aeedf00000,0x000000aeee000000) (1024K)]
  0x0000026466c2dd50 WorkerThread "GC Thread#5"                     [id=24588, stack(0x000000aeee000000,0x000000aeee100000) (1024K)]
  0x0000026466c957a0 WorkerThread "GC Thread#6"                     [id=6436, stack(0x000000aeee100000,0x000000aeee200000) (1024K)]
Total: 9

Threads with active compile tasks:
C2 CompilerThread1  9589 1216       4       java.util.concurrent.locks.AbstractQueuedSynchronizer::compareAndSetState (13 bytes)
Total: 1

VM state: synchronizing (normal execution)

VM Mutex/Monitor currently owned by a thread:  ([mutex/lock_event])
[0x00007ffb9272c4e0] Metaspace_lock - owner thread: 0x000002640c9ce220
[0x00007ffb9272e560] Threads_lock - owner thread: 0x000002640c9640d0

Heap address: 0x0000000080000000, size: 2048 MB, Compressed Oops mode: 32-bit

CDS archive(s) mapped at: [0x0000026424000000-0x0000026424ba0000-0x0000026424ba0000), size 12189696, SharedBaseAddress: 0x0000026424000000, ArchiveRelocationMode: 1.
Compressed class space mapped at: 0x0000026425000000-0x0000026465000000, reserved size: 1073741824
Narrow klass base: 0x0000026424000000, Narrow klass shift: 0, Narrow klass range: 0x100000000

GC Precious Log:
 CardTable entry size: 512
 CPUs: 12 total, 12 available
 Memory: 15611M
 Large Page Support: Disabled
 NUMA Support: Disabled
 Compressed Oops: Enabled (32-bit)
 Alignments: Space 512K, Generation 512K, Heap 2M
 Heap Min Capacity: 100M
 Heap Initial Capacity: 100M
 Heap Max Capacity: 2G
 Pre-touch: Disabled
 Parallel Workers: 10

Heap:
 PSYoungGen      total 29696K, used 8472K [0x00000000d5580000, 0x00000000d7680000, 0x0000000100000000)
  eden space 25600K, 20% used [0x00000000d5580000,0x00000000d5a90338,0x00000000d6e80000)
  from space 4096K, 80% used [0x00000000d6e80000,0x00000000d71b5ea8,0x00000000d7280000)
  to   space 4096K, 0% used [0x00000000d7280000,0x00000000d7280000,0x00000000d7680000)
 ParOldGen       total 68608K, used 16K [0x0000000080000000, 0x0000000084300000, 0x00000000d5580000)
  object space 68608K, 0% used [0x0000000080000000,0x0000000080004000,0x0000000084300000)
 Metaspace       used 5382K, committed 5632K, reserved 1114112K
  class space    used 574K, committed 704K, reserved 1048576K

Card table byte_map: [0x000002640c370000,0x000002640c780000] _byte_map_base: 0x000002640bf70000

Marking Bits: (ParMarkBitMap*) 0x00007ffb92733450
 Begin Bits: [0x000002641ee80000, 0x0000026420e80000)
 End Bits:   [0x0000026420e80000, 0x0000026422e80000)

Polling page: 0x000002640a810000

Metaspace:

Usage:
  Non-class:      4.70 MB used.
      Class:    574.18 KB used.
       Both:      5.26 MB used.

Virtual space:
  Non-class space:       64.00 MB reserved,       4.81 MB (  8%) committed,  1 nodes.
      Class space:        1.00 GB reserved,     704.00 KB ( <1%) committed,  1 nodes.
             Both:        1.06 GB reserved,       5.50 MB ( <1%) committed. 

Chunk freelists:
   Non-Class:  10.49 MB
       Class:  15.36 MB
        Both:  25.85 MB

MaxMetaspaceSize: unlimited
CompressedClassSpaceSize: 1.00 GB
Initial GC threshold: 21.00 MB
Current GC threshold: 21.00 MB
CDS: on
 - commit_granule_bytes: 65536.
 - commit_granule_words: 8192.
 - virtual_space_node_default_size: 8388608.
 - enlarge_chunks_in_place: 1.
 - use_allocation_guard: 0.


Internal statistics:

num_allocs_failed_limit: 0.
num_arena_births: 190.
num_arena_deaths: 0.
num_vsnodes_births: 2.
num_vsnodes_deaths: 0.
num_space_committed: 88.
num_space_uncommitted: 0.
num_chunks_returned_to_freelist: 0.
num_chunks_taken_from_freelist: 291.
num_chunk_merges: 0.
num_chunk_splits: 186.
num_chunks_enlarged: 112.
num_inconsistent_stats: 0.

CodeHeap 'non-profiled nmethods': size=120000Kb used=462Kb max_used=462Kb free=119537Kb
 bounds [0x00000264176a0000, 0x0000026417910000, 0x000002641ebd0000]
CodeHeap 'profiled nmethods': size=120000Kb used=2050Kb max_used=2050Kb free=117949Kb
 bounds [0x000002640fbd0000, 0x000002640fe40000, 0x0000026417100000]
CodeHeap 'non-nmethods': size=5760Kb used=1204Kb max_used=1222Kb free=4555Kb
 bounds [0x0000026417100000, 0x0000026417370000, 0x00000264176a0000]
CodeCache: size=245760Kb, used=3716Kb, max_used=3734Kb, free=242041Kb
 total_blobs=1710, nmethods=1243, adapters=374, full_count=0
Compilation: enabled, stopped_count=0, restarted_count=0

Compilation events (20 events):
Event: 7.499 Thread 0x00000264657bd8f0 nmethod 1236 0x0000026417712810 code [0x00000264177129a0, 0x0000026417712a68]
Event: 7.499 Thread 0x00000264657bd8f0 1238       3       java.util.jar.JarVerifier$VerifierStream::read (107 bytes)
Event: 7.500 Thread 0x00000264657bd8f0 nmethod 1238 0x000002640fdc8c10 code [0x000002640fdc8e20, 0x000002640fdc9398]
Event: 7.501 Thread 0x00000264657bd8f0 1239   !   3       java.util.zip.ZipFile$Source::readFullyAt (74 bytes)
Event: 7.501 Thread 0x00000264657bd8f0 nmethod 1239 0x000002640fdc9590 code [0x000002640fdc9780, 0x000002640fdc9bc8]
Event: 7.501 Thread 0x00000264657bd8f0 1240       3       java.lang.ref.Reference::clear (5 bytes)
Event: 7.502 Thread 0x00000264657bd8f0 nmethod 1240 0x000002640fdc9e90 code [0x000002640fdca040, 0x000002640fdca178]
Event: 7.502 Thread 0x00000264657bd8f0 1241   !   3       java.util.zip.Inflater::setInput (56 bytes)
Event: 7.503 Thread 0x00000264657bd8f0 nmethod 1241 0x000002640fdca210 code [0x000002640fdca3e0, 0x000002640fdca760]
Event: 7.503 Thread 0x00000264657bd8f0 1242       3       java.lang.reflect.Constructor::newInstanceWithCaller (51 bytes)
Event: 7.503 Thread 0x00000264657bd8f0 nmethod 1242 0x000002640fdca910 code [0x000002640fdcaae0, 0x000002640fdcadb8]
Event: 7.503 Thread 0x00000264657bd8f0 1243       3       java.util.zip.ZipFile$ZipFileInflaterInputStream::fill (80 bytes)
Event: 7.504 Thread 0x00000264657bd8f0 nmethod 1243 0x000002640fdcaf10 code [0x000002640fdcb100, 0x000002640fdcb480]
Event: 7.504 Thread 0x00000264657bd8f0 1244   !   3       java.util.zip.ZipFile$ZipFileInputStream::read (135 bytes)
Event: 7.504 Thread 0x00000264657bd8f0 nmethod 1244 0x000002640fdcb610 code [0x000002640fdcb840, 0x000002640fdcbf20]
Event: 7.504 Thread 0x00000264657bd8f0 1245       3       java.lang.reflect.Constructor::newInstance (34 bytes)
Event: 7.505 Thread 0x00000264657bd8f0 nmethod 1245 0x000002640fdcc310 code [0x000002640fdcc4e0, 0x000002640fdcc710]
Event: 7.506 Thread 0x00000264657bd8f0 1246   !   3       jdk.internal.reflect.DirectConstructorHandleAccessor::newInstance (130 bytes)
Event: 7.508 Thread 0x00000264657bd8f0 nmethod 1246 0x000002640fdcc810 code [0x000002640fdccd00, 0x000002640fdcf518]
Event: 7.512 Thread 0x000002640ca8d360 nmethod 1237 0x0000026417712b10 code [0x0000026417712d00, 0x00000264177135b8]

GC Heap History (2 events):
Event: 6.328 GC heap before
{Heap before GC invocations=1 (full 0):
 PSYoungGen      total 29696K, used 25600K [0x00000000d5580000, 0x00000000d7680000, 0x0000000100000000)
  eden space 25600K, 100% used [0x00000000d5580000,0x00000000d6e80000,0x00000000d6e80000)
  from space 4096K, 0% used [0x00000000d7280000,0x00000000d7280000,0x00000000d7680000)
  to   space 4096K, 0% used [0x00000000d6e80000,0x00000000d6e80000,0x00000000d7280000)
 ParOldGen       total 68608K, used 0K [0x0000000080000000, 0x0000000084300000, 0x00000000d5580000)
  object space 68608K, 0% used [0x0000000080000000,0x0000000080000000,0x0000000084300000)
 Metaspace       used 4343K, committed 4608K, reserved 1114112K
  class space    used 474K, committed 576K, reserved 1048576K
}
Event: 6.335 GC heap after
{Heap after GC invocations=1 (full 0):
 PSYoungGen      total 29696K, used 3287K [0x00000000d5580000, 0x00000000d7680000, 0x0000000100000000)
  eden space 25600K, 0% used [0x00000000d5580000,0x00000000d5580000,0x00000000d6e80000)
  from space 4096K, 80% used [0x00000000d6e80000,0x00000000d71b5ea8,0x00000000d7280000)
  to   space 4096K, 0% used [0x00000000d7280000,0x00000000d7280000,0x00000000d7680000)
 ParOldGen       total 68608K, used 16K [0x0000000080000000, 0x0000000084300000, 0x00000000d5580000)
  object space 68608K, 0% used [0x0000000080000000,0x0000000080004000,0x0000000084300000)
 Metaspace       used 4343K, committed 4608K, reserved 1114112K
  class space    used 474K, committed 576K, reserved 1048576K
}

Dll operation events (8 events):
Event: 0.030 Loaded shared library c:\Users\TUF\.vscode\extensions\redhat.java-1.54.0-win32-x64\jre\21.0.10-win32-x86_64\bin\java.dll
Event: 0.153 Loaded shared library c:\Users\TUF\.vscode\extensions\redhat.java-1.54.0-win32-x64\jre\21.0.10-win32-x86_64\bin\zip.dll
Event: 0.198 Loaded shared library C:\Users\TUF\.vscode\extensions\redhat.java-1.54.0-win32-x64\jre\21.0.10-win32-x86_64\bin\instrument.dll
Event: 0.263 Loaded shared library C:\Users\TUF\.vscode\extensions\redhat.java-1.54.0-win32-x64\jre\21.0.10-win32-x86_64\bin\net.dll
Event: 0.319 Loaded shared library C:\Users\TUF\.vscode\extensions\redhat.java-1.54.0-win32-x64\jre\21.0.10-win32-x86_64\bin\nio.dll
Event: 0.322 Loaded shared library C:\Users\TUF\.vscode\extensions\redhat.java-1.54.0-win32-x64\jre\21.0.10-win32-x86_64\bin\zip.dll
Event: 0.345 Loaded shared library C:\Users\TUF\.vscode\extensions\redhat.java-1.54.0-win32-x64\jre\21.0.10-win32-x86_64\bin\jimage.dll
Event: 2.532 Loaded shared library c:\Users\TUF\.vscode\extensions\redhat.java-1.54.0-win32-x64\jre\21.0.10-win32-x86_64\bin\verify.dll

Deoptimization events (20 events):
Event: 6.378 Thread 0x000002640c9ce220 Uncommon trap: trap_request=0xffffff45 fr.pc=0x00000264176f7234 relative=0x00000000000008d4
Event: 6.378 Thread 0x000002640c9ce220 Uncommon trap: reason=unstable_if action=reinterpret pc=0x00000264176f7234 method=java.util.HashMap.hash(Ljava/lang/Object;)I @ 1 c2
Event: 6.378 Thread 0x000002640c9ce220 DEOPT PACKING pc=0x00000264176f7234 sp=0x000000aeecdfed70
Event: 6.378 Thread 0x000002640c9ce220 DEOPT UNPACKING pc=0x0000026417153aa2 sp=0x000000aeecdfecf0 mode 2
Event: 6.378 Thread 0x000002640c9ce220 Uncommon trap: trap_request=0xffffff45 fr.pc=0x0000026417702ab8 relative=0x0000000000000278
Event: 6.379 Thread 0x000002640c9ce220 Uncommon trap: reason=unstable_if action=reinterpret pc=0x0000026417702ab8 method=java.util.HashMap.hash(Ljava/lang/Object;)I @ 1 c2
Event: 6.379 Thread 0x000002640c9ce220 DEOPT PACKING pc=0x0000026417702ab8 sp=0x000000aeecdfeca0
Event: 6.379 Thread 0x000002640c9ce220 DEOPT UNPACKING pc=0x0000026417153aa2 sp=0x000000aeecdfeb38 mode 2
Event: 6.381 Thread 0x000002640c9ce220 Uncommon trap: trap_request=0xffffff45 fr.pc=0x00000264176fd7bc relative=0x000000000000027c
Event: 6.381 Thread 0x000002640c9ce220 Uncommon trap: reason=unstable_if action=reinterpret pc=0x00000264176fd7bc method=java.util.HashMap.hash(Ljava/lang/Object;)I @ 1 c2
Event: 6.381 Thread 0x000002640c9ce220 DEOPT PACKING pc=0x00000264176fd7bc sp=0x000000aeecdfec10
Event: 6.381 Thread 0x000002640c9ce220 DEOPT UNPACKING pc=0x0000026417153aa2 sp=0x000000aeecdfeb18 mode 2
Event: 6.381 Thread 0x000002640c9ce220 Uncommon trap: trap_request=0xffffff45 fr.pc=0x00000264176f91d0 relative=0x00000000000000b0
Event: 6.381 Thread 0x000002640c9ce220 Uncommon trap: reason=unstable_if action=reinterpret pc=0x00000264176f91d0 method=java.util.HashMap.hash(Ljava/lang/Object;)I @ 1 c2
Event: 6.381 Thread 0x000002640c9ce220 DEOPT PACKING pc=0x00000264176f91d0 sp=0x000000aeecdfecc0
Event: 6.381 Thread 0x000002640c9ce220 DEOPT UNPACKING pc=0x0000026417153aa2 sp=0x000000aeecdfec58 mode 2
Event: 6.464 Thread 0x000002640c9ce220 Uncommon trap: trap_request=0xffffff45 fr.pc=0x00000264176e16f8 relative=0x0000000000000198
Event: 6.464 Thread 0x000002640c9ce220 Uncommon trap: reason=unstable_if action=reinterpret pc=0x00000264176e16f8 method=java.lang.invoke.VarHandle.checkAccessModeThenIsDirect(Ljava/lang/invoke/VarHandle$AccessDescriptor;)Z @ 4 c2
Event: 6.464 Thread 0x000002640c9ce220 DEOPT PACKING pc=0x00000264176e16f8 sp=0x000000aeecdfeca0
Event: 6.464 Thread 0x000002640c9ce220 DEOPT UNPACKING pc=0x0000026417153aa2 sp=0x000000aeecdfebf8 mode 2

Classes loaded (20 events):
Event: 6.422 Loading class sun/nio/ch/NativeThreadSet
Event: 6.422 Loading class sun/nio/ch/NativeThreadSet done
Event: 6.422 Loading class sun/nio/ch/FileLockImpl
Event: 6.422 Loading class java/nio/channels/FileLock
Event: 6.422 Loading class java/nio/channels/FileLock done
Event: 6.422 Loading class sun/nio/ch/FileLockImpl done
Event: 6.422 Loading class sun/nio/ch/NativeThread
Event: 6.422 Loading class sun/nio/ch/NativeThread done
Event: 6.422 Loading class sun/nio/ch/FileLockTable
Event: 6.423 Loading class sun/nio/ch/FileLockTable done
Event: 6.423 Loading class sun/nio/ch/FileKey
Event: 6.423 Loading class sun/nio/ch/FileKey done
Event: 6.423 Loading class sun/nio/ch/FileLockTable$FileLockReference
Event: 6.423 Loading class sun/nio/ch/FileLockTable$FileLockReference done
Event: 6.426 Loading class java/io/DeleteOnExitHook
Event: 6.426 Loading class java/io/DeleteOnExitHook done
Event: 6.426 Loading class java/io/DeleteOnExitHook$1
Event: 6.426 Loading class java/io/DeleteOnExitHook$1 done
Event: 6.427 Loading class java/util/ComparableTimSort
Event: 6.427 Loading class java/util/ComparableTimSort done

Classes unloaded (0 events):
No events

Classes redefined (0 events):
No events

Internal exceptions (20 events):
Event: 5.041 Thread 0x000002640c9ce220 Exception <a 'java/io/FileNotFoundException'{0x00000000d64cfa78}> (0x00000000d64cfa78) 
thrown [s\src\hotspot\share\prims\jni.cpp, line 520]
Event: 5.042 Thread 0x000002640c9ce220 Exception <a 'java/io/FileNotFoundException'{0x00000000d64d06d8}> (0x00000000d64d06d8) 
thrown [s\src\hotspot\share\prims\jni.cpp, line 520]
Event: 5.042 Thread 0x000002640c9ce220 Exception <a 'java/io/FileNotFoundException'{0x00000000d64d1210}> (0x00000000d64d1210) 
thrown [s\src\hotspot\share\prims\jni.cpp, line 520]
Event: 5.045 Thread 0x000002640c9ce220 Implicit null exception at 0x00000264176ce9a4 to 0x00000264176cef38
Event: 5.049 Thread 0x000002640c9ce220 Exception <a 'java/io/FileNotFoundException'{0x00000000d6509628}> (0x00000000d6509628) 
thrown [s\src\hotspot\share\prims\jni.cpp, line 520]
Event: 5.066 Thread 0x000002640c9ce220 Exception <a 'java/lang/NoSuchMethodError'{0x00000000d6542c70}: 'java.lang.Object java.lang.invoke.DirectMethodHandle$Holder.invokeInterface(java.lang.Object, java.lang.Object)'> (0x00000000d6542c70) 
thrown [s\src\hotspot\share\interpreter\linkResolver.cpp, line 773]
Event: 5.071 Thread 0x000002640c9ce220 Exception <a 'java/lang/NoSuchMethodError'{0x00000000d6556368}: 'java.lang.Object java.lang.invoke.Invokers$Holder.invokeExact_MT(java.lang.Object, java.lang.Object, java.lang.Object, java.lang.Object, java.lang.Object, java.lang.Object)'> (0x00000000d6556368) 
thrown [s\src\hotspot\share\interpreter\linkResolver.cpp, line 773]
Event: 5.074 Thread 0x000002640c9ce220 Exception <a 'java/lang/NoSuchMethodError'{0x00000000d656d440}: 'int java.lang.invoke.DirectMethodHandle$Holder.invokeStatic(java.lang.Object, java.lang.Object, java.lang.Object, java.lang.Object, java.lang.Object)'> (0x00000000d656d440) 
thrown [s\src\hotspot\share\interpreter\linkResolver.cpp, line 773]
Event: 6.124 Thread 0x000002640c9ce220 Exception <a 'java/lang/NoSuchMethodError'{0x00000000d66018f0}: 'java.lang.Object java.lang.invoke.DirectMethodHandle$Holder.invokeInterface(java.lang.Object, java.lang.Object, int)'> (0x00000000d66018f0) 
thrown [s\src\hotspot\share\interpreter\linkResolver.cpp, line 773]
Event: 6.268 Thread 0x000002640c9ce220 Exception <a 'java/lang/NoSuchMethodError'{0x00000000d6a68a58}: 'java.lang.ClassLoader java.lang.ClassLoader.getPlatformClassLoader(java.lang.Class)'> (0x00000000d6a68a58) 
thrown [s\src\hotspot\share\interpreter\linkResolver.cpp, line 773]
Event: 6.337 Thread 0x000002640c9ce220 Exception <a 'java/lang/ClassNotFoundException'{0x00000000d5585878}: sun/net/www/protocol/c/Handler> (0x00000000d5585878) 
thrown [s\src\hotspot\share\classfile\systemDictionary.cpp, line 312]
Event: 6.337 Thread 0x000002640c9ce220 Exception <a 'java/lang/ClassNotFoundException'{0x00000000d5586bf0}: sun/net/www/protocol/e/Handler> (0x00000000d5586bf0) 
thrown [s\src\hotspot\share\classfile\systemDictionary.cpp, line 312]
Event: 6.337 Thread 0x000002640c9ce220 Exception <a 'java/lang/ClassNotFoundException'{0x00000000d5587d88}: sun/net/www/protocol/c/Handler> (0x00000000d5587d88) 
thrown [s\src\hotspot\share\classfile\systemDictionary.cpp, line 312]
Event: 6.345 Thread 0x000002640c9ce220 Exception <a 'java/io/FileNotFoundException'{0x00000000d55b99b0}> (0x00000000d55b99b0) 
thrown [s\src\hotspot\share\prims\jni.cpp, line 520]
Event: 6.378 Thread 0x000002640c9ce220 Implicit null exception at 0x00000264176f69a9 to 0x00000264176f721c
Event: 6.378 Thread 0x000002640c9ce220 Implicit null exception at 0x000002641770289a to 0x0000026417702aa0
Event: 6.379 Thread 0x000002640c9ce220 Exception <a 'java/lang/NoSuchMethodError'{0x00000000d56e8cb0}: 'void java.lang.invoke.DirectMethodHandle$Holder.invokeStatic(java.lang.Object, java.lang.Object, java.lang.Object, java.lang.Object)'> (0x00000000d56e8cb0) 
thrown [s\src\hotspot\share\interpreter\linkResolver.cpp, line 773]
Event: 6.381 Thread 0x000002640c9ce220 Implicit null exception at 0x00000264176fd59a to 0x00000264176fd7a4
Event: 6.381 Thread 0x000002640c9ce220 Implicit null exception at 0x00000264176f913d to 0x00000264176f91c1
Event: 7.497 Thread 0x000002640c9ce220 Exception <a 'java/lang/NoSuchMethodError'{0x00000000d59d40f8}: 'void java.lang.invoke.DirectMethodHandle$Holder.invokeSpecial(java.lang.Object, java.lang.Object, java.lang.Object)'> (0x00000000d59d40f8) 
thrown [s\src\hotspot\share\interpreter\linkResolver.cpp, line 773]

ZGC Phase Switch (0 events):
No events

VM Operations (20 events):
Event: 1.388 Executing safepoint VM operation: Cleanup done
Event: 2.396 Executing safepoint VM operation: Cleanup
Event: 2.538 Executing safepoint VM operation: Cleanup done
Event: 3.547 Executing safepoint VM operation: Cleanup
Event: 3.685 Executing safepoint VM operation: Cleanup done
Event: 4.686 Executing safepoint VM operation: Cleanup
Event: 4.848 Executing safepoint VM operation: Cleanup done
Event: 4.894 Executing non-safepoint VM operation: HandshakeAllThreads (Deoptimize)
Event: 4.894 Executing non-safepoint VM operation: HandshakeAllThreads (Deoptimize) done
Event: 4.912 Executing non-safepoint VM operation: HandshakeAllThreads (Deoptimize)
Event: 4.912 Executing non-safepoint VM operation: HandshakeAllThreads (Deoptimize) done
Event: 5.919 Executing safepoint VM operation: Cleanup
Event: 5.919 Executing safepoint VM operation: Cleanup done
Event: 6.313 Executing non-safepoint VM operation: HandshakeAllThreads (Deoptimize)
Event: 6.313 Executing non-safepoint VM operation: HandshakeAllThreads (Deoptimize) done
Event: 6.328 Executing safepoint VM operation: ParallelGCFailedAllocation (Allocation Failure)
Event: 6.335 Executing safepoint VM operation: ParallelGCFailedAllocation (Allocation Failure) done
Event: 7.337 Executing safepoint VM operation: Cleanup
Event: 7.482 Executing safepoint VM operation: Cleanup done
Event: 8.483 Executing safepoint VM operation: Cleanup

Memory protections (0 events):
No events

Nmethod flushes (0 events):
No events

Events (20 events):
Event: 0.103 Thread 0x000002640c9ce220 Thread added: 0x000002640ca809b0
Event: 0.104 Thread 0x000002640c9ce220 Thread added: 0x000002640ca8d360
Event: 0.104 Thread 0x000002640c9ce220 Thread added: 0x00000264657bd8f0
Event: 0.179 Thread 0x00000264657bd8f0 Thread added: 0x00000264659f34d0
Event: 0.201 Thread 0x000002640c9ce220 Thread added: 0x0000026465a09340
Event: 0.324 Thread 0x00000264659f34d0 Thread exited: 0x00000264659f34d0
Event: 1.467 Thread 0x00000264657bd8f0 Thread added: 0x0000026465ad4a30
Event: 1.467 Thread 0x00000264657bd8f0 Thread added: 0x0000026465ad2270
Event: 2.547 Thread 0x0000026465ad2270 Thread exited: 0x0000026465ad2270
Event: 2.547 Thread 0x0000026465ad4a30 Thread exited: 0x0000026465ad4a30
Event: 2.641 Thread 0x000002640c9ce220 Thread added: 0x0000026466760820
Event: 2.644 Thread 0x00000264657bd8f0 Thread added: 0x000002646675fb60
Event: 3.783 Thread 0x00000264657bd8f0 Thread added: 0x0000026466822c90
Event: 4.851 Thread 0x0000026466822c90 Thread exited: 0x0000026466822c90
Event: 4.906 Thread 0x000002640ca8d360 Thread added: 0x000002646680d890
Event: 6.110 Thread 0x000002646680d890 Thread exited: 0x000002646680d890
Event: 6.110 Thread 0x000002646675fb60 Thread exited: 0x000002646675fb60
Event: 6.203 Thread 0x00000264657bd8f0 Thread added: 0x00000264668dff50
Event: 7.484 Thread 0x00000264668dff50 Thread exited: 0x00000264668dff50
Event: 7.493 Thread 0x00000264657bd8f0 Thread added: 0x0000026466a39e40


Dynamic libraries:
0x00007ff7640a0000 - 0x00007ff7640ae000 	c:\Users\TUF\.vscode\extensions\redhat.java-1.54.0-win32-x64\jre\21.0.10-win32-x86_64\bin\java.exe
0x00007ffc13ca0000 - 0x00007ffc13f06000 	C:\WINDOWS\SYSTEM32\ntdll.dll
0x00007ffc11a50000 - 0x00007ffc11b19000 	C:\WINDOWS\System32\KERNEL32.DLL
0x00007ffc11610000 - 0x00007ffc11a0a000 	C:\WINDOWS\System32\KERNELBASE.dll
0x00007ffc110a0000 - 0x00007ffc111ec000 	C:\WINDOWS\System32\ucrtbase.dll
0x00007ffc0d430000 - 0x00007ffc0d448000 	c:\Users\TUF\.vscode\extensions\redhat.java-1.54.0-win32-x64\jre\21.0.10-win32-x86_64\bin\jli.dll
0x00007ffc125f0000 - 0x00007ffc127b7000 	C:\WINDOWS\System32\USER32.dll
0x00007ffc114a0000 - 0x00007ffc114c7000 	C:\WINDOWS\System32\win32u.dll
0x00007ffc11f20000 - 0x00007ffc11f4b000 	C:\WINDOWS\System32\GDI32.dll
0x00007ffc111f0000 - 0x00007ffc1131b000 	C:\WINDOWS\System32\gdi32full.dll
0x00007ffc114d0000 - 0x00007ffc11573000 	C:\WINDOWS\System32\msvcp_win.dll
0x00007ffc0b0b0000 - 0x00007ffc0b0ce000 	c:\Users\TUF\.vscode\extensions\redhat.java-1.54.0-win32-x64\jre\21.0.10-win32-x86_64\bin\VCRUNTIME140.dll
0x00007ffbfb3f0000 - 0x00007ffbfb682000 	C:\WINDOWS\WinSxS\amd64_microsoft.windows.common-controls_6595b64144ccf1df_6.0.26100.8521_none_3e08b75ce33403b3\COMCTL32.dll
0x00007ffc12f30000 - 0x00007ffc12fd9000 	C:\WINDOWS\System32\msvcrt.dll
0x00007ffc11a10000 - 0x00007ffc11a42000 	C:\WINDOWS\System32\IMM32.DLL
0x00007ffc0c020000 - 0x00007ffc0c02c000 	c:\Users\TUF\.vscode\extensions\redhat.java-1.54.0-win32-x64\jre\21.0.10-win32-x86_64\bin\vcruntime140_1.dll
0x00007ffbf8ee0000 - 0x00007ffbf8f6d000 	c:\Users\TUF\.vscode\extensions\redhat.java-1.54.0-win32-x64\jre\21.0.10-win32-x86_64\bin\msvcp140.dll
0x00007ffb91a70000 - 0x00007ffb92811000 	c:\Users\TUF\.vscode\extensions\redhat.java-1.54.0-win32-x64\jre\21.0.10-win32-x86_64\bin\server\jvm.dll
0x00007ffc13160000 - 0x00007ffc13216000 	C:\WINDOWS\System32\ADVAPI32.dll
0x00007ffc12a30000 - 0x00007ffc12ada000 	C:\WINDOWS\System32\sechost.dll
0x00007ffc12e10000 - 0x00007ffc12f28000 	C:\WINDOWS\System32\RPCRT4.dll
0x00007ffc12560000 - 0x00007ffc125e0000 	C:\WINDOWS\System32\WS2_32.dll
0x00007ffc10d90000 - 0x00007ffc10dee000 	C:\WINDOWS\SYSTEM32\POWRPROF.dll
0x00007ffc029a0000 - 0x00007ffc029d6000 	C:\WINDOWS\SYSTEM32\WINMM.dll
0x00007ffc09000000 - 0x00007ffc0900b000 	C:\WINDOWS\SYSTEM32\VERSION.dll
0x00007ffc10d70000 - 0x00007ffc10d84000 	C:\WINDOWS\SYSTEM32\UMPDC.dll
0x00007ffc0fcc0000 - 0x00007ffc0fcdb000 	C:\WINDOWS\SYSTEM32\kernel.appcore.dll
0x00007ffc09b70000 - 0x00007ffc09b7a000 	c:\Users\TUF\.vscode\extensions\redhat.java-1.54.0-win32-x64\jre\21.0.10-win32-x86_64\bin\jimage.dll
0x00007ffc0e610000 - 0x00007ffc0e852000 	C:\WINDOWS\SYSTEM32\DBGHELP.DLL
0x00007ffc11b20000 - 0x00007ffc11ea3000 	C:\WINDOWS\System32\combase.dll
0x00007ffc12470000 - 0x00007ffc12549000 	C:\WINDOWS\System32\OLEAUT32.dll
0x00007ffbd7d80000 - 0x00007ffbd7dbb000 	C:\WINDOWS\SYSTEM32\dbgcore.DLL
0x00007ffc10ff0000 - 0x00007ffc11098000 	C:\WINDOWS\System32\bcryptPrimitives.dll
0x00007ffc09b60000 - 0x00007ffc09b6f000 	c:\Users\TUF\.vscode\extensions\redhat.java-1.54.0-win32-x64\jre\21.0.10-win32-x86_64\bin\instrument.dll
0x00007ffc07530000 - 0x00007ffc07550000 	c:\Users\TUF\.vscode\extensions\redhat.java-1.54.0-win32-x64\jre\21.0.10-win32-x86_64\bin\java.dll
0x00007ffc134d0000 - 0x00007ffc13c54000 	C:\WINDOWS\System32\SHELL32.dll
0x00007ffc0eac0000 - 0x00007ffc0f340000 	C:\WINDOWS\SYSTEM32\windows.storage.dll
0x00007ffc133d0000 - 0x00007ffc134c6000 	C:\WINDOWS\System32\SHCORE.dll
0x00007ffc129c0000 - 0x00007ffc12a27000 	C:\WINDOWS\System32\shlwapi.dll
0x00007ffc10e50000 - 0x00007ffc10e79000 	C:\WINDOWS\SYSTEM32\profapi.dll
0x00007ffc07300000 - 0x00007ffc07318000 	c:\Users\TUF\.vscode\extensions\redhat.java-1.54.0-win32-x64\jre\21.0.10-win32-x86_64\bin\zip.dll
0x00007ffc09850000 - 0x00007ffc09860000 	C:\Users\TUF\.vscode\extensions\redhat.java-1.54.0-win32-x64\jre\21.0.10-win32-x86_64\bin\net.dll
0x00007ffc0a8a0000 - 0x00007ffc0a9c9000 	C:\WINDOWS\SYSTEM32\WINHTTP.dll
0x00007ffc10230000 - 0x00007ffc1029c000 	C:\WINDOWS\system32\mswsock.dll
0x00007ffbfe3a0000 - 0x00007ffbfe3b6000 	C:\Users\TUF\.vscode\extensions\redhat.java-1.54.0-win32-x64\jre\21.0.10-win32-x86_64\bin\nio.dll
0x00007ffc07520000 - 0x00007ffc07530000 	c:\Users\TUF\.vscode\extensions\redhat.java-1.54.0-win32-x64\jre\21.0.10-win32-x86_64\bin\verify.dll

JVMTI agents:
c:\Users\TUF\.vscode\extensions\redhat.java-1.54.0-win32-x64\lombok\lombok-1.18.39-4050.jar path:c:\Users\TUF\.vscode\extensions\redhat.java-1.54.0-win32-x64\jre\21.0.10-win32-x86_64\bin\instrument.dll, loaded, initialized, instrumentlib options:none

dbghelp: loaded successfully - version: 4.0.5 - missing functions: none
symbol engine: initialized successfully - sym options: 0x614 - pdb path: .;c:\Users\TUF\.vscode\extensions\redhat.java-1.54.0-win32-x64\jre\21.0.10-win32-x86_64\bin;C:\WINDOWS\SYSTEM32;C:\WINDOWS\WinSxS\amd64_microsoft.windows.common-controls_6595b64144ccf1df_6.0.26100.8521_none_3e08b75ce33403b3;c:\Users\TUF\.vscode\extensions\redhat.java-1.54.0-win32-x64\jre\21.0.10-win32-x86_64\bin\server

VM Arguments:
jvm_args: --add-modules=ALL-SYSTEM --add-opens=java.base/java.util=ALL-UNNAMED --add-opens=java.base/java.lang=ALL-UNNAMED --add-opens=java.base/sun.nio.fs=ALL-UNNAMED -Declipse.application=org.eclipse.jdt.ls.core.id1 -Dosgi.bundles.defaultStartLevel=4 -Declipse.product=org.eclipse.jdt.ls.core.product -Djava.import.generatesMetadataFilesAtProjectRoot=false -DDetectVMInstallationsJob.disabled=true -Dfile.encoding=utf8 -XX:+UseParallelGC -XX:GCTimeRatio=4 -XX:AdaptiveSizePolicyWeight=90 -Dsun.zip.disableMemoryMapping=true -Xmx2G -Xms100m -Xlog:disable -javaagent:c:\Users\TUF\.vscode\extensions\redhat.java-1.54.0-win32-x64\lombok\lombok-1.18.39-4050.jar -XX:+HeapDumpOnOutOfMemoryError -XX:HeapDumpPath=c:\Users\TUF\AppData\Roaming\Code\User\workspaceStorage\9666aa7d0958d0b855e21311c80c4bb9\redhat.java -Daether.dependencyCollector.impl=bf 
java_command: c:\Users\TUF\.vscode\extensions\redhat.java-1.54.0-win32-x64\server\plugins\org.eclipse.equinox.launcher_1.7.100.v20251111-0406.jar -configuration c:\Users\TUF\AppData\Roaming\Code\User\globalStorage\redhat.java\1.54.0\config_win -data c:\Users\TUF\AppData\Roaming\Code\User\workspaceStorage\9666aa7d0958d0b855e21311c80c4bb9\redhat.java\jdt_ws --pipe=\\.\pipe\lsp-7a257ce53860f42d3213e716d5e52a31-sock
java_class_path (initial): c:\Users\TUF\.vscode\extensions\redhat.java-1.54.0-win32-x64\server\plugins\org.eclipse.equinox.launcher_1.7.100.v20251111-0406.jar
Launcher Type: SUN_STANDARD

[Global flags]
    uintx AdaptiveSizePolicyWeight                 = 90                                        {product} {command line}
     intx CICompilerCount                          = 4                                         {product} {ergonomic}
    uintx GCTimeRatio                              = 4                                         {product} {command line}
     bool HeapDumpOnOutOfMemoryError               = true                                   {manageable} {command line}
    ccstr HeapDumpPath                             = c:\Users\TUF\AppData\Roaming\Code\User\workspaceStorage\9666aa7d0958d0b855e21311c80c4bb9\redhat.java         {manageable} {command line}
   size_t InitialHeapSize                          = 104857600                                 {product} {command line}
   size_t MaxHeapSize                              = 2147483648                                {product} {command line}
   size_t MaxNewSize                               = 715653120                                 {product} {ergonomic}
   size_t MinHeapDeltaBytes                        = 524288                                    {product} {ergonomic}
   size_t MinHeapSize                              = 104857600                                 {product} {command line}
   size_t NewSize                                  = 34603008                                  {product} {ergonomic}
    uintx NonNMethodCodeHeapSize                   = 5839372                                {pd product} {ergonomic}
    uintx NonProfiledCodeHeapSize                  = 122909434                              {pd product} {ergonomic}
   size_t OldSize                                  = 70254592                                  {product} {ergonomic}
    uintx ProfiledCodeHeapSize                     = 122909434                              {pd product} {ergonomic}
    uintx ReservedCodeCacheSize                    = 251658240                              {pd product} {ergonomic}
     bool SegmentedCodeCache                       = true                                      {product} {ergonomic}
   size_t SoftMaxHeapSize                          = 2147483648                             {manageable} {ergonomic}
     bool UseCompressedOops                        = true                           {product lp64_product} {ergonomic}
     bool UseLargePagesIndividualAllocation        = false                                  {pd product} {ergonomic}
     bool UseParallelGC                            = true                                      {product} {command line}

Logging:
Log output configuration:
 #0: stdout all=off uptime,level,tags foldmultilines=false
 #1: stderr all=off uptime,level,tags foldmultilines=false

Release file:
JAVA_VERSION="21.0.10" 
MODULES="java.base java.compiler java.datatransfer java.xml java.prefs java.desktop java.instrument java.logging java.management java.security.sasl java.naming java.rmi java.management.rmi java.net.http java.scripting java.security.jgss java.transaction.xa java.sql java.sql.rowset java.xml.crypto java.se java.smartcardio jdk.accessibility jdk.internal.jvmstat jdk.attach jdk.charsets jdk.internal.opt jdk.zipfs jdk.compiler jdk.crypto.ec jdk.crypto.cryptoki jdk.crypto.mscapi jdk.dynalink jdk.internal.ed jdk.editpad jdk.hotspot.agent jdk.httpserver jdk.internal.le jdk.internal.vm.ci jdk.internal.vm.compiler jdk.internal.vm.compiler.management jdk.jartool jdk.javadoc jdk.jcmd jdk.management jdk.management.agent jdk.jconsole jdk.jdeps jdk.jdwp.agent jdk.jdi jdk.jfr jdk.jshell jdk.jsobject jdk.jstatd jdk.localedata jdk.management.jfr jdk.naming.dns jdk.naming.rmi jdk.net jdk.nio.mapmode jdk.random jdk.sctp jdk.security.auth jdk.security.jgss jdk.unsupported jdk.unsupported.desktop jdk.xml.dom" 

Environment Variables:
JAVA_HOME=C:\Program Files\Java\jdk-23
PATH=C:\Oracle\19c\bin;C:\Program Files\Common Files\Oracle\Java\javapath;C:\Program Files (x86)\Common Files\Oracle\Java\javapath;C:\Program Files\Microsoft MPI\Bin\;C:\Program Files\Python313\Scripts\;C:\Program Files\Python313\;C:\Program Files (x86)\Common Files\Intel\Shared Libraries\redist\intel64\compiler;C:\WINDOWS\system32;C:\WINDOWS;C:\WINDOWS\System32\Wbem;C:\WINDOWS\System32\WindowsPowerShell\v1.0\;C:\WINDOWS\System32\OpenSSH\;C:\Program Files\dotnet\;C:\Program Files (x86)\NVIDIA Corporation\PhysX\Common;C:\Program Files\NVIDIA Corporation\NVIDIA NvDLISR;C:\Program Files (x86)\Microsoft SQL Server\160\Tools\Binn\;C:\Program Files\Microsoft SQL Server\160\Tools\Binn\;C:\Program Files\Microsoft SQL Server\Client SDK\ODBC\170\Tools\Binn\;C:\Program Files\Microsoft SQL Server\160\DTS\Binn\;C:\Program Files (x86)\Microsoft SQL Server\160\DTS\Binn\;C:\Program Files\Microsoft SQL Server\150\Tools\Binn\;C:\Program Files\Git\cmd;C:\src\flutter\bin;;C:\Program Files\Docker\Docker\resources\bin;C:\Program Files\Kubernetes\Minikube;C:\Program Files\nodejs\;C:\Users\TUF\AppData\Local\Microsoft\WindowsApps;C:\Users\TUF\AppData\Local\Programs\Microsoft VS Code\bin;C:\Users\TUF\.dotnet\tools;C:\Program Files\Java\jdk-23\bin;%ORACLE_HOME%\bin;C:\Program Files\JetBrains\IntelliJ IDEA 2025.3.3\bin;C:\Program Files\Apache\Maven\apache-maven-3.9.14\bin;C:\Users\TUF\AppData\Local\Microsoft\WinGet\Links;C:\Users\TUF\AppData\Roaming\npm
USERNAME=TUF
OS=Windows_NT
PROCESSOR_IDENTIFIER=AMD64 Family 25 Model 68 Stepping 1, AuthenticAMD
TMP=C:\Users\TUF\AppData\Local\Temp
TEMP=C:\Users\TUF\AppData\Local\Temp




Periodic native trim disabled

---------------  S Y S T E M  ---------------

OS:
 Windows 11 , 64 bit Build 26100 (10.0.26100.8521)
OS uptime: 0 days 1:10 hours
Hyper-V role detected

CPU: total 12 (initial active 12) (12 cores per cpu, 2 threads per core) family 25 model 68 stepping 1 microcode 0xa404107, cx8, cmov, fxsr, ht, mmx, 3dnowpref, sse, sse2, sse3, ssse3, sse4a, sse4.1, sse4.2, popcnt, lzcnt, tsc, tscinvbit, avx, avx2, aes, erms, clmul, bmi1, bmi2, adx, sha, fma, vzeroupper, clflush, clflushopt, hv, rdtscp, rdpid, fsrm, f16c, cet_ss
Processor Information for processor 0
  Max Mhz: 3301, Current Mhz: 3301, Mhz Limit: 3301
Processor Information for processor 1
  Max Mhz: 3301, Current Mhz: 3301, Mhz Limit: 3301
Processor Information for processor 2
  Max Mhz: 3301, Current Mhz: 3301, Mhz Limit: 3301
Processor Information for processor 3
  Max Mhz: 3301, Current Mhz: 3301, Mhz Limit: 3301
Processor Information for processor 4
  Max Mhz: 3301, Current Mhz: 3301, Mhz Limit: 3301
Processor Information for processor 5
  Max Mhz: 3301, Current Mhz: 3301, Mhz Limit: 3301
Processor Information for processor 6
  Max Mhz: 3301, Current Mhz: 3301, Mhz Limit: 3301
Processor Information for processor 7
  Max Mhz: 3301, Current Mhz: 2496, Mhz Limit: 3301
Processor Information for processor 8
  Max Mhz: 3301, Current Mhz: 2496, Mhz Limit: 3301
Processor Information for processor 9
  Max Mhz: 3301, Current Mhz: 2496, Mhz Limit: 3301
Processor Information for processor 10
  Max Mhz: 3301, Current Mhz: 2496, Mhz Limit: 3301
Processor Information for processor 11
  Max Mhz: 3301, Current Mhz: 2496, Mhz Limit: 3301

Memory: 4k page, system-wide physical 15611M (3032M free)
TotalPageFile size 25925M (AvailPageFile size 45M)
current process WorkingSet (physical memory assigned to process): 78M, peak: 85M
current process commit charge ("private bytes"): 237M, peak: 243M

vm_info: OpenJDK 64-Bit Server VM (21.0.10+7-LTS) for windows-amd64 JRE (21.0.10+7-LTS), built on 2026-01-20T00:00:00Z by "admin" with MS VC++ 17.12 (VS2022)

END.
