#
# There is insufficient memory for the Java Runtime Environment to continue.
# Native memory allocation (malloc) failed to allocate 1072560 bytes. Error detail: Chunk::new
# Possible reasons:
#   The system is out of physical RAM or swap space
#   This process is running with CompressedOops enabled, and the Java Heap may be blocking the growth of the native heap
# Possible solutions:
#   Reduce memory load on the system
#   Increase physical memory or swap space
#   Check if swap backing store is full
#   Decrease Java heap size (-Xmx/-Xms)
#   Decrease number of Java threads
#   Decrease Java thread stack sizes (-Xss)
#   Set larger code cache with -XX:ReservedCodeCacheSize=
#   JVM is running with Unscaled Compressed Oops mode in which the Java heap is
#     placed in the first 4GB address space. The Java Heap base address is the
#     maximum limit for the native heap growth. Please use -XX:HeapBaseMinAddress
#     to set the Java Heap base and to place the Java Heap above 4GB virtual address.
# This output file may be truncated or incomplete.
#
#  Out of Memory Error (arena.cpp:168), pid=23160, tid=13116
#
# JRE version: OpenJDK Runtime Environment Temurin-21.0.10+7 (21.0.10+7) (build 21.0.10+7-LTS)
# Java VM: OpenJDK 64-Bit Server VM Temurin-21.0.10+7 (21.0.10+7-LTS, mixed mode, sharing, tiered, compressed oops, compressed class ptrs, parallel gc, windows-amd64)
# No core dump will be written. Minidumps are not enabled by default on client versions of Windows
#

---------------  S U M M A R Y ------------

Command Line: --add-modules=ALL-SYSTEM --add-opens=java.base/java.util=ALL-UNNAMED --add-opens=java.base/java.lang=ALL-UNNAMED --add-opens=java.base/sun.nio.fs=ALL-UNNAMED -Declipse.application=org.eclipse.jdt.ls.core.id1 -Dosgi.bundles.defaultStartLevel=4 -Declipse.product=org.eclipse.jdt.ls.core.product -Djava.import.generatesMetadataFilesAtProjectRoot=false -DDetectVMInstallationsJob.disabled=true -Dfile.encoding=utf8 -XX:+UseParallelGC -XX:GCTimeRatio=4 -XX:AdaptiveSizePolicyWeight=90 -Dsun.zip.disableMemoryMapping=true -Xmx2G -Xms100m -Xlog:disable -javaagent:c:\Users\TUF\.vscode\extensions\redhat.java-1.54.0-win32-x64\lombok\lombok-1.18.39-4050.jar -XX:+HeapDumpOnOutOfMemoryError -XX:HeapDumpPath=c:\Users\TUF\AppData\Roaming\Code\User\workspaceStorage\9666aa7d0958d0b855e21311c80c4bb9\redhat.java -Daether.dependencyCollector.impl=bf c:\Users\TUF\.vscode\extensions\redhat.java-1.54.0-win32-x64\server\plugins\org.eclipse.equinox.launcher_1.7.100.v20251111-0406.jar -configuration c:\Users\TUF\AppData\Roaming\Code\User\globalStorage\redhat.java\1.54.0\config_win -data c:\Users\TUF\AppData\Roaming\Code\User\workspaceStorage\9666aa7d0958d0b855e21311c80c4bb9\redhat.java\jdt_ws --pipe=\\.\pipe\lsp-d55ed6f062601cff060de6e2a2bc178c-sock

Host: AMD Ryzen 5 7535HS with Radeon Graphics        , 12 cores, 15G,  Windows 11 , 64 bit Build 26100 (10.0.26100.8328)
Time: Thu Jun 11 18:22:21 2026 SE Asia Standard Time elapsed time: 74.045046 seconds (0d 0h 1m 14s)

---------------  T H R E A D  ---------------

Current thread (0x00000214f61ba690):  JavaThread "C2 CompilerThread0" daemon [_thread_in_native, id=13116, stack(0x000000fa5dd00000,0x000000fa5de00000) (1024K)]


Current CompileTask:
C2:74045 9432       4       java.util.Properties::load0 (249 bytes)

Stack: [0x000000fa5dd00000,0x000000fa5de00000]
Native frames: (J=compiled Java code, j=interpreted, Vv=VM code, C=native code)
V  [jvm.dll+0x6d7a39]
V  [jvm.dll+0x8b4b26]
V  [jvm.dll+0x8b70de]
V  [jvm.dll+0x8b77c3]
V  [jvm.dll+0x284346]
V  [jvm.dll+0xc66ed]
V  [jvm.dll+0xc6c31]
V  [jvm.dll+0x3bec3b]
V  [jvm.dll+0x1e3d62]
V  [jvm.dll+0x24c6b3]
V  [jvm.dll+0x24bb40]
V  [jvm.dll+0x1cb34e]
V  [jvm.dll+0x25b85d]
V  [jvm.dll+0x259dea]
V  [jvm.dll+0x3f857e]
V  [jvm.dll+0x85f59d]
V  [jvm.dll+0x6d626d]
C  [ucrtbase.dll+0x37b0]
C  [KERNEL32.DLL+0x2e957]
C  [ntdll.dll+0x427c]


---------------  P R O C E S S  ---------------

Threads class SMR info:
_java_thread_list=0x00000214d95c6510, length=66, elements={
0x00000214f6102d80, 0x00000214f61a53c0, 0x00000214f61a6b40, 0x00000214f61abb20,
0x00000214f61ac1b0, 0x00000214f61aa770, 0x00000214f61aa0e0, 0x00000214f61ba690,
0x00000214f61be7e0, 0x00000214f61a93c0, 0x00000214f61ac840, 0x00000214f61a9a50,
0x00000214f61ab490, 0x00000214f61aae00, 0x00000214d46ee710, 0x00000214d46ee080,
0x00000214d46f07e0, 0x00000214d46f0150, 0x00000214d46f0e70, 0x00000214d46ef430,
0x00000214d46f1500, 0x00000214d46efac0, 0x00000214d46f1b90, 0x00000214d46eeda0,
0x00000214d46f2f40, 0x00000214d46f56a0, 0x00000214d46f35d0, 0x00000214d46f2220,
0x00000214d46f5010, 0x00000214d46f28b0, 0x00000214d46f3c60, 0x00000214d46f42f0,
0x00000214d46f4980, 0x00000214d71434e0, 0x00000214d7142e50, 0x00000214d7143b70,
0x00000214d7144200, 0x00000214d7144890, 0x00000214d7141aa0, 0x00000214d7145c40,
0x00000214d71427c0, 0x00000214d71483a0, 0x00000214d71462d0, 0x00000214d7144f20,
0x00000214d7146960, 0x00000214d7146ff0, 0x00000214d7147680, 0x00000214d71455b0,
0x00000214d7148a30, 0x00000214d7147d10, 0x00000214d71490c0, 0x00000214d6ca7f90,
0x00000214d6caa060, 0x00000214d6cabaa0, 0x00000214d6caa6f0, 0x00000214d6ca9340,
0x00000214d6ca8620, 0x00000214d6ca99d0, 0x00000214d6caad80, 0x00000214d6cac130,
0x00000214d6cac7c0, 0x00000214d6cad4e0, 0x00000214d6caef20, 0x00000214d6cace50,
0x00000214d6caf5b0, 0x00000214d6cae200
}

Java Threads: ( => current thread )
  0x00000214f6102d80 JavaThread "main"                              [_thread_blocked, id=21388, stack(0x000000fa5d300000,0x000000fa5d400000) (1024K)]
  0x00000214f61a53c0 JavaThread "Reference Handler"          daemon [_thread_blocked, id=7596, stack(0x000000fa5d700000,0x000000fa5d800000) (1024K)]
  0x00000214f61a6b40 JavaThread "Finalizer"                  daemon [_thread_blocked, id=26192, stack(0x000000fa5d800000,0x000000fa5d900000) (1024K)]
  0x00000214f61abb20 JavaThread "Signal Dispatcher"          daemon [_thread_blocked, id=16648, stack(0x000000fa5d900000,0x000000fa5da00000) (1024K)]
  0x00000214f61ac1b0 JavaThread "Attach Listener"            daemon [_thread_blocked, id=26352, stack(0x000000fa5da00000,0x000000fa5db00000) (1024K)]
  0x00000214f61aa770 JavaThread "Service Thread"             daemon [_thread_blocked, id=19716, stack(0x000000fa5db00000,0x000000fa5dc00000) (1024K)]
  0x00000214f61aa0e0 JavaThread "Monitor Deflation Thread"   daemon [_thread_blocked, id=7968, stack(0x000000fa5dc00000,0x000000fa5dd00000) (1024K)]
=>0x00000214f61ba690 JavaThread "C2 CompilerThread0"         daemon [_thread_in_native, id=13116, stack(0x000000fa5dd00000,0x000000fa5de00000) (1024K)]
  0x00000214f61be7e0 JavaThread "C1 CompilerThread0"         daemon [_thread_in_vm, id=3780, stack(0x000000fa5de00000,0x000000fa5df00000) (1024K)]
  0x00000214f61a93c0 JavaThread "Common-Cleaner"             daemon [_thread_blocked, id=25716, stack(0x000000fa5df00000,0x000000fa5e000000) (1024K)]
  0x00000214f61ac840 JavaThread "Notification Thread"        daemon [_thread_blocked, id=20208, stack(0x000000fa5e000000,0x000000fa5e100000) (1024K)]
  0x00000214f61a9a50 JavaThread "Active Thread: Equinox Container: d8b0cc56-9e2d-4b17-87e3-9eee655c5568"        [_thread_blocked, id=26144, stack(0x000000fa5e100000,0x000000fa5e200000) (1024K)]
  0x00000214f61ab490 JavaThread "Refresh Thread: Equinox Container: d8b0cc56-9e2d-4b17-87e3-9eee655c5568" daemon [_thread_blocked, id=24472, stack(0x000000fa5ea00000,0x000000fa5eb00000) (1024K)]
  0x00000214f61aae00 JavaThread "Framework Event Dispatcher: Equinox Container: d8b0cc56-9e2d-4b17-87e3-9eee655c5568" daemon [_thread_blocked, id=12928, stack(0x000000fa5eb00000,0x000000fa5ec00000) (1024K)]
  0x00000214d46ee710 JavaThread "Start Level: Equinox Container: d8b0cc56-9e2d-4b17-87e3-9eee655c5568" daemon [_thread_blocked, id=3364, stack(0x000000fa5ec00000,0x000000fa5ed00000) (1024K)]
  0x00000214d46ee080 JavaThread "Bundle File Closer"         daemon [_thread_blocked, id=25244, stack(0x000000fa5f000000,0x000000fa5f100000) (1024K)]
  0x00000214d46f07e0 JavaThread "SCR Component Actor"        daemon [_thread_blocked, id=21492, stack(0x000000fa5d100000,0x000000fa5d200000) (1024K)]
  0x00000214d46f0150 JavaThread "Worker-JM"                         [_thread_blocked, id=10560, stack(0x000000fa5f200000,0x000000fa5f300000) (1024K)]
  0x00000214d46f0e70 JavaThread "JNA Cleaner"                daemon [_thread_blocked, id=25736, stack(0x000000fa5ed00000,0x000000fa5ee00000) (1024K)]
  0x00000214d46ef430 JavaThread "Worker-0"                          [_thread_blocked, id=16680, stack(0x000000fa5f100000,0x000000fa5f200000) (1024K)]
  0x00000214d46f1500 JavaThread "Worker-1: Refreshing workspace"        [_thread_blocked, id=24880, stack(0x000000fa5f300000,0x000000fa5f400000) (1024K)]
  0x00000214d46efac0 JavaThread "Java indexing"              daemon [_thread_blocked, id=10924, stack(0x000000fa5f600000,0x000000fa5f700000) (1024K)]
  0x00000214d46f1b90 JavaThread "Worker-2"                          [_thread_blocked, id=11660, stack(0x000000fa5f700000,0x000000fa5f800000) (1024K)]
  0x00000214d46eeda0 JavaThread "Worker-3: Initialize Workspace"        [_thread_blocked, id=3176, stack(0x000000fa5f900000,0x000000fa5fa00000) (1024K)]
  0x00000214d46f2f40 JavaThread "Worker-4: Initialize workspace"        [_thread_blocked, id=3680, stack(0x000000fa5fa00000,0x000000fa5fb00000) (1024K)]
  0x00000214d46f56a0 JavaThread "Thread-1"                   daemon [_thread_in_native, id=14024, stack(0x000000fa5fb00000,0x000000fa5fc00000) (1024K)]
  0x00000214d46f35d0 JavaThread "Thread-2"                   daemon [_thread_in_native, id=14832, stack(0x000000fa5fc00000,0x000000fa5fd00000) (1024K)]
  0x00000214d46f2220 JavaThread "Thread-3"                   daemon [_thread_in_native, id=22940, stack(0x000000fa5fd00000,0x000000fa5fe00000) (1024K)]
  0x00000214d46f5010 JavaThread "Thread-4"                   daemon [_thread_in_native, id=25308, stack(0x000000fa5fe00000,0x000000fa5ff00000) (1024K)]
  0x00000214d46f28b0 JavaThread "Thread-5"                   daemon [_thread_in_native, id=15020, stack(0x000000fa5ff00000,0x000000fa60000000) (1024K)]
  0x00000214d46f3c60 JavaThread "Thread-6"                   daemon [_thread_in_native, id=25640, stack(0x000000fa60000000,0x000000fa60100000) (1024K)]
  0x00000214d46f42f0 JavaThread "Thread-7"                   daemon [_thread_in_native, id=13880, stack(0x000000fa60100000,0x000000fa60200000) (1024K)]
  0x00000214d46f4980 JavaThread "Thread-8"                   daemon [_thread_in_native, id=25400, stack(0x000000fa60200000,0x000000fa60300000) (1024K)]
  0x00000214d71434e0 JavaThread "Thread-9"                   daemon [_thread_in_native, id=25236, stack(0x000000fa60300000,0x000000fa60400000) (1024K)]
  0x00000214d7142e50 JavaThread "Thread-10"                  daemon [_thread_in_native, id=5140, stack(0x000000fa60400000,0x000000fa60500000) (1024K)]
  0x00000214d7143b70 JavaThread "Thread-11"                  daemon [_thread_in_native, id=25632, stack(0x000000fa60500000,0x000000fa60600000) (1024K)]
  0x00000214d7144200 JavaThread "Thread-12"                  daemon [_thread_in_native, id=18920, stack(0x000000fa60600000,0x000000fa60700000) (1024K)]
  0x00000214d7144890 JavaThread "Thread-13"                  daemon [_thread_in_native, id=22944, stack(0x000000fa60700000,0x000000fa60800000) (1024K)]
  0x00000214d7141aa0 JavaThread "pool-2-thread-1"                   [_thread_blocked, id=7052, stack(0x000000fa60800000,0x000000fa60900000) (1024K)]
  0x00000214d7145c40 JavaThread "WorkspaceEventsHandler"            [_thread_blocked, id=3200, stack(0x000000fa60900000,0x000000fa60a00000) (1024K)]
  0x00000214d71427c0 JavaThread "pool-1-thread-1"                   [_thread_blocked, id=25792, stack(0x000000fa60a00000,0x000000fa60b00000) (1024K)]
  0x00000214d71483a0 JavaThread "ForkJoinPool.commonPool-worker-1" daemon [_thread_blocked, id=24616, stack(0x000000fa60b00000,0x000000fa60c00000) (1024K)]
  0x00000214d71462d0 JavaThread "ForkJoinPool.commonPool-worker-3" daemon [_thread_blocked, id=15924, stack(0x000000fa60c00000,0x000000fa60d00000) (1024K)]
  0x00000214d7144f20 JavaThread "ForkJoinPool.commonPool-worker-2" daemon [_thread_in_Java, id=6800, stack(0x000000fa60d00000,0x000000fa60e00000) (1024K)]
  0x00000214d7146960 JavaThread "ForkJoinPool.commonPool-worker-4" daemon [_thread_blocked, id=8060, stack(0x000000fa60e00000,0x000000fa60f00000) (1024K)]
  0x00000214d7146ff0 JavaThread "ForkJoinPool.commonPool-worker-5" daemon [_thread_blocked, id=5508, stack(0x000000fa60f00000,0x000000fa61000000) (1024K)]
  0x00000214d7147680 JavaThread "ForkJoinPool.commonPool-worker-6" daemon [_thread_blocked, id=23376, stack(0x000000fa61000000,0x000000fa61100000) (1024K)]
  0x00000214d71455b0 JavaThread "ForkJoinPool.commonPool-worker-7" daemon [_thread_blocked, id=23016, stack(0x000000fa61100000,0x000000fa61200000) (1024K)]
  0x00000214d7148a30 JavaThread "ForkJoinPool.commonPool-worker-8" daemon [_thread_blocked, id=11488, stack(0x000000fa61200000,0x000000fa61300000) (1024K)]
  0x00000214d7147d10 JavaThread "ForkJoinPool.commonPool-worker-9" daemon [_thread_blocked, id=25668, stack(0x000000fa61300000,0x000000fa61400000) (1024K)]
  0x00000214d71490c0 JavaThread "ForkJoinPool.commonPool-worker-10" daemon [_thread_blocked, id=3328, stack(0x000000fa61400000,0x000000fa61500000) (1024K)]
  0x00000214d6ca7f90 JavaThread "ForkJoinPool.commonPool-worker-11" daemon [_thread_blocked, id=14856, stack(0x000000fa61500000,0x000000fa61600000) (1024K)]
  0x00000214d6caa060 JavaThread "Worker-5"                          [_thread_blocked, id=24540, stack(0x000000fa5f400000,0x000000fa5f500000) (1024K)]
  0x00000214d6cabaa0 JavaThread "LocalFile Deleter"          daemon [_thread_blocked, id=19728, stack(0x000000fa61700000,0x000000fa61800000) (1024K)]
  0x00000214d6caa6f0 JavaThread "LocalFile Deleter"          daemon [_thread_blocked, id=25584, stack(0x000000fa61800000,0x000000fa61900000) (1024K)]
  0x00000214d6ca9340 JavaThread "LocalFile Deleter"          daemon [_thread_blocked, id=23616, stack(0x000000fa61900000,0x000000fa61a00000) (1024K)]
  0x00000214d6ca8620 JavaThread "Compiler Source File Reader" daemon [_thread_blocked, id=21544, stack(0x000000fa61a00000,0x000000fa61b00000) (1024K)]
  0x00000214d6ca99d0 JavaThread "Compiler Source File Reader" daemon [_thread_blocked, id=15212, stack(0x000000fa61b00000,0x000000fa61c00000) (1024K)]
  0x00000214d6caad80 JavaThread "Worker-6"                          [_thread_blocked, id=11744, stack(0x000000fa61c00000,0x000000fa61d00000) (1024K)]
  0x00000214d6cac130 JavaThread "Worker-7"                          [_thread_blocked, id=22880, stack(0x000000fa61d00000,0x000000fa61e00000) (1024K)]
  0x00000214d6cac7c0 JavaThread "Compiler Processing Task"   daemon [_thread_blocked, id=25000, stack(0x000000fa5d000000,0x000000fa5d100000) (1024K)]
  0x00000214d6cad4e0 JavaThread "Compiler Class File Writer" daemon [_thread_blocked, id=1272, stack(0x000000fa61600000,0x000000fa61700000) (1024K)]
  0x00000214d6caef20 JavaThread "Compiler Class File Writer" daemon [_thread_blocked, id=18268, stack(0x000000fa61e00000,0x000000fa61f00000) (1024K)]
  0x00000214d6cace50 JavaThread "Compiler Source File Reader" daemon [_thread_blocked, id=6872, stack(0x000000fa61f00000,0x000000fa62000000) (1024K)]
  0x00000214d6caf5b0 JavaThread "Compiler Class File Writer" daemon [_thread_blocked, id=8956, stack(0x000000fa62100000,0x000000fa62200000) (1024K)]
  0x00000214d6cae200 JavaThread "Cleaner-0"                  daemon [_thread_blocked, id=23536, stack(0x000000fa62200000,0x000000fa62300000) (1024K)]
Total: 66

Other Threads:
  0x00000214f61a09e0 VMThread "VM Thread"                           [id=8024, stack(0x000000fa5d600000,0x000000fa5d700000) (1024K)]
  0x00000214f5f8ca10 WatcherThread "VM Periodic Task Thread"        [id=26584, stack(0x000000fa5d500000,0x000000fa5d600000) (1024K)]
  0x00000214f6120350 WorkerThread "GC Thread#0"                     [id=8612, stack(0x000000fa5d400000,0x000000fa5d500000) (1024K)]
  0x00000214d40952f0 WorkerThread "GC Thread#1"                     [id=12240, stack(0x000000fa5e200000,0x000000fa5e300000) (1024K)]
  0x00000214d40956a0 WorkerThread "GC Thread#2"                     [id=23888, stack(0x000000fa5e300000,0x000000fa5e400000) (1024K)]
  0x00000214d4096260 WorkerThread "GC Thread#3"                     [id=11952, stack(0x000000fa5e400000,0x000000fa5e500000) (1024K)]
  0x00000214d46ecf30 WorkerThread "GC Thread#4"                     [id=6988, stack(0x000000fa5e500000,0x000000fa5e600000) (1024K)]
  0x00000214d46ed2e0 WorkerThread "GC Thread#5"                     [id=21016, stack(0x000000fa5e600000,0x000000fa5e700000) (1024K)]
  0x00000214d46ed690 WorkerThread "GC Thread#6"                     [id=15328, stack(0x000000fa5e700000,0x000000fa5e800000) (1024K)]
  0x00000214d438a520 WorkerThread "GC Thread#7"                     [id=25576, stack(0x000000fa5e900000,0x000000fa5ea00000) (1024K)]
  0x00000214d4863640 WorkerThread "GC Thread#8"                     [id=21888, stack(0x000000fa5ee00000,0x000000fa5ef00000) (1024K)]
  0x00000214ff0682b0 WorkerThread "GC Thread#9"                     [id=2824, stack(0x000000fa5ef00000,0x000000fa5f000000) (1024K)]
Total: 12

Threads with active compile tasks:
C2 CompilerThread0  74106 9432       4       java.util.Properties::load0 (249 bytes)
C2 CompilerThread1  74106 9442       4       org.apache.maven.model.Dependency::getManagementKey (94 bytes)
Total: 2

VM state: not at safepoint (normal execution)

VM Mutex/Monitor currently owned by a thread: None

Heap address: 0x0000000080000000, size: 2048 MB, Compressed Oops mode: 32-bit

CDS archive(s) mapped at: [0x000002148f000000-0x000002148fba0000-0x000002148fba0000), size 12189696, SharedBaseAddress: 0x000002148f000000, ArchiveRelocationMode: 1.
Compressed class space mapped at: 0x0000021490000000-0x00000214d0000000, reserved size: 1073741824
Narrow klass base: 0x000002148f000000, Narrow klass shift: 0, Narrow klass range: 0x100000000

GC Precious Log:
 CardTable entry size: 512
 CPUs: 12 total, 12 available
 Memory: 15611M
 Large Page Support: Disabled
 NUMA Support: Disabled
 Compressed Oops: Enabled (32-bit)
 Alignments: Space 512K, Generation 512K, Heap 2M
 Heap Min Capacity: 100M
 Heap Initial Capacity: 100M
 Heap Max Capacity: 2G
 Pre-touch: Disabled
 Parallel Workers: 10

Heap:
 PSYoungGen      total 18432K, used 6500K [0x00000000d5580000, 0x00000000d6980000, 0x0000000100000000)
  eden space 16384K, 30% used [0x00000000d5580000,0x00000000d5a592d0,0x00000000d6580000)
  from space 2048K, 75% used [0x00000000d6580000,0x00000000d6700020,0x00000000d6780000)
  to   space 2048K, 0% used [0x00000000d6780000,0x00000000d6780000,0x00000000d6980000)
 ParOldGen       total 68608K, used 66917K [0x0000000080000000, 0x0000000084300000, 0x00000000d5580000)
  object space 68608K, 97% used [0x0000000080000000,0x0000000084159618,0x0000000084300000)
 Metaspace       used 64304K, committed 65792K, reserved 1114112K
  class space    used 6867K, committed 7488K, reserved 1048576K

Card table byte_map: [0x00000214f5aa0000,0x00000214f5eb0000] _byte_map_base: 0x00000214f56a0000

Marking Bits: (ParMarkBitMap*) 0x00007fff80623450
 Begin Bits: [0x00000214f95b0000, 0x00000214fb5b0000)
 End Bits:   [0x00000214fb5b0000, 0x00000214fd5b0000)

Polling page: 0x00000214f3f60000

Metaspace:

Usage:
  Non-class:     56.09 MB used.
      Class:      6.71 MB used.
       Both:     62.80 MB used.

Virtual space:
  Non-class space:       64.00 MB reserved,      56.94 MB ( 89%) committed,  1 nodes.
      Class space:        1.00 GB reserved,       7.31 MB ( <1%) committed,  1 nodes.
             Both:        1.06 GB reserved,      64.25 MB (  6%) committed. 

Chunk freelists:
   Non-Class:  7.02 MB
       Class:  8.56 MB
        Both:  15.58 MB

MaxMetaspaceSize: unlimited
CompressedClassSpaceSize: 1.00 GB
Initial GC threshold: 21.00 MB
Current GC threshold: 97.31 MB
CDS: on
 - commit_granule_bytes: 65536.
 - commit_granule_words: 8192.
 - virtual_space_node_default_size: 8388608.
 - enlarge_chunks_in_place: 1.
 - use_allocation_guard: 0.


Internal statistics:

num_allocs_failed_limit: 11.
num_arena_births: 1154.
num_arena_deaths: 14.
num_vsnodes_births: 2.
num_vsnodes_deaths: 0.
num_space_committed: 1028.
num_space_uncommitted: 0.
num_chunks_returned_to_freelist: 25.
num_chunks_taken_from_freelist: 4216.
num_chunk_merges: 17.
num_chunk_splits: 2587.
num_chunks_enlarged: 1418.
num_inconsistent_stats: 0.

CodeHeap 'non-profiled nmethods': size=120000Kb used=6340Kb max_used=6340Kb free=113659Kb
 bounds [0x0000021487ad0000, 0x0000021488110000, 0x000002148f000000]
CodeHeap 'profiled nmethods': size=120000Kb used=18829Kb max_used=18829Kb free=101170Kb
 bounds [0x0000021480000000, 0x0000021481270000, 0x0000021487530000]
CodeHeap 'non-nmethods': size=5760Kb used=1435Kb max_used=1491Kb free=4324Kb
 bounds [0x0000021487530000, 0x00000214877a0000, 0x0000021487ad0000]
CodeCache: size=245760Kb, used=26604Kb, max_used=26660Kb, free=219153Kb
 total_blobs=9411, nmethods=8659, adapters=658, full_count=0
Compilation: enabled, stopped_count=0, restarted_count=0

Compilation events (20 events):
Event: 72.821 Thread 0x00000214f61be7e0 9429       3       org.eclipse.aether.artifact.AbstractArtifact::toBaseVersion (92 bytes)
Event: 72.822 Thread 0x00000214f61be7e0 nmethod 9429 0x0000021481247f10 code [0x00000214812481e0, 0x0000021481248b68]
Event: 72.822 Thread 0x00000214f61be7e0 9430       1       org.eclipse.sisu.wire.EntryMapAdapter::entrySet (5 bytes)
Event: 72.822 Thread 0x00000214f61be7e0 nmethod 9430 0x00000214880fc110 code [0x00000214880fc2a0, 0x00000214880fc368]
Event: 72.837 Thread 0x00000214f61ba690 9432       4       java.util.Properties::load0 (249 bytes)
Event: 72.864 Thread 0x00000214f61be7e0 9433       3       org.apache.maven.model.ModelBase::getRepositories (23 bytes)
Event: 72.864 Thread 0x00000214f61be7e0 nmethod 9433 0x0000021481248f10 code [0x00000214812490e0, 0x0000021481249430]
Event: 72.965 Thread 0x00000214f61be7e0 9434       1       org.apache.maven.model.building.DefaultModelProblemCollector::setRootModel (6 bytes)
Event: 72.965 Thread 0x00000214f61be7e0 nmethod 9434 0x00000214880fc410 code [0x00000214880fc5a0, 0x00000214880fc680]
Event: 72.965 Thread 0x00000214f61be7e0 9435       1       org.apache.maven.model.building.DefaultModelBuildingResult::getProblems (5 bytes)
Event: 72.966 Thread 0x00000214f61be7e0 nmethod 9435 0x00000214880fc710 code [0x00000214880fc8a0, 0x00000214880fc968]
Event: 73.004 Thread 0x00000214f61be7e0 9437       3       sun.nio.fs.WindowsChannelFactory$Flags::toFlags (320 bytes)
Event: 73.006 Thread 0x00000214f61be7e0 nmethod 9437 0x0000021481249590 code [0x0000021481249920, 0x000002148124b128]
Event: 73.006 Thread 0x00000214f61be7e0 9438   !   3       sun.nio.fs.WindowsChannelFactory::open (457 bytes)
Event: 73.007 Thread 0x00000214f61be7e0 nmethod 9438 0x000002148124b810 code [0x000002148124bb00, 0x000002148124cad0]
Event: 73.022 Thread 0x00000214f61be7e0 9439       3       sun.nio.fs.WindowsChannelFactory::newFileChannel (130 bytes)
Event: 73.023 Thread 0x00000214f61be7e0 nmethod 9439 0x000002148124d110 code [0x000002148124d320, 0x000002148124d7f8]
Event: 73.040 Thread 0x00000214f61be7e0 9440   !   3       org.apache.maven.model.Repository::clone (87 bytes)
Event: 73.041 Thread 0x00000214f61be7e0 nmethod 9440 0x000002148124d990 code [0x000002148124dc40, 0x000002148124e7a0]
Event: 73.041 Thread 0x00000214f61be7e0 9441   !   3       org.apache.maven.model.RepositoryBase::clone (73 bytes)

GC Heap History (20 events):
Event: 61.890 GC heap before
{Heap before GC invocations=67 (full 3):
 PSYoungGen      total 18432K, used 17984K [0x00000000d5580000, 0x00000000d6880000, 0x0000000100000000)
  eden space 17408K, 100% used [0x00000000d5580000,0x00000000d6680000,0x00000000d6680000)
  from space 1024K, 56% used [0x00000000d6680000,0x00000000d6710000,0x00000000d6780000)
  to   space 1024K, 0% used [0x00000000d6780000,0x00000000d6780000,0x00000000d6880000)
 ParOldGen       total 68608K, used 59013K [0x0000000080000000, 0x0000000084300000, 0x00000000d5580000)
  object space 68608K, 86% used [0x0000000080000000,0x00000000839a1518,0x0000000084300000)
 Metaspace       used 59353K, committed 60736K, reserved 1114112K
  class space    used 6415K, committed 7040K, reserved 1048576K
}
Event: 61.891 GC heap after
{Heap after GC invocations=67 (full 3):
 PSYoungGen      total 18432K, used 653K [0x00000000d5580000, 0x00000000d6880000, 0x0000000100000000)
  eden space 17408K, 0% used [0x00000000d5580000,0x00000000d5580000,0x00000000d6680000)
  from space 1024K, 63% used [0x00000000d6780000,0x00000000d6823418,0x00000000d6880000)
  to   space 1024K, 0% used [0x00000000d6680000,0x00000000d6680000,0x00000000d6780000)
 ParOldGen       total 68608K, used 59404K [0x0000000080000000, 0x0000000084300000, 0x00000000d5580000)
  object space 68608K, 86% used [0x0000000080000000,0x0000000083a03150,0x0000000084300000)
 Metaspace       used 59353K, committed 60736K, reserved 1114112K
  class space    used 6415K, committed 7040K, reserved 1048576K
}
Event: 64.112 GC heap before
{Heap before GC invocations=68 (full 3):
 PSYoungGen      total 18432K, used 18061K [0x00000000d5580000, 0x00000000d6880000, 0x0000000100000000)
  eden space 17408K, 100% used [0x00000000d5580000,0x00000000d6680000,0x00000000d6680000)
  from space 1024K, 63% used [0x00000000d6780000,0x00000000d6823418,0x00000000d6880000)
  to   space 1024K, 0% used [0x00000000d6680000,0x00000000d6680000,0x00000000d6780000)
 ParOldGen       total 68608K, used 59404K [0x0000000080000000, 0x0000000084300000, 0x00000000d5580000)
  object space 68608K, 86% used [0x0000000080000000,0x0000000083a03150,0x0000000084300000)
 Metaspace       used 59355K, committed 60736K, reserved 1114112K
  class space    used 6415K, committed 7040K, reserved 1048576K
}
Event: 64.114 GC heap after
{Heap after GC invocations=68 (full 3):
 PSYoungGen      total 18432K, used 661K [0x00000000d5580000, 0x00000000d6880000, 0x0000000100000000)
  eden space 17408K, 0% used [0x00000000d5580000,0x00000000d5580000,0x00000000d6680000)
  from space 1024K, 64% used [0x00000000d6680000,0x00000000d67254f0,0x00000000d6780000)
  to   space 1024K, 0% used [0x00000000d6780000,0x00000000d6780000,0x00000000d6880000)
 ParOldGen       total 68608K, used 59971K [0x0000000080000000, 0x0000000084300000, 0x00000000d5580000)
  object space 68608K, 87% used [0x0000000080000000,0x0000000083a90e40,0x0000000084300000)
 Metaspace       used 59355K, committed 60736K, reserved 1114112K
  class space    used 6415K, committed 7040K, reserved 1048576K
}
Event: 64.154 GC heap before
{Heap before GC invocations=69 (full 3):
 PSYoungGen      total 18432K, used 18069K [0x00000000d5580000, 0x00000000d6880000, 0x0000000100000000)
  eden space 17408K, 100% used [0x00000000d5580000,0x00000000d6680000,0x00000000d6680000)
  from space 1024K, 64% used [0x00000000d6680000,0x00000000d67254f0,0x00000000d6780000)
  to   space 1024K, 0% used [0x00000000d6780000,0x00000000d6780000,0x00000000d6880000)
 ParOldGen       total 68608K, used 59971K [0x0000000080000000, 0x0000000084300000, 0x00000000d5580000)
  object space 68608K, 87% used [0x0000000080000000,0x0000000083a90e40,0x0000000084300000)
 Metaspace       used 59361K, committed 60736K, reserved 1114112K
  class space    used 6415K, committed 7040K, reserved 1048576K
}
Event: 64.156 GC heap after
{Heap after GC invocations=69 (full 3):
 PSYoungGen      total 18432K, used 530K [0x00000000d5580000, 0x00000000d6880000, 0x0000000100000000)
  eden space 17408K, 0% used [0x00000000d5580000,0x00000000d5580000,0x00000000d6680000)
  from space 1024K, 51% used [0x00000000d6780000,0x00000000d6804858,0x00000000d6880000)
  to   space 1024K, 0% used [0x00000000d6680000,0x00000000d6680000,0x00000000d6780000)
 ParOldGen       total 68608K, used 61194K [0x0000000080000000, 0x0000000084300000, 0x00000000d5580000)
  object space 68608K, 89% used [0x0000000080000000,0x0000000083bc2938,0x0000000084300000)
 Metaspace       used 59361K, committed 60736K, reserved 1114112K
  class space    used 6415K, committed 7040K, reserved 1048576K
}
Event: 66.716 GC heap before
{Heap before GC invocations=70 (full 3):
 PSYoungGen      total 18432K, used 17895K [0x00000000d5580000, 0x00000000d6880000, 0x0000000100000000)
  eden space 17408K, 99% used [0x00000000d5580000,0x00000000d6675698,0x00000000d6680000)
  from space 1024K, 51% used [0x00000000d6780000,0x00000000d6804858,0x00000000d6880000)
  to   space 1024K, 0% used [0x00000000d6680000,0x00000000d6680000,0x00000000d6780000)
 ParOldGen       total 68608K, used 61194K [0x0000000080000000, 0x0000000084300000, 0x00000000d5580000)
  object space 68608K, 89% used [0x0000000080000000,0x0000000083bc2938,0x0000000084300000)
 Metaspace       used 59602K, committed 61120K, reserved 1114112K
  class space    used 6446K, committed 7104K, reserved 1048576K
}
Event: 66.718 GC heap after
{Heap after GC invocations=70 (full 3):
 PSYoungGen      total 18432K, used 1024K [0x00000000d5580000, 0x00000000d6a80000, 0x0000000100000000)
  eden space 17408K, 0% used [0x00000000d5580000,0x00000000d5580000,0x00000000d6680000)
  from space 1024K, 100% used [0x00000000d6680000,0x00000000d6780000,0x00000000d6780000)
  to   space 2048K, 0% used [0x00000000d6880000,0x00000000d6880000,0x00000000d6a80000)
 ParOldGen       total 68608K, used 61869K [0x0000000080000000, 0x0000000084300000, 0x00000000d5580000)
  object space 68608K, 90% used [0x0000000080000000,0x0000000083c6b7e8,0x0000000084300000)
 Metaspace       used 59602K, committed 61120K, reserved 1114112K
  class space    used 6446K, committed 7104K, reserved 1048576K
}
Event: 67.159 GC heap before
{Heap before GC invocations=71 (full 3):
 PSYoungGen      total 18432K, used 18432K [0x00000000d5580000, 0x00000000d6a80000, 0x0000000100000000)
  eden space 17408K, 100% used [0x00000000d5580000,0x00000000d6680000,0x00000000d6680000)
  from space 1024K, 100% used [0x00000000d6680000,0x00000000d6780000,0x00000000d6780000)
  to   space 2048K, 0% used [0x00000000d6880000,0x00000000d6880000,0x00000000d6a80000)
 ParOldGen       total 68608K, used 61869K [0x0000000080000000, 0x0000000084300000, 0x00000000d5580000)
  object space 68608K, 90% used [0x0000000080000000,0x0000000083c6b7e8,0x0000000084300000)
 Metaspace       used 60030K, committed 61504K, reserved 1114112K
  class space    used 6487K, committed 7104K, reserved 1048576K
}
Event: 67.165 GC heap after
{Heap after GC invocations=71 (full 3):
 PSYoungGen      total 19456K, used 1930K [0x00000000d5580000, 0x00000000d6a80000, 0x0000000100000000)
  eden space 17408K, 0% used [0x00000000d5580000,0x00000000d5580000,0x00000000d6680000)
  from space 2048K, 94% used [0x00000000d6880000,0x00000000d6a62be8,0x00000000d6a80000)
  to   space 2048K, 0% used [0x00000000d6680000,0x00000000d6680000,0x00000000d6880000)
 ParOldGen       total 68608K, used 62914K [0x0000000080000000, 0x0000000084300000, 0x00000000d5580000)
  object space 68608K, 91% used [0x0000000080000000,0x0000000083d70968,0x0000000084300000)
 Metaspace       used 60030K, committed 61504K, reserved 1114112K
  class space    used 6487K, committed 7104K, reserved 1048576K
}
Event: 68.552 GC heap before
{Heap before GC invocations=72 (full 3):
 PSYoungGen      total 19456K, used 19338K [0x00000000d5580000, 0x00000000d6a80000, 0x0000000100000000)
  eden space 17408K, 100% used [0x00000000d5580000,0x00000000d6680000,0x00000000d6680000)
  from space 2048K, 94% used [0x00000000d6880000,0x00000000d6a62be8,0x00000000d6a80000)
  to   space 2048K, 0% used [0x00000000d6680000,0x00000000d6680000,0x00000000d6880000)
 ParOldGen       total 68608K, used 62914K [0x0000000080000000, 0x0000000084300000, 0x00000000d5580000)
  object space 68608K, 91% used [0x0000000080000000,0x0000000083d70968,0x0000000084300000)
 Metaspace       used 60439K, committed 61888K, reserved 1114112K
  class space    used 6527K, committed 7168K, reserved 1048576K
}
Event: 68.557 GC heap after
{Heap after GC invocations=72 (full 3):
 PSYoungGen      total 19456K, used 1513K [0x00000000d5580000, 0x00000000d6a80000, 0x0000000100000000)
  eden space 17408K, 0% used [0x00000000d5580000,0x00000000d5580000,0x00000000d6680000)
  from space 2048K, 73% used [0x00000000d6680000,0x00000000d67fa6d0,0x00000000d6880000)
  to   space 2048K, 0% used [0x00000000d6880000,0x00000000d6880000,0x00000000d6a80000)
 ParOldGen       total 68608K, used 64059K [0x0000000080000000, 0x0000000084300000, 0x00000000d5580000)
  object space 68608K, 93% used [0x0000000080000000,0x0000000083e8ec30,0x0000000084300000)
 Metaspace       used 60439K, committed 61888K, reserved 1114112K
  class space    used 6527K, committed 7168K, reserved 1048576K
}
Event: 68.839 GC heap before
{Heap before GC invocations=73 (full 3):
 PSYoungGen      total 19456K, used 18898K [0x00000000d5580000, 0x00000000d6a80000, 0x0000000100000000)
  eden space 17408K, 99% used [0x00000000d5580000,0x00000000d667a278,0x00000000d6680000)
  from space 2048K, 73% used [0x00000000d6680000,0x00000000d67fa6d0,0x00000000d6880000)
  to   space 2048K, 0% used [0x00000000d6880000,0x00000000d6880000,0x00000000d6a80000)
 ParOldGen       total 68608K, used 64059K [0x0000000080000000, 0x0000000084300000, 0x00000000d5580000)
  object space 68608K, 93% used [0x0000000080000000,0x0000000083e8ec30,0x0000000084300000)
 Metaspace       used 60789K, committed 62272K, reserved 1114112K
  class space    used 6558K, committed 7232K, reserved 1048576K
}
Event: 68.843 GC heap after
{Heap after GC invocations=73 (full 3):
 PSYoungGen      total 19456K, used 1624K [0x00000000d5580000, 0x00000000d6a80000, 0x0000000100000000)
  eden space 17408K, 0% used [0x00000000d5580000,0x00000000d5580000,0x00000000d6680000)
  from space 2048K, 79% used [0x00000000d6880000,0x00000000d6a16138,0x00000000d6a80000)
  to   space 2048K, 0% used [0x00000000d6680000,0x00000000d6680000,0x00000000d6880000)
 ParOldGen       total 68608K, used 64607K [0x0000000080000000, 0x0000000084300000, 0x00000000d5580000)
  object space 68608K, 94% used [0x0000000080000000,0x0000000083f17f50,0x0000000084300000)
 Metaspace       used 60789K, committed 62272K, reserved 1114112K
  class space    used 6558K, committed 7232K, reserved 1048576K
}
Event: 69.408 GC heap before
{Heap before GC invocations=74 (full 3):
 PSYoungGen      total 19456K, used 19032K [0x00000000d5580000, 0x00000000d6a80000, 0x0000000100000000)
  eden space 17408K, 100% used [0x00000000d5580000,0x00000000d6680000,0x00000000d6680000)
  from space 2048K, 79% used [0x00000000d6880000,0x00000000d6a16138,0x00000000d6a80000)
  to   space 2048K, 0% used [0x00000000d6680000,0x00000000d6680000,0x00000000d6880000)
 ParOldGen       total 68608K, used 64607K [0x0000000080000000, 0x0000000084300000, 0x00000000d5580000)
  object space 68608K, 94% used [0x0000000080000000,0x0000000083f17f50,0x0000000084300000)
 Metaspace       used 62416K, committed 63936K, reserved 1114112K
  class space    used 6707K, committed 7360K, reserved 1048576K
}
Event: 69.411 GC heap after
{Heap after GC invocations=74 (full 3):
 PSYoungGen      total 18432K, used 672K [0x00000000d5580000, 0x00000000d6980000, 0x0000000100000000)
  eden space 17408K, 0% used [0x00000000d5580000,0x00000000d5580000,0x00000000d6680000)
  from space 1024K, 65% used [0x00000000d6680000,0x00000000d6728000,0x00000000d6780000)
  to   space 1536K, 0% used [0x00000000d6800000,0x00000000d6800000,0x00000000d6980000)
 ParOldGen       total 68608K, used 65339K [0x0000000080000000, 0x0000000084300000, 0x00000000d5580000)
  object space 68608K, 95% used [0x0000000080000000,0x0000000083fcef60,0x0000000084300000)
 Metaspace       used 62416K, committed 63936K, reserved 1114112K
  class space    used 6707K, committed 7360K, reserved 1048576K
}
Event: 70.550 GC heap before
{Heap before GC invocations=75 (full 3):
 PSYoungGen      total 18432K, used 18080K [0x00000000d5580000, 0x00000000d6980000, 0x0000000100000000)
  eden space 17408K, 100% used [0x00000000d5580000,0x00000000d6680000,0x00000000d6680000)
  from space 1024K, 65% used [0x00000000d6680000,0x00000000d6728000,0x00000000d6780000)
  to   space 1536K, 0% used [0x00000000d6800000,0x00000000d6800000,0x00000000d6980000)
 ParOldGen       total 68608K, used 65339K [0x0000000080000000, 0x0000000084300000, 0x00000000d5580000)
  object space 68608K, 95% used [0x0000000080000000,0x0000000083fcef60,0x0000000084300000)
 Metaspace       used 63282K, committed 64768K, reserved 1114112K
  class space    used 6758K, committed 7424K, reserved 1048576K
}
Event: 70.553 GC heap after
{Heap after GC invocations=75 (full 3):
 PSYoungGen      total 17920K, used 1520K [0x00000000d5580000, 0x00000000d6b80000, 0x0000000100000000)
  eden space 16384K, 0% used [0x00000000d5580000,0x00000000d5580000,0x00000000d6580000)
  from space 1536K, 98% used [0x00000000d6800000,0x00000000d697c010,0x00000000d6980000)
  to   space 2560K, 0% used [0x00000000d6580000,0x00000000d6580000,0x00000000d6800000)
 ParOldGen       total 68608K, used 66040K [0x0000000080000000, 0x0000000084300000, 0x00000000d5580000)
  object space 68608K, 96% used [0x0000000080000000,0x000000008407e1f0,0x0000000084300000)
 Metaspace       used 63282K, committed 64768K, reserved 1114112K
  class space    used 6758K, committed 7424K, reserved 1048576K
}
Event: 72.860 GC heap before
{Heap before GC invocations=76 (full 3):
 PSYoungGen      total 17920K, used 17903K [0x00000000d5580000, 0x00000000d6b80000, 0x0000000100000000)
  eden space 16384K, 99% used [0x00000000d5580000,0x00000000d657fc48,0x00000000d6580000)
  from space 1536K, 98% used [0x00000000d6800000,0x00000000d697c010,0x00000000d6980000)
  to   space 2560K, 0% used [0x00000000d6580000,0x00000000d6580000,0x00000000d6800000)
 ParOldGen       total 68608K, used 66040K [0x0000000080000000, 0x0000000084300000, 0x00000000d5580000)
  object space 68608K, 96% used [0x0000000080000000,0x000000008407e1f0,0x0000000084300000)
 Metaspace       used 64282K, committed 65728K, reserved 1114112K
  class space    used 6867K, committed 7488K, reserved 1048576K
}
Event: 72.863 GC heap after
{Heap after GC invocations=76 (full 3):
 PSYoungGen      total 18432K, used 1536K [0x00000000d5580000, 0x00000000d6980000, 0x0000000100000000)
  eden space 16384K, 0% used [0x00000000d5580000,0x00000000d5580000,0x00000000d6580000)
  from space 2048K, 75% used [0x00000000d6580000,0x00000000d6700020,0x00000000d6780000)
  to   space 2048K, 0% used [0x00000000d6780000,0x00000000d6780000,0x00000000d6980000)
 ParOldGen       total 68608K, used 66917K [0x0000000080000000, 0x0000000084300000, 0x00000000d5580000)
  object space 68608K, 97% used [0x0000000080000000,0x0000000084159618,0x0000000084300000)
 Metaspace       used 64282K, committed 65728K, reserved 1114112K
  class space    used 6867K, committed 7488K, reserved 1048576K
}

Dll operation events (10 events):
Event: 0.029 Loaded shared library c:\Users\TUF\.vscode\extensions\redhat.java-1.54.0-win32-x64\jre\21.0.10-win32-x86_64\bin\java.dll
Event: 1.149 Loaded shared library c:\Users\TUF\.vscode\extensions\redhat.java-1.54.0-win32-x64\jre\21.0.10-win32-x86_64\bin\zip.dll
Event: 1.197 Loaded shared library C:\Users\TUF\.vscode\extensions\redhat.java-1.54.0-win32-x64\jre\21.0.10-win32-x86_64\bin\instrument.dll
Event: 1.393 Loaded shared library C:\Users\TUF\.vscode\extensions\redhat.java-1.54.0-win32-x64\jre\21.0.10-win32-x86_64\bin\net.dll
Event: 1.495 Loaded shared library C:\Users\TUF\.vscode\extensions\redhat.java-1.54.0-win32-x64\jre\21.0.10-win32-x86_64\bin\nio.dll
Event: 1.512 Loaded shared library C:\Users\TUF\.vscode\extensions\redhat.java-1.54.0-win32-x64\jre\21.0.10-win32-x86_64\bin\zip.dll
Event: 1.562 Loaded shared library C:\Users\TUF\.vscode\extensions\redhat.java-1.54.0-win32-x64\jre\21.0.10-win32-x86_64\bin\jimage.dll
Event: 1.985 Loaded shared library c:\Users\TUF\.vscode\extensions\redhat.java-1.54.0-win32-x64\jre\21.0.10-win32-x86_64\bin\verify.dll
Event: 24.177 Loaded shared library C:\Users\TUF\AppData\Roaming\Code\User\globalStorage\redhat.java\1.54.0\config_win\org.eclipse.equinox.launcher\org.eclipse.equinox.launcher.win32.win32.x86_64_1.3.0.v20260203-2149\eclipse_11919.dll
Event: 40.163 Loaded shared library C:\Users\TUF\AppData\Local\Temp\jna-83429\jna15380563835803124064.dll

Deoptimization events (20 events):
Event: 70.086 Thread 0x00000214d7144f20 DEOPT PACKING pc=0x000002148800e9fc sp=0x000000fa60dfcc30
Event: 70.086 Thread 0x00000214d7144f20 DEOPT UNPACKING pc=0x0000021487583aa2 sp=0x000000fa60dfcbc0 mode 2
Event: 70.106 Thread 0x00000214d7144f20 Uncommon trap: trap_request=0xffffff45 fr.pc=0x0000021487ec2924 relative=0x0000000000000104
Event: 70.106 Thread 0x00000214d7144f20 Uncommon trap: reason=unstable_if action=reinterpret pc=0x0000021487ec2924 method=java.lang.ThreadLocal$ThreadLocalMap.getEntryAfterMiss(Ljava/lang/ThreadLocal;ILjava/lang/ThreadLocal$ThreadLocalMap$Entry;)Ljava/lang/ThreadLocal$ThreadLocalMap$Entry; @ 30
Event: 70.106 Thread 0x00000214d7144f20 DEOPT PACKING pc=0x0000021487ec2924 sp=0x000000fa60dfcd20
Event: 70.106 Thread 0x00000214d7144f20 DEOPT UNPACKING pc=0x0000021487583aa2 sp=0x000000fa60dfcca0 mode 2
Event: 70.271 Thread 0x00000214d7144f20 DEOPT PACKING pc=0x00000214811b44d0 sp=0x000000fa60dfcb50
Event: 70.271 Thread 0x00000214d7144f20 DEOPT UNPACKING pc=0x0000021487584242 sp=0x000000fa60dfc098 mode 0
Event: 70.273 Thread 0x00000214d7144f20 DEOPT PACKING pc=0x00000214811b44d0 sp=0x000000fa60dfcb30
Event: 70.273 Thread 0x00000214d7144f20 DEOPT UNPACKING pc=0x0000021487584242 sp=0x000000fa60dfc078 mode 0
Event: 70.409 Thread 0x00000214d7144f20 DEOPT PACKING pc=0x00000214811b44d0 sp=0x000000fa60dfcd40
Event: 70.409 Thread 0x00000214d7144f20 DEOPT UNPACKING pc=0x0000021487584242 sp=0x000000fa60dfc288 mode 0
Event: 70.853 Thread 0x00000214d6ca7f90 DEOPT PACKING pc=0x0000021481006385 sp=0x000000fa615fd610
Event: 70.853 Thread 0x00000214d6ca7f90 DEOPT UNPACKING pc=0x0000021487584242 sp=0x000000fa615fca50 mode 0
Event: 71.043 Thread 0x00000214d6ca7f90 Uncommon trap: trap_request=0xffffffde fr.pc=0x0000021487ea1818 relative=0x0000000000000078
Event: 71.043 Thread 0x00000214d6ca7f90 Uncommon trap: reason=class_check action=maybe_recompile pc=0x0000021487ea1818 method=java.util.LinkedHashMap.afterNodeInsertion(Z)V @ 15 c2
Event: 71.043 Thread 0x00000214d6ca7f90 DEOPT PACKING pc=0x0000021487ea1818 sp=0x000000fa615fe8f0
Event: 71.043 Thread 0x00000214d6ca7f90 DEOPT UNPACKING pc=0x0000021487583aa2 sp=0x000000fa615fe868 mode 2
Event: 72.837 Thread 0x00000214d7144f20 DEOPT PACKING pc=0x0000021480bf36c8 sp=0x000000fa60dfcf20
Event: 72.837 Thread 0x00000214d7144f20 DEOPT UNPACKING pc=0x0000021487584242 sp=0x000000fa60dfc3d8 mode 0

Classes loaded (20 events):
Event: 59.803 Loading class java/nio/file/Files$2
Event: 59.803 Loading class java/nio/file/Files$2 done
Event: 60.086 Loading class jdk/internal/module/IllegalAccessLogger
Event: 60.086 Loading class jdk/internal/module/IllegalAccessLogger done
Event: 60.104 Loading class java/util/concurrent/ArrayBlockingQueue
Event: 60.105 Loading class java/util/concurrent/ArrayBlockingQueue done
Event: 60.535 Loading class java/util/concurrent/ConcurrentHashMap$KeySpliterator
Event: 60.535 Loading class java/util/concurrent/ConcurrentHashMap$KeySpliterator done
Event: 60.544 Loading class sun/nio/ch/ChannelOutputStream
Event: 60.545 Loading class sun/nio/ch/ChannelOutputStream done
Event: 66.605 Loading class jdk/internal/module/IllegalAccessLogger
Event: 66.605 Loading class jdk/internal/module/IllegalAccessLogger done
Event: 66.641 Loading class java/util/AbstractList$RandomAccessSubList
Event: 66.643 Loading class java/util/AbstractList$SubList
Event: 66.643 Loading class java/util/AbstractList$SubList done
Event: 66.643 Loading class java/util/AbstractList$RandomAccessSubList done
Event: 66.644 Loading class java/util/AbstractList$SubList$1
Event: 66.644 Loading class java/util/AbstractList$SubList$1 done
Event: 70.695 Loading class jdk/internal/ref/CleanerImpl$InnocuousThreadFactory
Event: 70.695 Loading class jdk/internal/ref/CleanerImpl$InnocuousThreadFactory done

Classes unloaded (7 events):
Event: 40.982 Thread 0x00000214f61a09e0 Unloading class 0x00000214901a8c00 'java/lang/invoke/LambdaForm$MH+0x00000214901a8c00'
Event: 40.982 Thread 0x00000214f61a09e0 Unloading class 0x00000214901a8800 'java/lang/invoke/LambdaForm$MH+0x00000214901a8800'
Event: 40.982 Thread 0x00000214f61a09e0 Unloading class 0x00000214901a8400 'java/lang/invoke/LambdaForm$MH+0x00000214901a8400'
Event: 40.982 Thread 0x00000214f61a09e0 Unloading class 0x00000214901a8000 'java/lang/invoke/LambdaForm$MH+0x00000214901a8000'
Event: 40.982 Thread 0x00000214f61a09e0 Unloading class 0x00000214901a7c00 'java/lang/invoke/LambdaForm$BMH+0x00000214901a7c00'
Event: 40.982 Thread 0x00000214f61a09e0 Unloading class 0x00000214901a7800 'java/lang/invoke/LambdaForm$DMH+0x00000214901a7800'
Event: 40.982 Thread 0x00000214f61a09e0 Unloading class 0x00000214901a6400 'java/lang/invoke/LambdaForm$DMH+0x00000214901a6400'

Classes redefined (0 events):
No events

Internal exceptions (20 events):
Event: 60.077 Thread 0x00000214d46f1b90 Implicit null exception at 0x0000021487e10426 to 0x0000021487e109f4
Event: 60.077 Thread 0x00000214d46f1b90 Implicit null exception at 0x0000021487f25801 to 0x0000021487f25dc8
Event: 60.480 Thread 0x00000214d6cac7c0 Exception <a 'java/lang/NoSuchMethodError'{0x00000000d5fe1360}: 'void java.lang.invoke.DirectMethodHandle$Holder.invokeStatic(java.lang.Object, int, java.lang.Object)'> (0x00000000d5fe1360) 
thrown [s\src\hotspot\share\interpreter\linkResolver.cpp, line 773]
Event: 60.540 Thread 0x00000214d6caa060 Exception <a 'java/lang/NoSuchMethodError'{0x00000000d5ef53a0}: 'java.lang.Object java.lang.invoke.DirectMethodHandle$Holder.newInvokeSpecial(java.lang.Object, java.lang.Object, int, int, java.lang.Object)'> (0x00000000d5ef53a0) 
thrown [s\src\hotspot\share\interpreter\linkResolver.cpp, line 773]
Event: 60.589 Thread 0x00000214d6caa060 Exception <a 'sun/nio/fs/WindowsException'{0x00000000d664d920}> (0x00000000d664d920) 
thrown [s\src\hotspot\share\prims\jni.cpp, line 520]
Event: 60.590 Thread 0x00000214d6cabaa0 Exception <a 'sun/nio/fs/WindowsException'{0x00000000d6650158}> (0x00000000d6650158) 
thrown [s\src\hotspot\share\prims\jni.cpp, line 520]
Event: 60.591 Thread 0x00000214d6cabaa0 Exception <a 'sun/nio/fs/WindowsException'{0x00000000d6651040}> (0x00000000d6651040) 
thrown [s\src\hotspot\share\prims\jni.cpp, line 520]
Event: 66.592 Thread 0x00000214d7147680 Exception <a 'java/lang/IncompatibleClassChangeError'{0x00000000d620c550}: Found class java.lang.Object, but interface was expected> (0x00000000d620c550) 
thrown [s\src\hotspot\share\interpreter\linkResolver.cpp, line 840]
Event: 66.625 Thread 0x00000214d6caa060 Exception <a 'sun/nio/fs/WindowsException'{0x00000000d64031c8}> (0x00000000d64031c8) 
thrown [s\src\hotspot\share\prims\jni.cpp, line 520]
Event: 66.625 Thread 0x00000214d6caa060 Exception <a 'sun/nio/fs/WindowsException'{0x00000000d6403a18}> (0x00000000d6403a18) 
thrown [s\src\hotspot\share\prims\jni.cpp, line 520]
Event: 66.821 Thread 0x00000214d7144f20 Exception <a 'sun/nio/fs/WindowsException'{0x00000000d5b3a9a8}> (0x00000000d5b3a9a8) 
thrown [s\src\hotspot\share\prims\jni.cpp, line 520]
Event: 66.822 Thread 0x00000214d7144f20 Exception <a 'sun/nio/fs/WindowsException'{0x00000000d5b454d0}> (0x00000000d5b454d0) 
thrown [s\src\hotspot\share\prims\jni.cpp, line 520]
Event: 66.826 Thread 0x00000214d7144f20 Exception <a 'sun/nio/fs/WindowsException'{0x00000000d5b46e40}> (0x00000000d5b46e40) 
thrown [s\src\hotspot\share\prims\jni.cpp, line 520]
Event: 66.826 Thread 0x00000214d7144f20 Exception <a 'sun/nio/fs/WindowsException'{0x00000000d5b47940}> (0x00000000d5b47940) 
thrown [s\src\hotspot\share\prims\jni.cpp, line 520]
Event: 66.836 Thread 0x00000214d7144f20 Exception <a 'java/io/FileNotFoundException'{0x00000000d5b64928}> (0x00000000d5b64928) 
thrown [s\src\hotspot\share\prims\jni.cpp, line 520]
Event: 66.837 Thread 0x00000214d7144f20 Exception <a 'java/io/FileNotFoundException'{0x00000000d5b65940}> (0x00000000d5b65940) 
thrown [s\src\hotspot\share\prims\jni.cpp, line 520]
Event: 66.870 Thread 0x00000214d7144f20 Exception <a 'sun/nio/fs/WindowsException'{0x00000000d5ed7b70}> (0x00000000d5ed7b70) 
thrown [s\src\hotspot\share\prims\jni.cpp, line 520]
Event: 66.870 Thread 0x00000214d7144f20 Exception <a 'sun/nio/fs/WindowsException'{0x00000000d5f3b5d8}> (0x00000000d5f3b5d8) 
thrown [s\src\hotspot\share\prims\jni.cpp, line 520]
Event: 68.820 Thread 0x00000214d7144f20 Exception <a 'java/lang/NoSuchMethodError'{0x00000000d65d1338}: 'void java.lang.invoke.DirectMethodHandle$Holder.invokeStatic(java.lang.Object, java.lang.Object, java.lang.Object, int)'> (0x00000000d65d1338) 
thrown [s\src\hotspot\share\interpreter\linkResolver.cpp, line 773]
Event: 68.849 Thread 0x00000214d7144f20 Exception <a 'java/lang/NoSuchMethodError'{0x00000000d55e29a0}: 'void java.lang.invoke.DirectMethodHandle$Holder.invokeVirtual(java.lang.Object, java.lang.Object, int)'> (0x00000000d55e29a0) 
thrown [s\src\hotspot\share\interpreter\linkResolver.cpp, line 773]

ZGC Phase Switch (0 events):
No events

VM Operations (20 events):
Event: 67.165 Executing safepoint VM operation: ParallelGCFailedAllocation (Allocation Failure) done
Event: 68.173 Executing safepoint VM operation: Cleanup
Event: 68.275 Executing safepoint VM operation: Cleanup done
Event: 68.552 Executing safepoint VM operation: ParallelGCFailedAllocation (Allocation Failure)
Event: 68.557 Executing safepoint VM operation: ParallelGCFailedAllocation (Allocation Failure) done
Event: 68.838 Executing safepoint VM operation: ParallelGCFailedAllocation (Allocation Failure)
Event: 68.843 Executing safepoint VM operation: ParallelGCFailedAllocation (Allocation Failure) done
Event: 69.408 Executing safepoint VM operation: ParallelGCFailedAllocation (Allocation Failure)
Event: 69.411 Executing safepoint VM operation: ParallelGCFailedAllocation (Allocation Failure) done
Event: 70.413 Executing safepoint VM operation: Cleanup
Event: 70.414 Executing safepoint VM operation: Cleanup done
Event: 70.550 Executing safepoint VM operation: ParallelGCFailedAllocation (Allocation Failure)
Event: 70.554 Executing safepoint VM operation: ParallelGCFailedAllocation (Allocation Failure) done
Event: 71.559 Executing safepoint VM operation: Cleanup
Event: 71.559 Executing safepoint VM operation: Cleanup done
Event: 72.567 Executing safepoint VM operation: Cleanup
Event: 72.567 Executing safepoint VM operation: Cleanup done
Event: 72.860 Executing safepoint VM operation: ParallelGCFailedAllocation (Allocation Failure)
Event: 72.863 Executing safepoint VM operation: ParallelGCFailedAllocation (Allocation Failure) done
Event: 73.865 Executing safepoint VM operation: Cleanup

Memory protections (0 events):
No events

Nmethod flushes (20 events):
Event: 60.211 Thread 0x00000214f61a09e0 flushing  nmethod 0x0000021480943a90
Event: 60.211 Thread 0x00000214f61a09e0 flushing  nmethod 0x0000021480944210
Event: 60.211 Thread 0x00000214f61a09e0 flushing  nmethod 0x0000021480949490
Event: 60.211 Thread 0x00000214f61a09e0 flushing  nmethod 0x0000021480952010
Event: 60.211 Thread 0x00000214f61a09e0 flushing  nmethod 0x0000021480952510
Event: 60.211 Thread 0x00000214f61a09e0 flushing  nmethod 0x0000021480955f10
Event: 60.211 Thread 0x00000214f61a09e0 flushing  nmethod 0x0000021480956290
Event: 60.211 Thread 0x00000214f61a09e0 flushing  nmethod 0x0000021480956b10
Event: 60.211 Thread 0x00000214f61a09e0 flushing  nmethod 0x0000021480958490
Event: 60.211 Thread 0x00000214f61a09e0 flushing  nmethod 0x0000021480958810
Event: 60.211 Thread 0x00000214f61a09e0 flushing  nmethod 0x0000021480958d90
Event: 60.211 Thread 0x00000214f61a09e0 flushing  nmethod 0x0000021480959190
Event: 60.211 Thread 0x00000214f61a09e0 flushing  nmethod 0x0000021480959710
Event: 60.211 Thread 0x00000214f61a09e0 flushing  nmethod 0x000002148095d010
Event: 60.211 Thread 0x00000214f61a09e0 flushing  nmethod 0x0000021480974c10
Event: 60.211 Thread 0x00000214f61a09e0 flushing  nmethod 0x0000021480975010
Event: 60.211 Thread 0x00000214f61a09e0 flushing  nmethod 0x0000021480975490
Event: 60.211 Thread 0x00000214f61a09e0 flushing  nmethod 0x0000021480975890
Event: 60.211 Thread 0x00000214f61a09e0 flushing  nmethod 0x0000021480979990
Event: 60.211 Thread 0x00000214f61a09e0 flushing osr nmethod 0x000002148098ce90

Events (20 events):
Event: 53.588 Thread 0x00000214d4b2a8f0 Thread exited: 0x00000214d4b2a8f0
Event: 54.294 Thread 0x00000214d4b2b690 Thread exited: 0x00000214d4b2b690
Event: 56.861 Thread 0x00000214f61be7e0 Thread added: 0x00000214d4b2a8f0
Event: 57.563 Thread 0x00000214d4b2a8f0 Thread exited: 0x00000214d4b2a8f0
Event: 57.909 Thread 0x00000214f61ba690 Thread added: 0x00000214d4b2d8a0
Event: 58.221 Thread 0x00000214d4b2d8a0 Thread exited: 0x00000214d4b2d8a0
Event: 59.749 Thread 0x00000214f61be7e0 Thread added: 0x00000214d4b2cb00
Event: 59.968 Thread 0x00000214d4b2cb00 Thread exited: 0x00000214d4b2cb00
Event: 60.107 Thread 0x00000214d6caa060 Thread added: 0x00000214d6cac7c0
Event: 60.154 Thread 0x00000214f61be7e0 Thread added: 0x00000214d4b2a8f0
Event: 60.541 Thread 0x00000214d6caa060 Thread added: 0x00000214d6cad4e0
Event: 60.550 Thread 0x00000214d6caa060 Thread added: 0x00000214d6caef20
Event: 60.607 Thread 0x00000214d6caa060 Thread added: 0x00000214d6cace50
Event: 61.828 Thread 0x00000214d4b2a8f0 Thread exited: 0x00000214d4b2a8f0
Event: 66.349 Thread 0x00000214f61be7e0 Thread added: 0x00000214d4b2cb00
Event: 66.369 Thread 0x00000214f61be7e0 Thread added: 0x00000214d4b2b690
Event: 66.612 Thread 0x00000214d6caa060 Thread added: 0x00000214d6caf5b0
Event: 70.696 Thread 0x00000214d6ca7f90 Thread added: 0x00000214d6cae200
Event: 70.763 Thread 0x00000214d4b2b690 Thread exited: 0x00000214d4b2b690
Event: 71.368 Thread 0x00000214d4b2cb00 Thread exited: 0x00000214d4b2cb00


Dynamic libraries:
0x00007ff777d80000 - 0x00007ff777d8e000 	c:\Users\TUF\.vscode\extensions\redhat.java-1.54.0-win32-x64\jre\21.0.10-win32-x86_64\bin\java.exe
0x00007ff848000000 - 0x00007ff848267000 	C:\WINDOWS\SYSTEM32\ntdll.dll
0x00007ff846860000 - 0x00007ff846929000 	C:\WINDOWS\System32\KERNEL32.DLL
0x00007ff844c40000 - 0x00007ff845037000 	C:\WINDOWS\System32\KERNELBASE.dll
0x00007ff844af0000 - 0x00007ff844c3b000 	C:\WINDOWS\System32\ucrtbase.dll
0x00007ff835d00000 - 0x00007ff835d18000 	c:\Users\TUF\.vscode\extensions\redhat.java-1.54.0-win32-x64\jre\21.0.10-win32-x86_64\bin\jli.dll
0x00007ff82cd60000 - 0x00007ff82cd7e000 	c:\Users\TUF\.vscode\extensions\redhat.java-1.54.0-win32-x64\jre\21.0.10-win32-x86_64\bin\VCRUNTIME140.dll
0x00007ff846d20000 - 0x00007ff846ee6000 	C:\WINDOWS\System32\USER32.dll
0x00007ff844a30000 - 0x00007ff844a57000 	C:\WINDOWS\System32\win32u.dll
0x00007ff847650000 - 0x00007ff84767b000 	C:\WINDOWS\System32\GDI32.dll
0x00007ff845c50000 - 0x00007ff845d7c000 	C:\WINDOWS\System32\gdi32full.dll
0x00007ff836ee0000 - 0x00007ff837172000 	C:\WINDOWS\WinSxS\amd64_microsoft.windows.common-controls_6595b64144ccf1df_6.0.26100.8457_none_3e0b2faee331e92d\COMCTL32.dll
0x00007ff846420000 - 0x00007ff8464c9000 	C:\WINDOWS\System32\msvcrt.dll
0x00007ff845040000 - 0x00007ff8450e3000 	C:\WINDOWS\System32\msvcp_win.dll
0x00007ff845dc0000 - 0x00007ff845df2000 	C:\WINDOWS\System32\IMM32.DLL
0x00007ff839990000 - 0x00007ff83999c000 	c:\Users\TUF\.vscode\extensions\redhat.java-1.54.0-win32-x64\jre\21.0.10-win32-x86_64\bin\vcruntime140_1.dll
0x00007ff8255f0000 - 0x00007ff82567d000 	c:\Users\TUF\.vscode\extensions\redhat.java-1.54.0-win32-x64\jre\21.0.10-win32-x86_64\bin\msvcp140.dll
0x00007fff7f960000 - 0x00007fff80701000 	c:\Users\TUF\.vscode\extensions\redhat.java-1.54.0-win32-x64\jre\21.0.10-win32-x86_64\bin\server\jvm.dll
0x00007ff8467a0000 - 0x00007ff846856000 	C:\WINDOWS\System32\ADVAPI32.dll
0x00007ff845f90000 - 0x00007ff846037000 	C:\WINDOWS\System32\sechost.dll
0x00007ff846300000 - 0x00007ff846418000 	C:\WINDOWS\System32\RPCRT4.dll
0x00007ff846220000 - 0x00007ff8462a0000 	C:\WINDOWS\System32\WS2_32.dll
0x00007ff844890000 - 0x00007ff8448ee000 	C:\WINDOWS\SYSTEM32\POWRPROF.dll
0x00007ff839a70000 - 0x00007ff839aa6000 	C:\WINDOWS\SYSTEM32\WINMM.dll
0x00007ff83d040000 - 0x00007ff83d04b000 	C:\WINDOWS\SYSTEM32\VERSION.dll
0x00007ff844870000 - 0x00007ff844884000 	C:\WINDOWS\SYSTEM32\UMPDC.dll
0x00007ff8437c0000 - 0x00007ff8437db000 	C:\WINDOWS\SYSTEM32\kernel.appcore.dll
0x00007ff836bc0000 - 0x00007ff836bca000 	c:\Users\TUF\.vscode\extensions\redhat.java-1.54.0-win32-x64\jre\21.0.10-win32-x86_64\bin\jimage.dll
0x00007ff8427f0000 - 0x00007ff842a32000 	C:\WINDOWS\SYSTEM32\DBGHELP.DLL
0x00007ff846990000 - 0x00007ff846d13000 	C:\WINDOWS\System32\combase.dll
0x00007ff846560000 - 0x00007ff846639000 	C:\WINDOWS\System32\OLEAUT32.dll
0x00007ff80c470000 - 0x00007ff80c4ab000 	C:\WINDOWS\SYSTEM32\dbgcore.DLL
0x00007ff845ba0000 - 0x00007ff845c48000 	C:\WINDOWS\System32\bcryptPrimitives.dll
0x00007ff836b60000 - 0x00007ff836b6f000 	c:\Users\TUF\.vscode\extensions\redhat.java-1.54.0-win32-x64\jre\21.0.10-win32-x86_64\bin\instrument.dll
0x00007ff82cb80000 - 0x00007ff82cba0000 	c:\Users\TUF\.vscode\extensions\redhat.java-1.54.0-win32-x64\jre\21.0.10-win32-x86_64\bin\java.dll
0x00007ff847840000 - 0x00007ff847fae000 	C:\WINDOWS\System32\SHELL32.dll
0x00007ff8450f0000 - 0x00007ff84595c000 	C:\WINDOWS\System32\windows.storage.dll
0x00007ff845e00000 - 0x00007ff845ef6000 	C:\WINDOWS\System32\SHCORE.dll
0x00007ff846f00000 - 0x00007ff846f66000 	C:\WINDOWS\System32\shlwapi.dll
0x00007ff844950000 - 0x00007ff844979000 	C:\WINDOWS\SYSTEM32\profapi.dll
0x00007ff82cb60000 - 0x00007ff82cb78000 	c:\Users\TUF\.vscode\extensions\redhat.java-1.54.0-win32-x64\jre\21.0.10-win32-x86_64\bin\zip.dll
0x00007ff836700000 - 0x00007ff836710000 	C:\Users\TUF\.vscode\extensions\redhat.java-1.54.0-win32-x64\jre\21.0.10-win32-x86_64\bin\net.dll
0x00007ff83f5f0000 - 0x00007ff83f719000 	C:\WINDOWS\SYSTEM32\WINHTTP.dll
0x00007ff843d30000 - 0x00007ff843d9c000 	C:\WINDOWS\system32\mswsock.dll
0x00007ff82a810000 - 0x00007ff82a826000 	C:\Users\TUF\.vscode\extensions\redhat.java-1.54.0-win32-x64\jre\21.0.10-win32-x86_64\bin\nio.dll
0x00007ff82cc10000 - 0x00007ff82cc20000 	c:\Users\TUF\.vscode\extensions\redhat.java-1.54.0-win32-x64\jre\21.0.10-win32-x86_64\bin\verify.dll
0x00007ff82c910000 - 0x00007ff82c955000 	C:\Users\TUF\AppData\Roaming\Code\User\globalStorage\redhat.java\1.54.0\config_win\org.eclipse.equinox.launcher\org.eclipse.equinox.launcher.win32.win32.x86_64_1.3.0.v20260203-2149\eclipse_11919.dll
0x00007ff847400000 - 0x00007ff847597000 	C:\WINDOWS\System32\ole32.dll
0x00007ff844010000 - 0x00007ff84402b000 	C:\WINDOWS\SYSTEM32\CRYPTSP.dll
0x00007ff843720000 - 0x00007ff843759000 	C:\WINDOWS\system32\rsaenh.dll
0x00007ff843de0000 - 0x00007ff843e13000 	C:\WINDOWS\SYSTEM32\USERENV.dll
0x00007ff844920000 - 0x00007ff84494a000 	C:\WINDOWS\SYSTEM32\bcrypt.dll
0x00007ff844030000 - 0x00007ff84403c000 	C:\WINDOWS\SYSTEM32\CRYPTBASE.dll
0x00007ff8431e0000 - 0x00007ff843212000 	C:\WINDOWS\SYSTEM32\IPHLPAPI.DLL
0x00007ff846ef0000 - 0x00007ff846efa000 	C:\WINDOWS\System32\NSI.dll
0x00007ff825560000 - 0x00007ff8255a9000 	C:\Users\TUF\AppData\Local\Temp\jna-83429\jna15380563835803124064.dll
0x00007ff8475c0000 - 0x00007ff8475c8000 	C:\WINDOWS\System32\PSAPI.DLL
0x00007ff83f7f0000 - 0x00007ff83f80d000 	C:\WINDOWS\SYSTEM32\dhcpcsvc6.DLL
0x00007ff83f720000 - 0x00007ff83f745000 	C:\WINDOWS\SYSTEM32\dhcpcsvc.DLL

JVMTI agents:
c:\Users\TUF\.vscode\extensions\redhat.java-1.54.0-win32-x64\lombok\lombok-1.18.39-4050.jar path:c:\Users\TUF\.vscode\extensions\redhat.java-1.54.0-win32-x64\jre\21.0.10-win32-x86_64\bin\instrument.dll, loaded, initialized, instrumentlib options:none

dbghelp: loaded successfully - version: 4.0.5 - missing functions: none
symbol engine: initialized successfully - sym options: 0x614 - pdb path: .;c:\Users\TUF\.vscode\extensions\redhat.java-1.54.0-win32-x64\jre\21.0.10-win32-x86_64\bin;C:\WINDOWS\SYSTEM32;C:\WINDOWS\WinSxS\amd64_microsoft.windows.common-controls_6595b64144ccf1df_6.0.26100.8457_none_3e0b2faee331e92d;c:\Users\TUF\.vscode\extensions\redhat.java-1.54.0-win32-x64\jre\21.0.10-win32-x86_64\bin\server;C:\Users\TUF\AppData\Roaming\Code\User\globalStorage\redhat.java\1.54.0\config_win\org.eclipse.equinox.launcher\org.eclipse.equinox.launcher.win32.win32.x86_64_1.3.0.v20260203-2149;C:\Users\TUF\AppData\Local\Temp\jna-83429

VM Arguments:
jvm_args: --add-modules=ALL-SYSTEM --add-opens=java.base/java.util=ALL-UNNAMED --add-opens=java.base/java.lang=ALL-UNNAMED --add-opens=java.base/sun.nio.fs=ALL-UNNAMED -Declipse.application=org.eclipse.jdt.ls.core.id1 -Dosgi.bundles.defaultStartLevel=4 -Declipse.product=org.eclipse.jdt.ls.core.product -Djava.import.generatesMetadataFilesAtProjectRoot=false -DDetectVMInstallationsJob.disabled=true -Dfile.encoding=utf8 -XX:+UseParallelGC -XX:GCTimeRatio=4 -XX:AdaptiveSizePolicyWeight=90 -Dsun.zip.disableMemoryMapping=true -Xmx2G -Xms100m -Xlog:disable -javaagent:c:\Users\TUF\.vscode\extensions\redhat.java-1.54.0-win32-x64\lombok\lombok-1.18.39-4050.jar -XX:+HeapDumpOnOutOfMemoryError -XX:HeapDumpPath=c:\Users\TUF\AppData\Roaming\Code\User\workspaceStorage\9666aa7d0958d0b855e21311c80c4bb9\redhat.java -Daether.dependencyCollector.impl=bf 
java_command: c:\Users\TUF\.vscode\extensions\redhat.java-1.54.0-win32-x64\server\plugins\org.eclipse.equinox.launcher_1.7.100.v20251111-0406.jar -configuration c:\Users\TUF\AppData\Roaming\Code\User\globalStorage\redhat.java\1.54.0\config_win -data c:\Users\TUF\AppData\Roaming\Code\User\workspaceStorage\9666aa7d0958d0b855e21311c80c4bb9\redhat.java\jdt_ws --pipe=\\.\pipe\lsp-d55ed6f062601cff060de6e2a2bc178c-sock
java_class_path (initial): c:\Users\TUF\.vscode\extensions\redhat.java-1.54.0-win32-x64\server\plugins\org.eclipse.equinox.launcher_1.7.100.v20251111-0406.jar
Launcher Type: SUN_STANDARD

[Global flags]
    uintx AdaptiveSizePolicyWeight                 = 90                                        {product} {command line}
     intx CICompilerCount                          = 4                                         {product} {ergonomic}
    uintx GCTimeRatio                              = 4                                         {product} {command line}
     bool HeapDumpOnOutOfMemoryError               = true                                   {manageable} {command line}
    ccstr HeapDumpPath                             = c:\Users\TUF\AppData\Roaming\Code\User\workspaceStorage\9666aa7d0958d0b855e21311c80c4bb9\redhat.java         {manageable} {command line}
   size_t InitialHeapSize                          = 104857600                                 {product} {command line}
   size_t MaxHeapSize                              = 2147483648                                {product} {command line}
   size_t MaxNewSize                               = 715653120                                 {product} {ergonomic}
   size_t MinHeapDeltaBytes                        = 524288                                    {product} {ergonomic}
   size_t MinHeapSize                              = 104857600                                 {product} {command line}
   size_t NewSize                                  = 34603008                                  {product} {ergonomic}
    uintx NonNMethodCodeHeapSize                   = 5839372                                {pd product} {ergonomic}
    uintx NonProfiledCodeHeapSize                  = 122909434                              {pd product} {ergonomic}
   size_t OldSize                                  = 70254592                                  {product} {ergonomic}
    uintx ProfiledCodeHeapSize                     = 122909434                              {pd product} {ergonomic}
    uintx ReservedCodeCacheSize                    = 251658240                              {pd product} {ergonomic}
     bool SegmentedCodeCache                       = true                                      {product} {ergonomic}
   size_t SoftMaxHeapSize                          = 2147483648                             {manageable} {ergonomic}
     bool UseCompressedOops                        = true                           {product lp64_product} {ergonomic}
     bool UseLargePagesIndividualAllocation        = false                                  {pd product} {ergonomic}
     bool UseParallelGC                            = true                                      {product} {command line}

Logging:
Log output configuration:
 #0: stdout all=off uptime,level,tags foldmultilines=false
 #1: stderr all=off uptime,level,tags foldmultilines=false

Release file:
JAVA_VERSION="21.0.10" 
MODULES="java.base java.compiler java.datatransfer java.xml java.prefs java.desktop java.instrument java.logging java.management java.security.sasl java.naming java.rmi java.management.rmi java.net.http java.scripting java.security.jgss java.transaction.xa java.sql java.sql.rowset java.xml.crypto java.se java.smartcardio jdk.accessibility jdk.internal.jvmstat jdk.attach jdk.charsets jdk.internal.opt jdk.zipfs jdk.compiler jdk.crypto.ec jdk.crypto.cryptoki jdk.crypto.mscapi jdk.dynalink jdk.internal.ed jdk.editpad jdk.hotspot.agent jdk.httpserver jdk.internal.le jdk.internal.vm.ci jdk.internal.vm.compiler jdk.internal.vm.compiler.management jdk.jartool jdk.javadoc jdk.jcmd jdk.management jdk.management.agent jdk.jconsole jdk.jdeps jdk.jdwp.agent jdk.jdi jdk.jfr jdk.jshell jdk.jsobject jdk.jstatd jdk.localedata jdk.management.jfr jdk.naming.dns jdk.naming.rmi jdk.net jdk.nio.mapmode jdk.random jdk.sctp jdk.security.auth jdk.security.jgss jdk.unsupported jdk.unsupported.desktop jdk.xml.dom" 

Environment Variables:
JAVA_HOME=C:\Program Files\Java\jdk-23
PATH=C:\Oracle\19c\bin;C:\Program Files\Common Files\Oracle\Java\javapath;C:\Program Files (x86)\Common Files\Oracle\Java\javapath;C:\Program Files\Microsoft MPI\Bin\;C:\Program Files\Python313\Scripts\;C:\Program Files\Python313\;C:\Program Files (x86)\Common Files\Intel\Shared Libraries\redist\intel64\compiler;C:\WINDOWS\system32;C:\WINDOWS;C:\WINDOWS\System32\Wbem;C:\WINDOWS\System32\WindowsPowerShell\v1.0\;C:\WINDOWS\System32\OpenSSH\;C:\Program Files\dotnet\;C:\Program Files (x86)\NVIDIA Corporation\PhysX\Common;C:\Program Files\NVIDIA Corporation\NVIDIA NvDLISR;C:\Program Files (x86)\Microsoft SQL Server\160\Tools\Binn\;C:\Program Files\Microsoft SQL Server\160\Tools\Binn\;C:\Program Files\Microsoft SQL Server\Client SDK\ODBC\170\Tools\Binn\;C:\Program Files\Microsoft SQL Server\160\DTS\Binn\;C:\Program Files\nodejs\;C:\Program Files (x86)\Microsoft SQL Server\160\DTS\Binn\;C:\Program Files\Microsoft SQL Server\150\Tools\Binn\;C:\Program Files\Git\cmd;C:\src\flutter\bin;;C:\Program Files\Docker\Docker\resources\bin;C:\Program Files\Kubernetes\Minikube;C:\Users\TUF\AppData\Local\Microsoft\WindowsApps;C:\Users\TUF\AppData\Local\Programs\Microsoft VS Code\bin;C:\Users\TUF\.dotnet\tools;C:\Users\TUF\AppData\Roaming\npm;C:\Program Files\Java\jdk-23\bin;%ORACLE_HOME%\bin;C:\Program Files\JetBrains\IntelliJ IDEA 2025.3.3\bin;C:\Program Files\Apache\Maven\apache-maven-3.9.14\bin;C:\Users\TUF\AppData\Local\Microsoft\WinGet\Links;
USERNAME=TUF
OS=Windows_NT
PROCESSOR_IDENTIFIER=AMD64 Family 25 Model 68 Stepping 1, AuthenticAMD
TMP=C:\Users\TUF\AppData\Local\Temp
TEMP=C:\Users\TUF\AppData\Local\Temp




Periodic native trim disabled

---------------  S Y S T E M  ---------------

OS:
 Windows 11 , 64 bit Build 26100 (10.0.26100.8328)
OS uptime: 0 days 0:18 hours
Hyper-V role detected

CPU: total 12 (initial active 12) (12 cores per cpu, 2 threads per core) family 25 model 68 stepping 1 microcode 0xa404107, cx8, cmov, fxsr, ht, mmx, 3dnowpref, sse, sse2, sse3, ssse3, sse4a, sse4.1, sse4.2, popcnt, lzcnt, tsc, tscinvbit, avx, avx2, aes, erms, clmul, bmi1, bmi2, adx, sha, fma, vzeroupper, clflush, clflushopt, hv, rdtscp, rdpid, fsrm, f16c, cet_ss
Processor Information for processor 0
  Max Mhz: 3301, Current Mhz: 2024, Mhz Limit: 3301
Processor Information for processor 1
  Max Mhz: 3301, Current Mhz: 2496, Mhz Limit: 3301
Processor Information for processor 2
  Max Mhz: 3301, Current Mhz: 2024, Mhz Limit: 3301
Processor Information for processor 3
  Max Mhz: 3301, Current Mhz: 2024, Mhz Limit: 3301
Processor Information for processor 4
  Max Mhz: 3301, Current Mhz: 2024, Mhz Limit: 3301
Processor Information for processor 5
  Max Mhz: 3301, Current Mhz: 2024, Mhz Limit: 3301
Processor Information for processor 6
  Max Mhz: 3301, Current Mhz: 2024, Mhz Limit: 3301
Processor Information for processor 7
  Max Mhz: 3301, Current Mhz: 2024, Mhz Limit: 3301
Processor Information for processor 8
  Max Mhz: 3301, Current Mhz: 2024, Mhz Limit: 3301
Processor Information for processor 9
  Max Mhz: 3301, Current Mhz: 2024, Mhz Limit: 3301
Processor Information for processor 10
  Max Mhz: 3301, Current Mhz: 2496, Mhz Limit: 3301
Processor Information for processor 11
  Max Mhz: 3301, Current Mhz: 2024, Mhz Limit: 3301

Memory: 4k page, system-wide physical 15611M (2484M free)
TotalPageFile size 25925M (AvailPageFile size 41M)
current process WorkingSet (physical memory assigned to process): 283M, peak: 329M
current process commit charge ("private bytes"): 366M, peak: 407M

vm_info: OpenJDK 64-Bit Server VM (21.0.10+7-LTS) for windows-amd64 JRE (21.0.10+7-LTS), built on 2026-01-20T00:00:00Z by "admin" with MS VC++ 17.12 (VS2022)

END.
