#
# There is insufficient memory for the Java Runtime Environment to continue.
# Native memory allocation (malloc) failed to allocate 1048576 bytes. Error detail: AllocateHeap
# Possible reasons:
#   The system is out of physical RAM or swap space
#   This process is running with CompressedOops enabled, and the Java Heap may be blocking the growth of the native heap
# Possible solutions:
#   Reduce memory load on the system
#   Increase physical memory or swap space
#   Check if swap backing store is full
#   Decrease Java heap size (-Xmx/-Xms)
#   Decrease number of Java threads
#   Decrease Java thread stack sizes (-Xss)
#   Set larger code cache with -XX:ReservedCodeCacheSize=
#   JVM is running with Unscaled Compressed Oops mode in which the Java heap is
#     placed in the first 4GB address space. The Java Heap base address is the
#     maximum limit for the native heap growth. Please use -XX:HeapBaseMinAddress
#     to set the Java Heap base and to place the Java Heap above 4GB virtual address.
# This output file may be truncated or incomplete.
#
#  Out of Memory Error (allocation.cpp:44), pid=404, tid=7728
#
# JRE version:  (21.0.10+7) (build )
# Java VM: OpenJDK 64-Bit Server VM (21.0.10+7-LTS, mixed mode, tiered, compressed oops, compressed class ptrs, parallel gc, windows-amd64)
# No core dump will be written. Minidumps are not enabled by default on client versions of Windows
#

---------------  S U M M A R Y ------------

Command Line: --add-modules=ALL-SYSTEM --add-opens=java.base/java.util=ALL-UNNAMED --add-opens=java.base/java.lang=ALL-UNNAMED --add-opens=java.base/sun.nio.fs=ALL-UNNAMED -Declipse.application=org.eclipse.jdt.ls.core.id1 -Dosgi.bundles.defaultStartLevel=4 -Declipse.product=org.eclipse.jdt.ls.core.product -Djava.import.generatesMetadataFilesAtProjectRoot=false -DDetectVMInstallationsJob.disabled=true -Dfile.encoding=utf8 -XX:+UseParallelGC -XX:GCTimeRatio=4 -XX:AdaptiveSizePolicyWeight=90 -Dsun.zip.disableMemoryMapping=true -Xmx2G -Xms100m -Xlog:disable -javaagent:c:\Users\TUF\.vscode\extensions\redhat.java-1.54.0-win32-x64\lombok\lombok-1.18.39-4050.jar c:\Users\TUF\.vscode\extensions\redhat.java-1.54.0-win32-x64\server\plugins\org.eclipse.equinox.launcher_1.7.100.v20251111-0406.jar -configuration c:\Users\TUF\AppData\Roaming\Code\User\globalStorage\redhat.java\1.54.0\config_ss_win -data c:\Users\TUF\AppData\Roaming\Code\User\workspaceStorage\9666aa7d0958d0b855e21311c80c4bb9\redhat.java\ss_ws --pipe=\\.\pipe\lsp-12e370e259d8460c49f042dc7c34c77f-sock

Host: AMD Ryzen 5 7535HS with Radeon Graphics        , 12 cores, 15G,  Windows 11 , 64 bit Build 26100 (10.0.26100.8521)
Time: Thu Jun 25 18:30:28 2026 SE Asia Standard Time elapsed time: 5.340303 seconds (0d 0h 0m 5s)

---------------  T H R E A D  ---------------

Current thread (0x000001cefc3adde0):  JavaThread "Unknown thread" [_thread_in_vm, id=7728, stack(0x000000a359500000,0x000000a359600000) (1024K)]

Stack: [0x000000a359500000,0x000000a359600000]
Native frames: (J=compiled Java code, j=interpreted, Vv=VM code, C=native code)
V  [jvm.dll+0x6d7a39]
V  [jvm.dll+0x8b4b26]
V  [jvm.dll+0x8b70de]
V  [jvm.dll+0x8b77c3]
V  [jvm.dll+0x284346]
V  [jvm.dll+0xc1277]
V  [jvm.dll+0x70bbd0]
V  [jvm.dll+0x70c73c]
V  [jvm.dll+0x6e65d3]
V  [jvm.dll+0x87f17c]
V  [jvm.dll+0x3c49fc]
V  [jvm.dll+0x867e6b]
V  [jvm.dll+0x457b31]
V  [jvm.dll+0x459721]
C  [jli.dll+0x52d0]
C  [ucrtbase.dll+0x2cd30]
C  [KERNEL32.DLL+0x2e957]
C  [ntdll.dll+0x87c1c]


---------------  P R O C E S S  ---------------

Threads class SMR info:
_java_thread_list=0x000001cefc3d59f0, length=1, elements={
0x000001cefc3adde0
}

Java Threads: ( => current thread )
=>0x000001cefc3adde0 JavaThread "Unknown thread"             [_thread_in_vm, id=7728, stack(0x000000a359500000,0x000000a359600000) (1024K)]
Total: 1

Other Threads:
  0x000001ce930dca00 WatcherThread "VM Periodic Task Thread"        [id=9220, stack(0x000000a359700000,0x000000a359800000) (1024K)]
  0x000001cefc3cc7a0 WorkerThread "GC Thread#0"                     [id=6704, stack(0x000000a359600000,0x000000a359700000) (1024K)]
Total: 2

Threads with active compile tasks:
Total: 0

VM state: not at safepoint (normal execution)

VM Mutex/Monitor currently owned by a thread: None

Heap address: 0x0000000080000000, size: 2048 MB, Compressed Oops mode: 32-bit

CDS archive(s) not mapped
Compressed class space mapped at: 0x0000000100000000-0x0000000140000000, reserved size: 1073741824
Narrow klass base: 0x0000000000000000, Narrow klass shift: 3, Narrow klass range: 0x140000000

GC Precious Log:
 CardTable entry size: 512
 CPUs: 12 total, 12 available
 Memory: 15611M
 Large Page Support: Disabled
 NUMA Support: Disabled
 Compressed Oops: Enabled (32-bit)
 Alignments: Space 512K, Generation 512K, Heap 2M
 Heap Min Capacity: 100M
 Heap Initial Capacity: 100M
 Heap Max Capacity: 2G
 Pre-touch: Disabled
 Parallel Workers: 10

Heap:
 PSYoungGen      total 29696K, used 512K [0x00000000d5580000, 0x00000000d7680000, 0x0000000100000000)
  eden space 25600K, 2% used [0x00000000d5580000,0x00000000d5600070,0x00000000d6e80000)
  from space 4096K, 0% used [0x00000000d7280000,0x00000000d7280000,0x00000000d7680000)
  to   space 4096K, 0% used [0x00000000d6e80000,0x00000000d6e80000,0x00000000d7280000)
 ParOldGen       total 68608K, used 0K [0x0000000080000000, 0x0000000084300000, 0x00000000d5580000)
  object space 68608K, 0% used [0x0000000080000000,0x0000000080000000,0x0000000084300000)
 Metaspace       used 1381K, committed 1408K, reserved 1114112K
  class space    used 111K, committed 128K, reserved 1048576K

Card table byte_map: [0x000001cefbd50000,0x000001cefc160000] _byte_map_base: 0x000001cefb950000

Marking Bits: (ParMarkBitMap*) 0x00007ffb92733450
 Begin Bits: [0x000001ce8f000000, 0x000001ce91000000)
 End Bits:   [0x000001ce91000000, 0x000001ce93000000)

Polling page: 0x000001cefa1f0000

Metaspace:

Usage:
  Non-class:      1.24 MB used.
      Class:    111.10 KB used.
       Both:      1.35 MB used.

Virtual space:
  Non-class space:       64.00 MB reserved,       1.25 MB (  2%) committed,  1 nodes.
      Class space:        1.00 GB reserved,     128.00 KB ( <1%) committed,  1 nodes.
             Both:        1.06 GB reserved,       1.38 MB ( <1%) committed. 

Chunk freelists:
   Non-Class:  12.00 MB
       Class:  15.75 MB
        Both:  27.75 MB

MaxMetaspaceSize: unlimited
CompressedClassSpaceSize: 1.00 GB
Initial GC threshold: 21.00 MB
Current GC threshold: 17179869184.00 GB
CDS: off
 - commit_granule_bytes: 65536.
 - commit_granule_words: 8192.
 - virtual_space_node_default_size: 8388608.
 - enlarge_chunks_in_place: 1.
 - use_allocation_guard: 0.


Internal statistics:

num_allocs_failed_limit: 0.
num_arena_births: 2.
num_arena_deaths: 0.
num_vsnodes_births: 2.
num_vsnodes_deaths: 0.
num_space_committed: 22.
num_space_uncommitted: 0.
num_chunks_returned_to_freelist: 0.
num_chunks_taken_from_freelist: 3.
num_chunk_merges: 0.
num_chunk_splits: 2.
num_chunks_enlarged: 0.
num_inconsistent_stats: 0.

CodeHeap 'non-profiled nmethods': size=120000Kb used=0Kb max_used=0Kb free=120000Kb
 bounds [0x000001ce87ad0000, 0x000001ce87d40000, 0x000001ce8f000000]
CodeHeap 'profiled nmethods': size=120000Kb used=0Kb max_used=0Kb free=120000Kb
 bounds [0x000001ce80000000, 0x000001ce80270000, 0x000001ce87530000]
CodeHeap 'non-nmethods': size=5760Kb used=194Kb max_used=342Kb free=5565Kb
 bounds [0x000001ce87530000, 0x000001ce877a0000, 0x000001ce87ad0000]
CodeCache: size=245760Kb, used=194Kb, max_used=342Kb, free=245565Kb
 total_blobs=70, nmethods=0, adapters=48, full_count=0
Compilation: enabled, stopped_count=0, restarted_count=0

Compilation events (0 events):
No events

GC Heap History (0 events):
No events

Dll operation events (2 events):
Event: 0.130 Loaded shared library c:\Users\TUF\.vscode\extensions\redhat.java-1.54.0-win32-x64\jre\21.0.10-win32-x86_64\bin\java.dll
Event: 4.264 Loaded shared library c:\Users\TUF\.vscode\extensions\redhat.java-1.54.0-win32-x64\jre\21.0.10-win32-x86_64\bin\zip.dll

Deoptimization events (0 events):
No events

Classes loaded (20 events):
Event: 4.298 Loading class java/util/Iterator
Event: 4.298 Loading class java/util/Iterator done
Event: 4.298 Loading class java/lang/reflect/RecordComponent
Event: 4.298 Loading class java/lang/reflect/RecordComponent done
Event: 4.298 Loading class jdk/internal/vm/vector/VectorSupport
Event: 4.298 Loading class jdk/internal/vm/vector/VectorSupport done
Event: 4.298 Loading class jdk/internal/vm/vector/VectorSupport$VectorPayload
Event: 4.298 Loading class jdk/internal/vm/vector/VectorSupport$VectorPayload done
Event: 4.298 Loading class jdk/internal/vm/vector/VectorSupport$Vector
Event: 4.298 Loading class jdk/internal/vm/vector/VectorSupport$Vector done
Event: 4.298 Loading class jdk/internal/vm/vector/VectorSupport$VectorMask
Event: 4.298 Loading class jdk/internal/vm/vector/VectorSupport$VectorMask done
Event: 4.298 Loading class jdk/internal/vm/vector/VectorSupport$VectorShuffle
Event: 4.298 Loading class jdk/internal/vm/vector/VectorSupport$VectorShuffle done
Event: 4.298 Loading class jdk/internal/vm/FillerObject
Event: 4.298 Loading class jdk/internal/vm/FillerObject done
Event: 4.302 Loading class java/lang/NullPointerException
Event: 4.302 Loading class java/lang/NullPointerException done
Event: 4.303 Loading class java/lang/ArithmeticException
Event: 4.303 Loading class java/lang/ArithmeticException done

Classes unloaded (0 events):
No events

Classes redefined (0 events):
No events

Internal exceptions (0 events):
No events

ZGC Phase Switch (0 events):
No events

VM Operations (0 events):
No events

Memory protections (0 events):
No events

Nmethod flushes (0 events):
No events

Events (1 events):
Event: 4.260 Thread 0x000001cefc3adde0 Thread added: 0x000001cefc3adde0


Dynamic libraries:
0x00007ff797380000 - 0x00007ff79738e000 	c:\Users\TUF\.vscode\extensions\redhat.java-1.54.0-win32-x64\jre\21.0.10-win32-x86_64\bin\java.exe
0x00007ffc13ca0000 - 0x00007ffc13f06000 	C:\WINDOWS\SYSTEM32\ntdll.dll
0x00007ffc11a50000 - 0x00007ffc11b19000 	C:\WINDOWS\System32\KERNEL32.DLL
0x00007ffc11610000 - 0x00007ffc11a0a000 	C:\WINDOWS\System32\KERNELBASE.dll
0x00007ffc110a0000 - 0x00007ffc111ec000 	C:\WINDOWS\System32\ucrtbase.dll
0x00007ffc0d430000 - 0x00007ffc0d448000 	c:\Users\TUF\.vscode\extensions\redhat.java-1.54.0-win32-x64\jre\21.0.10-win32-x86_64\bin\jli.dll
0x00007ffc0b0b0000 - 0x00007ffc0b0ce000 	c:\Users\TUF\.vscode\extensions\redhat.java-1.54.0-win32-x64\jre\21.0.10-win32-x86_64\bin\VCRUNTIME140.dll
0x00007ffc125f0000 - 0x00007ffc127b7000 	C:\WINDOWS\System32\USER32.dll
0x00007ffc114a0000 - 0x00007ffc114c7000 	C:\WINDOWS\System32\win32u.dll
0x00007ffbfb3f0000 - 0x00007ffbfb682000 	C:\WINDOWS\WinSxS\amd64_microsoft.windows.common-controls_6595b64144ccf1df_6.0.26100.8521_none_3e08b75ce33403b3\COMCTL32.dll
0x00007ffc11f20000 - 0x00007ffc11f4b000 	C:\WINDOWS\System32\GDI32.dll
0x00007ffc12f30000 - 0x00007ffc12fd9000 	C:\WINDOWS\System32\msvcrt.dll
0x00007ffc111f0000 - 0x00007ffc1131b000 	C:\WINDOWS\System32\gdi32full.dll
0x00007ffc114d0000 - 0x00007ffc11573000 	C:\WINDOWS\System32\msvcp_win.dll
0x00007ffc11a10000 - 0x00007ffc11a42000 	C:\WINDOWS\System32\IMM32.DLL
0x00007ffc0c020000 - 0x00007ffc0c02c000 	c:\Users\TUF\.vscode\extensions\redhat.java-1.54.0-win32-x64\jre\21.0.10-win32-x86_64\bin\vcruntime140_1.dll
0x00007ffbf8ee0000 - 0x00007ffbf8f6d000 	c:\Users\TUF\.vscode\extensions\redhat.java-1.54.0-win32-x64\jre\21.0.10-win32-x86_64\bin\msvcp140.dll
0x00007ffb91a70000 - 0x00007ffb92811000 	c:\Users\TUF\.vscode\extensions\redhat.java-1.54.0-win32-x64\jre\21.0.10-win32-x86_64\bin\server\jvm.dll
0x00007ffc13160000 - 0x00007ffc13216000 	C:\WINDOWS\System32\ADVAPI32.dll
0x00007ffc12a30000 - 0x00007ffc12ada000 	C:\WINDOWS\System32\sechost.dll
0x00007ffc12e10000 - 0x00007ffc12f28000 	C:\WINDOWS\System32\RPCRT4.dll
0x00007ffc12560000 - 0x00007ffc125e0000 	C:\WINDOWS\System32\WS2_32.dll
0x00007ffc10d90000 - 0x00007ffc10dee000 	C:\WINDOWS\SYSTEM32\POWRPROF.dll
0x00007ffc029a0000 - 0x00007ffc029d6000 	C:\WINDOWS\SYSTEM32\WINMM.dll
0x00007ffc09000000 - 0x00007ffc0900b000 	C:\WINDOWS\SYSTEM32\VERSION.dll
0x00007ffc10d70000 - 0x00007ffc10d84000 	C:\WINDOWS\SYSTEM32\UMPDC.dll
0x00007ffc0fcc0000 - 0x00007ffc0fcdb000 	C:\WINDOWS\SYSTEM32\kernel.appcore.dll
0x00007ffc09b70000 - 0x00007ffc09b7a000 	c:\Users\TUF\.vscode\extensions\redhat.java-1.54.0-win32-x64\jre\21.0.10-win32-x86_64\bin\jimage.dll
0x00007ffc0e610000 - 0x00007ffc0e852000 	C:\WINDOWS\SYSTEM32\DBGHELP.DLL
0x00007ffc11b20000 - 0x00007ffc11ea3000 	C:\WINDOWS\System32\combase.dll
0x00007ffc12470000 - 0x00007ffc12549000 	C:\WINDOWS\System32\OLEAUT32.dll
0x00007ffbd7d80000 - 0x00007ffbd7dbb000 	C:\WINDOWS\SYSTEM32\dbgcore.DLL
0x00007ffc10ff0000 - 0x00007ffc11098000 	C:\WINDOWS\System32\bcryptPrimitives.dll
0x00007ffc09b60000 - 0x00007ffc09b6f000 	c:\Users\TUF\.vscode\extensions\redhat.java-1.54.0-win32-x64\jre\21.0.10-win32-x86_64\bin\instrument.dll
0x00007ffc07530000 - 0x00007ffc07550000 	c:\Users\TUF\.vscode\extensions\redhat.java-1.54.0-win32-x64\jre\21.0.10-win32-x86_64\bin\java.dll
0x00007ffc07300000 - 0x00007ffc07318000 	c:\Users\TUF\.vscode\extensions\redhat.java-1.54.0-win32-x64\jre\21.0.10-win32-x86_64\bin\zip.dll

JVMTI agents:
c:\Users\TUF\.vscode\extensions\redhat.java-1.54.0-win32-x64\lombok\lombok-1.18.39-4050.jar path:none, loaded, not initialized, instrumentlib options:none

dbghelp: loaded successfully - version: 4.0.5 - missing functions: none
symbol engine: initialized successfully - sym options: 0x614 - pdb path: .;c:\Users\TUF\.vscode\extensions\redhat.java-1.54.0-win32-x64\jre\21.0.10-win32-x86_64\bin;C:\WINDOWS\SYSTEM32;C:\WINDOWS\WinSxS\amd64_microsoft.windows.common-controls_6595b64144ccf1df_6.0.26100.8521_none_3e08b75ce33403b3;c:\Users\TUF\.vscode\extensions\redhat.java-1.54.0-win32-x64\jre\21.0.10-win32-x86_64\bin\server

VM Arguments:
jvm_args: --add-modules=ALL-SYSTEM --add-opens=java.base/java.util=ALL-UNNAMED --add-opens=java.base/java.lang=ALL-UNNAMED --add-opens=java.base/sun.nio.fs=ALL-UNNAMED -Declipse.application=org.eclipse.jdt.ls.core.id1 -Dosgi.bundles.defaultStartLevel=4 -Declipse.product=org.eclipse.jdt.ls.core.product -Djava.import.generatesMetadataFilesAtProjectRoot=false -DDetectVMInstallationsJob.disabled=true -Dfile.encoding=utf8 -XX:+UseParallelGC -XX:GCTimeRatio=4 -XX:AdaptiveSizePolicyWeight=90 -Dsun.zip.disableMemoryMapping=true -Xmx2G -Xms100m -Xlog:disable -javaagent:c:\Users\TUF\.vscode\extensions\redhat.java-1.54.0-win32-x64\lombok\lombok-1.18.39-4050.jar 
java_command: c:\Users\TUF\.vscode\extensions\redhat.java-1.54.0-win32-x64\server\plugins\org.eclipse.equinox.launcher_1.7.100.v20251111-0406.jar -configuration c:\Users\TUF\AppData\Roaming\Code\User\globalStorage\redhat.java\1.54.0\config_ss_win -data c:\Users\TUF\AppData\Roaming\Code\User\workspaceStorage\9666aa7d0958d0b855e21311c80c4bb9\redhat.java\ss_ws --pipe=\\.\pipe\lsp-12e370e259d8460c49f042dc7c34c77f-sock
java_class_path (initial): c:\Users\TUF\.vscode\extensions\redhat.java-1.54.0-win32-x64\server\plugins\org.eclipse.equinox.launcher_1.7.100.v20251111-0406.jar
Launcher Type: SUN_STANDARD

[Global flags]
    uintx AdaptiveSizePolicyWeight                 = 90                                        {product} {command line}
     intx CICompilerCount                          = 4                                         {product} {ergonomic}
    uintx GCTimeRatio                              = 4                                         {product} {command line}
   size_t InitialHeapSize                          = 104857600                                 {product} {command line}
   size_t MaxHeapSize                              = 2147483648                                {product} {command line}
   size_t MaxNewSize                               = 715653120                                 {product} {ergonomic}
   size_t MinHeapDeltaBytes                        = 524288                                    {product} {ergonomic}
   size_t MinHeapSize                              = 104857600                                 {product} {command line}
   size_t NewSize                                  = 34603008                                  {product} {ergonomic}
    uintx NonNMethodCodeHeapSize                   = 5839372                                {pd product} {ergonomic}
    uintx NonProfiledCodeHeapSize                  = 122909434                              {pd product} {ergonomic}
   size_t OldSize                                  = 70254592                                  {product} {ergonomic}
    uintx ProfiledCodeHeapSize                     = 122909434                              {pd product} {ergonomic}
    uintx ReservedCodeCacheSize                    = 251658240                              {pd product} {ergonomic}
     bool SegmentedCodeCache                       = true                                      {product} {ergonomic}
   size_t SoftMaxHeapSize                          = 2147483648                             {manageable} {ergonomic}
     bool UseCompressedOops                        = true                           {product lp64_product} {ergonomic}
     bool UseLargePagesIndividualAllocation        = false                                  {pd product} {ergonomic}
     bool UseParallelGC                            = true                                      {product} {command line}

Logging:
Log output configuration:
 #0: stdout all=off uptime,level,tags foldmultilines=false
 #1: stderr all=off uptime,level,tags foldmultilines=false

Release file:
<release file has not been read>
Environment Variables:
JAVA_HOME=C:\Program Files\Java\jdk-23
PATH=C:\Oracle\19c\bin;C:\Program Files\Common Files\Oracle\Java\javapath;C:\Program Files (x86)\Common Files\Oracle\Java\javapath;C:\Program Files\Microsoft MPI\Bin\;C:\Program Files\Python313\Scripts\;C:\Program Files\Python313\;C:\Program Files (x86)\Common Files\Intel\Shared Libraries\redist\intel64\compiler;C:\WINDOWS\system32;C:\WINDOWS;C:\WINDOWS\System32\Wbem;C:\WINDOWS\System32\WindowsPowerShell\v1.0\;C:\WINDOWS\System32\OpenSSH\;C:\Program Files\dotnet\;C:\Program Files (x86)\NVIDIA Corporation\PhysX\Common;C:\Program Files\NVIDIA Corporation\NVIDIA NvDLISR;C:\Program Files (x86)\Microsoft SQL Server\160\Tools\Binn\;C:\Program Files\Microsoft SQL Server\160\Tools\Binn\;C:\Program Files\Microsoft SQL Server\Client SDK\ODBC\170\Tools\Binn\;C:\Program Files\Microsoft SQL Server\160\DTS\Binn\;C:\Program Files (x86)\Microsoft SQL Server\160\DTS\Binn\;C:\Program Files\Microsoft SQL Server\150\Tools\Binn\;C:\Program Files\Git\cmd;C:\src\flutter\bin;;C:\Program Files\Docker\Docker\resources\bin;C:\Program Files\Kubernetes\Minikube;C:\Program Files\nodejs\;C:\Users\TUF\AppData\Local\Microsoft\WindowsApps;C:\Users\TUF\AppData\Local\Programs\Microsoft VS Code\bin;C:\Users\TUF\.dotnet\tools;C:\Program Files\Java\jdk-23\bin;%ORACLE_HOME%\bin;C:\Program Files\JetBrains\IntelliJ IDEA 2025.3.3\bin;C:\Program Files\Apache\Maven\apache-maven-3.9.14\bin;C:\Users\TUF\AppData\Local\Microsoft\WinGet\Links;C:\Users\TUF\AppData\Roaming\npm
USERNAME=TUF
OS=Windows_NT
PROCESSOR_IDENTIFIER=AMD64 Family 25 Model 68 Stepping 1, AuthenticAMD
TMP=C:\Users\TUF\AppData\Local\Temp
TEMP=C:\Users\TUF\AppData\Local\Temp




Periodic native trim disabled

---------------  S Y S T E M  ---------------

OS:
 Windows 11 , 64 bit Build 26100 (10.0.26100.8521)
OS uptime: 0 days 1:10 hours
Hyper-V role detected

CPU: total 12 (initial active 12) (12 cores per cpu, 2 threads per core) family 25 model 68 stepping 1 microcode 0xa404107, cx8, cmov, fxsr, ht, mmx, 3dnowpref, sse, sse2, sse3, ssse3, sse4a, sse4.1, sse4.2, popcnt, lzcnt, tsc, tscinvbit, avx, avx2, aes, erms, clmul, bmi1, bmi2, adx, sha, fma, vzeroupper, clflush, clflushopt, hv, rdtscp, rdpid, fsrm, f16c, cet_ss
Processor Information for processor 0
  Max Mhz: 3301, Current Mhz: 2496, Mhz Limit: 3301
Processor Information for processor 1
  Max Mhz: 3301, Current Mhz: 2496, Mhz Limit: 3301
Processor Information for processor 2
  Max Mhz: 3301, Current Mhz: 2496, Mhz Limit: 3301
Processor Information for processor 3
  Max Mhz: 3301, Current Mhz: 2496, Mhz Limit: 3301
Processor Information for processor 4
  Max Mhz: 3301, Current Mhz: 2496, Mhz Limit: 3301
Processor Information for processor 5
  Max Mhz: 3301, Current Mhz: 2496, Mhz Limit: 3301
Processor Information for processor 6
  Max Mhz: 3301, Current Mhz: 3301, Mhz Limit: 3301
Processor Information for processor 7
  Max Mhz: 3301, Current Mhz: 2496, Mhz Limit: 3301
Processor Information for processor 8
  Max Mhz: 3301, Current Mhz: 2496, Mhz Limit: 3301
Processor Information for processor 9
  Max Mhz: 3301, Current Mhz: 2496, Mhz Limit: 3301
Processor Information for processor 10
  Max Mhz: 3301, Current Mhz: 2496, Mhz Limit: 3301
Processor Information for processor 11
  Max Mhz: 3301, Current Mhz: 2496, Mhz Limit: 3301

Memory: 4k page, system-wide physical 15611M (3064M free)
TotalPageFile size 25925M (AvailPageFile size 5M)
current process WorkingSet (physical memory assigned to process): 19M, peak: 19M
current process commit charge ("private bytes"): 195M, peak: 196M

vm_info: OpenJDK 64-Bit Server VM (21.0.10+7-LTS) for windows-amd64 JRE (21.0.10+7-LTS), built on 2026-01-20T00:00:00Z by "admin" with MS VC++ 17.12 (VS2022)

END.
