#
# There is insufficient memory for the Java Runtime Environment to continue.
# Native memory allocation (malloc) failed to allocate 1138256 bytes. Error detail: Chunk::new
# Possible reasons:
#   The system is out of physical RAM or swap space
#   This process is running with CompressedOops enabled, and the Java Heap may be blocking the growth of the native heap
# Possible solutions:
#   Reduce memory load on the system
#   Increase physical memory or swap space
#   Check if swap backing store is full
#   Decrease Java heap size (-Xmx/-Xms)
#   Decrease number of Java threads
#   Decrease Java thread stack sizes (-Xss)
#   Set larger code cache with -XX:ReservedCodeCacheSize=
#   JVM is running with Unscaled Compressed Oops mode in which the Java heap is
#     placed in the first 4GB address space. The Java Heap base address is the
#     maximum limit for the native heap growth. Please use -XX:HeapBaseMinAddress
#     to set the Java Heap base and to place the Java Heap above 4GB virtual address.
# This output file may be truncated or incomplete.
#
#  Out of Memory Error (arena.cpp:168), pid=5260, tid=16088
#
# JRE version: OpenJDK Runtime Environment Temurin-21.0.10+7 (21.0.10+7) (build 21.0.10+7-LTS)
# Java VM: OpenJDK 64-Bit Server VM Temurin-21.0.10+7 (21.0.10+7-LTS, mixed mode, sharing, tiered, compressed oops, compressed class ptrs, parallel gc, windows-amd64)
# No core dump will be written. Minidumps are not enabled by default on client versions of Windows
#

---------------  S U M M A R Y ------------

Command Line: --add-modules=ALL-SYSTEM --add-opens=java.base/java.util=ALL-UNNAMED --add-opens=java.base/java.lang=ALL-UNNAMED --add-opens=java.base/sun.nio.fs=ALL-UNNAMED -Declipse.application=org.eclipse.jdt.ls.core.id1 -Dosgi.bundles.defaultStartLevel=4 -Declipse.product=org.eclipse.jdt.ls.core.product -Djava.import.generatesMetadataFilesAtProjectRoot=false -DDetectVMInstallationsJob.disabled=true -Dfile.encoding=utf8 -XX:+UseParallelGC -XX:GCTimeRatio=4 -XX:AdaptiveSizePolicyWeight=90 -Dsun.zip.disableMemoryMapping=true -Xmx2G -Xms100m -Xlog:disable -javaagent:c:\Users\TUF\.vscode\extensions\redhat.java-1.54.0-win32-x64\lombok\lombok-1.18.39-4050.jar -XX:+HeapDumpOnOutOfMemoryError -XX:HeapDumpPath=c:\Users\TUF\AppData\Roaming\Code\User\workspaceStorage\9666aa7d0958d0b855e21311c80c4bb9\redhat.java -Daether.dependencyCollector.impl=bf c:\Users\TUF\.vscode\extensions\redhat.java-1.54.0-win32-x64\server\plugins\org.eclipse.equinox.launcher_1.7.100.v20251111-0406.jar -configuration c:\Users\TUF\AppData\Roaming\Code\User\globalStorage\redhat.java\1.54.0\config_win -data c:\Users\TUF\AppData\Roaming\Code\User\workspaceStorage\9666aa7d0958d0b855e21311c80c4bb9\redhat.java\jdt_ws --pipe=\\.\pipe\lsp-2cfb8ba9bbb49f62ac4c0801956007d6-sock

Host: AMD Ryzen 5 7535HS with Radeon Graphics        , 12 cores, 15G,  Windows 11 , 64 bit Build 26100 (10.0.26100.8328)
Time: Thu Jun 11 18:23:04 2026 SE Asia Standard Time elapsed time: 12.414549 seconds (0d 0h 0m 12s)

---------------  T H R E A D  ---------------

Current thread (0x00000250b6212960):  JavaThread "C2 CompilerThread0" daemon [_thread_in_native, id=16088, stack(0x000000772e000000,0x000000772e100000) (1024K)]


Current CompileTask:
C2:12414 3990       4       org.lombokweb.asm.ClassReader::readMethod (1070 bytes)

Stack: [0x000000772e000000,0x000000772e100000]
Native frames: (J=compiled Java code, j=interpreted, Vv=VM code, C=native code)
V  [jvm.dll+0x6d7a39]
V  [jvm.dll+0x8b4b26]
V  [jvm.dll+0x8b70de]
V  [jvm.dll+0x8b77c3]
V  [jvm.dll+0x284346]
V  [jvm.dll+0xc66ed]
V  [jvm.dll+0xc6c31]
V  [jvm.dll+0x3bec01]
V  [jvm.dll+0x38b162]
V  [jvm.dll+0x38a5aa]
V  [jvm.dll+0x24c560]
V  [jvm.dll+0x24bb40]
V  [jvm.dll+0x1cb34e]
V  [jvm.dll+0x25b85d]
V  [jvm.dll+0x259dea]
V  [jvm.dll+0x3f857e]
V  [jvm.dll+0x85f59d]
V  [jvm.dll+0x6d626d]
C  [ucrtbase.dll+0x37b0]
C  [KERNEL32.DLL+0x2e957]
C  [ntdll.dll+0x427c]


---------------  P R O C E S S  ---------------

Threads class SMR info:
_java_thread_list=0x00000251153135f0, length=24, elements={
0x00000250b6163fb0, 0x00000250b6204370, 0x00000250b6205b70, 0x00000250b6208120,
0x00000250b620af10, 0x00000250b620eee0, 0x00000250b620fa70, 0x00000250b6212960,
0x00000250b6218010, 0x000002510f110b20, 0x000002510f176dc0, 0x0000025114808810,
0x0000025114739ec0, 0x0000025114a2bf50, 0x0000025114a2c990, 0x0000025114bfd820,
0x0000025114bfc450, 0x0000025114fbec00, 0x0000025114dfa540, 0x0000025114dfabd0,
0x0000025114dfb260, 0x0000025114df9eb0, 0x0000025115100a40, 0x00000251150fe160
}

Java Threads: ( => current thread )
  0x00000250b6163fb0 JavaThread "main"                              [_thread_blocked, id=23968, stack(0x000000772d600000,0x000000772d700000) (1024K)]
  0x00000250b6204370 JavaThread "Reference Handler"          daemon [_thread_blocked, id=19812, stack(0x000000772da00000,0x000000772db00000) (1024K)]
  0x00000250b6205b70 JavaThread "Finalizer"                  daemon [_thread_blocked, id=13480, stack(0x000000772db00000,0x000000772dc00000) (1024K)]
  0x00000250b6208120 JavaThread "Signal Dispatcher"          daemon [_thread_blocked, id=21408, stack(0x000000772dc00000,0x000000772dd00000) (1024K)]
  0x00000250b620af10 JavaThread "Attach Listener"            daemon [_thread_blocked, id=23624, stack(0x000000772dd00000,0x000000772de00000) (1024K)]
  0x00000250b620eee0 JavaThread "Service Thread"             daemon [_thread_blocked, id=18196, stack(0x000000772de00000,0x000000772df00000) (1024K)]
  0x00000250b620fa70 JavaThread "Monitor Deflation Thread"   daemon [_thread_blocked, id=22764, stack(0x000000772df00000,0x000000772e000000) (1024K)]
=>0x00000250b6212960 JavaThread "C2 CompilerThread0"         daemon [_thread_in_native, id=16088, stack(0x000000772e000000,0x000000772e100000) (1024K)]
  0x00000250b6218010 JavaThread "C1 CompilerThread0"         daemon [_thread_in_native, id=12176, stack(0x000000772e100000,0x000000772e200000) (1024K)]
  0x000002510f110b20 JavaThread "Common-Cleaner"             daemon [_thread_blocked, id=7620, stack(0x000000772e200000,0x000000772e300000) (1024K)]
  0x000002510f176dc0 JavaThread "Notification Thread"        daemon [_thread_blocked, id=22856, stack(0x000000772e300000,0x000000772e400000) (1024K)]
  0x0000025114808810 JavaThread "Active Thread: Equinox Container: 95c3d4c4-c1f6-4617-809f-97e8e64540fe"        [_thread_blocked, id=26416, stack(0x000000772ec00000,0x000000772ed00000) (1024K)]
  0x0000025114739ec0 JavaThread "Refresh Thread: Equinox Container: 95c3d4c4-c1f6-4617-809f-97e8e64540fe" daemon [_thread_blocked, id=19928, stack(0x000000772ee00000,0x000000772ef00000) (1024K)]
  0x0000025114a2bf50 JavaThread "Framework Event Dispatcher: Equinox Container: 95c3d4c4-c1f6-4617-809f-97e8e64540fe" daemon [_thread_blocked, id=7120, stack(0x000000772ef00000,0x000000772f000000) (1024K)]
  0x0000025114a2c990 JavaThread "Start Level: Equinox Container: 95c3d4c4-c1f6-4617-809f-97e8e64540fe" daemon [_thread_in_Java, id=18400, stack(0x000000772f000000,0x000000772f100000) (1024K)]
  0x0000025114bfd820 JavaThread "Bundle File Closer"         daemon [_thread_blocked, id=21060, stack(0x000000772f300000,0x000000772f400000) (1024K)]
  0x0000025114bfc450 JavaThread "SCR Component Actor"        daemon [_thread_blocked, id=24748, stack(0x000000772e400000,0x000000772e500000) (1024K)]
  0x0000025114fbec00 JavaThread "Worker-JM"                         [_thread_blocked, id=26048, stack(0x000000772f500000,0x000000772f600000) (1024K)]
  0x0000025114dfa540 JavaThread "JNA Cleaner"                daemon [_thread_blocked, id=7328, stack(0x000000772eb00000,0x000000772ec00000) (1024K)]
  0x0000025114dfabd0 JavaThread "Worker-0"                          [_thread_blocked, id=10624, stack(0x000000772f400000,0x000000772f500000) (1024K)]
  0x0000025114dfb260 JavaThread "Worker-1: Repository registry initialization"        [_thread_in_native, id=13456, stack(0x000000772f600000,0x000000772f700000) (1024K)]
  0x0000025114df9eb0 JavaThread "Worker-2"                          [_thread_blocked, id=24780, stack(0x000000772f700000,0x000000772f800000) (1024K)]
  0x0000025115100a40 JavaThread "C2 CompilerThread1"         daemon [_thread_in_native, id=6296, stack(0x000000772f800000,0x000000772f900000) (1024K)]
  0x00000251150fe160 JavaThread "C2 CompilerThread2"         daemon [_thread_in_native, id=23972, stack(0x000000772f900000,0x000000772fa00000) (1024K)]
Total: 24

Other Threads:
  0x00000250b61ff880 VMThread "VM Thread"                           [id=12108, stack(0x000000772d900000,0x000000772da00000) (1024K)]
  0x00000250b5feca00 WatcherThread "VM Periodic Task Thread"        [id=18924, stack(0x000000772d800000,0x000000772d900000) (1024K)]
  0x00000250b6182200 WorkerThread "GC Thread#0"                     [id=22312, stack(0x000000772d700000,0x000000772d800000) (1024K)]
  0x0000025114838510 WorkerThread "GC Thread#1"                     [id=21660, stack(0x000000772e500000,0x000000772e600000) (1024K)]
  0x000002511430fe40 WorkerThread "GC Thread#2"                     [id=22684, stack(0x000000772e600000,0x000000772e700000) (1024K)]
  0x000002511438c730 WorkerThread "GC Thread#3"                     [id=23296, stack(0x000000772e700000,0x000000772e800000) (1024K)]
  0x0000025114658180 WorkerThread "GC Thread#4"                     [id=21068, stack(0x000000772e800000,0x000000772e900000) (1024K)]
  0x000002511438d280 WorkerThread "GC Thread#5"                     [id=25984, stack(0x000000772e900000,0x000000772ea00000) (1024K)]
  0x00000251145f6310 WorkerThread "GC Thread#6"                     [id=18184, stack(0x000000772ea00000,0x000000772eb00000) (1024K)]
  0x00000251145f5450 WorkerThread "GC Thread#7"                     [id=13464, stack(0x000000772ed00000,0x000000772ee00000) (1024K)]
  0x00000251145f66c0 WorkerThread "GC Thread#8"                     [id=23932, stack(0x000000772f100000,0x000000772f200000) (1024K)]
  0x00000251145f50a0 WorkerThread "GC Thread#9"                     [id=1064, stack(0x000000772f200000,0x000000772f300000) (1024K)]
Total: 12

Threads with active compile tasks:
C2 CompilerThread0  14465 3990       4       org.lombokweb.asm.ClassReader::readMethod (1070 bytes)
C1 CompilerThread0  14465 4121       3       com.sun.org.apache.xerces.internal.dom.DeferredDocumentImpl::setChunkIndex (67 bytes)
C2 CompilerThread1  14465 4091 %     4       sun.nio.fs.WindowsPathParser::normalize @ 18 (233 bytes)
C2 CompilerThread2  14465 4070   !   4       org.eclipse.osgi.internal.loader.classpath.ClasspathManager::findClassImpl (328 bytes)
Total: 4

VM state: not at safepoint (normal execution)

VM Mutex/Monitor currently owned by a thread:  ([mutex/lock_event])
[0x00007fff8061c7e0] InvokeMethodTypeTable_lock - owner thread: 0x0000000000000000
[0x00007fff8061d060] MethodCompileQueue_lock - owner thread: 0x0000000000000000

Heap address: 0x0000000080000000, size: 2048 MB, Compressed Oops mode: 32-bit

CDS archive(s) mapped at: [0x00000250cd000000-0x00000250cdba0000-0x00000250cdba0000), size 12189696, SharedBaseAddress: 0x00000250cd000000, ArchiveRelocationMode: 1.
Compressed class space mapped at: 0x00000250ce000000-0x000002510e000000, reserved size: 1073741824
Narrow klass base: 0x00000250cd000000, Narrow klass shift: 0, Narrow klass range: 0x100000000

GC Precious Log:
 CardTable entry size: 512
 CPUs: 12 total, 12 available
 Memory: 15611M
 Large Page Support: Disabled
 NUMA Support: Disabled
 Compressed Oops: Enabled (32-bit)
 Alignments: Space 512K, Generation 512K, Heap 2M
 Heap Min Capacity: 100M
 Heap Initial Capacity: 100M
 Heap Max Capacity: 2G
 Pre-touch: Disabled
 Parallel Workers: 10

Heap:
 PSYoungGen      total 24576K, used 8928K [0x00000000d5580000, 0x00000000d7380000, 0x0000000100000000)
  eden space 23040K, 32% used [0x00000000d5580000,0x00000000d5cb92f8,0x00000000d6c00000)
  from space 1536K, 99% used [0x00000000d7200000,0x00000000d737eda0,0x00000000d7380000)
  to   space 3584K, 0% used [0x00000000d6c80000,0x00000000d6c80000,0x00000000d7000000)
 ParOldGen       total 68608K, used 15171K [0x0000000080000000, 0x0000000084300000, 0x00000000d5580000)
  object space 68608K, 22% used [0x0000000080000000,0x0000000080ed0e30,0x0000000084300000)
 Metaspace       used 28900K, committed 29888K, reserved 1114112K
  class space    used 2900K, committed 3328K, reserved 1048576K

Card table byte_map: [0x00000250b5b00000,0x00000250b5f10000] _byte_map_base: 0x00000250b5700000

Marking Bits: (ParMarkBitMap*) 0x00007fff80623450
 Begin Bits: [0x00000250c8610000, 0x00000250ca610000)
 End Bits:   [0x00000250ca610000, 0x00000250cc610000)

Polling page: 0x00000250b3fc0000

Metaspace:

Usage:
  Non-class:     25.40 MB used.
      Class:      2.83 MB used.
       Both:     28.23 MB used.

Virtual space:
  Non-class space:       64.00 MB reserved,      25.94 MB ( 41%) committed,  1 nodes.
      Class space:        1.00 GB reserved,       3.25 MB ( <1%) committed,  1 nodes.
             Both:        1.06 GB reserved,      29.19 MB (  3%) committed. 

Chunk freelists:
   Non-Class:  6.03 MB
       Class:  12.61 MB
        Both:  18.64 MB

MaxMetaspaceSize: unlimited
CompressedClassSpaceSize: 1.00 GB
Initial GC threshold: 21.00 MB
Current GC threshold: 35.00 MB
CDS: on
 - commit_granule_bytes: 65536.
 - commit_granule_words: 8192.
 - virtual_space_node_default_size: 8388608.
 - enlarge_chunks_in_place: 1.
 - use_allocation_guard: 0.


Internal statistics:

num_allocs_failed_limit: 3.
num_arena_births: 840.
num_arena_deaths: 14.
num_vsnodes_births: 2.
num_vsnodes_deaths: 0.
num_space_committed: 467.
num_space_uncommitted: 0.
num_chunks_returned_to_freelist: 17.
num_chunks_taken_from_freelist: 2053.
num_chunk_merges: 9.
num_chunk_splits: 1298.
num_chunks_enlarged: 766.
num_inconsistent_stats: 0.

CodeHeap 'non-profiled nmethods': size=120000Kb used=1862Kb max_used=1862Kb free=118137Kb
 bounds [0x00000250c0e30000, 0x00000250c10a0000, 0x00000250c8360000]
CodeHeap 'profiled nmethods': size=120000Kb used=8586Kb max_used=8586Kb free=111413Kb
 bounds [0x00000250b9360000, 0x00000250b9bd0000, 0x00000250c0890000]
CodeHeap 'non-nmethods': size=5760Kb used=1335Kb max_used=1371Kb free=4425Kb
 bounds [0x00000250c0890000, 0x00000250c0b00000, 0x00000250c0e30000]
CodeCache: size=245760Kb, used=11783Kb, max_used=11819Kb, free=233975Kb
 total_blobs=4738, nmethods=4113, adapters=531, full_count=0
Compilation: enabled, stopped_count=0, restarted_count=0

Compilation events (20 events):
Event: 10.337 Thread 0x00000250b6218010 nmethod 4093% 0x00000250b9baa910 code [0x00000250b9baab80, 0x00000250b9bab9f0]
Event: 10.337 Thread 0x00000250b6218010 4094       3       java.io.File::getCanonicalPath (31 bytes)
Event: 10.338 Thread 0x00000250b6218010 nmethod 4094 0x00000250b9bac190 code [0x00000250b9bac380, 0x00000250b9bac638]
Event: 10.338 Thread 0x00000250b6218010 4095   !   3       java.io.WinNTFileSystem::canonicalize (199 bytes)
Event: 10.345 Thread 0x00000250b6218010 nmethod 4095 0x00000250b9bac790 code [0x00000250b9bacd80, 0x00000250b9bafe68]
Event: 10.348 Thread 0x00000250b6218010 4096   !   3       java.util.zip.ZipFile::close (44 bytes)
Event: 10.349 Thread 0x00000250b6218010 nmethod 4096 0x00000250b9bb0f90 code [0x00000250b9bb11a0, 0x00000250b9bb17e8]
Event: 10.350 Thread 0x00000250b6218010 4097       3       java.util.zip.ZipFile$CleanableResource::clean (10 bytes)
Event: 10.350 Thread 0x00000250b6218010 nmethod 4097 0x00000250b9bb1b90 code [0x00000250b9bb1d80, 0x00000250b9bb2180]
Event: 10.370 Thread 0x00000250b6218010 4098       3       java.net.URI::<init> (42 bytes)
Event: 10.370 Thread 0x0000025115100a40 nmethod 4071 0x00000250c0fff910 code [0x00000250c0fffbc0, 0x00000250c1000968]
Event: 10.371 Thread 0x00000250b6218010 nmethod 4098 0x00000250b9bb2310 code [0x00000250b9bb24c0, 0x00000250b9bb2670]
Event: 10.372 Thread 0x0000025115100a40 4091 %     4       sun.nio.fs.WindowsPathParser::normalize @ 18 (233 bytes)
Event: 10.375 Thread 0x00000250b6218010 4099       3       java.lang.invoke.LambdaForm$MH/0x00000250ce019c00::invoke (25 bytes)
Event: 10.375 Thread 0x00000250b6218010 nmethod 4099 0x00000250b9bb2710 code [0x00000250b9bb28e0, 0x00000250b9bb2e20]
Event: 10.383 Thread 0x00000250b6218010 4100       3       java.net.URI$Parser::checkChar (14 bytes)
Event: 10.384 Thread 0x00000250b6218010 nmethod 4100 0x00000250b9bb2f90 code [0x00000250b9bb3140, 0x00000250b9bb3298]
Event: 10.399 Thread 0x00000250b6218010 4102       3       java.lang.Thread::isVirtual (5 bytes)
Event: 11.398 Thread 0x00000250b6218010 nmethod 4102 0x00000250b9bb3390 code [0x00000250b9bb3540, 0x00000250b9bb3748]
Event: 11.408 Thread 0x00000250b6218010 4104       3       java.nio.ByteBuffer::hasArray (20 bytes)

GC Heap History (20 events):
Event: 3.191 GC heap before
{Heap before GC invocations=2 (full 0):
 PSYoungGen      total 29696K, used 28887K [0x00000000d5580000, 0x00000000d7680000, 0x0000000100000000)
  eden space 25600K, 100% used [0x00000000d5580000,0x00000000d6e80000,0x00000000d6e80000)
  from space 4096K, 80% used [0x00000000d6e80000,0x00000000d71b5e88,0x00000000d7280000)
  to   space 4096K, 0% used [0x00000000d7280000,0x00000000d7280000,0x00000000d7680000)
 ParOldGen       total 68608K, used 16K [0x0000000080000000, 0x0000000084300000, 0x00000000d5580000)
  object space 68608K, 0% used [0x0000000080000000,0x0000000080004000,0x0000000084300000)
 Metaspace       used 7977K, committed 8256K, reserved 1114112K
  class space    used 831K, committed 960K, reserved 1048576K
}
Event: 3.200 GC heap after
{Heap after GC invocations=2 (full 0):
 PSYoungGen      total 29696K, used 4070K [0x00000000d5580000, 0x00000000d7680000, 0x0000000100000000)
  eden space 25600K, 0% used [0x00000000d5580000,0x00000000d5580000,0x00000000d6e80000)
  from space 4096K, 99% used [0x00000000d7280000,0x00000000d7679800,0x00000000d7680000)
  to   space 4096K, 0% used [0x00000000d6e80000,0x00000000d6e80000,0x00000000d7280000)
 ParOldGen       total 68608K, used 2089K [0x0000000080000000, 0x0000000084300000, 0x00000000d5580000)
  object space 68608K, 3% used [0x0000000080000000,0x000000008020a6a8,0x0000000084300000)
 Metaspace       used 7977K, committed 8256K, reserved 1114112K
  class space    used 831K, committed 960K, reserved 1048576K
}
Event: 4.159 GC heap before
{Heap before GC invocations=3 (full 0):
 PSYoungGen      total 29696K, used 29670K [0x00000000d5580000, 0x00000000d7680000, 0x0000000100000000)
  eden space 25600K, 100% used [0x00000000d5580000,0x00000000d6e80000,0x00000000d6e80000)
  from space 4096K, 99% used [0x00000000d7280000,0x00000000d7679800,0x00000000d7680000)
  to   space 4096K, 0% used [0x00000000d6e80000,0x00000000d6e80000,0x00000000d7280000)
 ParOldGen       total 68608K, used 2089K [0x0000000080000000, 0x0000000084300000, 0x00000000d5580000)
  object space 68608K, 3% used [0x0000000080000000,0x000000008020a6a8,0x0000000084300000)
 Metaspace       used 9427K, committed 9728K, reserved 1114112K
  class space    used 1006K, committed 1152K, reserved 1048576K
}
Event: 4.167 GC heap after
{Heap after GC invocations=3 (full 0):
 PSYoungGen      total 29696K, used 4079K [0x00000000d5580000, 0x00000000d7680000, 0x0000000100000000)
  eden space 25600K, 0% used [0x00000000d5580000,0x00000000d5580000,0x00000000d6e80000)
  from space 4096K, 99% used [0x00000000d6e80000,0x00000000d727be30,0x00000000d7280000)
  to   space 4096K, 0% used [0x00000000d7280000,0x00000000d7280000,0x00000000d7680000)
 ParOldGen       total 68608K, used 4971K [0x0000000080000000, 0x0000000084300000, 0x00000000d5580000)
  object space 68608K, 7% used [0x0000000080000000,0x00000000804daee8,0x0000000084300000)
 Metaspace       used 9427K, committed 9728K, reserved 1114112K
  class space    used 1006K, committed 1152K, reserved 1048576K
}
Event: 6.614 GC heap before
{Heap before GC invocations=4 (full 0):
 PSYoungGen      total 29696K, used 29679K [0x00000000d5580000, 0x00000000d7680000, 0x0000000100000000)
  eden space 25600K, 100% used [0x00000000d5580000,0x00000000d6e80000,0x00000000d6e80000)
  from space 4096K, 99% used [0x00000000d6e80000,0x00000000d727be30,0x00000000d7280000)
  to   space 4096K, 0% used [0x00000000d7280000,0x00000000d7280000,0x00000000d7680000)
 ParOldGen       total 68608K, used 4971K [0x0000000080000000, 0x0000000084300000, 0x00000000d5580000)
  object space 68608K, 7% used [0x0000000080000000,0x00000000804daee8,0x0000000084300000)
 Metaspace       used 11580K, committed 11968K, reserved 1114112K
  class space    used 1220K, committed 1408K, reserved 1048576K
}
Event: 6.621 GC heap after
{Heap after GC invocations=4 (full 0):
 PSYoungGen      total 29696K, used 4081K [0x00000000d5580000, 0x00000000d7680000, 0x0000000100000000)
  eden space 25600K, 0% used [0x00000000d5580000,0x00000000d5580000,0x00000000d6e80000)
  from space 4096K, 99% used [0x00000000d7280000,0x00000000d767c4b0,0x00000000d7680000)
  to   space 4096K, 0% used [0x00000000d6e80000,0x00000000d6e80000,0x00000000d7280000)
 ParOldGen       total 68608K, used 6877K [0x0000000080000000, 0x0000000084300000, 0x00000000d5580000)
  object space 68608K, 10% used [0x0000000080000000,0x00000000806b74c0,0x0000000084300000)
 Metaspace       used 11580K, committed 11968K, reserved 1114112K
  class space    used 1220K, committed 1408K, reserved 1048576K
}
Event: 7.426 GC heap before
{Heap before GC invocations=5 (full 0):
 PSYoungGen      total 29696K, used 29681K [0x00000000d5580000, 0x00000000d7680000, 0x0000000100000000)
  eden space 25600K, 100% used [0x00000000d5580000,0x00000000d6e80000,0x00000000d6e80000)
  from space 4096K, 99% used [0x00000000d7280000,0x00000000d767c4b0,0x00000000d7680000)
  to   space 4096K, 0% used [0x00000000d6e80000,0x00000000d6e80000,0x00000000d7280000)
 ParOldGen       total 68608K, used 6877K [0x0000000080000000, 0x0000000084300000, 0x00000000d5580000)
  object space 68608K, 10% used [0x0000000080000000,0x00000000806b74c0,0x0000000084300000)
 Metaspace       used 15514K, committed 16128K, reserved 1114112K
  class space    used 1614K, committed 1856K, reserved 1048576K
}
Event: 7.433 GC heap after
{Heap after GC invocations=5 (full 0):
 PSYoungGen      total 29184K, used 4070K [0x00000000d5580000, 0x00000000d7900000, 0x0000000100000000)
  eden space 25088K, 0% used [0x00000000d5580000,0x00000000d5580000,0x00000000d6e00000)
  from space 4096K, 99% used [0x00000000d6e80000,0x00000000d7279bb8,0x00000000d7280000)
  to   space 5632K, 0% used [0x00000000d7380000,0x00000000d7380000,0x00000000d7900000)
 ParOldGen       total 68608K, used 7885K [0x0000000080000000, 0x0000000084300000, 0x00000000d5580000)
  object space 68608K, 11% used [0x0000000080000000,0x00000000807b34c0,0x0000000084300000)
 Metaspace       used 15514K, committed 16128K, reserved 1114112K
  class space    used 1614K, committed 1856K, reserved 1048576K
}
Event: 8.373 GC heap before
{Heap before GC invocations=6 (full 0):
 PSYoungGen      total 29184K, used 29158K [0x00000000d5580000, 0x00000000d7900000, 0x0000000100000000)
  eden space 25088K, 100% used [0x00000000d5580000,0x00000000d6e00000,0x00000000d6e00000)
  from space 4096K, 99% used [0x00000000d6e80000,0x00000000d7279bb8,0x00000000d7280000)
  to   space 5632K, 0% used [0x00000000d7380000,0x00000000d7380000,0x00000000d7900000)
 ParOldGen       total 68608K, used 7885K [0x0000000080000000, 0x0000000084300000, 0x00000000d5580000)
  object space 68608K, 11% used [0x0000000080000000,0x00000000807b34c0,0x0000000084300000)
 Metaspace       used 18634K, committed 19328K, reserved 1114112K
  class space    used 1964K, committed 2240K, reserved 1048576K
}
Event: 8.378 GC heap after
{Heap after GC invocations=6 (full 0):
 PSYoungGen      total 29696K, used 4789K [0x00000000d5580000, 0x00000000d7880000, 0x0000000100000000)
  eden space 24576K, 0% used [0x00000000d5580000,0x00000000d5580000,0x00000000d6d80000)
  from space 5120K, 93% used [0x00000000d7380000,0x00000000d782d628,0x00000000d7880000)
  to   space 5120K, 0% used [0x00000000d6e80000,0x00000000d6e80000,0x00000000d7380000)
 ParOldGen       total 68608K, used 7893K [0x0000000080000000, 0x0000000084300000, 0x00000000d5580000)
  object space 68608K, 11% used [0x0000000080000000,0x00000000807b54c0,0x0000000084300000)
 Metaspace       used 18634K, committed 19328K, reserved 1114112K
  class space    used 1964K, committed 2240K, reserved 1048576K
}
Event: 8.848 GC heap before
{Heap before GC invocations=7 (full 0):
 PSYoungGen      total 29696K, used 24512K [0x00000000d5580000, 0x00000000d7880000, 0x0000000100000000)
  eden space 24576K, 80% used [0x00000000d5580000,0x00000000d68c2a00,0x00000000d6d80000)
  from space 5120K, 93% used [0x00000000d7380000,0x00000000d782d628,0x00000000d7880000)
  to   space 5120K, 0% used [0x00000000d6e80000,0x00000000d6e80000,0x00000000d7380000)
 ParOldGen       total 68608K, used 7893K [0x0000000080000000, 0x0000000084300000, 0x00000000d5580000)
  object space 68608K, 11% used [0x0000000080000000,0x00000000807b54c0,0x0000000084300000)
 Metaspace       used 20605K, committed 21504K, reserved 1114112K
  class space    used 2210K, committed 2624K, reserved 1048576K
}
Event: 8.854 GC heap after
{Heap after GC invocations=7 (full 0):
 PSYoungGen      total 29184K, used 4571K [0x00000000d5580000, 0x00000000d7780000, 0x0000000100000000)
  eden space 24576K, 0% used [0x00000000d5580000,0x00000000d5580000,0x00000000d6d80000)
  from space 4608K, 99% used [0x00000000d6e80000,0x00000000d72f6f80,0x00000000d7300000)
  to   space 4608K, 0% used [0x00000000d7300000,0x00000000d7300000,0x00000000d7780000)
 ParOldGen       total 68608K, used 9453K [0x0000000080000000, 0x0000000084300000, 0x00000000d5580000)
  object space 68608K, 13% used [0x0000000080000000,0x000000008093b4b8,0x0000000084300000)
 Metaspace       used 20605K, committed 21504K, reserved 1114112K
  class space    used 2210K, committed 2624K, reserved 1048576K
}
Event: 8.854 GC heap before
{Heap before GC invocations=8 (full 1):
 PSYoungGen      total 29184K, used 4571K [0x00000000d5580000, 0x00000000d7780000, 0x0000000100000000)
  eden space 24576K, 0% used [0x00000000d5580000,0x00000000d5580000,0x00000000d6d80000)
  from space 4608K, 99% used [0x00000000d6e80000,0x00000000d72f6f80,0x00000000d7300000)
  to   space 4608K, 0% used [0x00000000d7300000,0x00000000d7300000,0x00000000d7780000)
 ParOldGen       total 68608K, used 9453K [0x0000000080000000, 0x0000000084300000, 0x00000000d5580000)
  object space 68608K, 13% used [0x0000000080000000,0x000000008093b4b8,0x0000000084300000)
 Metaspace       used 20605K, committed 21504K, reserved 1114112K
  class space    used 2210K, committed 2624K, reserved 1048576K
}
Event: 8.902 GC heap after
{Heap after GC invocations=8 (full 1):
 PSYoungGen      total 29184K, used 0K [0x00000000d5580000, 0x00000000d7780000, 0x0000000100000000)
  eden space 24576K, 0% used [0x00000000d5580000,0x00000000d5580000,0x00000000d6d80000)
  from space 4608K, 0% used [0x00000000d6e80000,0x00000000d6e80000,0x00000000d7300000)
  to   space 4608K, 0% used [0x00000000d7300000,0x00000000d7300000,0x00000000d7780000)
 ParOldGen       total 68608K, used 13460K [0x0000000080000000, 0x0000000084300000, 0x00000000d5580000)
  object space 68608K, 19% used [0x0000000080000000,0x0000000080d25138,0x0000000084300000)
 Metaspace       used 20592K, committed 21504K, reserved 1114112K
  class space    used 2207K, committed 2624K, reserved 1048576K
}
Event: 9.264 GC heap before
{Heap before GC invocations=9 (full 1):
 PSYoungGen      total 29184K, used 24576K [0x00000000d5580000, 0x00000000d7780000, 0x0000000100000000)
  eden space 24576K, 100% used [0x00000000d5580000,0x00000000d6d80000,0x00000000d6d80000)
  from space 4608K, 0% used [0x00000000d6e80000,0x00000000d6e80000,0x00000000d7300000)
  to   space 4608K, 0% used [0x00000000d7300000,0x00000000d7300000,0x00000000d7780000)
 ParOldGen       total 68608K, used 13460K [0x0000000080000000, 0x0000000084300000, 0x00000000d5580000)
  object space 68608K, 19% used [0x0000000080000000,0x0000000080d25138,0x0000000084300000)
 Metaspace       used 22755K, committed 23680K, reserved 1114112K
  class space    used 2387K, committed 2752K, reserved 1048576K
}
Event: 9.267 GC heap after
{Heap after GC invocations=9 (full 1):
 PSYoungGen      total 25600K, used 1058K [0x00000000d5580000, 0x00000000d7480000, 0x0000000100000000)
  eden space 24064K, 0% used [0x00000000d5580000,0x00000000d5580000,0x00000000d6d00000)
  from space 1536K, 68% used [0x00000000d7300000,0x00000000d7408a08,0x00000000d7480000)
  to   space 2560K, 0% used [0x00000000d6f80000,0x00000000d6f80000,0x00000000d7200000)
 ParOldGen       total 68608K, used 13468K [0x0000000080000000, 0x0000000084300000, 0x00000000d5580000)
  object space 68608K, 19% used [0x0000000080000000,0x0000000080d27138,0x0000000084300000)
 Metaspace       used 22755K, committed 23680K, reserved 1114112K
  class space    used 2387K, committed 2752K, reserved 1048576K
}
Event: 9.908 GC heap before
{Heap before GC invocations=10 (full 1):
 PSYoungGen      total 25600K, used 25122K [0x00000000d5580000, 0x00000000d7480000, 0x0000000100000000)
  eden space 24064K, 100% used [0x00000000d5580000,0x00000000d6d00000,0x00000000d6d00000)
  from space 1536K, 68% used [0x00000000d7300000,0x00000000d7408a08,0x00000000d7480000)
  to   space 2560K, 0% used [0x00000000d6f80000,0x00000000d6f80000,0x00000000d7200000)
 ParOldGen       total 68608K, used 13468K [0x0000000080000000, 0x0000000084300000, 0x00000000d5580000)
  object space 68608K, 19% used [0x0000000080000000,0x0000000080d27138,0x0000000084300000)
 Metaspace       used 26425K, committed 27392K, reserved 1114112K
  class space    used 2656K, committed 3072K, reserved 1048576K
}
Event: 9.911 GC heap after
{Heap after GC invocations=10 (full 1):
 PSYoungGen      total 26112K, used 1313K [0x00000000d5580000, 0x00000000d7380000, 0x0000000100000000)
  eden space 23552K, 0% used [0x00000000d5580000,0x00000000d5580000,0x00000000d6c80000)
  from space 2560K, 51% used [0x00000000d6f80000,0x00000000d70c8430,0x00000000d7200000)
  to   space 1536K, 0% used [0x00000000d7200000,0x00000000d7200000,0x00000000d7380000)
 ParOldGen       total 68608K, used 13476K [0x0000000080000000, 0x0000000084300000, 0x00000000d5580000)
  object space 68608K, 19% used [0x0000000080000000,0x0000000080d29138,0x0000000084300000)
 Metaspace       used 26425K, committed 27392K, reserved 1114112K
  class space    used 2656K, committed 3072K, reserved 1048576K
}
Event: 10.316 GC heap before
{Heap before GC invocations=11 (full 1):
 PSYoungGen      total 26112K, used 24865K [0x00000000d5580000, 0x00000000d7380000, 0x0000000100000000)
  eden space 23552K, 100% used [0x00000000d5580000,0x00000000d6c80000,0x00000000d6c80000)
  from space 2560K, 51% used [0x00000000d6f80000,0x00000000d70c8430,0x00000000d7200000)
  to   space 1536K, 0% used [0x00000000d7200000,0x00000000d7200000,0x00000000d7380000)
 ParOldGen       total 68608K, used 13476K [0x0000000080000000, 0x0000000084300000, 0x00000000d5580000)
  object space 68608K, 19% used [0x0000000080000000,0x0000000080d29138,0x0000000084300000)
 Metaspace       used 27829K, committed 28736K, reserved 1114112K
  class space    used 2783K, committed 3200K, reserved 1048576K
}
Event: 10.319 GC heap after
{Heap after GC invocations=11 (full 1):
 PSYoungGen      total 24576K, used 1531K [0x00000000d5580000, 0x00000000d7380000, 0x0000000100000000)
  eden space 23040K, 0% used [0x00000000d5580000,0x00000000d5580000,0x00000000d6c00000)
  from space 1536K, 99% used [0x00000000d7200000,0x00000000d737eda0,0x00000000d7380000)
  to   space 3584K, 0% used [0x00000000d6c80000,0x00000000d6c80000,0x00000000d7000000)
 ParOldGen       total 68608K, used 15171K [0x0000000080000000, 0x0000000084300000, 0x00000000d5580000)
  object space 68608K, 22% used [0x0000000080000000,0x0000000080ed0e30,0x0000000084300000)
 Metaspace       used 27829K, committed 28736K, reserved 1114112K
  class space    used 2783K, committed 3200K, reserved 1048576K
}

Dll operation events (10 events):
Event: 0.029 Loaded shared library c:\Users\TUF\.vscode\extensions\redhat.java-1.54.0-win32-x64\jre\21.0.10-win32-x86_64\bin\java.dll
Event: 0.183 Loaded shared library c:\Users\TUF\.vscode\extensions\redhat.java-1.54.0-win32-x64\jre\21.0.10-win32-x86_64\bin\zip.dll
Event: 0.226 Loaded shared library C:\Users\TUF\.vscode\extensions\redhat.java-1.54.0-win32-x64\jre\21.0.10-win32-x86_64\bin\instrument.dll
Event: 0.237 Loaded shared library C:\Users\TUF\.vscode\extensions\redhat.java-1.54.0-win32-x64\jre\21.0.10-win32-x86_64\bin\net.dll
Event: 0.243 Loaded shared library C:\Users\TUF\.vscode\extensions\redhat.java-1.54.0-win32-x64\jre\21.0.10-win32-x86_64\bin\nio.dll
Event: 0.254 Loaded shared library C:\Users\TUF\.vscode\extensions\redhat.java-1.54.0-win32-x64\jre\21.0.10-win32-x86_64\bin\zip.dll
Event: 0.297 Loaded shared library C:\Users\TUF\.vscode\extensions\redhat.java-1.54.0-win32-x64\jre\21.0.10-win32-x86_64\bin\jimage.dll
Event: 0.479 Loaded shared library c:\Users\TUF\.vscode\extensions\redhat.java-1.54.0-win32-x64\jre\21.0.10-win32-x86_64\bin\verify.dll
Event: 3.266 Loaded shared library C:\Users\TUF\AppData\Roaming\Code\User\globalStorage\redhat.java\1.54.0\config_win\org.eclipse.equinox.launcher\org.eclipse.equinox.launcher.win32.win32.x86_64_1.3.0.v20260203-2149\eclipse_11919.dll
Event: 7.771 Loaded shared library C:\Users\TUF\AppData\Local\Temp\jna-83429\jna12922519604300146405.dll

Deoptimization events (20 events):
Event: 10.092 Thread 0x0000025114dfb260 Uncommon trap: trap_request=0xffffffde fr.pc=0x00000250c0fed4b8 relative=0x00000000000000f8
Event: 10.092 Thread 0x0000025114dfb260 Uncommon trap: reason=class_check action=maybe_recompile pc=0x00000250c0fed4b8 method=java.lang.Character.codePointAt(Ljava/lang/CharSequence;I)I @ 2 c2
Event: 10.092 Thread 0x0000025114dfb260 DEOPT PACKING pc=0x00000250c0fed4b8 sp=0x000000772f6fe9f0
Event: 10.092 Thread 0x0000025114dfb260 DEOPT UNPACKING pc=0x00000250c08e3aa2 sp=0x000000772f6fe978 mode 2
Event: 10.092 Thread 0x0000025114dfb260 Uncommon trap: trap_request=0xffffffde fr.pc=0x00000250c0fed4b8 relative=0x00000000000000f8
Event: 10.092 Thread 0x0000025114dfb260 Uncommon trap: reason=class_check action=maybe_recompile pc=0x00000250c0fed4b8 method=java.lang.Character.codePointAt(Ljava/lang/CharSequence;I)I @ 2 c2
Event: 10.092 Thread 0x0000025114dfb260 DEOPT PACKING pc=0x00000250c0fed4b8 sp=0x000000772f6fe9f0
Event: 10.093 Thread 0x0000025114dfb260 DEOPT UNPACKING pc=0x00000250c08e3aa2 sp=0x000000772f6fe978 mode 2
Event: 10.093 Thread 0x0000025114dfb260 Uncommon trap: trap_request=0xffffff76 fr.pc=0x00000250c0fbe900 relative=0x0000000000000380
Event: 10.093 Thread 0x0000025114dfb260 Uncommon trap: reason=predicate action=maybe_recompile pc=0x00000250c0fbe900 method=java.util.regex.Pattern$BmpCharPropertyGreedy.match(Ljava/util/regex/Matcher;ILjava/lang/CharSequence;)Z @ 12 c2
Event: 10.093 Thread 0x0000025114dfb260 DEOPT PACKING pc=0x00000250c0fbe900 sp=0x000000772f6fe930
Event: 10.093 Thread 0x0000025114dfb260 DEOPT UNPACKING pc=0x00000250c08e3aa2 sp=0x000000772f6fe8d8 mode 2
Event: 10.121 Thread 0x0000025114dfb260 Uncommon trap: trap_request=0xffffffde fr.pc=0x00000250c0ea8d34 relative=0x00000000000005f4
Event: 10.122 Thread 0x0000025114dfb260 Uncommon trap: reason=class_check action=maybe_recompile pc=0x00000250c0ea8d34 method=java.io.BufferedInputStream.implRead([BII)I @ 100 c2
Event: 10.123 Thread 0x0000025114dfb260 DEOPT PACKING pc=0x00000250c0ea8d34 sp=0x000000772f6fe630
Event: 10.123 Thread 0x0000025114dfb260 DEOPT UNPACKING pc=0x00000250c08e3aa2 sp=0x000000772f6fe608 mode 2
Event: 10.127 Thread 0x0000025114dfb260 Uncommon trap: trap_request=0xffffffde fr.pc=0x00000250c0ea8d34 relative=0x00000000000005f4
Event: 10.127 Thread 0x0000025114dfb260 Uncommon trap: reason=class_check action=maybe_recompile pc=0x00000250c0ea8d34 method=java.io.BufferedInputStream.implRead([BII)I @ 100 c2
Event: 10.127 Thread 0x0000025114dfb260 DEOPT PACKING pc=0x00000250c0ea8d34 sp=0x000000772f6fe6c0
Event: 10.127 Thread 0x0000025114dfb260 DEOPT UNPACKING pc=0x00000250c08e3aa2 sp=0x000000772f6fe698 mode 2

Classes loaded (20 events):
Event: 9.110 Loading class java/net/ProtocolException
Event: 9.110 Loading class java/net/ProtocolException done
Event: 9.140 Loading class java/lang/ThreadLocal$SuppliedThreadLocal
Event: 9.140 Loading class java/lang/ThreadLocal$SuppliedThreadLocal done
Event: 9.229 Loading class java/io/FileWriter
Event: 9.230 Loading class java/io/FileWriter done
Event: 9.238 Loading class java/lang/NegativeArraySizeException
Event: 9.238 Loading class java/lang/NegativeArraySizeException done
Event: 10.019 Loading class org/w3c/dom/DOMException
Event: 10.019 Loading class org/w3c/dom/DOMException done
Event: 10.092 Loading class java/io/FileReader
Event: 10.092 Loading class java/io/FileReader done
Event: 10.220 Loading class java/util/concurrent/atomic/AtomicReferenceFieldUpdater
Event: 10.220 Loading class java/util/concurrent/atomic/AtomicReferenceFieldUpdater done
Event: 10.220 Loading class java/util/concurrent/atomic/AtomicReferenceFieldUpdater$AtomicReferenceFieldUpdaterImpl
Event: 10.221 Loading class java/util/concurrent/atomic/AtomicReferenceFieldUpdater$AtomicReferenceFieldUpdaterImpl done
Event: 10.221 Loading class java/util/concurrent/atomic/AtomicReferenceFieldUpdater$AtomicReferenceFieldUpdaterImpl$1
Event: 10.221 Loading class java/util/concurrent/atomic/AtomicReferenceFieldUpdater$AtomicReferenceFieldUpdaterImpl$1 done
Event: 10.336 Loading class java/io/FilterReader
Event: 10.337 Loading class java/io/FilterReader done

Classes unloaded (7 events):
Event: 8.860 Thread 0x00000250b61ff880 Unloading class 0x00000250ce1acc00 'java/lang/invoke/LambdaForm$MH+0x00000250ce1acc00'
Event: 8.860 Thread 0x00000250b61ff880 Unloading class 0x00000250ce1ac800 'java/lang/invoke/LambdaForm$MH+0x00000250ce1ac800'
Event: 8.860 Thread 0x00000250b61ff880 Unloading class 0x00000250ce1ac400 'java/lang/invoke/LambdaForm$MH+0x00000250ce1ac400'
Event: 8.860 Thread 0x00000250b61ff880 Unloading class 0x00000250ce1ac000 'java/lang/invoke/LambdaForm$MH+0x00000250ce1ac000'
Event: 8.860 Thread 0x00000250b61ff880 Unloading class 0x00000250ce1abc00 'java/lang/invoke/LambdaForm$BMH+0x00000250ce1abc00'
Event: 8.860 Thread 0x00000250b61ff880 Unloading class 0x00000250ce1ab800 'java/lang/invoke/LambdaForm$DMH+0x00000250ce1ab800'
Event: 8.860 Thread 0x00000250b61ff880 Unloading class 0x00000250ce1aa400 'java/lang/invoke/LambdaForm$DMH+0x00000250ce1aa400'

Classes redefined (0 events):
No events

Internal exceptions (20 events):
Event: 8.722 Thread 0x0000025114a2c990 Exception <a 'java/lang/NoSuchMethodError'{0x00000000d65f9b10}: 'int java.lang.invoke.DirectMethodHandle$Holder.invokeStaticInit(java.lang.Object, long, long)'> (0x00000000d65f9b10) 
thrown [s\src\hotspot\share\interpreter\linkResolver.cpp, line 773]
Event: 8.723 Thread 0x0000025114a2c990 Exception <a 'java/lang/NoSuchMethodError'{0x00000000d66014c8}: 'int java.lang.invoke.DirectMethodHandle$Holder.invokeStaticInit(java.lang.Object, float, float)'> (0x00000000d66014c8) 
thrown [s\src\hotspot\share\interpreter\linkResolver.cpp, line 773]
Event: 8.724 Thread 0x0000025114a2c990 Exception <a 'java/lang/NoSuchMethodError'{0x00000000d6608e78}: 'int java.lang.invoke.DirectMethodHandle$Holder.invokeStaticInit(java.lang.Object, double, double)'> (0x00000000d6608e78) 
thrown [s\src\hotspot\share\interpreter\linkResolver.cpp, line 773]
Event: 8.724 Thread 0x0000025114a2c990 Exception <a 'java/lang/NoSuchMethodError'{0x00000000d660e290}: 'int java.lang.invoke.DirectMethodHandle$Holder.invokeStatic(java.lang.Object, long)'> (0x00000000d660e290) 
thrown [s\src\hotspot\share\interpreter\linkResolver.cpp, line 773]
Event: 8.733 Thread 0x0000025114a2c990 Exception <a 'java/lang/NoSuchMethodError'{0x00000000d662d020}: 'int java.lang.invoke.Invokers$Holder.linkToTargetMethod(java.lang.Object, java.lang.Object)'> (0x00000000d662d020) 
thrown [s\src\hotspot\share\interpreter\linkResolver.cpp, line 773]
Event: 8.796 Thread 0x0000025114a2c990 Exception <a 'java/lang/NoSuchMethodError'{0x00000000d6719818}: 'java.lang.Object java.lang.invoke.Invokers$Holder.invoke_MT(java.lang.Object, java.lang.Object, java.lang.Object, java.lang.Object, java.lang.Object, java.lang.Object, java.lang.Object, java.lang.Object, java.lang.Object, java.lang.Object, java.lang.Object)'> (0x00000000d6719818) 
thrown [s\src\hotspot\share\interpreter\linkResolver.cpp, line 773]
Event: 8.814 Thread 0x0000025114a2c990 Exception <a 'java/lang/NoSuchMethodError'{0x00000000d67a5ca0}: 'java.lang.Object java.lang.invoke.Invokers$Holder.invoke_MT(java.lang.Object, java.lang.Object, java.lang.Object, java.lang.Object, java.lang.Object, java.lang.Object, java.lang.Object, java.lang.Object, java.lang.Object, java.lang.Object)'> (0x00000000d67a5ca0) 
thrown [s\src\hotspot\share\interpreter\linkResolver.cpp, line 773]
Event: 8.839 Thread 0x0000025114a2c990 Exception <a 'java/lang/NoSuchMethodError'{0x00000000d684e368}: 'java.lang.Object java.lang.invoke.DirectMethodHandle$Holder.newInvokeSpecial(java.lang.Object, java.lang.Object, java.lang.Object, java.lang.Object, java.lang.Object, java.lang.Object, java.lang.Object)'> (0x00000000d684e368) 
thrown [s\src\hotspot\share\interpreter\linkResolver.cpp, line 773]
Event: 8.907 Thread 0x0000025114a2c990 Exception <a 'java/lang/NoSuchMethodError'{0x00000000d559f4d0}: 'java.lang.Object java.lang.invoke.Invokers$Holder.invoker(java.lang.Object, java.lang.Object, java.lang.Object, java.lang.Object, java.lang.Object, java.lang.Object, java.lang.Object, java.lang.Object, java.lang.Object, java.lang.Object, java.lang.Object, java.lang.Object, java.lang.Object)'> (0x00000000d559f4d0) 
thrown [s\src\hotspot\share\interpreter\linkResolver.cpp, line 773]
Event: 8.909 Thread 0x0000025114a2c990 Exception <a 'java/lang/NoSuchMethodError'{0x00000000d55a9968}: 'java.lang.Object java.lang.invoke.DelegatingMethodHandle$Holder.delegate(java.lang.Object, java.lang.Object, java.lang.Object, java.lang.Object, java.lang.Object, java.lang.Object, java.lang.Object, java.lang.Object, java.lang.Object, java.lang.Object, java.lang.Object, java.lang.Object, java.lang.Object)'> (0x00000000d55a9968) 
thrown [s\src\hotspot\share\interpreter\linkResolver.cpp, line 773]
Event: 8.920 Thread 0x0000025114a2c990 Exception <a 'java/lang/NoSuchMethodError'{0x00000000d5628378}: static Lorg/eclipse/m2e/core/internal/lifecyclemapping/model/PluginExecutionMetadata;.<clinit>()V> (0x00000000d5628378) 
thrown [s\src\hotspot\share\prims\jni.cpp, line 1111]
Event: 8.929 Thread 0x0000025114a2c990 Exception <a 'java/lang/NoSuchMethodError'{0x00000000d56885c0}: static Lorg/eclipse/m2e/core/internal/lifecyclemapping/model/PluginExecutionFilter;.<clinit>()V> (0x00000000d56885c0) 
thrown [s\src\hotspot\share\prims\jni.cpp, line 1111]
Event: 8.935 Thread 0x0000025114a2c990 Exception <a 'java/lang/NoSuchMethodError'{0x00000000d56b7fe8}: static Lorg/eclipse/m2e/core/internal/project/registry/MavenProjectFacade$MavenProjectConfiguration;.<clinit>()V> (0x00000000d56b7fe8) 
thrown [s\src\hotspot\share\prims\jni.cpp, line 1111]
Event: 9.051 Thread 0x0000025114a2c990 Exception <a 'java/lang/NoSuchMethodError'{0x00000000d5c40cb8}: 'double java.lang.invoke.DirectMethodHandle$Holder.invokeStatic(java.lang.Object, java.lang.Object)'> (0x00000000d5c40cb8) 
thrown [s\src\hotspot\share\interpreter\linkResolver.cpp, line 773]
Event: 9.052 Thread 0x0000025114a2c990 Exception <a 'java/lang/NoSuchMethodError'{0x00000000d5c44378}: 'double java.lang.invoke.DirectMethodHandle$Holder.invokeStaticInit(java.lang.Object, java.lang.Object)'> (0x00000000d5c44378) 
thrown [s\src\hotspot\share\interpreter\linkResolver.cpp, line 773]
Event: 9.722 Thread 0x0000025114a2c990 Implicit null exception at 0x00000250c0ff2c75 to 0x00000250c0ff2d50
Event: 9.991 Thread 0x0000025114a2c990 Exception <a 'java/lang/NoSuchMethodError'{0x00000000d61e22a0}: 'java.lang.Object java.lang.invoke.DirectMethodHandle$Holder.newInvokeSpecial(java.lang.Object, int, java.lang.Object, java.lang.Object)'> (0x00000000d61e22a0) 
thrown [s\src\hotspot\share\interpreter\linkResolver.cpp, line 773]
Event: 9.995 Thread 0x0000025114a2c990 Exception <a 'java/io/FileNotFoundException'{0x00000000d61f8130}> (0x00000000d61f8130) 
thrown [s\src\hotspot\share\prims\jni.cpp, line 520]
Event: 9.995 Thread 0x0000025114a2c990 Exception <a 'java/io/FileNotFoundException'{0x00000000d61f9118}> (0x00000000d61f9118) 
thrown [s\src\hotspot\share\prims\jni.cpp, line 520]
Event: 10.175 Thread 0x0000025114dfb260 Exception <a 'java/lang/NoSuchMethodError'{0x00000000d661d878}: 'java.lang.Object java.lang.invoke.DirectMethodHandle$Holder.invokeSpecialIFC(java.lang.Object, java.lang.Object, java.lang.Object, java.lang.Object)'> (0x00000000d661d878) 
thrown [s\src\hotspot\share\interpreter\linkResolver.cpp, line 773]

ZGC Phase Switch (0 events):
No events

VM Operations (20 events):
Event: 8.236 Executing safepoint VM operation: ICBufferFull
Event: 8.236 Executing safepoint VM operation: ICBufferFull done
Event: 8.373 Executing safepoint VM operation: ParallelGCFailedAllocation (Allocation Failure)
Event: 8.378 Executing safepoint VM operation: ParallelGCFailedAllocation (Allocation Failure) done
Event: 8.682 Executing non-safepoint VM operation: HandshakeAllThreads (Deoptimize)
Event: 8.682 Executing non-safepoint VM operation: HandshakeAllThreads (Deoptimize) done
Event: 8.848 Executing safepoint VM operation: CollectForMetadataAllocation (Metadata GC Threshold)
Event: 8.902 Executing safepoint VM operation: CollectForMetadataAllocation (Metadata GC Threshold) done
Event: 9.264 Executing safepoint VM operation: ParallelGCFailedAllocation (Allocation Failure)
Event: 9.267 Executing safepoint VM operation: ParallelGCFailedAllocation (Allocation Failure) done
Event: 9.908 Executing safepoint VM operation: ParallelGCFailedAllocation (Allocation Failure)
Event: 9.911 Executing safepoint VM operation: ParallelGCFailedAllocation (Allocation Failure) done
Event: 10.073 Executing non-safepoint VM operation: HandshakeAllThreads (Deoptimize)
Event: 10.073 Executing non-safepoint VM operation: HandshakeAllThreads (Deoptimize) done
Event: 10.316 Executing safepoint VM operation: ParallelGCFailedAllocation (Allocation Failure)
Event: 10.319 Executing safepoint VM operation: ParallelGCFailedAllocation (Allocation Failure) done
Event: 11.320 Executing safepoint VM operation: Cleanup
Event: 11.397 Executing safepoint VM operation: Cleanup done
Event: 12.405 Executing safepoint VM operation: Cleanup
Event: 12.405 Executing safepoint VM operation: Cleanup done

Memory protections (0 events):
No events

Nmethod flushes (0 events):
No events

Events (20 events):
Event: 3.862 Thread 0x00000250b6218010 Thread added: 0x00000251149b5460
Event: 4.260 Thread 0x0000025114a2c990 Thread added: 0x0000025114bfd820
Event: 4.892 Thread 0x00000251149b7670 Thread exited: 0x00000251149b7670
Event: 4.892 Thread 0x00000251149b5460 Thread exited: 0x00000251149b5460
Event: 6.581 Thread 0x0000025114a2c990 Thread added: 0x0000025114bfc450
Event: 6.708 Thread 0x00000250b6218010 Thread added: 0x00000251150fe830
Event: 6.708 Thread 0x00000250b6218010 Thread added: 0x00000251150fe160
Event: 7.086 Thread 0x0000025114a2c990 Thread added: 0x0000025114fbec00
Event: 7.634 Thread 0x00000251150fe160 Thread exited: 0x00000251150fe160
Event: 7.638 Thread 0x00000251150fe830 Thread exited: 0x00000251150fe830
Event: 7.815 Thread 0x0000025114a2c990 Thread added: 0x0000025114dfa540
Event: 7.869 Thread 0x0000025114a2c990 Thread added: 0x0000025114dfabd0
Event: 7.900 Thread 0x0000025114a2c990 Thread added: 0x0000025114dfb260
Event: 8.053 Thread 0x00000250b6218010 Thread added: 0x00000251150fe160
Event: 8.690 Thread 0x00000251150fe160 Thread exited: 0x00000251150fe160
Event: 8.817 Thread 0x00000250b6218010 Thread added: 0x00000251150fe160
Event: 9.464 Thread 0x00000251150fe160 Thread exited: 0x00000251150fe160
Event: 10.056 Thread 0x0000025114dfb260 Thread added: 0x0000025114df9eb0
Event: 10.093 Thread 0x00000250b6218010 Thread added: 0x0000025115100a40
Event: 10.112 Thread 0x0000025115100a40 Thread added: 0x00000251150fe160


Dynamic libraries:
0x00007ff777d80000 - 0x00007ff777d8e000 	c:\Users\TUF\.vscode\extensions\redhat.java-1.54.0-win32-x64\jre\21.0.10-win32-x86_64\bin\java.exe
0x00007ff848000000 - 0x00007ff848267000 	C:\WINDOWS\SYSTEM32\ntdll.dll
0x00007ff846860000 - 0x00007ff846929000 	C:\WINDOWS\System32\KERNEL32.DLL
0x00007ff844c40000 - 0x00007ff845037000 	C:\WINDOWS\System32\KERNELBASE.dll
0x00007ff844af0000 - 0x00007ff844c3b000 	C:\WINDOWS\System32\ucrtbase.dll
0x00007ff835d00000 - 0x00007ff835d18000 	c:\Users\TUF\.vscode\extensions\redhat.java-1.54.0-win32-x64\jre\21.0.10-win32-x86_64\bin\jli.dll
0x00007ff846d20000 - 0x00007ff846ee6000 	C:\WINDOWS\System32\USER32.dll
0x00007ff844a30000 - 0x00007ff844a57000 	C:\WINDOWS\System32\win32u.dll
0x00007ff847650000 - 0x00007ff84767b000 	C:\WINDOWS\System32\GDI32.dll
0x00007ff845c50000 - 0x00007ff845d7c000 	C:\WINDOWS\System32\gdi32full.dll
0x00007ff845040000 - 0x00007ff8450e3000 	C:\WINDOWS\System32\msvcp_win.dll
0x00007ff82cd60000 - 0x00007ff82cd7e000 	c:\Users\TUF\.vscode\extensions\redhat.java-1.54.0-win32-x64\jre\21.0.10-win32-x86_64\bin\VCRUNTIME140.dll
0x00007ff836ee0000 - 0x00007ff837172000 	C:\WINDOWS\WinSxS\amd64_microsoft.windows.common-controls_6595b64144ccf1df_6.0.26100.8457_none_3e0b2faee331e92d\COMCTL32.dll
0x00007ff846420000 - 0x00007ff8464c9000 	C:\WINDOWS\System32\msvcrt.dll
0x00007ff845dc0000 - 0x00007ff845df2000 	C:\WINDOWS\System32\IMM32.DLL
0x00007ff839990000 - 0x00007ff83999c000 	c:\Users\TUF\.vscode\extensions\redhat.java-1.54.0-win32-x64\jre\21.0.10-win32-x86_64\bin\vcruntime140_1.dll
0x00007ff8255f0000 - 0x00007ff82567d000 	c:\Users\TUF\.vscode\extensions\redhat.java-1.54.0-win32-x64\jre\21.0.10-win32-x86_64\bin\msvcp140.dll
0x00007fff7f960000 - 0x00007fff80701000 	c:\Users\TUF\.vscode\extensions\redhat.java-1.54.0-win32-x64\jre\21.0.10-win32-x86_64\bin\server\jvm.dll
0x00007ff8467a0000 - 0x00007ff846856000 	C:\WINDOWS\System32\ADVAPI32.dll
0x00007ff845f90000 - 0x00007ff846037000 	C:\WINDOWS\System32\sechost.dll
0x00007ff846300000 - 0x00007ff846418000 	C:\WINDOWS\System32\RPCRT4.dll
0x00007ff846220000 - 0x00007ff8462a0000 	C:\WINDOWS\System32\WS2_32.dll
0x00007ff844890000 - 0x00007ff8448ee000 	C:\WINDOWS\SYSTEM32\POWRPROF.dll
0x00007ff83d040000 - 0x00007ff83d04b000 	C:\WINDOWS\SYSTEM32\VERSION.dll
0x00007ff839a70000 - 0x00007ff839aa6000 	C:\WINDOWS\SYSTEM32\WINMM.dll
0x00007ff844870000 - 0x00007ff844884000 	C:\WINDOWS\SYSTEM32\UMPDC.dll
0x00007ff8437c0000 - 0x00007ff8437db000 	C:\WINDOWS\SYSTEM32\kernel.appcore.dll
0x00007ff836bc0000 - 0x00007ff836bca000 	c:\Users\TUF\.vscode\extensions\redhat.java-1.54.0-win32-x64\jre\21.0.10-win32-x86_64\bin\jimage.dll
0x00007ff8427f0000 - 0x00007ff842a32000 	C:\WINDOWS\SYSTEM32\DBGHELP.DLL
0x00007ff846990000 - 0x00007ff846d13000 	C:\WINDOWS\System32\combase.dll
0x00007ff846560000 - 0x00007ff846639000 	C:\WINDOWS\System32\OLEAUT32.dll
0x00007ff80c470000 - 0x00007ff80c4ab000 	C:\WINDOWS\SYSTEM32\dbgcore.DLL
0x00007ff845ba0000 - 0x00007ff845c48000 	C:\WINDOWS\System32\bcryptPrimitives.dll
0x00007ff836b60000 - 0x00007ff836b6f000 	c:\Users\TUF\.vscode\extensions\redhat.java-1.54.0-win32-x64\jre\21.0.10-win32-x86_64\bin\instrument.dll
0x00007ff82cd20000 - 0x00007ff82cd40000 	c:\Users\TUF\.vscode\extensions\redhat.java-1.54.0-win32-x64\jre\21.0.10-win32-x86_64\bin\java.dll
0x00007ff847840000 - 0x00007ff847fae000 	C:\WINDOWS\System32\SHELL32.dll
0x00007ff8450f0000 - 0x00007ff84595c000 	C:\WINDOWS\System32\windows.storage.dll
0x00007ff845e00000 - 0x00007ff845ef6000 	C:\WINDOWS\System32\SHCORE.dll
0x00007ff846f00000 - 0x00007ff846f66000 	C:\WINDOWS\System32\shlwapi.dll
0x00007ff844950000 - 0x00007ff844979000 	C:\WINDOWS\SYSTEM32\profapi.dll
0x00007ff82cd00000 - 0x00007ff82cd18000 	c:\Users\TUF\.vscode\extensions\redhat.java-1.54.0-win32-x64\jre\21.0.10-win32-x86_64\bin\zip.dll
0x00007ff836700000 - 0x00007ff836710000 	C:\Users\TUF\.vscode\extensions\redhat.java-1.54.0-win32-x64\jre\21.0.10-win32-x86_64\bin\net.dll
0x00007ff83f5f0000 - 0x00007ff83f719000 	C:\WINDOWS\SYSTEM32\WINHTTP.dll
0x00007ff843d30000 - 0x00007ff843d9c000 	C:\WINDOWS\system32\mswsock.dll
0x00007ff82cb80000 - 0x00007ff82cb96000 	C:\Users\TUF\.vscode\extensions\redhat.java-1.54.0-win32-x64\jre\21.0.10-win32-x86_64\bin\nio.dll
0x00007ff82cc10000 - 0x00007ff82cc20000 	c:\Users\TUF\.vscode\extensions\redhat.java-1.54.0-win32-x64\jre\21.0.10-win32-x86_64\bin\verify.dll
0x00007ff8273b0000 - 0x00007ff8273f5000 	C:\Users\TUF\AppData\Roaming\Code\User\globalStorage\redhat.java\1.54.0\config_win\org.eclipse.equinox.launcher\org.eclipse.equinox.launcher.win32.win32.x86_64_1.3.0.v20260203-2149\eclipse_11919.dll
0x00007ff847400000 - 0x00007ff847597000 	C:\WINDOWS\System32\ole32.dll
0x00007ff844010000 - 0x00007ff84402b000 	C:\WINDOWS\SYSTEM32\CRYPTSP.dll
0x00007ff843720000 - 0x00007ff843759000 	C:\WINDOWS\system32\rsaenh.dll
0x00007ff843de0000 - 0x00007ff843e13000 	C:\WINDOWS\SYSTEM32\USERENV.dll
0x00007ff844920000 - 0x00007ff84494a000 	C:\WINDOWS\SYSTEM32\bcrypt.dll
0x00007ff844030000 - 0x00007ff84403c000 	C:\WINDOWS\SYSTEM32\CRYPTBASE.dll
0x00007ff8431e0000 - 0x00007ff843212000 	C:\WINDOWS\SYSTEM32\IPHLPAPI.DLL
0x00007ff846ef0000 - 0x00007ff846efa000 	C:\WINDOWS\System32\NSI.dll
0x00007fffcfb80000 - 0x00007fffcfbc9000 	C:\Users\TUF\AppData\Local\Temp\jna-83429\jna12922519604300146405.dll
0x00007ff8475c0000 - 0x00007ff8475c8000 	C:\WINDOWS\System32\PSAPI.DLL

JVMTI agents:
c:\Users\TUF\.vscode\extensions\redhat.java-1.54.0-win32-x64\lombok\lombok-1.18.39-4050.jar path:c:\Users\TUF\.vscode\extensions\redhat.java-1.54.0-win32-x64\jre\21.0.10-win32-x86_64\bin\instrument.dll, loaded, initialized, instrumentlib options:none

dbghelp: loaded successfully - version: 4.0.5 - missing functions: none
symbol engine: initialized successfully - sym options: 0x614 - pdb path: .;c:\Users\TUF\.vscode\extensions\redhat.java-1.54.0-win32-x64\jre\21.0.10-win32-x86_64\bin;C:\WINDOWS\SYSTEM32;C:\WINDOWS\WinSxS\amd64_microsoft.windows.common-controls_6595b64144ccf1df_6.0.26100.8457_none_3e0b2faee331e92d;c:\Users\TUF\.vscode\extensions\redhat.java-1.54.0-win32-x64\jre\21.0.10-win32-x86_64\bin\server;C:\Users\TUF\AppData\Roaming\Code\User\globalStorage\redhat.java\1.54.0\config_win\org.eclipse.equinox.launcher\org.eclipse.equinox.launcher.win32.win32.x86_64_1.3.0.v20260203-2149;C:\Users\TUF\AppData\Local\Temp\jna-83429

VM Arguments:
jvm_args: --add-modules=ALL-SYSTEM --add-opens=java.base/java.util=ALL-UNNAMED --add-opens=java.base/java.lang=ALL-UNNAMED --add-opens=java.base/sun.nio.fs=ALL-UNNAMED -Declipse.application=org.eclipse.jdt.ls.core.id1 -Dosgi.bundles.defaultStartLevel=4 -Declipse.product=org.eclipse.jdt.ls.core.product -Djava.import.generatesMetadataFilesAtProjectRoot=false -DDetectVMInstallationsJob.disabled=true -Dfile.encoding=utf8 -XX:+UseParallelGC -XX:GCTimeRatio=4 -XX:AdaptiveSizePolicyWeight=90 -Dsun.zip.disableMemoryMapping=true -Xmx2G -Xms100m -Xlog:disable -javaagent:c:\Users\TUF\.vscode\extensions\redhat.java-1.54.0-win32-x64\lombok\lombok-1.18.39-4050.jar -XX:+HeapDumpOnOutOfMemoryError -XX:HeapDumpPath=c:\Users\TUF\AppData\Roaming\Code\User\workspaceStorage\9666aa7d0958d0b855e21311c80c4bb9\redhat.java -Daether.dependencyCollector.impl=bf 
java_command: c:\Users\TUF\.vscode\extensions\redhat.java-1.54.0-win32-x64\server\plugins\org.eclipse.equinox.launcher_1.7.100.v20251111-0406.jar -configuration c:\Users\TUF\AppData\Roaming\Code\User\globalStorage\redhat.java\1.54.0\config_win -data c:\Users\TUF\AppData\Roaming\Code\User\workspaceStorage\9666aa7d0958d0b855e21311c80c4bb9\redhat.java\jdt_ws --pipe=\\.\pipe\lsp-2cfb8ba9bbb49f62ac4c0801956007d6-sock
java_class_path (initial): c:\Users\TUF\.vscode\extensions\redhat.java-1.54.0-win32-x64\server\plugins\org.eclipse.equinox.launcher_1.7.100.v20251111-0406.jar
Launcher Type: SUN_STANDARD

[Global flags]
    uintx AdaptiveSizePolicyWeight                 = 90                                        {product} {command line}
     intx CICompilerCount                          = 4                                         {product} {ergonomic}
    uintx GCTimeRatio                              = 4                                         {product} {command line}
     bool HeapDumpOnOutOfMemoryError               = true                                   {manageable} {command line}
    ccstr HeapDumpPath                             = c:\Users\TUF\AppData\Roaming\Code\User\workspaceStorage\9666aa7d0958d0b855e21311c80c4bb9\redhat.java         {manageable} {command line}
   size_t InitialHeapSize                          = 104857600                                 {product} {command line}
   size_t MaxHeapSize                              = 2147483648                                {product} {command line}
   size_t MaxNewSize                               = 715653120                                 {product} {ergonomic}
   size_t MinHeapDeltaBytes                        = 524288                                    {product} {ergonomic}
   size_t MinHeapSize                              = 104857600                                 {product} {command line}
   size_t NewSize                                  = 34603008                                  {product} {ergonomic}
    uintx NonNMethodCodeHeapSize                   = 5839372                                {pd product} {ergonomic}
    uintx NonProfiledCodeHeapSize                  = 122909434                              {pd product} {ergonomic}
   size_t OldSize                                  = 70254592                                  {product} {ergonomic}
    uintx ProfiledCodeHeapSize                     = 122909434                              {pd product} {ergonomic}
    uintx ReservedCodeCacheSize                    = 251658240                              {pd product} {ergonomic}
     bool SegmentedCodeCache                       = true                                      {product} {ergonomic}
   size_t SoftMaxHeapSize                          = 2147483648                             {manageable} {ergonomic}
     bool UseCompressedOops                        = true                           {product lp64_product} {ergonomic}
     bool UseLargePagesIndividualAllocation        = false                                  {pd product} {ergonomic}
     bool UseParallelGC                            = true                                      {product} {command line}

Logging:
Log output configuration:
 #0: stdout all=off uptime,level,tags foldmultilines=false
 #1: stderr all=off uptime,level,tags foldmultilines=false

Release file:
JAVA_VERSION="21.0.10" 
MODULES="java.base java.compiler java.datatransfer java.xml java.prefs java.desktop java.instrument java.logging java.management java.security.sasl java.naming java.rmi java.management.rmi java.net.http java.scripting java.security.jgss java.transaction.xa java.sql java.sql.rowset java.xml.crypto java.se java.smartcardio jdk.accessibility jdk.internal.jvmstat jdk.attach jdk.charsets jdk.internal.opt jdk.zipfs jdk.compiler jdk.crypto.ec jdk.crypto.cryptoki jdk.crypto.mscapi jdk.dynalink jdk.internal.ed jdk.editpad jdk.hotspot.agent jdk.httpserver jdk.internal.le jdk.internal.vm.ci jdk.internal.vm.compiler jdk.internal.vm.compiler.management jdk.jartool jdk.javadoc jdk.jcmd jdk.management jdk.management.agent jdk.jconsole jdk.jdeps jdk.jdwp.agent jdk.jdi jdk.jfr jdk.jshell jdk.jsobject jdk.jstatd jdk.localedata jdk.management.jfr jdk.naming.dns jdk.naming.rmi jdk.net jdk.nio.mapmode jdk.random jdk.sctp jdk.security.auth jdk.security.jgss jdk.unsupported jdk.unsupported.desktop jdk.xml.dom" 

Environment Variables:
JAVA_HOME=C:\Program Files\Java\jdk-23
PATH=C:\Oracle\19c\bin;C:\Program Files\Common Files\Oracle\Java\javapath;C:\Program Files (x86)\Common Files\Oracle\Java\javapath;C:\Program Files\Microsoft MPI\Bin\;C:\Program Files\Python313\Scripts\;C:\Program Files\Python313\;C:\Program Files (x86)\Common Files\Intel\Shared Libraries\redist\intel64\compiler;C:\WINDOWS\system32;C:\WINDOWS;C:\WINDOWS\System32\Wbem;C:\WINDOWS\System32\WindowsPowerShell\v1.0\;C:\WINDOWS\System32\OpenSSH\;C:\Program Files\dotnet\;C:\Program Files (x86)\NVIDIA Corporation\PhysX\Common;C:\Program Files\NVIDIA Corporation\NVIDIA NvDLISR;C:\Program Files (x86)\Microsoft SQL Server\160\Tools\Binn\;C:\Program Files\Microsoft SQL Server\160\Tools\Binn\;C:\Program Files\Microsoft SQL Server\Client SDK\ODBC\170\Tools\Binn\;C:\Program Files\Microsoft SQL Server\160\DTS\Binn\;C:\Program Files\nodejs\;C:\Program Files (x86)\Microsoft SQL Server\160\DTS\Binn\;C:\Program Files\Microsoft SQL Server\150\Tools\Binn\;C:\Program Files\Git\cmd;C:\src\flutter\bin;;C:\Program Files\Docker\Docker\resources\bin;C:\Program Files\Kubernetes\Minikube;C:\Users\TUF\AppData\Local\Microsoft\WindowsApps;C:\Users\TUF\AppData\Local\Programs\Microsoft VS Code\bin;C:\Users\TUF\.dotnet\tools;C:\Users\TUF\AppData\Roaming\npm;C:\Program Files\Java\jdk-23\bin;%ORACLE_HOME%\bin;C:\Program Files\JetBrains\IntelliJ IDEA 2025.3.3\bin;C:\Program Files\Apache\Maven\apache-maven-3.9.14\bin;C:\Users\TUF\AppData\Local\Microsoft\WinGet\Links;
USERNAME=TUF
OS=Windows_NT
PROCESSOR_IDENTIFIER=AMD64 Family 25 Model 68 Stepping 1, AuthenticAMD
TMP=C:\Users\TUF\AppData\Local\Temp
TEMP=C:\Users\TUF\AppData\Local\Temp




Periodic native trim disabled

---------------  S Y S T E M  ---------------

OS:
 Windows 11 , 64 bit Build 26100 (10.0.26100.8328)
OS uptime: 0 days 0:19 hours
Hyper-V role detected

CPU: total 12 (initial active 12) (12 cores per cpu, 2 threads per core) family 25 model 68 stepping 1 microcode 0xa404107, cx8, cmov, fxsr, ht, mmx, 3dnowpref, sse, sse2, sse3, ssse3, sse4a, sse4.1, sse4.2, popcnt, lzcnt, tsc, tscinvbit, avx, avx2, aes, erms, clmul, bmi1, bmi2, adx, sha, fma, vzeroupper, clflush, clflushopt, hv, rdtscp, rdpid, fsrm, f16c, cet_ss
Processor Information for processor 0
  Max Mhz: 3301, Current Mhz: 2496, Mhz Limit: 3301
Processor Information for processor 1
  Max Mhz: 3301, Current Mhz: 2496, Mhz Limit: 3301
Processor Information for processor 2
  Max Mhz: 3301, Current Mhz: 2496, Mhz Limit: 3301
Processor Information for processor 3
  Max Mhz: 3301, Current Mhz: 2496, Mhz Limit: 3301
Processor Information for processor 4
  Max Mhz: 3301, Current Mhz: 2496, Mhz Limit: 3301
Processor Information for processor 5
  Max Mhz: 3301, Current Mhz: 2496, Mhz Limit: 3301
Processor Information for processor 6
  Max Mhz: 3301, Current Mhz: 2496, Mhz Limit: 3301
Processor Information for processor 7
  Max Mhz: 3301, Current Mhz: 2024, Mhz Limit: 3301
Processor Information for processor 8
  Max Mhz: 3301, Current Mhz: 2024, Mhz Limit: 3301
Processor Information for processor 9
  Max Mhz: 3301, Current Mhz: 2024, Mhz Limit: 3301
Processor Information for processor 10
  Max Mhz: 3301, Current Mhz: 2496, Mhz Limit: 3301
Processor Information for processor 11
  Max Mhz: 3301, Current Mhz: 2024, Mhz Limit: 3301

Memory: 4k page, system-wide physical 15611M (2518M free)
TotalPageFile size 25925M (AvailPageFile size 15M)
current process WorkingSet (physical memory assigned to process): 175M, peak: 175M
current process commit charge ("private bytes"): 306M, peak: 306M

vm_info: OpenJDK 64-Bit Server VM (21.0.10+7-LTS) for windows-amd64 JRE (21.0.10+7-LTS), built on 2026-01-20T00:00:00Z by "admin" with MS VC++ 17.12 (VS2022)

END.
