#
# There is insufficient memory for the Java Runtime Environment to continue.
# Native memory allocation (malloc) failed to allocate 1261616 bytes. Error detail: Chunk::new
# Possible reasons:
#   The system is out of physical RAM or swap space
#   This process is running with CompressedOops enabled, and the Java Heap may be blocking the growth of the native heap
# Possible solutions:
#   Reduce memory load on the system
#   Increase physical memory or swap space
#   Check if swap backing store is full
#   Decrease Java heap size (-Xmx/-Xms)
#   Decrease number of Java threads
#   Decrease Java thread stack sizes (-Xss)
#   Set larger code cache with -XX:ReservedCodeCacheSize=
#   JVM is running with Unscaled Compressed Oops mode in which the Java heap is
#     placed in the first 4GB address space. The Java Heap base address is the
#     maximum limit for the native heap growth. Please use -XX:HeapBaseMinAddress
#     to set the Java Heap base and to place the Java Heap above 4GB virtual address.
# This output file may be truncated or incomplete.
#
#  Out of Memory Error (arena.cpp:168), pid=16248, tid=12248
#
# JRE version: OpenJDK Runtime Environment Temurin-21.0.10+7 (21.0.10+7) (build 21.0.10+7-LTS)
# Java VM: OpenJDK 64-Bit Server VM Temurin-21.0.10+7 (21.0.10+7-LTS, mixed mode, sharing, tiered, compressed oops, compressed class ptrs, parallel gc, windows-amd64)
# No core dump will be written. Minidumps are not enabled by default on client versions of Windows
#

---------------  S U M M A R Y ------------

Command Line: --add-modules=ALL-SYSTEM --add-opens=java.base/java.util=ALL-UNNAMED --add-opens=java.base/java.lang=ALL-UNNAMED --add-opens=java.base/sun.nio.fs=ALL-UNNAMED -Declipse.application=org.eclipse.jdt.ls.core.id1 -Dosgi.bundles.defaultStartLevel=4 -Declipse.product=org.eclipse.jdt.ls.core.product -Djava.import.generatesMetadataFilesAtProjectRoot=false -DDetectVMInstallationsJob.disabled=true -Dfile.encoding=utf8 -XX:+UseParallelGC -XX:GCTimeRatio=4 -XX:AdaptiveSizePolicyWeight=90 -Dsun.zip.disableMemoryMapping=true -Xmx2G -Xms100m -Xlog:disable -javaagent:c:\Users\TUF\.vscode\extensions\redhat.java-1.54.0-win32-x64\lombok\lombok-1.18.39-4050.jar -XX:+HeapDumpOnOutOfMemoryError -XX:HeapDumpPath=c:\Users\TUF\AppData\Roaming\Code\User\workspaceStorage\9666aa7d0958d0b855e21311c80c4bb9\redhat.java -Daether.dependencyCollector.impl=bf c:\Users\TUF\.vscode\extensions\redhat.java-1.54.0-win32-x64\server\plugins\org.eclipse.equinox.launcher_1.7.100.v20251111-0406.jar -configuration c:\Users\TUF\AppData\Roaming\Code\User\globalStorage\redhat.java\1.54.0\config_win -data c:\Users\TUF\AppData\Roaming\Code\User\workspaceStorage\9666aa7d0958d0b855e21311c80c4bb9\redhat.java\jdt_ws --pipe=\\.\pipe\lsp-d544251c744793609644301f2b3e7079-sock

Host: AMD Ryzen 5 7535HS with Radeon Graphics        , 12 cores, 15G,  Windows 11 , 64 bit Build 26100 (10.0.26100.8328)
Time: Thu Jun 11 18:22:51 2026 SE Asia Standard Time elapsed time: 28.830747 seconds (0d 0h 0m 28s)

---------------  T H R E A D  ---------------

Current thread (0x000002186f9ed910):  JavaThread "C2 CompilerThread2" daemon [_thread_in_native, id=12248, stack(0x00000018d3d00000,0x00000018d3e00000) (1024K)]


Current CompileTask:
C2:28830 7551   !   4       org.eclipse.osgi.internal.loader.BundleLoader::findRequiredSource (283 bytes)

Stack: [0x00000018d3d00000,0x00000018d3e00000]
Native frames: (J=compiled Java code, j=interpreted, Vv=VM code, C=native code)
V  [jvm.dll+0x6d7a39]
V  [jvm.dll+0x8b4b26]
V  [jvm.dll+0x8b70de]
V  [jvm.dll+0x8b77c3]
V  [jvm.dll+0x284346]
V  [jvm.dll+0xc66ed]
V  [jvm.dll+0xc6c31]
V  [jvm.dll+0x3bec01]
V  [jvm.dll+0x38b162]
V  [jvm.dll+0x38a5aa]
V  [jvm.dll+0x24c560]
V  [jvm.dll+0x24bb40]
V  [jvm.dll+0x1cb34e]
V  [jvm.dll+0x25b85d]
V  [jvm.dll+0x259dea]
V  [jvm.dll+0x3f857e]
V  [jvm.dll+0x85f59d]
V  [jvm.dll+0x6d626d]
C  [ucrtbase.dll+0x37b0]
C  [KERNEL32.DLL+0x2e957]
C  [ntdll.dll+0x427c]


---------------  P R O C E S S  ---------------

Threads class SMR info:
_java_thread_list=0x00000218787a8db0, length=59, elements={
0x0000021816c20530, 0x0000021816cc53a0, 0x0000021816bccb60, 0x0000021816cc8bd0,
0x0000021816ccbbe0, 0x0000021816ccdc30, 0x0000021816cce690, 0x0000021816cd14e0,
0x0000021816cd9030, 0x000002186fbd0a80, 0x000002186fcd7d80, 0x000002187570d1b0,
0x0000021875782f90, 0x00000218756253c0, 0x0000021875625a30, 0x0000021875ef1610,
0x0000021876101bc0, 0x0000021875325430, 0x000002186fb2e410, 0x000002186fb2f7c0,
0x000002186fb2fe50, 0x000002186fb30b70, 0x000002186fb31200, 0x000002186fb2eaa0,
0x000002186fb2f130, 0x0000021877249f10, 0x000002187724b950, 0x0000021877248b60,
0x000002187724a5a0, 0x000002187724c670, 0x000002187724ac30, 0x000002187724b2c0,
0x000002187724bfe0, 0x00000218772491f0, 0x000002187724cd00, 0x0000021877249880,
0x000002187724e0b0, 0x000002187724edd0, 0x000002187724e740, 0x000002187724d390,
0x000002187724da20, 0x00000218770a3150, 0x0000021875bb85f0, 0x00000218770a4b90,
0x00000218770a37e0, 0x00000218770a3e70, 0x00000218770a2430, 0x00000218770a4500,
0x000002186f9ed910, 0x00000218770a7980, 0x00000218770a8010, 0x00000218770a86a0,
0x00000218770a8d30, 0x00000218770a5f40, 0x00000218770a93c0, 0x00000218770a9a50,
0x00000218770a65d0, 0x00000218770a6c60, 0x000002187724faf0
}

Java Threads: ( => current thread )
  0x0000021816c20530 JavaThread "main"                              [_thread_blocked, id=4088, stack(0x00000018cff00000,0x00000018d0000000) (1024K)]
  0x0000021816cc53a0 JavaThread "Reference Handler"          daemon [_thread_blocked, id=7304, stack(0x00000018d0300000,0x00000018d0400000) (1024K)]
  0x0000021816bccb60 JavaThread "Finalizer"                  daemon [_thread_blocked, id=4380, stack(0x00000018d0400000,0x00000018d0500000) (1024K)]
  0x0000021816cc8bd0 JavaThread "Signal Dispatcher"          daemon [_thread_blocked, id=23128, stack(0x00000018d0500000,0x00000018d0600000) (1024K)]
  0x0000021816ccbbe0 JavaThread "Attach Listener"            daemon [_thread_blocked, id=13064, stack(0x00000018d0600000,0x00000018d0700000) (1024K)]
  0x0000021816ccdc30 JavaThread "Service Thread"             daemon [_thread_blocked, id=17496, stack(0x00000018d0700000,0x00000018d0800000) (1024K)]
  0x0000021816cce690 JavaThread "Monitor Deflation Thread"   daemon [_thread_blocked, id=24840, stack(0x00000018d0800000,0x00000018d0900000) (1024K)]
  0x0000021816cd14e0 JavaThread "C2 CompilerThread0"         daemon [_thread_in_native, id=17708, stack(0x00000018d0900000,0x00000018d0a00000) (1024K)]
  0x0000021816cd9030 JavaThread "C1 CompilerThread0"         daemon [_thread_in_vm, id=18944, stack(0x00000018d0a00000,0x00000018d0b00000) (1024K)]
  0x000002186fbd0a80 JavaThread "Common-Cleaner"             daemon [_thread_blocked, id=3240, stack(0x00000018d0c00000,0x00000018d0d00000) (1024K)]
  0x000002186fcd7d80 JavaThread "Notification Thread"        daemon [_thread_blocked, id=25164, stack(0x00000018d0b00000,0x00000018d0c00000) (1024K)]
  0x000002187570d1b0 JavaThread "Active Thread: Equinox Container: 3cb50510-3db0-4dd9-bd63-7d854823dcb8"        [_thread_blocked, id=25744, stack(0x00000018d1500000,0x00000018d1600000) (1024K)]
  0x0000021875782f90 JavaThread "Refresh Thread: Equinox Container: 3cb50510-3db0-4dd9-bd63-7d854823dcb8" daemon [_thread_blocked, id=21344, stack(0x00000018d1700000,0x00000018d1800000) (1024K)]
  0x00000218756253c0 JavaThread "Framework Event Dispatcher: Equinox Container: 3cb50510-3db0-4dd9-bd63-7d854823dcb8" daemon [_thread_blocked, id=23672, stack(0x00000018d1800000,0x00000018d1900000) (1024K)]
  0x0000021875625a30 JavaThread "Start Level: Equinox Container: 3cb50510-3db0-4dd9-bd63-7d854823dcb8" daemon [_thread_blocked, id=6240, stack(0x00000018d1900000,0x00000018d1a00000) (1024K)]
  0x0000021875ef1610 JavaThread "Bundle File Closer"         daemon [_thread_blocked, id=20792, stack(0x00000018d1c00000,0x00000018d1d00000) (1024K)]
  0x0000021876101bc0 JavaThread "SCR Component Actor"        daemon [_thread_blocked, id=15604, stack(0x00000018d0d00000,0x00000018d0e00000) (1024K)]
  0x0000021875325430 JavaThread "Worker-JM"                         [_thread_blocked, id=16112, stack(0x00000018d0e00000,0x00000018d0f00000) (1024K)]
  0x000002186fb2e410 JavaThread "JNA Cleaner"                daemon [_thread_blocked, id=9540, stack(0x00000018d1d00000,0x00000018d1e00000) (1024K)]
  0x000002186fb2f7c0 JavaThread "Worker-0"                          [_thread_blocked, id=8860, stack(0x00000018d1e00000,0x00000018d1f00000) (1024K)]
  0x000002186fb2fe50 JavaThread "Worker-1"                          [_thread_blocked, id=652, stack(0x00000018d1f00000,0x00000018d2000000) (1024K)]
  0x000002186fb30b70 JavaThread "Worker-2: Building"                [_thread_in_native, id=25888, stack(0x00000018d2000000,0x00000018d2100000) (1024K)]
  0x000002186fb31200 JavaThread "Java indexing"              daemon [_thread_blocked, id=11700, stack(0x00000018d2300000,0x00000018d2400000) (1024K)]
  0x000002186fb2eaa0 JavaThread "Worker-3: Initialize workspace"        [_thread_blocked, id=24560, stack(0x00000018d2600000,0x00000018d2700000) (1024K)]
  0x000002186fb2f130 JavaThread "Worker-4: Publish Diagnostics"        [_thread_in_Java, id=26408, stack(0x00000018d2700000,0x00000018d2800000) (1024K)]
  0x0000021877249f10 JavaThread "Thread-1"                   daemon [_thread_in_native, id=14684, stack(0x00000018d2800000,0x00000018d2900000) (1024K)]
  0x000002187724b950 JavaThread "Thread-2"                   daemon [_thread_in_native, id=17016, stack(0x00000018d2900000,0x00000018d2a00000) (1024K)]
  0x0000021877248b60 JavaThread "Thread-3"                   daemon [_thread_in_native, id=2128, stack(0x00000018d2a00000,0x00000018d2b00000) (1024K)]
  0x000002187724a5a0 JavaThread "Thread-4"                   daemon [_thread_in_native, id=14584, stack(0x00000018d2b00000,0x00000018d2c00000) (1024K)]
  0x000002187724c670 JavaThread "Thread-5"                   daemon [_thread_in_native, id=9948, stack(0x00000018d2c00000,0x00000018d2d00000) (1024K)]
  0x000002187724ac30 JavaThread "Thread-6"                   daemon [_thread_in_native, id=8612, stack(0x00000018d2d00000,0x00000018d2e00000) (1024K)]
  0x000002187724b2c0 JavaThread "Thread-7"                   daemon [_thread_in_native, id=20208, stack(0x00000018d2e00000,0x00000018d2f00000) (1024K)]
  0x000002187724bfe0 JavaThread "Thread-8"                   daemon [_thread_in_native, id=26584, stack(0x00000018d2f00000,0x00000018d3000000) (1024K)]
  0x00000218772491f0 JavaThread "Thread-9"                   daemon [_thread_in_native, id=8024, stack(0x00000018d3000000,0x00000018d3100000) (1024K)]
  0x000002187724cd00 JavaThread "Thread-10"                  daemon [_thread_in_native, id=7596, stack(0x00000018d3100000,0x00000018d3200000) (1024K)]
  0x0000021877249880 JavaThread "Thread-11"                  daemon [_thread_in_native, id=26192, stack(0x00000018d3200000,0x00000018d3300000) (1024K)]
  0x000002187724e0b0 JavaThread "Thread-12"                  daemon [_thread_in_native, id=16648, stack(0x00000018d3300000,0x00000018d3400000) (1024K)]
  0x000002187724edd0 JavaThread "Thread-13"                  daemon [_thread_in_native, id=26352, stack(0x00000018d3400000,0x00000018d3500000) (1024K)]
  0x000002187724e740 JavaThread "pool-2-thread-1"                   [_thread_blocked, id=19716, stack(0x00000018d3500000,0x00000018d3600000) (1024K)]
  0x000002187724d390 JavaThread "WorkspaceEventsHandler"            [_thread_blocked, id=15644, stack(0x00000018d3600000,0x00000018d3700000) (1024K)]
  0x000002187724da20 JavaThread "pool-1-thread-1"                   [_thread_blocked, id=25496, stack(0x00000018d3700000,0x00000018d3800000) (1024K)]
  0x00000218770a3150 JavaThread "Worker-5: Refreshing workspace"        [_thread_blocked, id=13948, stack(0x00000018d2100000,0x00000018d2200000) (1024K)]
  0x0000021875bb85f0 JavaThread "C2 CompilerThread1"         daemon [_thread_in_native, id=1864, stack(0x00000018d2200000,0x00000018d2300000) (1024K)]
  0x00000218770a4b90 JavaThread "ForkJoinPool.commonPool-worker-1" daemon [_thread_in_Java, id=4552, stack(0x00000018d3800000,0x00000018d3900000) (1024K)]
  0x00000218770a37e0 JavaThread "ForkJoinPool.commonPool-worker-2" daemon [_thread_in_Java, id=396, stack(0x00000018d3900000,0x00000018d3a00000) (1024K)]
  0x00000218770a3e70 JavaThread "ForkJoinPool.commonPool-worker-3" daemon [_thread_blocked, id=24568, stack(0x00000018d3a00000,0x00000018d3b00000) (1024K)]
  0x00000218770a2430 JavaThread "ForkJoinPool.commonPool-worker-4" daemon [_thread_blocked, id=10748, stack(0x00000018d3b00000,0x00000018d3c00000) (1024K)]
  0x00000218770a4500 JavaThread "ForkJoinPool.commonPool-worker-5" daemon [_thread_blocked, id=10352, stack(0x00000018d3c00000,0x00000018d3d00000) (1024K)]
=>0x000002186f9ed910 JavaThread "C2 CompilerThread2"         daemon [_thread_in_native, id=12248, stack(0x00000018d3d00000,0x00000018d3e00000) (1024K)]
  0x00000218770a7980 JavaThread "ForkJoinPool.commonPool-worker-6" daemon [_thread_blocked, id=20076, stack(0x00000018d3e00000,0x00000018d3f00000) (1024K)]
  0x00000218770a8010 JavaThread "ForkJoinPool.commonPool-worker-7" daemon [_thread_blocked, id=19508, stack(0x00000018d3f00000,0x00000018d4000000) (1024K)]
  0x00000218770a86a0 JavaThread "LocalFile Deleter"          daemon [_thread_blocked, id=2636, stack(0x00000018d4000000,0x00000018d4100000) (1024K)]
  0x00000218770a8d30 JavaThread "LocalFile Deleter"          daemon [_thread_blocked, id=2944, stack(0x00000018d4100000,0x00000018d4200000) (1024K)]
  0x00000218770a5f40 JavaThread "LocalFile Deleter"          daemon [_thread_blocked, id=20000, stack(0x00000018d4200000,0x00000018d4300000) (1024K)]
  0x00000218770a93c0 JavaThread "LocalFile Deleter"          daemon [_thread_blocked, id=14448, stack(0x00000018d4300000,0x00000018d4400000) (1024K)]
  0x00000218770a9a50 JavaThread "LocalFile Deleter"          daemon [_thread_blocked, id=20932, stack(0x00000018d4400000,0x00000018d4500000) (1024K)]
  0x00000218770a65d0 JavaThread "Compiler Source File Reader" daemon [_thread_blocked, id=21360, stack(0x00000018d4500000,0x00000018d4600000) (1024K)]
  0x00000218770a6c60 JavaThread "Compiler Source File Reader" daemon [_thread_blocked, id=24836, stack(0x00000018d4600000,0x00000018d4700000) (1024K)]
  0x000002187724faf0 JavaThread "Worker-6"                          [_thread_blocked, id=20536, stack(0x00000018d4700000,0x00000018d4800000) (1024K)]
Total: 59

Other Threads:
  0x0000021816bb4980 VMThread "VM Thread"                           [id=21680, stack(0x00000018d0200000,0x00000018d0300000) (1024K)]
  0x0000021816aaca10 WatcherThread "VM Periodic Task Thread"        [id=21644, stack(0x00000018d0100000,0x00000018d0200000) (1024K)]
  0x0000021816c3ee00 WorkerThread "GC Thread#0"                     [id=10040, stack(0x00000018d0000000,0x00000018d0100000) (1024K)]
  0x00000218755b3190 WorkerThread "GC Thread#1"                     [id=12920, stack(0x00000018d0f00000,0x00000018d1000000) (1024K)]
  0x000002187532d3d0 WorkerThread "GC Thread#2"                     [id=4828, stack(0x00000018d1000000,0x00000018d1100000) (1024K)]
  0x000002187532d780 WorkerThread "GC Thread#3"                     [id=4868, stack(0x00000018d1100000,0x00000018d1200000) (1024K)]
  0x000002187532db30 WorkerThread "GC Thread#4"                     [id=7508, stack(0x00000018d1200000,0x00000018d1300000) (1024K)]
  0x00000218758a04b0 WorkerThread "GC Thread#5"                     [id=9276, stack(0x00000018d1300000,0x00000018d1400000) (1024K)]
  0x00000218758a0860 WorkerThread "GC Thread#6"                     [id=17256, stack(0x00000018d1400000,0x00000018d1500000) (1024K)]
  0x0000021875615c30 WorkerThread "GC Thread#7"                     [id=11808, stack(0x00000018d1600000,0x00000018d1700000) (1024K)]
  0x0000021875e80d00 WorkerThread "GC Thread#8"                     [id=21304, stack(0x00000018d1a00000,0x00000018d1b00000) (1024K)]
  0x00000218759d21d0 WorkerThread "GC Thread#9"                     [id=13324, stack(0x00000018d1b00000,0x00000018d1c00000) (1024K)]
Total: 12

Threads with active compile tasks:
C2 CompilerThread0  28872 7830       4       org.eclipse.jdt.internal.core.util.WeakHashSet::cleanupGarbageCollectedValues (144 bytes)
C1 CompilerThread0  28873 7904   !   2       org.eclipse.jdt.internal.compiler.parser.Scanner::getNextToken0 (3068 bytes)
C2 CompilerThread1  28873 7844       4       org.eclipse.jdt.internal.core.util.WeakHashSet::add (105 bytes)
C2 CompilerThread2  28873 7551   !   4       org.eclipse.osgi.internal.loader.BundleLoader::findRequiredSource (283 bytes)
Total: 4

VM state: not at safepoint (normal execution)

VM Mutex/Monitor currently owned by a thread: None

Heap address: 0x0000000080000000, size: 2048 MB, Compressed Oops mode: 32-bit

CDS archive(s) mapped at: [0x000002182e000000-0x000002182eba0000-0x000002182eba0000), size 12189696, SharedBaseAddress: 0x000002182e000000, ArchiveRelocationMode: 1.
Compressed class space mapped at: 0x000002182f000000-0x000002186f000000, reserved size: 1073741824
Narrow klass base: 0x000002182e000000, Narrow klass shift: 0, Narrow klass range: 0x100000000

GC Precious Log:
 CardTable entry size: 512
 CPUs: 12 total, 12 available
 Memory: 15611M
 Large Page Support: Disabled
 NUMA Support: Disabled
 Compressed Oops: Enabled (32-bit)
 Alignments: Space 512K, Generation 512K, Heap 2M
 Heap Min Capacity: 100M
 Heap Initial Capacity: 100M
 Heap Max Capacity: 2G
 Pre-touch: Disabled
 Parallel Workers: 10

Heap:
 PSYoungGen      total 20992K, used 10139K [0x00000000d5580000, 0x00000000d6c80000, 0x0000000100000000)
  eden space 20480K, 47% used [0x00000000d5580000,0x00000000d5ee6fb8,0x00000000d6980000)
  from space 512K, 100% used [0x00000000d6b00000,0x00000000d6b80000,0x00000000d6b80000)
  to   space 1536K, 0% used [0x00000000d6980000,0x00000000d6980000,0x00000000d6b00000)
 ParOldGen       total 68608K, used 51697K [0x0000000080000000, 0x0000000084300000, 0x00000000d5580000)
  object space 68608K, 75% used [0x0000000080000000,0x000000008327c430,0x0000000084300000)
 Metaspace       used 57990K, committed 59456K, reserved 1114112K
  class space    used 6259K, committed 6912K, reserved 1048576K

Card table byte_map: [0x00000218165c0000,0x00000218169d0000] _byte_map_base: 0x00000218161c0000

Marking Bits: (ParMarkBitMap*) 0x00007fff80623450
 Begin Bits: [0x00000218290d0000, 0x000002182b0d0000)
 End Bits:   [0x000002182b0d0000, 0x000002182d0d0000)

Polling page: 0x0000021814a70000

Metaspace:

Usage:
  Non-class:     50.52 MB used.
      Class:      6.11 MB used.
       Both:     56.63 MB used.

Virtual space:
  Non-class space:       64.00 MB reserved,      51.31 MB ( 80%) committed,  1 nodes.
      Class space:        1.00 GB reserved,       6.75 MB ( <1%) committed,  1 nodes.
             Both:        1.06 GB reserved,      58.06 MB (  5%) committed. 

Chunk freelists:
   Non-Class:  12.73 MB
       Class:  9.30 MB
        Both:  22.03 MB

MaxMetaspaceSize: unlimited
CompressedClassSpaceSize: 1.00 GB
Initial GC threshold: 21.00 MB
Current GC threshold: 58.88 MB
CDS: on
 - commit_granule_bytes: 65536.
 - commit_granule_words: 8192.
 - virtual_space_node_default_size: 8388608.
 - enlarge_chunks_in_place: 1.
 - use_allocation_guard: 0.


Internal statistics:

num_allocs_failed_limit: 10.
num_arena_births: 1078.
num_arena_deaths: 14.
num_vsnodes_births: 2.
num_vsnodes_deaths: 0.
num_space_committed: 929.
num_space_uncommitted: 0.
num_chunks_returned_to_freelist: 24.
num_chunks_taken_from_freelist: 3968.
num_chunk_merges: 9.
num_chunk_splits: 2339.
num_chunks_enlarged: 1122.
num_inconsistent_stats: 0.

CodeHeap 'non-profiled nmethods': size=120000Kb used=4206Kb max_used=4206Kb free=115793Kb
 bounds [0x00000218218f0000, 0x0000021821d10000, 0x0000021828e20000]
CodeHeap 'profiled nmethods': size=120000Kb used=15484Kb max_used=15484Kb free=104515Kb
 bounds [0x0000021819e20000, 0x000002181ad40000, 0x0000021821350000]
CodeHeap 'non-nmethods': size=5760Kb used=1420Kb max_used=1470Kb free=4339Kb
 bounds [0x0000021821350000, 0x00000218215c0000, 0x00000218218f0000]
CodeCache: size=245760Kb, used=21110Kb, max_used=21160Kb, free=224647Kb
 total_blobs=8010, nmethods=7279, adapters=637, full_count=0
Compilation: enabled, stopped_count=0, restarted_count=0

Compilation events (20 events):
Event: 27.820 Thread 0x0000021816cd9030 nmethod 7886 0x000002181ad34b10 code [0x000002181ad34ce0, 0x000002181ad35168]
Event: 27.820 Thread 0x0000021816cd9030 7882       2       org.eclipse.jdt.internal.compiler.util.CharArray::hashCode (8 bytes)
Event: 27.820 Thread 0x0000021816cd9030 nmethod 7882 0x000002181ad35410 code [0x000002181ad355c0, 0x000002181ad356e0]
Event: 27.820 Thread 0x0000021816cd9030 7885       2       org.eclipse.jdt.internal.compiler.util.CharDelegateMap::get (25 bytes)
Event: 27.820 Thread 0x0000021816cd9030 nmethod 7885 0x000002181ad35790 code [0x000002181ad35960, 0x000002181ad35b88]
Event: 27.821 Thread 0x0000021816cd9030 7888       2       org.eclipse.jdt.internal.compiler.lookup.ModuleBinding::getOrCreateDeclaredPackage (136 bytes)
Event: 27.822 Thread 0x0000021816cd9030 nmethod 7888 0x000002181ad35d10 code [0x000002181ad35fa0, 0x000002181ad366e0]
Event: 27.822 Thread 0x0000021816cd9030 7881       2       org.eclipse.jdt.internal.compiler.util.CharArray::<init> (10 bytes)
Event: 27.822 Thread 0x0000021816cd9030 nmethod 7881 0x000002181ad36c10 code [0x000002181ad36da0, 0x000002181ad36ec0]
Event: 27.822 Thread 0x0000021816cd9030 7887       2       org.eclipse.jdt.internal.compiler.util.CharDelegateMap::<init> (37 bytes)
Event: 27.823 Thread 0x0000021816cd9030 nmethod 7887 0x000002181ad36f90 code [0x000002181ad37180, 0x000002181ad374b0]
Event: 27.823 Thread 0x0000021816cd9030 7884       1       org.eclipse.jdt.internal.compiler.classfmt.ModuleInfo$PackageExportInfo::name (5 bytes)
Event: 27.823 Thread 0x0000021816cd9030 nmethod 7884 0x0000021821d01490 code [0x0000021821d01620, 0x0000021821d016e8]
Event: 27.823 Thread 0x0000021816cd9030 7889       2       org.eclipse.jdt.internal.compiler.util.CharArrayHashMap::get (16 bytes)
Event: 27.823 Thread 0x0000021816cd9030 nmethod 7889 0x000002181ad37610 code [0x000002181ad377c0, 0x000002181ad37970]
Event: 27.823 Thread 0x0000021816cd9030 7890       2       org.eclipse.jdt.internal.compiler.util.HashtableOfPackage::<init> (6 bytes)
Event: 27.823 Thread 0x0000021816cd9030 nmethod 7890 0x000002181ad37a90 code [0x000002181ad37c40, 0x000002181ad37d60]
Event: 27.823 Thread 0x0000021816cd9030 7891       2       org.eclipse.jdt.internal.compiler.util.CharArrayMap::<init> (38 bytes)
Event: 27.824 Thread 0x0000021816cd9030 nmethod 7891 0x000002181ad37e10 code [0x000002181ad37fc0, 0x000002181ad38238]
Event: 27.830 Thread 0x0000021875bb85f0 nmethod 7872 0x0000021821d01790 code [0x0000021821d019c0, 0x0000021821d02298]

GC Heap History (20 events):
Event: 27.006 GC heap before
{Heap before GC invocations=32 (full 2):
 PSYoungGen      total 23040K, used 22112K [0x00000000d5580000, 0x00000000d6d00000, 0x0000000100000000)
  eden space 21504K, 100% used [0x00000000d5580000,0x00000000d6a80000,0x00000000d6a80000)
  from space 1536K, 39% used [0x00000000d6a80000,0x00000000d6b18010,0x00000000d6c00000)
  to   space 1024K, 0% used [0x00000000d6c00000,0x00000000d6c00000,0x00000000d6d00000)
 ParOldGen       total 68608K, used 41930K [0x0000000080000000, 0x0000000084300000, 0x00000000d5580000)
  object space 68608K, 61% used [0x0000000080000000,0x00000000828f2bd0,0x0000000084300000)
 Metaspace       used 55485K, committed 57024K, reserved 1114112K
  class space    used 6049K, committed 6720K, reserved 1048576K
}
Event: 27.010 GC heap after
{Heap after GC invocations=32 (full 2):
 PSYoungGen      total 21504K, used 1005K [0x00000000d5580000, 0x00000000d6f80000, 0x0000000100000000)
  eden space 20480K, 0% used [0x00000000d5580000,0x00000000d5580000,0x00000000d6980000)
  from space 1024K, 98% used [0x00000000d6c00000,0x00000000d6cfb510,0x00000000d6d00000)
  to   space 2560K, 0% used [0x00000000d6980000,0x00000000d6980000,0x00000000d6c00000)
 ParOldGen       total 68608K, used 43047K [0x0000000080000000, 0x0000000084300000, 0x00000000d5580000)
  object space 68608K, 62% used [0x0000000080000000,0x0000000082a09eb8,0x0000000084300000)
 Metaspace       used 55485K, committed 57024K, reserved 1114112K
  class space    used 6049K, committed 6720K, reserved 1048576K
}
Event: 27.322 GC heap before
{Heap before GC invocations=33 (full 2):
 PSYoungGen      total 21504K, used 21485K [0x00000000d5580000, 0x00000000d6f80000, 0x0000000100000000)
  eden space 20480K, 100% used [0x00000000d5580000,0x00000000d6980000,0x00000000d6980000)
  from space 1024K, 98% used [0x00000000d6c00000,0x00000000d6cfb510,0x00000000d6d00000)
  to   space 2560K, 0% used [0x00000000d6980000,0x00000000d6980000,0x00000000d6c00000)
 ParOldGen       total 68608K, used 43047K [0x0000000080000000, 0x0000000084300000, 0x00000000d5580000)
  object space 68608K, 62% used [0x0000000080000000,0x0000000082a09eb8,0x0000000084300000)
 Metaspace       used 57093K, committed 58496K, reserved 1114112K
  class space    used 6171K, committed 6784K, reserved 1048576K
}
Event: 27.324 GC heap after
{Heap after GC invocations=33 (full 2):
 PSYoungGen      total 22016K, used 1255K [0x00000000d5580000, 0x00000000d6d80000, 0x0000000100000000)
  eden space 20480K, 0% used [0x00000000d5580000,0x00000000d5580000,0x00000000d6980000)
  from space 1536K, 81% used [0x00000000d6980000,0x00000000d6ab9c18,0x00000000d6b00000)
  to   space 2048K, 0% used [0x00000000d6b80000,0x00000000d6b80000,0x00000000d6d80000)
 ParOldGen       total 68608K, used 44052K [0x0000000080000000, 0x0000000084300000, 0x00000000d5580000)
  object space 68608K, 64% used [0x0000000080000000,0x0000000082b053c8,0x0000000084300000)
 Metaspace       used 57093K, committed 58496K, reserved 1114112K
  class space    used 6171K, committed 6784K, reserved 1048576K
}
Event: 27.411 GC heap before
{Heap before GC invocations=34 (full 2):
 PSYoungGen      total 22016K, used 21735K [0x00000000d5580000, 0x00000000d6d80000, 0x0000000100000000)
  eden space 20480K, 100% used [0x00000000d5580000,0x00000000d6980000,0x00000000d6980000)
  from space 1536K, 81% used [0x00000000d6980000,0x00000000d6ab9c18,0x00000000d6b00000)
  to   space 2048K, 0% used [0x00000000d6b80000,0x00000000d6b80000,0x00000000d6d80000)
 ParOldGen       total 68608K, used 44052K [0x0000000080000000, 0x0000000084300000, 0x00000000d5580000)
  object space 68608K, 64% used [0x0000000080000000,0x0000000082b053c8,0x0000000084300000)
 Metaspace       used 57414K, committed 58816K, reserved 1114112K
  class space    used 6204K, committed 6848K, reserved 1048576K
}
Event: 27.414 GC heap after
{Heap after GC invocations=34 (full 2):
 PSYoungGen      total 22528K, used 1879K [0x00000000d5580000, 0x00000000d6d80000, 0x0000000100000000)
  eden space 20480K, 0% used [0x00000000d5580000,0x00000000d5580000,0x00000000d6980000)
  from space 2048K, 91% used [0x00000000d6b80000,0x00000000d6d55de0,0x00000000d6d80000)
  to   space 2048K, 0% used [0x00000000d6980000,0x00000000d6980000,0x00000000d6b80000)
 ParOldGen       total 68608K, used 44913K [0x0000000080000000, 0x0000000084300000, 0x00000000d5580000)
  object space 68608K, 65% used [0x0000000080000000,0x0000000082bdc6a8,0x0000000084300000)
 Metaspace       used 57414K, committed 58816K, reserved 1114112K
  class space    used 6204K, committed 6848K, reserved 1048576K
}
Event: 27.483 GC heap before
{Heap before GC invocations=35 (full 2):
 PSYoungGen      total 22528K, used 22359K [0x00000000d5580000, 0x00000000d6d80000, 0x0000000100000000)
  eden space 20480K, 100% used [0x00000000d5580000,0x00000000d6980000,0x00000000d6980000)
  from space 2048K, 91% used [0x00000000d6b80000,0x00000000d6d55de0,0x00000000d6d80000)
  to   space 2048K, 0% used [0x00000000d6980000,0x00000000d6980000,0x00000000d6b80000)
 ParOldGen       total 68608K, used 44913K [0x0000000080000000, 0x0000000084300000, 0x00000000d5580000)
  object space 68608K, 65% used [0x0000000080000000,0x0000000082bdc6a8,0x0000000084300000)
 Metaspace       used 57582K, committed 58944K, reserved 1114112K
  class space    used 6217K, committed 6848K, reserved 1048576K
}
Event: 27.485 GC heap after
{Heap after GC invocations=35 (full 2):
 PSYoungGen      total 21504K, used 688K [0x00000000d5580000, 0x00000000d6c80000, 0x0000000100000000)
  eden space 20480K, 0% used [0x00000000d5580000,0x00000000d5580000,0x00000000d6980000)
  from space 1024K, 67% used [0x00000000d6980000,0x00000000d6a2c030,0x00000000d6a80000)
  to   space 1536K, 0% used [0x00000000d6b00000,0x00000000d6b00000,0x00000000d6c80000)
 ParOldGen       total 68608K, used 46547K [0x0000000080000000, 0x0000000084300000, 0x00000000d5580000)
  object space 68608K, 67% used [0x0000000080000000,0x0000000082d74dd0,0x0000000084300000)
 Metaspace       used 57582K, committed 58944K, reserved 1114112K
  class space    used 6217K, committed 6848K, reserved 1048576K
}
Event: 27.540 GC heap before
{Heap before GC invocations=36 (full 2):
 PSYoungGen      total 21504K, used 21168K [0x00000000d5580000, 0x00000000d6c80000, 0x0000000100000000)
  eden space 20480K, 100% used [0x00000000d5580000,0x00000000d6980000,0x00000000d6980000)
  from space 1024K, 67% used [0x00000000d6980000,0x00000000d6a2c030,0x00000000d6a80000)
  to   space 1536K, 0% used [0x00000000d6b00000,0x00000000d6b00000,0x00000000d6c80000)
 ParOldGen       total 68608K, used 46547K [0x0000000080000000, 0x0000000084300000, 0x00000000d5580000)
  object space 68608K, 67% used [0x0000000080000000,0x0000000082d74dd0,0x0000000084300000)
 Metaspace       used 57659K, committed 59008K, reserved 1114112K
  class space    used 6228K, committed 6848K, reserved 1048576K
}
Event: 27.542 GC heap after
{Heap after GC invocations=36 (full 2):
 PSYoungGen      total 21504K, used 623K [0x00000000d5580000, 0x00000000d6c00000, 0x0000000100000000)
  eden space 20480K, 0% used [0x00000000d5580000,0x00000000d5580000,0x00000000d6980000)
  from space 1024K, 60% used [0x00000000d6b00000,0x00000000d6b9bd68,0x00000000d6c00000)
  to   space 1024K, 0% used [0x00000000d6980000,0x00000000d6980000,0x00000000d6a80000)
 ParOldGen       total 68608K, used 47120K [0x0000000080000000, 0x0000000084300000, 0x00000000d5580000)
  object space 68608K, 68% used [0x0000000080000000,0x0000000082e041e0,0x0000000084300000)
 Metaspace       used 57659K, committed 59008K, reserved 1114112K
  class space    used 6228K, committed 6848K, reserved 1048576K
}
Event: 27.621 GC heap before
{Heap before GC invocations=37 (full 2):
 PSYoungGen      total 21504K, used 21103K [0x00000000d5580000, 0x00000000d6c00000, 0x0000000100000000)
  eden space 20480K, 100% used [0x00000000d5580000,0x00000000d6980000,0x00000000d6980000)
  from space 1024K, 60% used [0x00000000d6b00000,0x00000000d6b9bd68,0x00000000d6c00000)
  to   space 1024K, 0% used [0x00000000d6980000,0x00000000d6980000,0x00000000d6a80000)
 ParOldGen       total 68608K, used 47120K [0x0000000080000000, 0x0000000084300000, 0x00000000d5580000)
  object space 68608K, 68% used [0x0000000080000000,0x0000000082e041e0,0x0000000084300000)
 Metaspace       used 57715K, committed 59136K, reserved 1114112K
  class space    used 6239K, committed 6848K, reserved 1048576K
}
Event: 27.624 GC heap after
{Heap after GC invocations=37 (full 2):
 PSYoungGen      total 21504K, used 1000K [0x00000000d5580000, 0x00000000d6d80000, 0x0000000100000000)
  eden space 20480K, 0% used [0x00000000d5580000,0x00000000d5580000,0x00000000d6980000)
  from space 1024K, 97% used [0x00000000d6980000,0x00000000d6a7a098,0x00000000d6a80000)
  to   space 2048K, 0% used [0x00000000d6b80000,0x00000000d6b80000,0x00000000d6d80000)
 ParOldGen       total 68608K, used 47940K [0x0000000080000000, 0x0000000084300000, 0x00000000d5580000)
  object space 68608K, 69% used [0x0000000080000000,0x0000000082ed1390,0x0000000084300000)
 Metaspace       used 57715K, committed 59136K, reserved 1114112K
  class space    used 6239K, committed 6848K, reserved 1048576K
}
Event: 27.709 GC heap before
{Heap before GC invocations=38 (full 2):
 PSYoungGen      total 21504K, used 21480K [0x00000000d5580000, 0x00000000d6d80000, 0x0000000100000000)
  eden space 20480K, 100% used [0x00000000d5580000,0x00000000d6980000,0x00000000d6980000)
  from space 1024K, 97% used [0x00000000d6980000,0x00000000d6a7a098,0x00000000d6a80000)
  to   space 2048K, 0% used [0x00000000d6b80000,0x00000000d6b80000,0x00000000d6d80000)
 ParOldGen       total 68608K, used 47940K [0x0000000080000000, 0x0000000084300000, 0x00000000d5580000)
  object space 68608K, 69% used [0x0000000080000000,0x0000000082ed1390,0x0000000084300000)
 Metaspace       used 57771K, committed 59136K, reserved 1114112K
  class space    used 6241K, committed 6848K, reserved 1048576K
}
Event: 27.712 GC heap after
{Heap after GC invocations=38 (full 2):
 PSYoungGen      total 22016K, used 1147K [0x00000000d5580000, 0x00000000d6d00000, 0x0000000100000000)
  eden space 20480K, 0% used [0x00000000d5580000,0x00000000d5580000,0x00000000d6980000)
  from space 1536K, 74% used [0x00000000d6b80000,0x00000000d6c9eed8,0x00000000d6d00000)
  to   space 1536K, 0% used [0x00000000d6a00000,0x00000000d6a00000,0x00000000d6b80000)
 ParOldGen       total 68608K, used 48900K [0x0000000080000000, 0x0000000084300000, 0x00000000d5580000)
  object space 68608K, 71% used [0x0000000080000000,0x0000000082fc1200,0x0000000084300000)
 Metaspace       used 57771K, committed 59136K, reserved 1114112K
  class space    used 6241K, committed 6848K, reserved 1048576K
}
Event: 27.750 GC heap before
{Heap before GC invocations=39 (full 2):
 PSYoungGen      total 22016K, used 21627K [0x00000000d5580000, 0x00000000d6d00000, 0x0000000100000000)
  eden space 20480K, 100% used [0x00000000d5580000,0x00000000d6980000,0x00000000d6980000)
  from space 1536K, 74% used [0x00000000d6b80000,0x00000000d6c9eed8,0x00000000d6d00000)
  to   space 1536K, 0% used [0x00000000d6a00000,0x00000000d6a00000,0x00000000d6b80000)
 ParOldGen       total 68608K, used 48900K [0x0000000080000000, 0x0000000084300000, 0x00000000d5580000)
  object space 68608K, 71% used [0x0000000080000000,0x0000000082fc1200,0x0000000084300000)
 Metaspace       used 57779K, committed 59200K, reserved 1114112K
  class space    used 6242K, committed 6848K, reserved 1048576K
}
Event: 27.752 GC heap after
{Heap after GC invocations=39 (full 2):
 PSYoungGen      total 21504K, used 889K [0x00000000d5580000, 0x00000000d6c00000, 0x0000000100000000)
  eden space 20480K, 0% used [0x00000000d5580000,0x00000000d5580000,0x00000000d6980000)
  from space 1024K, 86% used [0x00000000d6a00000,0x00000000d6ade6b0,0x00000000d6b00000)
  to   space 1024K, 0% used [0x00000000d6b00000,0x00000000d6b00000,0x00000000d6c00000)
 ParOldGen       total 68608K, used 49787K [0x0000000080000000, 0x0000000084300000, 0x00000000d5580000)
  object space 68608K, 72% used [0x0000000080000000,0x000000008309efa0,0x0000000084300000)
 Metaspace       used 57779K, committed 59200K, reserved 1114112K
  class space    used 6242K, committed 6848K, reserved 1048576K
}
Event: 27.784 GC heap before
{Heap before GC invocations=40 (full 2):
 PSYoungGen      total 21504K, used 21369K [0x00000000d5580000, 0x00000000d6c00000, 0x0000000100000000)
  eden space 20480K, 100% used [0x00000000d5580000,0x00000000d6980000,0x00000000d6980000)
  from space 1024K, 86% used [0x00000000d6a00000,0x00000000d6ade6b0,0x00000000d6b00000)
  to   space 1024K, 0% used [0x00000000d6b00000,0x00000000d6b00000,0x00000000d6c00000)
 ParOldGen       total 68608K, used 49787K [0x0000000080000000, 0x0000000084300000, 0x00000000d5580000)
  object space 68608K, 72% used [0x0000000080000000,0x000000008309efa0,0x0000000084300000)
 Metaspace       used 57783K, committed 59200K, reserved 1114112K
  class space    used 6243K, committed 6848K, reserved 1048576K
}
Event: 27.787 GC heap after
{Heap after GC invocations=40 (full 2):
 PSYoungGen      total 21504K, used 873K [0x00000000d5580000, 0x00000000d6c00000, 0x0000000100000000)
  eden space 20480K, 0% used [0x00000000d5580000,0x00000000d5580000,0x00000000d6980000)
  from space 1024K, 85% used [0x00000000d6b00000,0x00000000d6bda568,0x00000000d6c00000)
  to   space 1024K, 0% used [0x00000000d6a00000,0x00000000d6a00000,0x00000000d6b00000)
 ParOldGen       total 68608K, used 50452K [0x0000000080000000, 0x0000000084300000, 0x00000000d5580000)
  object space 68608K, 73% used [0x0000000080000000,0x0000000083145168,0x0000000084300000)
 Metaspace       used 57783K, committed 59200K, reserved 1114112K
  class space    used 6243K, committed 6848K, reserved 1048576K
}
Event: 27.826 GC heap before
{Heap before GC invocations=41 (full 2):
 PSYoungGen      total 21504K, used 21353K [0x00000000d5580000, 0x00000000d6c00000, 0x0000000100000000)
  eden space 20480K, 100% used [0x00000000d5580000,0x00000000d6980000,0x00000000d6980000)
  from space 1024K, 85% used [0x00000000d6b00000,0x00000000d6bda568,0x00000000d6c00000)
  to   space 1024K, 0% used [0x00000000d6a00000,0x00000000d6a00000,0x00000000d6b00000)
 ParOldGen       total 68608K, used 50452K [0x0000000080000000, 0x0000000084300000, 0x00000000d5580000)
  object space 68608K, 73% used [0x0000000080000000,0x0000000083145168,0x0000000084300000)
 Metaspace       used 57865K, committed 59264K, reserved 1114112K
  class space    used 6251K, committed 6848K, reserved 1048576K
}
Event: 27.828 GC heap after
{Heap after GC invocations=41 (full 2):
 PSYoungGen      total 21504K, used 704K [0x00000000d5580000, 0x00000000d6b80000, 0x0000000100000000)
  eden space 20480K, 0% used [0x00000000d5580000,0x00000000d5580000,0x00000000d6980000)
  from space 1024K, 68% used [0x00000000d6a00000,0x00000000d6ab0000,0x00000000d6b00000)
  to   space 512K, 0% used [0x00000000d6b00000,0x00000000d6b00000,0x00000000d6b80000)
 ParOldGen       total 68608K, used 51121K [0x0000000080000000, 0x0000000084300000, 0x00000000d5580000)
  object space 68608K, 74% used [0x0000000080000000,0x00000000831ec430,0x0000000084300000)
 Metaspace       used 57865K, committed 59264K, reserved 1114112K
  class space    used 6251K, committed 6848K, reserved 1048576K
}

Dll operation events (10 events):
Event: 0.040 Loaded shared library c:\Users\TUF\.vscode\extensions\redhat.java-1.54.0-win32-x64\jre\21.0.10-win32-x86_64\bin\java.dll
Event: 0.231 Loaded shared library c:\Users\TUF\.vscode\extensions\redhat.java-1.54.0-win32-x64\jre\21.0.10-win32-x86_64\bin\zip.dll
Event: 0.326 Loaded shared library C:\Users\TUF\.vscode\extensions\redhat.java-1.54.0-win32-x64\jre\21.0.10-win32-x86_64\bin\instrument.dll
Event: 0.348 Loaded shared library C:\Users\TUF\.vscode\extensions\redhat.java-1.54.0-win32-x64\jre\21.0.10-win32-x86_64\bin\net.dll
Event: 0.354 Loaded shared library C:\Users\TUF\.vscode\extensions\redhat.java-1.54.0-win32-x64\jre\21.0.10-win32-x86_64\bin\nio.dll
Event: 0.361 Loaded shared library C:\Users\TUF\.vscode\extensions\redhat.java-1.54.0-win32-x64\jre\21.0.10-win32-x86_64\bin\zip.dll
Event: 0.424 Loaded shared library C:\Users\TUF\.vscode\extensions\redhat.java-1.54.0-win32-x64\jre\21.0.10-win32-x86_64\bin\jimage.dll
Event: 0.651 Loaded shared library c:\Users\TUF\.vscode\extensions\redhat.java-1.54.0-win32-x64\jre\21.0.10-win32-x86_64\bin\verify.dll
Event: 7.450 Loaded shared library C:\Users\TUF\AppData\Roaming\Code\User\globalStorage\redhat.java\1.54.0\config_win\org.eclipse.equinox.launcher\org.eclipse.equinox.launcher.win32.win32.x86_64_1.3.0.v20260203-2149\eclipse_11919.dll
Event: 13.248 Loaded shared library C:\Users\TUF\AppData\Local\Temp\jna-83429\jna12795649195378468685.dll

Deoptimization events (20 events):
Event: 27.409 Thread 0x00000218770a37e0 DEOPT UNPACKING pc=0x00000218213a4242 sp=0x00000018d39fd530 mode 0
Event: 27.544 Thread 0x000002186fb30b70 Uncommon trap: trap_request=0xffffff45 fr.pc=0x0000021821ba9820 relative=0x00000000000005c0
Event: 27.544 Thread 0x000002186fb30b70 Uncommon trap: reason=unstable_if action=reinterpret pc=0x0000021821ba9820 method=java.util.concurrent.ConcurrentHashMap.replaceNode(Ljava/lang/Object;Ljava/lang/Object;Ljava/lang/Object;)Ljava/lang/Object; @ 167 c2
Event: 27.544 Thread 0x000002186fb30b70 DEOPT PACKING pc=0x0000021821ba9820 sp=0x00000018d20fdd70
Event: 27.544 Thread 0x000002186fb30b70 DEOPT UNPACKING pc=0x00000218213a3aa2 sp=0x00000018d20fdcd8 mode 2
Event: 27.605 Thread 0x00000218770a4b90 Uncommon trap: trap_request=0xfffffff4 fr.pc=0x0000021821cdda1c relative=0x000000000000093c
Event: 27.605 Thread 0x00000218770a4b90 Uncommon trap: reason=null_check action=make_not_entrant pc=0x0000021821cdda1c method=java.util.ArrayList$SubList.equals(Ljava/lang/Object;)Z @ 8 c2
Event: 27.605 Thread 0x00000218770a4b90 DEOPT PACKING pc=0x0000021821cdda1c sp=0x00000018d38fe4b0
Event: 27.605 Thread 0x00000218770a4b90 DEOPT UNPACKING pc=0x00000218213a3aa2 sp=0x00000018d38fe458 mode 2
Event: 27.641 Thread 0x00000218770a4b90 DEOPT PACKING pc=0x000002181a72b967 sp=0x00000018d38fdf50
Event: 27.641 Thread 0x00000218770a4b90 DEOPT UNPACKING pc=0x00000218213a4242 sp=0x00000018d38fd4c0 mode 0
Event: 27.666 Thread 0x00000218770a4b90 Uncommon trap: trap_request=0xffffff45 fr.pc=0x0000021821cf0db4 relative=0x00000000000006d4
Event: 27.666 Thread 0x00000218770a4b90 Uncommon trap: reason=unstable_if action=reinterpret pc=0x0000021821cf0db4 method=java.util.ArrayList.equalsRange(Ljava/util/List;II)Z @ 76 c2
Event: 27.666 Thread 0x00000218770a4b90 DEOPT PACKING pc=0x0000021821cf0db4 sp=0x00000018d38fe3b0
Event: 27.666 Thread 0x00000218770a4b90 DEOPT UNPACKING pc=0x00000218213a3aa2 sp=0x00000018d38fe360 mode 2
Event: 27.732 Thread 0x000002186fb30b70 DEOPT PACKING pc=0x000002181a72b967 sp=0x00000018d20fdf20
Event: 27.732 Thread 0x000002186fb30b70 DEOPT UNPACKING pc=0x00000218213a4242 sp=0x00000018d20fd490 mode 0
Event: 27.828 Thread 0x000002186fb2f130 Uncommon trap: trap_request=0xffffff45 fr.pc=0x0000021821aa7270 relative=0x00000000000001f0
Event: 27.829 Thread 0x000002186fb2f130 Uncommon trap: reason=unstable_if action=reinterpret pc=0x0000021821aa7270 method=java.util.concurrent.locks.ReentrantLock$Sync.lock()V @ 4 c2
Event: 27.829 Thread 0x000002186fb2f130 DEOPT PACKING pc=0x0000021821aa7270 sp=0x00000018d27fe210

Classes loaded (20 events):
Event: 26.416 Loading class java/util/WeakHashMap$KeyIterator
Event: 26.416 Loading class java/util/WeakHashMap$KeyIterator done
Event: 26.740 Loading class java/util/concurrent/CompletableFuture$UniApply
Event: 26.740 Loading class java/util/concurrent/CompletableFuture$UniApply done
Event: 26.745 Loading class java/util/concurrent/CompletableFuture$UniExceptionally
Event: 26.745 Loading class java/util/concurrent/CompletableFuture$UniExceptionally done
Event: 26.825 Loading class javax/xml/transform/TransformerConfigurationException
Event: 26.825 Loading class javax/xml/transform/TransformerConfigurationException done
Event: 26.906 Loading class java/util/ImmutableCollections$SubList
Event: 26.906 Loading class java/util/ImmutableCollections$SubList done
Event: 27.079 Loading class java/lang/Throwable$WrappedPrintWriter
Event: 27.079 Loading class java/lang/Throwable$PrintStreamOrWriter
Event: 27.080 Loading class java/lang/Throwable$PrintStreamOrWriter done
Event: 27.080 Loading class java/lang/Throwable$WrappedPrintWriter done
Event: 27.275 Loading class java/util/Hashtable$KeySet
Event: 27.275 Loading class java/util/Hashtable$KeySet done
Event: 27.329 Loading class java/lang/UnsupportedClassVersionError
Event: 27.329 Loading class java/lang/UnsupportedClassVersionError done
Event: 27.482 Loading class java/util/concurrent/ForkJoinTask$AdaptedCallable
Event: 27.482 Loading class java/util/concurrent/ForkJoinTask$AdaptedCallable done

Classes unloaded (7 events):
Event: 14.543 Thread 0x0000021816bb4980 Unloading class 0x000002182f1aac00 'java/lang/invoke/LambdaForm$MH+0x000002182f1aac00'
Event: 14.543 Thread 0x0000021816bb4980 Unloading class 0x000002182f1aa800 'java/lang/invoke/LambdaForm$MH+0x000002182f1aa800'
Event: 14.543 Thread 0x0000021816bb4980 Unloading class 0x000002182f1aa400 'java/lang/invoke/LambdaForm$MH+0x000002182f1aa400'
Event: 14.543 Thread 0x0000021816bb4980 Unloading class 0x000002182f1aa000 'java/lang/invoke/LambdaForm$MH+0x000002182f1aa000'
Event: 14.543 Thread 0x0000021816bb4980 Unloading class 0x000002182f1a9c00 'java/lang/invoke/LambdaForm$BMH+0x000002182f1a9c00'
Event: 14.543 Thread 0x0000021816bb4980 Unloading class 0x000002182f1a9800 'java/lang/invoke/LambdaForm$DMH+0x000002182f1a9800'
Event: 14.543 Thread 0x0000021816bb4980 Unloading class 0x000002182f1a8400 'java/lang/invoke/LambdaForm$DMH+0x000002182f1a8400'

Classes redefined (0 events):
No events

Internal exceptions (20 events):
Event: 26.627 Thread 0x000002187724da20 Exception <a 'sun/nio/fs/WindowsException'{0x00000000d5bc04e8}> (0x00000000d5bc04e8) 
thrown [s\src\hotspot\share\prims\jni.cpp, line 520]
Event: 26.627 Thread 0x000002187724da20 Exception <a 'sun/nio/fs/WindowsException'{0x00000000d5bc0b18}> (0x00000000d5bc0b18) 
thrown [s\src\hotspot\share\prims\jni.cpp, line 520]
Event: 26.629 Thread 0x000002187724da20 Exception <a 'java/lang/IncompatibleClassChangeError'{0x00000000d5bde950}: Found class java.lang.Object, but interface was expected> (0x00000000d5bde950) 
thrown [s\src\hotspot\share\interpreter\linkResolver.cpp, line 840]
Event: 26.646 Thread 0x000002186fb31200 Implicit null exception at 0x0000021821a1d144 to 0x0000021821a1d6ac
Event: 26.711 Thread 0x000002186fb30b70 Exception <a 'java/lang/NoSuchMethodError'{0x00000000d5c8f570}: 'int java.lang.invoke.DirectMethodHandle$Holder.invokeStatic(java.lang.Object)'> (0x00000000d5c8f570) 
thrown [s\src\hotspot\share\interpreter\linkResolver.cpp, line 773]
Event: 26.763 Thread 0x000002187724da20 Exception <a 'java/lang/IncompatibleClassChangeError'{0x00000000d5d15848}: Found class java.lang.Object, but interface was expected> (0x00000000d5d15848) 
thrown [s\src\hotspot\share\interpreter\linkResolver.cpp, line 840]
Event: 26.811 Thread 0x000002187724da20 Exception <a 'java/lang/IncompatibleClassChangeError'{0x00000000d5ec7ae8}: Found class java.lang.Object, but interface was expected> (0x00000000d5ec7ae8) 
thrown [s\src\hotspot\share\interpreter\linkResolver.cpp, line 840]
Event: 26.851 Thread 0x000002186fb30b70 Exception <a 'java/io/FileNotFoundException'{0x00000000d615ab10}> (0x00000000d615ab10) 
thrown [s\src\hotspot\share\prims\jni.cpp, line 520]
Event: 26.852 Thread 0x000002186fb30b70 Exception <a 'java/io/FileNotFoundException'{0x00000000d615be90}> (0x00000000d615be90) 
thrown [s\src\hotspot\share\prims\jni.cpp, line 520]
Event: 26.852 Thread 0x000002186fb30b70 Exception <a 'java/io/FileNotFoundException'{0x00000000d61c4c48}> (0x00000000d61c4c48) 
thrown [s\src\hotspot\share\prims\jni.cpp, line 520]
Event: 27.016 Thread 0x000002186fb2fe50 Exception <a 'java/lang/NoSuchMethodError'{0x00000000d56683a8}: 'java.lang.Object java.lang.invoke.DirectMethodHandle$Holder.invokeSpecial(java.lang.Object, java.lang.Object, int, long)'> (0x00000000d56683a8) 
thrown [s\src\hotspot\share\interpreter\linkResolver.cpp, line 773]
Event: 27.073 Thread 0x000002187724da20 Exception <a 'java/lang/IncompatibleClassChangeError'{0x00000000d57cb6d0}: Found class java.lang.Object, but interface was expected> (0x00000000d57cb6d0) 
thrown [s\src\hotspot\share\interpreter\linkResolver.cpp, line 840]
Event: 27.078 Thread 0x000002187724da20 Exception <a 'java/lang/IncompatibleClassChangeError'{0x00000000d57dbb68}: Found class java.lang.Object, but interface was expected> (0x00000000d57dbb68) 
thrown [s\src\hotspot\share\interpreter\linkResolver.cpp, line 840]
Event: 27.162 Thread 0x00000218770a2430 Exception <a 'java/lang/ArrayIndexOutOfBoundsException'{0x00000000d5ff07b0}: Index 80 out of bounds for length 79> (0x00000000d5ff07b0) 
thrown [s\src\hotspot\share\interpreter\interpreterRuntime.cpp, line 439]
Event: 27.350 Thread 0x00000218770a37e0 Exception <a 'java/lang/NoSuchMethodError'{0x00000000d5bed9c0}: 'int java.lang.invoke.Invokers$Holder.invokeExact_MT(java.lang.Object, java.lang.Object)'> (0x00000000d5bed9c0) 
thrown [s\src\hotspot\share\interpreter\linkResolver.cpp, line 773]
Event: 27.479 Thread 0x000002186fb30b70 Exception <a 'sun/nio/fs/WindowsException'{0x00000000d67c0e20}> (0x00000000d67c0e20) 
thrown [s\src\hotspot\share\prims\jni.cpp, line 520]
Event: 27.486 Thread 0x00000218770a86a0 Exception <a 'sun/nio/fs/WindowsException'{0x00000000d5605ae0}> (0x00000000d5605ae0) 
thrown [s\src\hotspot\share\prims\jni.cpp, line 520]
Event: 27.488 Thread 0x00000218770a86a0 Exception <a 'sun/nio/fs/WindowsException'{0x00000000d560aee8}> (0x00000000d560aee8) 
thrown [s\src\hotspot\share\prims\jni.cpp, line 520]
Event: 27.490 Thread 0x00000218770a8d30 Exception <a 'sun/nio/fs/WindowsException'{0x00000000d5683028}> (0x00000000d5683028) 
thrown [s\src\hotspot\share\prims\jni.cpp, line 520]
Event: 27.605 Thread 0x00000218770a4b90 Implicit null exception at 0x0000021821cdd128 to 0x0000021821cdda0c

ZGC Phase Switch (0 events):
No events

VM Operations (20 events):
Event: 27.324 Executing safepoint VM operation: ParallelGCFailedAllocation (Allocation Failure) done
Event: 27.342 Executing non-safepoint VM operation: HandshakeAllThreads (Deoptimize)
Event: 27.343 Executing non-safepoint VM operation: HandshakeAllThreads (Deoptimize) done
Event: 27.411 Executing safepoint VM operation: ParallelGCFailedAllocation (Allocation Failure)
Event: 27.414 Executing safepoint VM operation: ParallelGCFailedAllocation (Allocation Failure) done
Event: 27.483 Executing safepoint VM operation: ParallelGCFailedAllocation (Allocation Failure)
Event: 27.485 Executing safepoint VM operation: ParallelGCFailedAllocation (Allocation Failure) done
Event: 27.539 Executing safepoint VM operation: ParallelGCFailedAllocation (Allocation Failure)
Event: 27.542 Executing safepoint VM operation: ParallelGCFailedAllocation (Allocation Failure) done
Event: 27.621 Executing safepoint VM operation: ParallelGCFailedAllocation (Allocation Failure)
Event: 27.624 Executing safepoint VM operation: ParallelGCFailedAllocation (Allocation Failure) done
Event: 27.708 Executing safepoint VM operation: ParallelGCFailedAllocation (Allocation Failure)
Event: 27.712 Executing safepoint VM operation: ParallelGCFailedAllocation (Allocation Failure) done
Event: 27.750 Executing safepoint VM operation: ParallelGCFailedAllocation (Allocation Failure)
Event: 27.752 Executing safepoint VM operation: ParallelGCFailedAllocation (Allocation Failure) done
Event: 27.784 Executing safepoint VM operation: ParallelGCFailedAllocation (Allocation Failure)
Event: 27.787 Executing safepoint VM operation: ParallelGCFailedAllocation (Allocation Failure) done
Event: 27.825 Executing safepoint VM operation: ParallelGCFailedAllocation (Allocation Failure)
Event: 27.828 Executing safepoint VM operation: ParallelGCFailedAllocation (Allocation Failure) done
Event: 27.931 Executing safepoint VM operation: ParallelGCFailedAllocation (Allocation Failure)

Memory protections (0 events):
No events

Nmethod flushes (20 events):
Event: 18.091 Thread 0x0000021816bb4980 flushing  nmethod 0x000002181a45f090
Event: 18.091 Thread 0x0000021816bb4980 flushing  nmethod 0x000002181a45f990
Event: 18.091 Thread 0x0000021816bb4980 flushing  nmethod 0x000002181a460b90
Event: 18.091 Thread 0x0000021816bb4980 flushing  nmethod 0x000002181a461390
Event: 18.091 Thread 0x0000021816bb4980 flushing  nmethod 0x000002181a463090
Event: 18.091 Thread 0x0000021816bb4980 flushing  nmethod 0x000002181a464510
Event: 18.091 Thread 0x0000021816bb4980 flushing  nmethod 0x000002181a464e10
Event: 18.091 Thread 0x0000021816bb4980 flushing  nmethod 0x000002181a466010
Event: 18.091 Thread 0x0000021816bb4980 flushing  nmethod 0x000002181a466490
Event: 18.091 Thread 0x0000021816bb4980 flushing  nmethod 0x000002181a467210
Event: 18.091 Thread 0x0000021816bb4980 flushing  nmethod 0x000002181a467b90
Event: 18.091 Thread 0x0000021816bb4980 flushing  nmethod 0x000002181a4b8e90
Event: 18.091 Thread 0x0000021816bb4980 flushing  nmethod 0x000002181a4b9190
Event: 18.091 Thread 0x0000021816bb4980 flushing  nmethod 0x000002181a50d110
Event: 18.091 Thread 0x0000021816bb4980 flushing  nmethod 0x000002181a529290
Event: 18.091 Thread 0x0000021816bb4980 flushing  nmethod 0x000002181a53b910
Event: 18.091 Thread 0x0000021816bb4980 flushing  nmethod 0x000002181a55cd10
Event: 18.091 Thread 0x0000021816bb4980 flushing  nmethod 0x000002181a579d90
Event: 18.091 Thread 0x0000021816bb4980 flushing  nmethod 0x000002181a57a210
Event: 18.091 Thread 0x0000021816bb4980 flushing  nmethod 0x000002181a592910

Events (20 events):
Event: 25.526 Thread 0x0000021875bb85f0 Thread exited: 0x0000021875bb85f0
Event: 25.567 Thread 0x0000021816cd14e0 Thread added: 0x000002187654e000
Event: 25.857 Thread 0x000002187654e000 Thread exited: 0x000002187654e000
Event: 26.456 Thread 0x000002186fb2f7c0 Thread added: 0x00000218770a3150
Event: 26.488 Thread 0x0000021816cd9030 Thread added: 0x0000021875bb85f0
Event: 26.745 Thread 0x000002187724da20 Thread added: 0x00000218770a4b90
Event: 26.750 Thread 0x000002187724da20 Thread added: 0x00000218770a37e0
Event: 26.755 Thread 0x00000218770a37e0 Thread added: 0x00000218770a3e70
Event: 26.759 Thread 0x00000218770a3e70 Thread added: 0x00000218770a2430
Event: 26.769 Thread 0x000002187724da20 Thread added: 0x00000218770a4500
Event: 26.882 Thread 0x0000021816cd9030 Thread added: 0x000002186f9ed910
Event: 27.135 Thread 0x000002187724da20 Thread added: 0x00000218770a7980
Event: 27.139 Thread 0x000002187724da20 Thread added: 0x00000218770a8010
Event: 27.485 Thread 0x000002186fb30b70 Thread added: 0x00000218770a86a0
Event: 27.487 Thread 0x00000218770a86a0 Thread added: 0x00000218770a8d30
Event: 27.489 Thread 0x00000218770a8d30 Thread added: 0x00000218770a5f40
Event: 27.490 Thread 0x00000218770a86a0 Thread added: 0x00000218770a93c0
Event: 27.491 Thread 0x00000218770a8d30 Thread added: 0x00000218770a9a50
Event: 27.527 Thread 0x000002186fb30b70 Thread added: 0x00000218770a65d0
Event: 27.527 Thread 0x000002186fb30b70 Thread added: 0x00000218770a6c60


Dynamic libraries:
0x00007ff777d80000 - 0x00007ff777d8e000 	c:\Users\TUF\.vscode\extensions\redhat.java-1.54.0-win32-x64\jre\21.0.10-win32-x86_64\bin\java.exe
0x00007ff848000000 - 0x00007ff848267000 	C:\WINDOWS\SYSTEM32\ntdll.dll
0x00007ff846860000 - 0x00007ff846929000 	C:\WINDOWS\System32\KERNEL32.DLL
0x00007ff844c40000 - 0x00007ff845037000 	C:\WINDOWS\System32\KERNELBASE.dll
0x00007ff844af0000 - 0x00007ff844c3b000 	C:\WINDOWS\System32\ucrtbase.dll
0x00007ff835d00000 - 0x00007ff835d18000 	c:\Users\TUF\.vscode\extensions\redhat.java-1.54.0-win32-x64\jre\21.0.10-win32-x86_64\bin\jli.dll
0x00007ff82cd60000 - 0x00007ff82cd7e000 	c:\Users\TUF\.vscode\extensions\redhat.java-1.54.0-win32-x64\jre\21.0.10-win32-x86_64\bin\VCRUNTIME140.dll
0x00007ff846d20000 - 0x00007ff846ee6000 	C:\WINDOWS\System32\USER32.dll
0x00007ff836ee0000 - 0x00007ff837172000 	C:\WINDOWS\WinSxS\amd64_microsoft.windows.common-controls_6595b64144ccf1df_6.0.26100.8457_none_3e0b2faee331e92d\COMCTL32.dll
0x00007ff844a30000 - 0x00007ff844a57000 	C:\WINDOWS\System32\win32u.dll
0x00007ff846420000 - 0x00007ff8464c9000 	C:\WINDOWS\System32\msvcrt.dll
0x00007ff847650000 - 0x00007ff84767b000 	C:\WINDOWS\System32\GDI32.dll
0x00007ff845c50000 - 0x00007ff845d7c000 	C:\WINDOWS\System32\gdi32full.dll
0x00007ff845040000 - 0x00007ff8450e3000 	C:\WINDOWS\System32\msvcp_win.dll
0x00007ff845dc0000 - 0x00007ff845df2000 	C:\WINDOWS\System32\IMM32.DLL
0x00007ff839990000 - 0x00007ff83999c000 	c:\Users\TUF\.vscode\extensions\redhat.java-1.54.0-win32-x64\jre\21.0.10-win32-x86_64\bin\vcruntime140_1.dll
0x00007ff8255f0000 - 0x00007ff82567d000 	c:\Users\TUF\.vscode\extensions\redhat.java-1.54.0-win32-x64\jre\21.0.10-win32-x86_64\bin\msvcp140.dll
0x00007fff7f960000 - 0x00007fff80701000 	c:\Users\TUF\.vscode\extensions\redhat.java-1.54.0-win32-x64\jre\21.0.10-win32-x86_64\bin\server\jvm.dll
0x00007ff8467a0000 - 0x00007ff846856000 	C:\WINDOWS\System32\ADVAPI32.dll
0x00007ff845f90000 - 0x00007ff846037000 	C:\WINDOWS\System32\sechost.dll
0x00007ff846300000 - 0x00007ff846418000 	C:\WINDOWS\System32\RPCRT4.dll
0x00007ff846220000 - 0x00007ff8462a0000 	C:\WINDOWS\System32\WS2_32.dll
0x00007ff844890000 - 0x00007ff8448ee000 	C:\WINDOWS\SYSTEM32\POWRPROF.dll
0x00007ff83d040000 - 0x00007ff83d04b000 	C:\WINDOWS\SYSTEM32\VERSION.dll
0x00007ff839a70000 - 0x00007ff839aa6000 	C:\WINDOWS\SYSTEM32\WINMM.dll
0x00007ff844870000 - 0x00007ff844884000 	C:\WINDOWS\SYSTEM32\UMPDC.dll
0x00007ff8437c0000 - 0x00007ff8437db000 	C:\WINDOWS\SYSTEM32\kernel.appcore.dll
0x00007ff836bc0000 - 0x00007ff836bca000 	c:\Users\TUF\.vscode\extensions\redhat.java-1.54.0-win32-x64\jre\21.0.10-win32-x86_64\bin\jimage.dll
0x00007ff8427f0000 - 0x00007ff842a32000 	C:\WINDOWS\SYSTEM32\DBGHELP.DLL
0x00007ff846990000 - 0x00007ff846d13000 	C:\WINDOWS\System32\combase.dll
0x00007ff846560000 - 0x00007ff846639000 	C:\WINDOWS\System32\OLEAUT32.dll
0x00007ff80c470000 - 0x00007ff80c4ab000 	C:\WINDOWS\SYSTEM32\dbgcore.DLL
0x00007ff845ba0000 - 0x00007ff845c48000 	C:\WINDOWS\System32\bcryptPrimitives.dll
0x00007ff836b60000 - 0x00007ff836b6f000 	c:\Users\TUF\.vscode\extensions\redhat.java-1.54.0-win32-x64\jre\21.0.10-win32-x86_64\bin\instrument.dll
0x00007ff82cb80000 - 0x00007ff82cba0000 	c:\Users\TUF\.vscode\extensions\redhat.java-1.54.0-win32-x64\jre\21.0.10-win32-x86_64\bin\java.dll
0x00007ff847840000 - 0x00007ff847fae000 	C:\WINDOWS\System32\SHELL32.dll
0x00007ff8450f0000 - 0x00007ff84595c000 	C:\WINDOWS\System32\windows.storage.dll
0x00007ff845e00000 - 0x00007ff845ef6000 	C:\WINDOWS\System32\SHCORE.dll
0x00007ff846f00000 - 0x00007ff846f66000 	C:\WINDOWS\System32\shlwapi.dll
0x00007ff844950000 - 0x00007ff844979000 	C:\WINDOWS\SYSTEM32\profapi.dll
0x00007ff82cb60000 - 0x00007ff82cb78000 	c:\Users\TUF\.vscode\extensions\redhat.java-1.54.0-win32-x64\jre\21.0.10-win32-x86_64\bin\zip.dll
0x00007ff836700000 - 0x00007ff836710000 	C:\Users\TUF\.vscode\extensions\redhat.java-1.54.0-win32-x64\jre\21.0.10-win32-x86_64\bin\net.dll
0x00007ff83f5f0000 - 0x00007ff83f719000 	C:\WINDOWS\SYSTEM32\WINHTTP.dll
0x00007ff843d30000 - 0x00007ff843d9c000 	C:\WINDOWS\system32\mswsock.dll
0x00007ff82a810000 - 0x00007ff82a826000 	C:\Users\TUF\.vscode\extensions\redhat.java-1.54.0-win32-x64\jre\21.0.10-win32-x86_64\bin\nio.dll
0x00007ff82cc10000 - 0x00007ff82cc20000 	c:\Users\TUF\.vscode\extensions\redhat.java-1.54.0-win32-x64\jre\21.0.10-win32-x86_64\bin\verify.dll
0x00007fffcf730000 - 0x00007fffcf775000 	C:\Users\TUF\AppData\Roaming\Code\User\globalStorage\redhat.java\1.54.0\config_win\org.eclipse.equinox.launcher\org.eclipse.equinox.launcher.win32.win32.x86_64_1.3.0.v20260203-2149\eclipse_11919.dll
0x00007ff847400000 - 0x00007ff847597000 	C:\WINDOWS\System32\ole32.dll
0x00007ff844010000 - 0x00007ff84402b000 	C:\WINDOWS\SYSTEM32\CRYPTSP.dll
0x00007ff843720000 - 0x00007ff843759000 	C:\WINDOWS\system32\rsaenh.dll
0x00007ff843de0000 - 0x00007ff843e13000 	C:\WINDOWS\SYSTEM32\USERENV.dll
0x00007ff844920000 - 0x00007ff84494a000 	C:\WINDOWS\SYSTEM32\bcrypt.dll
0x00007ff844030000 - 0x00007ff84403c000 	C:\WINDOWS\SYSTEM32\CRYPTBASE.dll
0x00007ff8431e0000 - 0x00007ff843212000 	C:\WINDOWS\SYSTEM32\IPHLPAPI.DLL
0x00007ff846ef0000 - 0x00007ff846efa000 	C:\WINDOWS\System32\NSI.dll
0x00007fffcfb80000 - 0x00007fffcfbc9000 	C:\Users\TUF\AppData\Local\Temp\jna-83429\jna12795649195378468685.dll
0x00007ff8475c0000 - 0x00007ff8475c8000 	C:\WINDOWS\System32\PSAPI.DLL
0x00007ff83f7f0000 - 0x00007ff83f80d000 	C:\WINDOWS\SYSTEM32\dhcpcsvc6.DLL
0x00007ff83f720000 - 0x00007ff83f745000 	C:\WINDOWS\SYSTEM32\dhcpcsvc.DLL

JVMTI agents:
c:\Users\TUF\.vscode\extensions\redhat.java-1.54.0-win32-x64\lombok\lombok-1.18.39-4050.jar path:c:\Users\TUF\.vscode\extensions\redhat.java-1.54.0-win32-x64\jre\21.0.10-win32-x86_64\bin\instrument.dll, loaded, initialized, instrumentlib options:none

dbghelp: loaded successfully - version: 4.0.5 - missing functions: none
symbol engine: initialized successfully - sym options: 0x614 - pdb path: .;c:\Users\TUF\.vscode\extensions\redhat.java-1.54.0-win32-x64\jre\21.0.10-win32-x86_64\bin;C:\WINDOWS\SYSTEM32;C:\WINDOWS\WinSxS\amd64_microsoft.windows.common-controls_6595b64144ccf1df_6.0.26100.8457_none_3e0b2faee331e92d;c:\Users\TUF\.vscode\extensions\redhat.java-1.54.0-win32-x64\jre\21.0.10-win32-x86_64\bin\server;C:\Users\TUF\AppData\Roaming\Code\User\globalStorage\redhat.java\1.54.0\config_win\org.eclipse.equinox.launcher\org.eclipse.equinox.launcher.win32.win32.x86_64_1.3.0.v20260203-2149;C:\Users\TUF\AppData\Local\Temp\jna-83429

VM Arguments:
jvm_args: --add-modules=ALL-SYSTEM --add-opens=java.base/java.util=ALL-UNNAMED --add-opens=java.base/java.lang=ALL-UNNAMED --add-opens=java.base/sun.nio.fs=ALL-UNNAMED -Declipse.application=org.eclipse.jdt.ls.core.id1 -Dosgi.bundles.defaultStartLevel=4 -Declipse.product=org.eclipse.jdt.ls.core.product -Djava.import.generatesMetadataFilesAtProjectRoot=false -DDetectVMInstallationsJob.disabled=true -Dfile.encoding=utf8 -XX:+UseParallelGC -XX:GCTimeRatio=4 -XX:AdaptiveSizePolicyWeight=90 -Dsun.zip.disableMemoryMapping=true -Xmx2G -Xms100m -Xlog:disable -javaagent:c:\Users\TUF\.vscode\extensions\redhat.java-1.54.0-win32-x64\lombok\lombok-1.18.39-4050.jar -XX:+HeapDumpOnOutOfMemoryError -XX:HeapDumpPath=c:\Users\TUF\AppData\Roaming\Code\User\workspaceStorage\9666aa7d0958d0b855e21311c80c4bb9\redhat.java -Daether.dependencyCollector.impl=bf 
java_command: c:\Users\TUF\.vscode\extensions\redhat.java-1.54.0-win32-x64\server\plugins\org.eclipse.equinox.launcher_1.7.100.v20251111-0406.jar -configuration c:\Users\TUF\AppData\Roaming\Code\User\globalStorage\redhat.java\1.54.0\config_win -data c:\Users\TUF\AppData\Roaming\Code\User\workspaceStorage\9666aa7d0958d0b855e21311c80c4bb9\redhat.java\jdt_ws --pipe=\\.\pipe\lsp-d544251c744793609644301f2b3e7079-sock
java_class_path (initial): c:\Users\TUF\.vscode\extensions\redhat.java-1.54.0-win32-x64\server\plugins\org.eclipse.equinox.launcher_1.7.100.v20251111-0406.jar
Launcher Type: SUN_STANDARD

[Global flags]
    uintx AdaptiveSizePolicyWeight                 = 90                                        {product} {command line}
     intx CICompilerCount                          = 4                                         {product} {ergonomic}
    uintx GCTimeRatio                              = 4                                         {product} {command line}
     bool HeapDumpOnOutOfMemoryError               = true                                   {manageable} {command line}
    ccstr HeapDumpPath                             = c:\Users\TUF\AppData\Roaming\Code\User\workspaceStorage\9666aa7d0958d0b855e21311c80c4bb9\redhat.java         {manageable} {command line}
   size_t InitialHeapSize                          = 104857600                                 {product} {command line}
   size_t MaxHeapSize                              = 2147483648                                {product} {command line}
   size_t MaxNewSize                               = 715653120                                 {product} {ergonomic}
   size_t MinHeapDeltaBytes                        = 524288                                    {product} {ergonomic}
   size_t MinHeapSize                              = 104857600                                 {product} {command line}
   size_t NewSize                                  = 34603008                                  {product} {ergonomic}
    uintx NonNMethodCodeHeapSize                   = 5839372                                {pd product} {ergonomic}
    uintx NonProfiledCodeHeapSize                  = 122909434                              {pd product} {ergonomic}
   size_t OldSize                                  = 70254592                                  {product} {ergonomic}
    uintx ProfiledCodeHeapSize                     = 122909434                              {pd product} {ergonomic}
    uintx ReservedCodeCacheSize                    = 251658240                              {pd product} {ergonomic}
     bool SegmentedCodeCache                       = true                                      {product} {ergonomic}
   size_t SoftMaxHeapSize                          = 2147483648                             {manageable} {ergonomic}
     bool UseCompressedOops                        = true                           {product lp64_product} {ergonomic}
     bool UseLargePagesIndividualAllocation        = false                                  {pd product} {ergonomic}
     bool UseParallelGC                            = true                                      {product} {command line}

Logging:
Log output configuration:
 #0: stdout all=off uptime,level,tags foldmultilines=false
 #1: stderr all=off uptime,level,tags foldmultilines=false

Release file:
JAVA_VERSION="21.0.10" 
MODULES="java.base java.compiler java.datatransfer java.xml java.prefs java.desktop java.instrument java.logging java.management java.security.sasl java.naming java.rmi java.management.rmi java.net.http java.scripting java.security.jgss java.transaction.xa java.sql java.sql.rowset java.xml.crypto java.se java.smartcardio jdk.accessibility jdk.internal.jvmstat jdk.attach jdk.charsets jdk.internal.opt jdk.zipfs jdk.compiler jdk.crypto.ec jdk.crypto.cryptoki jdk.crypto.mscapi jdk.dynalink jdk.internal.ed jdk.editpad jdk.hotspot.agent jdk.httpserver jdk.internal.le jdk.internal.vm.ci jdk.internal.vm.compiler jdk.internal.vm.compiler.management jdk.jartool jdk.javadoc jdk.jcmd jdk.management jdk.management.agent jdk.jconsole jdk.jdeps jdk.jdwp.agent jdk.jdi jdk.jfr jdk.jshell jdk.jsobject jdk.jstatd jdk.localedata jdk.management.jfr jdk.naming.dns jdk.naming.rmi jdk.net jdk.nio.mapmode jdk.random jdk.sctp jdk.security.auth jdk.security.jgss jdk.unsupported jdk.unsupported.desktop jdk.xml.dom" 

Environment Variables:
JAVA_HOME=C:\Program Files\Java\jdk-23
PATH=C:\Oracle\19c\bin;C:\Program Files\Common Files\Oracle\Java\javapath;C:\Program Files (x86)\Common Files\Oracle\Java\javapath;C:\Program Files\Microsoft MPI\Bin\;C:\Program Files\Python313\Scripts\;C:\Program Files\Python313\;C:\Program Files (x86)\Common Files\Intel\Shared Libraries\redist\intel64\compiler;C:\WINDOWS\system32;C:\WINDOWS;C:\WINDOWS\System32\Wbem;C:\WINDOWS\System32\WindowsPowerShell\v1.0\;C:\WINDOWS\System32\OpenSSH\;C:\Program Files\dotnet\;C:\Program Files (x86)\NVIDIA Corporation\PhysX\Common;C:\Program Files\NVIDIA Corporation\NVIDIA NvDLISR;C:\Program Files (x86)\Microsoft SQL Server\160\Tools\Binn\;C:\Program Files\Microsoft SQL Server\160\Tools\Binn\;C:\Program Files\Microsoft SQL Server\Client SDK\ODBC\170\Tools\Binn\;C:\Program Files\Microsoft SQL Server\160\DTS\Binn\;C:\Program Files\nodejs\;C:\Program Files (x86)\Microsoft SQL Server\160\DTS\Binn\;C:\Program Files\Microsoft SQL Server\150\Tools\Binn\;C:\Program Files\Git\cmd;C:\src\flutter\bin;;C:\Program Files\Docker\Docker\resources\bin;C:\Program Files\Kubernetes\Minikube;C:\Users\TUF\AppData\Local\Microsoft\WindowsApps;C:\Users\TUF\AppData\Local\Programs\Microsoft VS Code\bin;C:\Users\TUF\.dotnet\tools;C:\Users\TUF\AppData\Roaming\npm;C:\Program Files\Java\jdk-23\bin;%ORACLE_HOME%\bin;C:\Program Files\JetBrains\IntelliJ IDEA 2025.3.3\bin;C:\Program Files\Apache\Maven\apache-maven-3.9.14\bin;C:\Users\TUF\AppData\Local\Microsoft\WinGet\Links;
USERNAME=TUF
OS=Windows_NT
PROCESSOR_IDENTIFIER=AMD64 Family 25 Model 68 Stepping 1, AuthenticAMD
TMP=C:\Users\TUF\AppData\Local\Temp
TEMP=C:\Users\TUF\AppData\Local\Temp




Periodic native trim disabled

---------------  S Y S T E M  ---------------

OS:
 Windows 11 , 64 bit Build 26100 (10.0.26100.8328)
OS uptime: 0 days 0:19 hours
Hyper-V role detected

CPU: total 12 (initial active 12) (12 cores per cpu, 2 threads per core) family 25 model 68 stepping 1 microcode 0xa404107, cx8, cmov, fxsr, ht, mmx, 3dnowpref, sse, sse2, sse3, ssse3, sse4a, sse4.1, sse4.2, popcnt, lzcnt, tsc, tscinvbit, avx, avx2, aes, erms, clmul, bmi1, bmi2, adx, sha, fma, vzeroupper, clflush, clflushopt, hv, rdtscp, rdpid, fsrm, f16c, cet_ss
Processor Information for processor 0
  Max Mhz: 3301, Current Mhz: 2496, Mhz Limit: 3301
Processor Information for processor 1
  Max Mhz: 3301, Current Mhz: 2496, Mhz Limit: 3301
Processor Information for processor 2
  Max Mhz: 3301, Current Mhz: 2024, Mhz Limit: 3301
Processor Information for processor 3
  Max Mhz: 3301, Current Mhz: 2496, Mhz Limit: 3301
Processor Information for processor 4
  Max Mhz: 3301, Current Mhz: 2024, Mhz Limit: 3301
Processor Information for processor 5
  Max Mhz: 3301, Current Mhz: 2024, Mhz Limit: 3301
Processor Information for processor 6
  Max Mhz: 3301, Current Mhz: 2496, Mhz Limit: 3301
Processor Information for processor 7
  Max Mhz: 3301, Current Mhz: 2496, Mhz Limit: 3301
Processor Information for processor 8
  Max Mhz: 3301, Current Mhz: 2024, Mhz Limit: 3301
Processor Information for processor 9
  Max Mhz: 3301, Current Mhz: 2024, Mhz Limit: 3301
Processor Information for processor 10
  Max Mhz: 3301, Current Mhz: 2024, Mhz Limit: 3301
Processor Information for processor 11
  Max Mhz: 3301, Current Mhz: 2496, Mhz Limit: 3301

Memory: 4k page, system-wide physical 15611M (2345M free)
TotalPageFile size 25925M (AvailPageFile size 8M)
current process WorkingSet (physical memory assigned to process): 273M, peak: 277M
current process commit charge ("private bytes"): 364M, peak: 371M

vm_info: OpenJDK 64-Bit Server VM (21.0.10+7-LTS) for windows-amd64 JRE (21.0.10+7-LTS), built on 2026-01-20T00:00:00Z by "admin" with MS VC++ 17.12 (VS2022)

END.
