#
# There is insufficient memory for the Java Runtime Environment to continue.
# Native memory allocation (malloc) failed to allocate 1576656 bytes. Error detail: Chunk::new
# Possible reasons:
#   The system is out of physical RAM or swap space
#   This process is running with CompressedOops enabled, and the Java Heap may be blocking the growth of the native heap
# Possible solutions:
#   Reduce memory load on the system
#   Increase physical memory or swap space
#   Check if swap backing store is full
#   Decrease Java heap size (-Xmx/-Xms)
#   Decrease number of Java threads
#   Decrease Java thread stack sizes (-Xss)
#   Set larger code cache with -XX:ReservedCodeCacheSize=
#   JVM is running with Unscaled Compressed Oops mode in which the Java heap is
#     placed in the first 4GB address space. The Java Heap base address is the
#     maximum limit for the native heap growth. Please use -XX:HeapBaseMinAddress
#     to set the Java Heap base and to place the Java Heap above 4GB virtual address.
# This output file may be truncated or incomplete.
#
#  Out of Memory Error (arena.cpp:168), pid=25004, tid=27176
#
# JRE version: OpenJDK Runtime Environment Temurin-21.0.10+7 (21.0.10+7) (build 21.0.10+7-LTS)
# Java VM: OpenJDK 64-Bit Server VM Temurin-21.0.10+7 (21.0.10+7-LTS, mixed mode, sharing, tiered, compressed oops, compressed class ptrs, parallel gc, windows-amd64)
# No core dump will be written. Minidumps are not enabled by default on client versions of Windows
#

---------------  S U M M A R Y ------------

Command Line: --add-modules=ALL-SYSTEM --add-opens=java.base/java.util=ALL-UNNAMED --add-opens=java.base/java.lang=ALL-UNNAMED --add-opens=java.base/sun.nio.fs=ALL-UNNAMED -Declipse.application=org.eclipse.jdt.ls.core.id1 -Dosgi.bundles.defaultStartLevel=4 -Declipse.product=org.eclipse.jdt.ls.core.product -Djava.import.generatesMetadataFilesAtProjectRoot=false -DDetectVMInstallationsJob.disabled=true -Dfile.encoding=utf8 -XX:+UseParallelGC -XX:GCTimeRatio=4 -XX:AdaptiveSizePolicyWeight=90 -Dsun.zip.disableMemoryMapping=true -Xmx2G -Xms100m -Xlog:disable -javaagent:c:\Users\TUF\.vscode\extensions\redhat.java-1.54.0-win32-x64\lombok\lombok-1.18.39-4050.jar -XX:+HeapDumpOnOutOfMemoryError -XX:HeapDumpPath=c:\Users\TUF\AppData\Roaming\Code\User\workspaceStorage\9666aa7d0958d0b855e21311c80c4bb9\redhat.java -Daether.dependencyCollector.impl=bf c:\Users\TUF\.vscode\extensions\redhat.java-1.54.0-win32-x64\server\plugins\org.eclipse.equinox.launcher_1.7.100.v20251111-0406.jar -configuration c:\Users\TUF\AppData\Roaming\Code\User\globalStorage\redhat.java\1.54.0\config_win -data c:\Users\TUF\AppData\Roaming\Code\User\workspaceStorage\9666aa7d0958d0b855e21311c80c4bb9\redhat.java\jdt_ws --pipe=\\.\pipe\lsp-c075f401eb37d97baec348ec2a19774d-sock

Host: AMD Ryzen 5 7535HS with Radeon Graphics        , 12 cores, 15G,  Windows 11 , 64 bit Build 26100 (10.0.26100.8521)
Time: Thu Jun 25 18:34:06 2026 SE Asia Standard Time elapsed time: 15.026269 seconds (0d 0h 0m 15s)

---------------  T H R E A D  ---------------

Current thread (0x00000212cc193680):  JavaThread "C2 CompilerThread0" daemon [_thread_in_native, id=27176, stack(0x000000c0cca00000,0x000000c0ccb00000) (1024K)]


Current CompileTask:
C2:15026 9225       4       lombok.eclipse.handlers.EclipseHandlerUtil::setGeneratedBy (10 bytes)

Stack: [0x000000c0cca00000,0x000000c0ccb00000]
Native frames: (J=compiled Java code, j=interpreted, Vv=VM code, C=native code)
V  [jvm.dll+0x6d7a39]
V  [jvm.dll+0x8b4b26]
V  [jvm.dll+0x8b70de]
V  [jvm.dll+0x8b77c3]
V  [jvm.dll+0x284346]
V  [jvm.dll+0xc66ed]
V  [jvm.dll+0xc6c31]
V  [jvm.dll+0x3bec01]
V  [jvm.dll+0x38b162]
V  [jvm.dll+0x38a5aa]
V  [jvm.dll+0x24c560]
V  [jvm.dll+0x24bb40]
V  [jvm.dll+0x1cb34e]
V  [jvm.dll+0x25b85d]
V  [jvm.dll+0x259dea]
V  [jvm.dll+0x3f857e]
V  [jvm.dll+0x85f59d]
V  [jvm.dll+0x6d626d]
C  [ucrtbase.dll+0x2cd30]
C  [KERNEL32.DLL+0x2e957]
C  [ntdll.dll+0x87c1c]


---------------  P R O C E S S  ---------------

Threads class SMR info:
_java_thread_list=0x00000212e996d290, length=44, elements={
0x00000212cc0df480, 0x00000212cc183780, 0x00000212cc185200, 0x00000212cc188a40,
0x00000212cc1896a0, 0x00000212cc18d670, 0x00000212cc190210, 0x00000212cc193680,
0x00000212e3e15df0, 0x00000212e3feb920, 0x00000212e41a0a60, 0x00000212e98f3ef0,
0x00000212e98658d0, 0x00000212e96493f0, 0x00000212e9649e30, 0x00000212e9a81970,
0x00000212e92ca010, 0x00000212e9a77080, 0x00000212e9a77730, 0x00000212ea04e650,
0x00000212e9487790, 0x00000212e94863e0, 0x00000212e94849a0, 0x00000212e94856c0,
0x00000212e9486a70, 0x00000212e9487100, 0x00000212e9487e20, 0x00000212e9485030,
0x00000212ebcb86c0, 0x00000212ebcb6c80, 0x00000212ebcb65f0, 0x00000212ebcb8030,
0x00000212ebcb7310, 0x00000212ebcb5240, 0x00000212ebcb79a0, 0x00000212ebcb5f60,
0x00000212ebcb8d50, 0x00000212ebcb58d0, 0x00000212ebcbb4b0, 0x00000212ebcbbb40,
0x00000212ebcbc1d0, 0x00000212ebcb93e0, 0x00000212ebcbae20, 0x00000212ebcb9a70
}

Java Threads: ( => current thread )
  0x00000212cc0df480 JavaThread "main"                              [_thread_blocked, id=6060, stack(0x000000c0cc000000,0x000000c0cc100000) (1024K)]
  0x00000212cc183780 JavaThread "Reference Handler"          daemon [_thread_blocked, id=23952, stack(0x000000c0cc400000,0x000000c0cc500000) (1024K)]
  0x00000212cc185200 JavaThread "Finalizer"                  daemon [_thread_blocked, id=11212, stack(0x000000c0cc500000,0x000000c0cc600000) (1024K)]
  0x00000212cc188a40 JavaThread "Signal Dispatcher"          daemon [_thread_blocked, id=25952, stack(0x000000c0cc600000,0x000000c0cc700000) (1024K)]
  0x00000212cc1896a0 JavaThread "Attach Listener"            daemon [_thread_blocked, id=4940, stack(0x000000c0cc700000,0x000000c0cc800000) (1024K)]
  0x00000212cc18d670 JavaThread "Service Thread"             daemon [_thread_blocked, id=252, stack(0x000000c0cc800000,0x000000c0cc900000) (1024K)]
  0x00000212cc190210 JavaThread "Monitor Deflation Thread"   daemon [_thread_blocked, id=26320, stack(0x000000c0cc900000,0x000000c0cca00000) (1024K)]
=>0x00000212cc193680 JavaThread "C2 CompilerThread0"         daemon [_thread_in_native, id=27176, stack(0x000000c0cca00000,0x000000c0ccb00000) (1024K)]
  0x00000212e3e15df0 JavaThread "C1 CompilerThread0"         daemon [_thread_blocked, id=26952, stack(0x000000c0ccb00000,0x000000c0ccc00000) (1024K)]
  0x00000212e3feb920 JavaThread "Common-Cleaner"             daemon [_thread_blocked, id=13040, stack(0x000000c0ccc00000,0x000000c0ccd00000) (1024K)]
  0x00000212e41a0a60 JavaThread "Notification Thread"        daemon [_thread_blocked, id=6356, stack(0x000000c0cce00000,0x000000c0ccf00000) (1024K)]
  0x00000212e98f3ef0 JavaThread "Active Thread: Equinox Container: 6282ff5d-a8d8-4f71-9a5d-817161e00d46"        [_thread_blocked, id=13240, stack(0x000000c0cd600000,0x000000c0cd700000) (1024K)]
  0x00000212e98658d0 JavaThread "Refresh Thread: Equinox Container: 6282ff5d-a8d8-4f71-9a5d-817161e00d46" daemon [_thread_blocked, id=7216, stack(0x000000c0cd800000,0x000000c0cd900000) (1024K)]
  0x00000212e96493f0 JavaThread "Framework Event Dispatcher: Equinox Container: 6282ff5d-a8d8-4f71-9a5d-817161e00d46" daemon [_thread_blocked, id=17572, stack(0x000000c0cd900000,0x000000c0cda00000) (1024K)]
  0x00000212e9649e30 JavaThread "Start Level: Equinox Container: 6282ff5d-a8d8-4f71-9a5d-817161e00d46" daemon [_thread_blocked, id=22552, stack(0x000000c0cda00000,0x000000c0cdb00000) (1024K)]
  0x00000212e9a81970 JavaThread "Bundle File Closer"         daemon [_thread_blocked, id=7652, stack(0x000000c0cdc00000,0x000000c0cdd00000) (1024K)]
  0x00000212e92ca010 JavaThread "SCR Component Actor"        daemon [_thread_blocked, id=10068, stack(0x000000c0ccd00000,0x000000c0cce00000) (1024K)]
  0x00000212e9a77080 JavaThread "C2 CompilerThread1"         daemon [_thread_in_native, id=3412, stack(0x000000c0cdd00000,0x000000c0cde00000) (1024K)]
  0x00000212e9a77730 JavaThread "C2 CompilerThread2"         daemon [_thread_in_native, id=19412, stack(0x000000c0cde00000,0x000000c0cdf00000) (1024K)]
  0x00000212ea04e650 JavaThread "Worker-JM"                         [_thread_blocked, id=3188, stack(0x000000c0cdf00000,0x000000c0ce000000) (1024K)]
  0x00000212e9487790 JavaThread "JNA Cleaner"                daemon [_thread_blocked, id=27084, stack(0x000000c0ce000000,0x000000c0ce100000) (1024K)]
  0x00000212e94863e0 JavaThread "Worker-0"                          [_thread_blocked, id=26144, stack(0x000000c0ce100000,0x000000c0ce200000) (1024K)]
  0x00000212e94849a0 JavaThread "Worker-1: Initialize workspace"        [_thread_blocked, id=15232, stack(0x000000c0ce200000,0x000000c0ce300000) (1024K)]
  0x00000212e94856c0 JavaThread "Java indexing"              daemon [_thread_in_Java, id=25700, stack(0x000000c0ce300000,0x000000c0ce400000) (1024K)]
  0x00000212e9486a70 JavaThread "Worker-2: Initialize Workspace"        [_thread_blocked, id=440, stack(0x000000c0ce600000,0x000000c0ce700000) (1024K)]
  0x00000212e9487100 JavaThread "Worker-3"                          [_thread_blocked, id=19316, stack(0x000000c0ce700000,0x000000c0ce800000) (1024K)]
  0x00000212e9487e20 JavaThread "Thread-1"                   daemon [_thread_in_native, id=16112, stack(0x000000c0ce800000,0x000000c0ce900000) (1024K)]
  0x00000212e9485030 JavaThread "Thread-2"                   daemon [_thread_in_native, id=15900, stack(0x000000c0ce900000,0x000000c0cea00000) (1024K)]
  0x00000212ebcb86c0 JavaThread "Thread-3"                   daemon [_thread_in_native, id=25752, stack(0x000000c0cea00000,0x000000c0ceb00000) (1024K)]
  0x00000212ebcb6c80 JavaThread "Thread-4"                   daemon [_thread_in_native, id=13832, stack(0x000000c0ceb00000,0x000000c0cec00000) (1024K)]
  0x00000212ebcb65f0 JavaThread "Thread-5"                   daemon [_thread_in_native, id=25276, stack(0x000000c0cec00000,0x000000c0ced00000) (1024K)]
  0x00000212ebcb8030 JavaThread "Thread-6"                   daemon [_thread_in_native, id=16052, stack(0x000000c0ced00000,0x000000c0cee00000) (1024K)]
  0x00000212ebcb7310 JavaThread "Thread-7"                   daemon [_thread_in_native, id=23348, stack(0x000000c0cee00000,0x000000c0cef00000) (1024K)]
  0x00000212ebcb5240 JavaThread "Thread-8"                   daemon [_thread_in_native, id=15924, stack(0x000000c0cef00000,0x000000c0cf000000) (1024K)]
  0x00000212ebcb79a0 JavaThread "Thread-9"                   daemon [_thread_in_native, id=9344, stack(0x000000c0cf000000,0x000000c0cf100000) (1024K)]
  0x00000212ebcb5f60 JavaThread "Thread-10"                  daemon [_thread_in_native, id=6476, stack(0x000000c0cf100000,0x000000c0cf200000) (1024K)]
  0x00000212ebcb8d50 JavaThread "Thread-11"                  daemon [_thread_in_native, id=10360, stack(0x000000c0cf200000,0x000000c0cf300000) (1024K)]
  0x00000212ebcb58d0 JavaThread "Thread-12"                  daemon [_thread_in_native, id=14164, stack(0x000000c0cf300000,0x000000c0cf400000) (1024K)]
  0x00000212ebcbb4b0 JavaThread "Thread-13"                  daemon [_thread_in_native, id=24060, stack(0x000000c0cf400000,0x000000c0cf500000) (1024K)]
  0x00000212ebcbbb40 JavaThread "pool-2-thread-1"                   [_thread_blocked, id=13712, stack(0x000000c0cf500000,0x000000c0cf600000) (1024K)]
  0x00000212ebcbc1d0 JavaThread "WorkspaceEventsHandler"            [_thread_blocked, id=27200, stack(0x000000c0cf600000,0x000000c0cf700000) (1024K)]
  0x00000212ebcb93e0 JavaThread "pool-1-thread-1"                   [_thread_blocked, id=16040, stack(0x000000c0cf700000,0x000000c0cf800000) (1024K)]
  0x00000212ebcbae20 JavaThread "Worker-4: Java indexing... "        [_thread_blocked, id=12952, stack(0x000000c0cf800000,0x000000c0cf900000) (1024K)]
  0x00000212ebcb9a70 JavaThread "ForkJoinPool.commonPool-worker-1" daemon [_thread_blocked, id=4720, stack(0x000000c0cf900000,0x000000c0cfa00000) (1024K)]
Total: 44

Other Threads:
  0x00000212cc17e890 VMThread "VM Thread"                           [id=7364, stack(0x000000c0cc300000,0x000000c0cc400000) (1024K)]
  0x00000212cbf6ca10 WatcherThread "VM Periodic Task Thread"        [id=10456, stack(0x000000c0cc200000,0x000000c0cc300000) (1024K)]
  0x00000212cc0fda60 WorkerThread "GC Thread#0"                     [id=26780, stack(0x000000c0cc100000,0x000000c0cc200000) (1024K)]
  0x00000212e902ecd0 WorkerThread "GC Thread#1"                     [id=19260, stack(0x000000c0cd000000,0x000000c0cd100000) (1024K)]
  0x00000212e92f8380 WorkerThread "GC Thread#2"                     [id=19728, stack(0x000000c0cd100000,0x000000c0cd200000) (1024K)]
  0x00000212e92f8730 WorkerThread "GC Thread#3"                     [id=10460, stack(0x000000c0cd200000,0x000000c0cd300000) (1024K)]
  0x00000212e902f080 WorkerThread "GC Thread#4"                     [id=18104, stack(0x000000c0cd300000,0x000000c0cd400000) (1024K)]
  0x00000212e902f430 WorkerThread "GC Thread#5"                     [id=2284, stack(0x000000c0cd400000,0x000000c0cd500000) (1024K)]
  0x00000212e9437800 WorkerThread "GC Thread#6"                     [id=19292, stack(0x000000c0cd500000,0x000000c0cd600000) (1024K)]
  0x00000212e9794dc0 WorkerThread "GC Thread#7"                     [id=16748, stack(0x000000c0cd700000,0x000000c0cd800000) (1024K)]
  0x00000212e9e07b90 WorkerThread "GC Thread#8"                     [id=25088, stack(0x000000c0ccf00000,0x000000c0cd000000) (1024K)]
  0x00000212e9e9f4a0 WorkerThread "GC Thread#9"                     [id=25364, stack(0x000000c0cdb00000,0x000000c0cdc00000) (1024K)]
Total: 12

Threads with active compile tasks:
C2 CompilerThread0  15055 9225       4       lombok.eclipse.handlers.EclipseHandlerUtil::setGeneratedBy (10 bytes)
C2 CompilerThread1  15055 8800 % !   4       org.eclipse.jdt.internal.compiler.classfmt.ClassFileReader::<init> @ 81 (1968 bytes)
C2 CompilerThread2  15055 9194   !   4       lombok.core.FieldAugment$ReflectionFieldAugment::getAndSet (80 bytes)
Total: 3

VM state: not at safepoint (normal execution)

VM Mutex/Monitor currently owned by a thread: None

Heap address: 0x0000000080000000, size: 2048 MB, Compressed Oops mode: 32-bit

CDS archive(s) mapped at: [0x0000021280000000-0x0000021280ba0000-0x0000021280ba0000), size 12189696, SharedBaseAddress: 0x0000021280000000, ArchiveRelocationMode: 1.
Compressed class space mapped at: 0x0000021281000000-0x00000212c1000000, reserved size: 1073741824
Narrow klass base: 0x0000021280000000, Narrow klass shift: 0, Narrow klass range: 0x100000000

GC Precious Log:
 CardTable entry size: 512
 CPUs: 12 total, 12 available
 Memory: 15611M
 Large Page Support: Disabled
 NUMA Support: Disabled
 Compressed Oops: Enabled (32-bit)
 Alignments: Space 512K, Generation 512K, Heap 2M
 Heap Min Capacity: 100M
 Heap Initial Capacity: 100M
 Heap Max Capacity: 2G
 Pre-touch: Disabled
 Parallel Workers: 10

Heap:
 PSYoungGen      total 25088K, used 21586K [0x00000000d5580000, 0x00000000d7b80000, 0x0000000100000000)
  eden space 21504K, 83% used [0x00000000d5580000,0x00000000d6719050,0x00000000d6a80000)
  from space 3584K, 99% used [0x00000000d6b80000,0x00000000d6efb8e0,0x00000000d6f00000)
  to   space 8704K, 0% used [0x00000000d7300000,0x00000000d7300000,0x00000000d7b80000)
 ParOldGen       total 86016K, used 85582K [0x0000000080000000, 0x0000000085400000, 0x00000000d5580000)
  object space 86016K, 99% used [0x0000000080000000,0x00000000853939a0,0x0000000085400000)
 Metaspace       used 57768K, committed 59200K, reserved 1114112K
  class space    used 6152K, committed 6784K, reserved 1048576K

Card table byte_map: [0x00000212cba80000,0x00000212cbe90000] _byte_map_base: 0x00000212cb680000

Marking Bits: (ParMarkBitMap*) 0x00007ffb95243450
 Begin Bits: [0x00000212de590000, 0x00000212e0590000)
 End Bits:   [0x00000212e0590000, 0x00000212e2590000)

Polling page: 0x00000212c9f60000

Metaspace:

Usage:
  Non-class:     50.41 MB used.
      Class:      6.01 MB used.
       Both:     56.42 MB used.

Virtual space:
  Non-class space:       64.00 MB reserved,      51.19 MB ( 80%) committed,  1 nodes.
      Class space:        1.00 GB reserved,       6.62 MB ( <1%) committed,  1 nodes.
             Both:        1.06 GB reserved,      57.81 MB (  5%) committed. 

Chunk freelists:
   Non-Class:  12.78 MB
       Class:  9.23 MB
        Both:  22.01 MB

MaxMetaspaceSize: unlimited
CompressedClassSpaceSize: 1.00 GB
Initial GC threshold: 21.00 MB
Current GC threshold: 58.38 MB
CDS: on
 - commit_granule_bytes: 65536.
 - commit_granule_words: 8192.
 - virtual_space_node_default_size: 8388608.
 - enlarge_chunks_in_place: 1.
 - use_allocation_guard: 0.


Internal statistics:

num_allocs_failed_limit: 6.
num_arena_births: 1144.
num_arena_deaths: 14.
num_vsnodes_births: 2.
num_vsnodes_deaths: 0.
num_space_committed: 925.
num_space_uncommitted: 0.
num_chunks_returned_to_freelist: 20.
num_chunks_taken_from_freelist: 3808.
num_chunk_merges: 9.
num_chunk_splits: 2365.
num_chunks_enlarged: 1359.
num_inconsistent_stats: 0.

CodeHeap 'non-profiled nmethods': size=120000Kb used=5646Kb max_used=5646Kb free=114354Kb
 bounds [0x00000212d6db0000, 0x00000212d7340000, 0x00000212de2e0000]
CodeHeap 'profiled nmethods': size=120000Kb used=19596Kb max_used=19596Kb free=100403Kb
 bounds [0x00000212cf2e0000, 0x00000212d0610000, 0x00000212d6810000]
CodeHeap 'non-nmethods': size=5760Kb used=1410Kb max_used=1475Kb free=4349Kb
 bounds [0x00000212d6810000, 0x00000212d6a80000, 0x00000212d6db0000]
CodeCache: size=245760Kb, used=26652Kb, max_used=26717Kb, free=219106Kb
 total_blobs=9537, nmethods=8817, adapters=626, full_count=0
Compilation: enabled, stopped_count=0, restarted_count=0

Compilation events (20 events):
Event: 13.963 Thread 0x00000212e3e15df0 nmethod 9388 0x00000212d05e6290 code [0x00000212d05e6440, 0x00000212d05e65d0]
Event: 13.963 Thread 0x00000212e3e15df0 9392       2       org.eclipse.jdt.internal.compiler.lookup.ConstraintTypeFormula::reduce (752 bytes)
Event: 13.965 Thread 0x00000212e3e15df0 nmethod 9392 0x00000212d05e6690 code [0x00000212d05e6b60, 0x00000212d05e7eb8]
Event: 13.965 Thread 0x00000212e3e15df0 9389       1       org.eclipse.jdt.internal.compiler.lookup.BlockScope::resolvingGuardExpression (5 bytes)
Event: 13.965 Thread 0x00000212e3e15df0 nmethod 9389 0x00000212d7331890 code [0x00000212d7331a20, 0x00000212d7331af0]
Event: 13.965 Thread 0x00000212e3e15df0 9394       2       org.eclipse.jdt.internal.compiler.env.NameEnvironmentAnswer::isBetter (43 bytes)
Event: 13.966 Thread 0x00000212e3e15df0 nmethod 9394 0x00000212d05e8810 code [0x00000212d05e89e0, 0x00000212d05e8c10]
Event: 13.966 Thread 0x00000212e3e15df0 9393       1       org.eclipse.jdt.internal.compiler.lookup.MethodBinding::isPolymorphic (2 bytes)
Event: 13.966 Thread 0x00000212e3e15df0 nmethod 9393 0x00000212d7331b90 code [0x00000212d7331d20, 0x00000212d7331de8]
Event: 13.966 Thread 0x00000212e3e15df0 9391       1       org.eclipse.jdt.internal.compiler.CompilationResult::getFileName (5 bytes)
Event: 13.966 Thread 0x00000212e3e15df0 nmethod 9391 0x00000212d7331e90 code [0x00000212d7332020, 0x00000212d73320e8]
Event: 13.966 Thread 0x00000212e3e15df0 9395       2       org.eclipse.jdt.internal.compiler.ast.ASTNode::reportPreviewAPI (22 bytes)
Event: 13.966 Thread 0x00000212e3e15df0 nmethod 9395 0x00000212d05e8d10 code [0x00000212d05e8ec0, 0x00000212d05e9058]
Event: 13.966 Thread 0x00000212e3e15df0 9396       1       org.eclipse.jdt.internal.compiler.lookup.BaseTypeBinding::kind (4 bytes)
Event: 13.966 Thread 0x00000212e3e15df0 nmethod 9396 0x00000212d7332190 code [0x00000212d7332320, 0x00000212d73323e8]
Event: 13.967 Thread 0x00000212e3e15df0 9397       2       org.eclipse.jdt.internal.compiler.ast.TypeReference::hasCompletedHierarchyCheckWithMembers (87 bytes)
Event: 13.967 Thread 0x00000212e3e15df0 nmethod 9397 0x00000212d05e9190 code [0x00000212d05e9360, 0x00000212d05e9658]
Event: 13.967 Thread 0x00000212e3e15df0 9399       2       org.eclipse.jdt.internal.compiler.lookup.ModuleBinding::isPackageExportedTo (133 bytes)
Event: 13.968 Thread 0x00000212e3e15df0 nmethod 9399 0x00000212d05e9810 code [0x00000212d05e9a40, 0x00000212d05e9eb0]
Event: 13.968 Thread 0x00000212e3e15df0 9398       2       org.eclipse.jdt.internal.compiler.lookup.ReferenceBinding::canBeSeenBy (217 bytes)

GC Heap History (20 events):
Event: 11.798 GC heap before
{Heap before GC invocations=50 (full 2):
 PSYoungGen      total 23552K, used 22645K [0x00000000d5580000, 0x00000000d6e00000, 0x0000000100000000)
  eden space 22016K, 98% used [0x00000000d5580000,0x00000000d6a9bb38,0x00000000d6b00000)
  from space 1536K, 67% used [0x00000000d6b00000,0x00000000d6c019d8,0x00000000d6c80000)
  to   space 1536K, 0% used [0x00000000d6c80000,0x00000000d6c80000,0x00000000d6e00000)
 ParOldGen       total 69632K, used 69328K [0x0000000080000000, 0x0000000084400000, 0x00000000d5580000)
  object space 69632K, 99% used [0x0000000080000000,0x00000000843b4050,0x0000000084400000)
 Metaspace       used 55224K, committed 56640K, reserved 1114112K
  class space    used 5948K, committed 6592K, reserved 1048576K
}
Event: 11.799 GC heap after
{Heap after GC invocations=50 (full 2):
 PSYoungGen      total 23552K, used 1276K [0x00000000d5580000, 0x00000000d6e00000, 0x0000000100000000)
  eden space 22016K, 0% used [0x00000000d5580000,0x00000000d5580000,0x00000000d6b00000)
  from space 1536K, 83% used [0x00000000d6c80000,0x00000000d6dbf390,0x00000000d6e00000)
  to   space 1536K, 0% used [0x00000000d6b00000,0x00000000d6b00000,0x00000000d6c80000)
 ParOldGen       total 70656K, used 70267K [0x0000000080000000, 0x0000000084500000, 0x00000000d5580000)
  object space 70656K, 99% used [0x0000000080000000,0x000000008449ed20,0x0000000084500000)
 Metaspace       used 55224K, committed 56640K, reserved 1114112K
  class space    used 5948K, committed 6592K, reserved 1048576K
}
Event: 11.828 GC heap before
{Heap before GC invocations=51 (full 2):
 PSYoungGen      total 23552K, used 23292K [0x00000000d5580000, 0x00000000d6e00000, 0x0000000100000000)
  eden space 22016K, 100% used [0x00000000d5580000,0x00000000d6b00000,0x00000000d6b00000)
  from space 1536K, 83% used [0x00000000d6c80000,0x00000000d6dbf390,0x00000000d6e00000)
  to   space 1536K, 0% used [0x00000000d6b00000,0x00000000d6b00000,0x00000000d6c80000)
 ParOldGen       total 70656K, used 70267K [0x0000000080000000, 0x0000000084500000, 0x00000000d5580000)
  object space 70656K, 99% used [0x0000000080000000,0x000000008449ed20,0x0000000084500000)
 Metaspace       used 55225K, committed 56640K, reserved 1114112K
  class space    used 5948K, committed 6592K, reserved 1048576K
}
Event: 11.830 GC heap after
{Heap after GC invocations=51 (full 2):
 PSYoungGen      total 23552K, used 1519K [0x00000000d5580000, 0x00000000d7200000, 0x0000000100000000)
  eden space 22016K, 0% used [0x00000000d5580000,0x00000000d5580000,0x00000000d6b00000)
  from space 1536K, 98% used [0x00000000d6b00000,0x00000000d6c7bd70,0x00000000d6c80000)
  to   space 3584K, 0% used [0x00000000d6e80000,0x00000000d6e80000,0x00000000d7200000)
 ParOldGen       total 72192K, used 71731K [0x0000000080000000, 0x0000000084680000, 0x00000000d5580000)
  object space 72192K, 99% used [0x0000000080000000,0x000000008460cff8,0x0000000084680000)
 Metaspace       used 55225K, committed 56640K, reserved 1114112K
  class space    used 5948K, committed 6592K, reserved 1048576K
}
Event: 11.885 GC heap before
{Heap before GC invocations=52 (full 2):
 PSYoungGen      total 23552K, used 23535K [0x00000000d5580000, 0x00000000d7200000, 0x0000000100000000)
  eden space 22016K, 100% used [0x00000000d5580000,0x00000000d6b00000,0x00000000d6b00000)
  from space 1536K, 98% used [0x00000000d6b00000,0x00000000d6c7bd70,0x00000000d6c80000)
  to   space 3584K, 0% used [0x00000000d6e80000,0x00000000d6e80000,0x00000000d7200000)
 ParOldGen       total 72192K, used 71731K [0x0000000080000000, 0x0000000084680000, 0x00000000d5580000)
  object space 72192K, 99% used [0x0000000080000000,0x000000008460cff8,0x0000000084680000)
 Metaspace       used 55227K, committed 56640K, reserved 1114112K
  class space    used 5948K, committed 6592K, reserved 1048576K
}
Event: 11.886 GC heap after
{Heap after GC invocations=52 (full 2):
 PSYoungGen      total 23040K, used 767K [0x00000000d5580000, 0x00000000d6f80000, 0x0000000100000000)
  eden space 22016K, 0% used [0x00000000d5580000,0x00000000d5580000,0x00000000d6b00000)
  from space 1024K, 74% used [0x00000000d6e80000,0x00000000d6f3ff00,0x00000000d6f80000)
  to   space 2048K, 0% used [0x00000000d6b80000,0x00000000d6b80000,0x00000000d6d80000)
 ParOldGen       total 73216K, used 73199K [0x0000000080000000, 0x0000000084780000, 0x00000000d5580000)
  object space 73216K, 99% used [0x0000000080000000,0x000000008477bcf0,0x0000000084780000)
 Metaspace       used 55227K, committed 56640K, reserved 1114112K
  class space    used 5948K, committed 6592K, reserved 1048576K
}
Event: 11.956 GC heap before
{Heap before GC invocations=53 (full 2):
 PSYoungGen      total 23040K, used 22783K [0x00000000d5580000, 0x00000000d6f80000, 0x0000000100000000)
  eden space 22016K, 100% used [0x00000000d5580000,0x00000000d6b00000,0x00000000d6b00000)
  from space 1024K, 74% used [0x00000000d6e80000,0x00000000d6f3ff00,0x00000000d6f80000)
  to   space 2048K, 0% used [0x00000000d6b80000,0x00000000d6b80000,0x00000000d6d80000)
 ParOldGen       total 73216K, used 73199K [0x0000000080000000, 0x0000000084780000, 0x00000000d5580000)
  object space 73216K, 99% used [0x0000000080000000,0x000000008477bcf0,0x0000000084780000)
 Metaspace       used 55245K, committed 56640K, reserved 1114112K
  class space    used 5948K, committed 6592K, reserved 1048576K
}
Event: 11.957 GC heap after
{Heap after GC invocations=53 (full 2):
 PSYoungGen      total 24064K, used 1268K [0x00000000d5580000, 0x00000000d6f00000, 0x0000000100000000)
  eden space 22016K, 0% used [0x00000000d5580000,0x00000000d5580000,0x00000000d6b00000)
  from space 2048K, 61% used [0x00000000d6b80000,0x00000000d6cbd0b8,0x00000000d6d80000)
  to   space 1536K, 0% used [0x00000000d6d80000,0x00000000d6d80000,0x00000000d6f00000)
 ParOldGen       total 74240K, used 73835K [0x0000000080000000, 0x0000000084880000, 0x00000000d5580000)
  object space 74240K, 99% used [0x0000000080000000,0x000000008481ac40,0x0000000084880000)
 Metaspace       used 55245K, committed 56640K, reserved 1114112K
  class space    used 5948K, committed 6592K, reserved 1048576K
}
Event: 12.000 GC heap before
{Heap before GC invocations=54 (full 2):
 PSYoungGen      total 24064K, used 23284K [0x00000000d5580000, 0x00000000d6f00000, 0x0000000100000000)
  eden space 22016K, 100% used [0x00000000d5580000,0x00000000d6b00000,0x00000000d6b00000)
  from space 2048K, 61% used [0x00000000d6b80000,0x00000000d6cbd0b8,0x00000000d6d80000)
  to   space 1536K, 0% used [0x00000000d6d80000,0x00000000d6d80000,0x00000000d6f00000)
 ParOldGen       total 74240K, used 73835K [0x0000000080000000, 0x0000000084880000, 0x00000000d5580000)
  object space 74240K, 99% used [0x0000000080000000,0x000000008481ac40,0x0000000084880000)
 Metaspace       used 55248K, committed 56640K, reserved 1114112K
  class space    used 5948K, committed 6592K, reserved 1048576K
}
Event: 12.002 GC heap after
{Heap after GC invocations=54 (full 2):
 PSYoungGen      total 23040K, used 1521K [0x00000000d5580000, 0x00000000d7100000, 0x0000000100000000)
  eden space 21504K, 0% used [0x00000000d5580000,0x00000000d5580000,0x00000000d6a80000)
  from space 1536K, 99% used [0x00000000d6d80000,0x00000000d6efc608,0x00000000d6f00000)
  to   space 3072K, 0% used [0x00000000d6a80000,0x00000000d6a80000,0x00000000d6d80000)
 ParOldGen       total 75264K, used 75039K [0x0000000080000000, 0x0000000084980000, 0x00000000d5580000)
  object space 75264K, 99% used [0x0000000080000000,0x0000000084947db0,0x0000000084980000)
 Metaspace       used 55248K, committed 56640K, reserved 1114112K
  class space    used 5948K, committed 6592K, reserved 1048576K
}
Event: 12.049 GC heap before
{Heap before GC invocations=55 (full 2):
 PSYoungGen      total 23040K, used 23025K [0x00000000d5580000, 0x00000000d7100000, 0x0000000100000000)
  eden space 21504K, 100% used [0x00000000d5580000,0x00000000d6a80000,0x00000000d6a80000)
  from space 1536K, 99% used [0x00000000d6d80000,0x00000000d6efc608,0x00000000d6f00000)
  to   space 3072K, 0% used [0x00000000d6a80000,0x00000000d6a80000,0x00000000d6d80000)
 ParOldGen       total 75264K, used 75039K [0x0000000080000000, 0x0000000084980000, 0x00000000d5580000)
  object space 75264K, 99% used [0x0000000080000000,0x0000000084947db0,0x0000000084980000)
 Metaspace       used 55255K, committed 56640K, reserved 1114112K
  class space    used 5948K, committed 6592K, reserved 1048576K
}
Event: 12.051 GC heap after
{Heap after GC invocations=55 (full 2):
 PSYoungGen      total 23040K, used 1179K [0x00000000d5580000, 0x00000000d6e80000, 0x0000000100000000)
  eden space 21504K, 0% used [0x00000000d5580000,0x00000000d5580000,0x00000000d6a80000)
  from space 1536K, 76% used [0x00000000d6a80000,0x00000000d6ba6db8,0x00000000d6c00000)
  to   space 2048K, 0% used [0x00000000d6c80000,0x00000000d6c80000,0x00000000d6e80000)
 ParOldGen       total 76800K, used 76558K [0x0000000080000000, 0x0000000084b00000, 0x00000000d5580000)
  object space 76800K, 99% used [0x0000000080000000,0x0000000084ac3b38,0x0000000084b00000)
 Metaspace       used 55255K, committed 56640K, reserved 1114112K
  class space    used 5948K, committed 6592K, reserved 1048576K
}
Event: 12.118 GC heap before
{Heap before GC invocations=56 (full 2):
 PSYoungGen      total 23040K, used 22683K [0x00000000d5580000, 0x00000000d6e80000, 0x0000000100000000)
  eden space 21504K, 100% used [0x00000000d5580000,0x00000000d6a80000,0x00000000d6a80000)
  from space 1536K, 76% used [0x00000000d6a80000,0x00000000d6ba6db8,0x00000000d6c00000)
  to   space 2048K, 0% used [0x00000000d6c80000,0x00000000d6c80000,0x00000000d6e80000)
 ParOldGen       total 76800K, used 76558K [0x0000000080000000, 0x0000000084b00000, 0x00000000d5580000)
  object space 76800K, 99% used [0x0000000080000000,0x0000000084ac3b38,0x0000000084b00000)
 Metaspace       used 55260K, committed 56640K, reserved 1114112K
  class space    used 5948K, committed 6592K, reserved 1048576K
}
Event: 12.120 GC heap after
{Heap after GC invocations=56 (full 2):
 PSYoungGen      total 23040K, used 1147K [0x00000000d5580000, 0x00000000d6e00000, 0x0000000100000000)
  eden space 21504K, 0% used [0x00000000d5580000,0x00000000d5580000,0x00000000d6a80000)
  from space 1536K, 74% used [0x00000000d6c80000,0x00000000d6d9eed0,0x00000000d6e00000)
  to   space 1536K, 0% used [0x00000000d6a80000,0x00000000d6a80000,0x00000000d6c00000)
 ParOldGen       total 77824K, used 77602K [0x0000000080000000, 0x0000000084c00000, 0x00000000d5580000)
  object space 77824K, 99% used [0x0000000080000000,0x0000000084bc8930,0x0000000084c00000)
 Metaspace       used 55260K, committed 56640K, reserved 1114112K
  class space    used 5948K, committed 6592K, reserved 1048576K
}
Event: 12.380 GC heap before
{Heap before GC invocations=57 (full 2):
 PSYoungGen      total 23040K, used 22651K [0x00000000d5580000, 0x00000000d6e00000, 0x0000000100000000)
  eden space 21504K, 100% used [0x00000000d5580000,0x00000000d6a80000,0x00000000d6a80000)
  from space 1536K, 74% used [0x00000000d6c80000,0x00000000d6d9eed0,0x00000000d6e00000)
  to   space 1536K, 0% used [0x00000000d6a80000,0x00000000d6a80000,0x00000000d6c00000)
 ParOldGen       total 77824K, used 77602K [0x0000000080000000, 0x0000000084c00000, 0x00000000d5580000)
  object space 77824K, 99% used [0x0000000080000000,0x0000000084bc8930,0x0000000084c00000)
 Metaspace       used 56723K, committed 58048K, reserved 1114112K
  class space    used 6076K, committed 6656K, reserved 1048576K
}
Event: 12.383 GC heap after
{Heap after GC invocations=57 (full 2):
 PSYoungGen      total 23040K, used 1504K [0x00000000d5580000, 0x00000000d7380000, 0x0000000100000000)
  eden space 21504K, 0% used [0x00000000d5580000,0x00000000d5580000,0x00000000d6a80000)
  from space 1536K, 97% used [0x00000000d6a80000,0x00000000d6bf80e8,0x00000000d6c00000)
  to   space 4608K, 0% used [0x00000000d6f00000,0x00000000d6f00000,0x00000000d7380000)
 ParOldGen       total 79872K, used 79803K [0x0000000080000000, 0x0000000084e00000, 0x00000000d5580000)
  object space 79872K, 99% used [0x0000000080000000,0x0000000084deefe8,0x0000000084e00000)
 Metaspace       used 56723K, committed 58048K, reserved 1114112K
  class space    used 6076K, committed 6656K, reserved 1048576K
}
Event: 12.629 GC heap before
{Heap before GC invocations=58 (full 2):
 PSYoungGen      total 23040K, used 23008K [0x00000000d5580000, 0x00000000d7380000, 0x0000000100000000)
  eden space 21504K, 100% used [0x00000000d5580000,0x00000000d6a80000,0x00000000d6a80000)
  from space 1536K, 97% used [0x00000000d6a80000,0x00000000d6bf80e8,0x00000000d6c00000)
  to   space 4608K, 0% used [0x00000000d6f00000,0x00000000d6f00000,0x00000000d7380000)
 ParOldGen       total 79872K, used 79803K [0x0000000080000000, 0x0000000084e00000, 0x00000000d5580000)
  object space 79872K, 99% used [0x0000000080000000,0x0000000084deefe8,0x0000000084e00000)
 Metaspace       used 57291K, committed 58688K, reserved 1114112K
  class space    used 6135K, committed 6720K, reserved 1048576K
}
Event: 12.632 GC heap after
{Heap after GC invocations=58 (full 2):
 PSYoungGen      total 25088K, used 3376K [0x00000000d5580000, 0x00000000d7280000, 0x0000000100000000)
  eden space 21504K, 0% used [0x00000000d5580000,0x00000000d5580000,0x00000000d6a80000)
  from space 3584K, 94% used [0x00000000d6f00000,0x00000000d724c020,0x00000000d7280000)
  to   space 3584K, 0% used [0x00000000d6b80000,0x00000000d6b80000,0x00000000d6f00000)
 ParOldGen       total 81408K, used 81312K [0x0000000080000000, 0x0000000084f80000, 0x00000000d5580000)
  object space 81408K, 99% used [0x0000000080000000,0x0000000084f681d0,0x0000000084f80000)
 Metaspace       used 57291K, committed 58688K, reserved 1114112K
  class space    used 6135K, committed 6720K, reserved 1048576K
}
Event: 12.791 GC heap before
{Heap before GC invocations=59 (full 2):
 PSYoungGen      total 25088K, used 24880K [0x00000000d5580000, 0x00000000d7280000, 0x0000000100000000)
  eden space 21504K, 100% used [0x00000000d5580000,0x00000000d6a80000,0x00000000d6a80000)
  from space 3584K, 94% used [0x00000000d6f00000,0x00000000d724c020,0x00000000d7280000)
  to   space 3584K, 0% used [0x00000000d6b80000,0x00000000d6b80000,0x00000000d6f00000)
 ParOldGen       total 81408K, used 81312K [0x0000000080000000, 0x0000000084f80000, 0x00000000d5580000)
  object space 81408K, 99% used [0x0000000080000000,0x0000000084f681d0,0x0000000084f80000)
 Metaspace       used 57488K, committed 58880K, reserved 1114112K
  class space    used 6142K, committed 6720K, reserved 1048576K
}
Event: 12.819 GC heap after
{Heap after GC invocations=59 (full 2):
 PSYoungGen      total 25088K, used 3566K [0x00000000d5580000, 0x00000000d7b80000, 0x0000000100000000)
  eden space 21504K, 0% used [0x00000000d5580000,0x00000000d5580000,0x00000000d6a80000)
  from space 3584K, 99% used [0x00000000d6b80000,0x00000000d6efb8e0,0x00000000d6f00000)
  to   space 8704K, 0% used [0x00000000d7300000,0x00000000d7300000,0x00000000d7b80000)
 ParOldGen       total 86016K, used 85582K [0x0000000080000000, 0x0000000085400000, 0x00000000d5580000)
  object space 86016K, 99% used [0x0000000080000000,0x00000000853939a0,0x0000000085400000)
 Metaspace       used 57488K, committed 58880K, reserved 1114112K
  class space    used 6142K, committed 6720K, reserved 1048576K
}

Dll operation events (10 events):
Event: 0.010 Loaded shared library c:\Users\TUF\.vscode\extensions\redhat.java-1.54.0-win32-x64\jre\21.0.10-win32-x86_64\bin\java.dll
Event: 0.089 Loaded shared library c:\Users\TUF\.vscode\extensions\redhat.java-1.54.0-win32-x64\jre\21.0.10-win32-x86_64\bin\zip.dll
Event: 0.115 Loaded shared library C:\Users\TUF\.vscode\extensions\redhat.java-1.54.0-win32-x64\jre\21.0.10-win32-x86_64\bin\instrument.dll
Event: 0.121 Loaded shared library C:\Users\TUF\.vscode\extensions\redhat.java-1.54.0-win32-x64\jre\21.0.10-win32-x86_64\bin\net.dll
Event: 0.124 Loaded shared library C:\Users\TUF\.vscode\extensions\redhat.java-1.54.0-win32-x64\jre\21.0.10-win32-x86_64\bin\nio.dll
Event: 0.128 Loaded shared library C:\Users\TUF\.vscode\extensions\redhat.java-1.54.0-win32-x64\jre\21.0.10-win32-x86_64\bin\zip.dll
Event: 0.167 Loaded shared library C:\Users\TUF\.vscode\extensions\redhat.java-1.54.0-win32-x64\jre\21.0.10-win32-x86_64\bin\jimage.dll
Event: 0.265 Loaded shared library c:\Users\TUF\.vscode\extensions\redhat.java-1.54.0-win32-x64\jre\21.0.10-win32-x86_64\bin\verify.dll
Event: 1.339 Loaded shared library C:\Users\TUF\AppData\Roaming\Code\User\globalStorage\redhat.java\1.54.0\config_win\org.eclipse.equinox.launcher\org.eclipse.equinox.launcher.win32.win32.x86_64_1.3.0.v20260203-2149\eclipse_11919.dll
Event: 6.897 Loaded shared library C:\Users\TUF\AppData\Local\Temp\jna-83429\jna17502543881732342578.dll

Deoptimization events (20 events):
Event: 12.909 Thread 0x00000212e94856c0 Uncommon trap: trap_request=0xffffff45 fr.pc=0x00000212d72ede14 relative=0x0000000000000894
Event: 12.909 Thread 0x00000212e94856c0 Uncommon trap: reason=unstable_if action=reinterpret pc=0x00000212d72ede14 method=lombok.core.configuration.FileSystemSourceCache.parseIfNeccesary(Llombok/core/configuration/ConfigurationFile;Llombok/core/configuration/ConfigurationParser;)Llombok/core/co
Event: 12.909 Thread 0x00000212e94856c0 DEOPT PACKING pc=0x00000212d72ede14 sp=0x000000c0ce3fd750
Event: 12.909 Thread 0x00000212e94856c0 DEOPT UNPACKING pc=0x00000212d6863aa2 sp=0x000000c0ce3fd6f8 mode 2
Event: 12.910 Thread 0x00000212e94856c0 Uncommon trap: trap_request=0xffffffc6 fr.pc=0x00000212d732a9bc relative=0x00000000000009dc
Event: 12.910 Thread 0x00000212e94856c0 Uncommon trap: reason=bimorphic_or_optimized_type_check action=maybe_recompile pc=0x00000212d732a9bc method=lombok.eclipse.EclipseNode.traverse(Llombok/eclipse/EclipseASTVisitor;)V @ 360 c2
Event: 12.910 Thread 0x00000212e94856c0 DEOPT PACKING pc=0x00000212d732a9bc sp=0x000000c0ce3fd530
Event: 12.910 Thread 0x00000212e94856c0 DEOPT UNPACKING pc=0x00000212d6863aa2 sp=0x000000c0ce3fd4c8 mode 2
Event: 12.915 Thread 0x00000212e94856c0 Uncommon trap: trap_request=0xffffffc6 fr.pc=0x00000212d732a9bc relative=0x00000000000009dc
Event: 12.915 Thread 0x00000212e94856c0 Uncommon trap: reason=bimorphic_or_optimized_type_check action=maybe_recompile pc=0x00000212d732a9bc method=lombok.eclipse.EclipseNode.traverse(Llombok/eclipse/EclipseASTVisitor;)V @ 360 c2
Event: 12.915 Thread 0x00000212e94856c0 DEOPT PACKING pc=0x00000212d732a9bc sp=0x000000c0ce3fd530
Event: 12.915 Thread 0x00000212e94856c0 DEOPT UNPACKING pc=0x00000212d6863aa2 sp=0x000000c0ce3fd4c8 mode 2
Event: 12.915 Thread 0x00000212e94856c0 Uncommon trap: trap_request=0xffffffc6 fr.pc=0x00000212d732a9bc relative=0x00000000000009dc
Event: 12.915 Thread 0x00000212e94856c0 Uncommon trap: reason=bimorphic_or_optimized_type_check action=maybe_recompile pc=0x00000212d732a9bc method=lombok.eclipse.EclipseNode.traverse(Llombok/eclipse/EclipseASTVisitor;)V @ 360 c2
Event: 12.915 Thread 0x00000212e94856c0 DEOPT PACKING pc=0x00000212d732a9bc sp=0x000000c0ce3fd530
Event: 12.915 Thread 0x00000212e94856c0 DEOPT UNPACKING pc=0x00000212d6863aa2 sp=0x000000c0ce3fd4c8 mode 2
Event: 12.915 Thread 0x00000212e94856c0 Uncommon trap: trap_request=0xffffffc6 fr.pc=0x00000212d732a9bc relative=0x00000000000009dc
Event: 12.915 Thread 0x00000212e94856c0 Uncommon trap: reason=bimorphic_or_optimized_type_check action=maybe_recompile pc=0x00000212d732a9bc method=lombok.eclipse.EclipseNode.traverse(Llombok/eclipse/EclipseASTVisitor;)V @ 360 c2
Event: 12.915 Thread 0x00000212e94856c0 DEOPT PACKING pc=0x00000212d732a9bc sp=0x000000c0ce3fd530
Event: 12.915 Thread 0x00000212e94856c0 DEOPT UNPACKING pc=0x00000212d6863aa2 sp=0x000000c0ce3fd4c8 mode 2

Classes loaded (20 events):
Event: 12.158 Loading class java/util/concurrent/ForkJoinTask$AdaptedCallable
Event: 12.158 Loading class java/util/concurrent/ForkJoinTask$AdaptedCallable done
Event: 12.182 Loading class java/util/stream/ReduceOps$4
Event: 12.182 Loading class java/util/stream/ReduceOps$4 done
Event: 12.182 Loading class java/util/stream/ReduceOps$4ReducingSink
Event: 12.182 Loading class java/util/stream/ReduceOps$4ReducingSink done
Event: 12.183 Loading class java/nio/file/Files$2
Event: 12.183 Loading class java/nio/file/Files$2 done
Event: 12.613 Loading class java/util/stream/ReferencePipeline$4
Event: 12.613 Loading class java/util/stream/ReferencePipeline$4 done
Event: 12.613 Loading class java/util/stream/Nodes$IntFixedNodeBuilder
Event: 12.613 Loading class java/util/stream/Node$Builder$OfInt
Event: 12.613 Loading class java/util/stream/Node$Builder$OfInt done
Event: 12.614 Loading class java/util/stream/Nodes$IntArrayNode
Event: 12.614 Loading class java/util/stream/Nodes$IntArrayNode done
Event: 12.614 Loading class java/util/stream/Nodes$IntFixedNodeBuilder done
Event: 12.614 Loading class java/util/stream/ReferencePipeline$4$1
Event: 12.614 Loading class java/util/stream/ReferencePipeline$4$1 done
Event: 12.708 Loading class java/lang/StringLatin1$LinesSpliterator
Event: 12.708 Loading class java/lang/StringLatin1$LinesSpliterator done

Classes unloaded (7 events):
Event: 7.356 Thread 0x00000212cc17e890 Unloading class 0x00000212811af400 'java/lang/invoke/LambdaForm$MH+0x00000212811af400'
Event: 7.356 Thread 0x00000212cc17e890 Unloading class 0x00000212811af000 'java/lang/invoke/LambdaForm$MH+0x00000212811af000'
Event: 7.356 Thread 0x00000212cc17e890 Unloading class 0x00000212811aec00 'java/lang/invoke/LambdaForm$MH+0x00000212811aec00'
Event: 7.356 Thread 0x00000212cc17e890 Unloading class 0x00000212811ae800 'java/lang/invoke/LambdaForm$MH+0x00000212811ae800'
Event: 7.356 Thread 0x00000212cc17e890 Unloading class 0x00000212811ae400 'java/lang/invoke/LambdaForm$BMH+0x00000212811ae400'
Event: 7.356 Thread 0x00000212cc17e890 Unloading class 0x00000212811ae000 'java/lang/invoke/LambdaForm$DMH+0x00000212811ae000'
Event: 7.356 Thread 0x00000212cc17e890 Unloading class 0x00000212811acc00 'java/lang/invoke/LambdaForm$DMH+0x00000212811acc00'

Classes redefined (0 events):
No events

Internal exceptions (20 events):
Event: 10.058 Thread 0x00000212e9486a70 Exception <a 'sun/nio/fs/WindowsException'{0x00000000d5ddb620}> (0x00000000d5ddb620) 
thrown [s\src\hotspot\share\prims\jni.cpp, line 520]
Event: 10.058 Thread 0x00000212e9486a70 Exception <a 'sun/nio/fs/WindowsException'{0x00000000d5ddea68}> (0x00000000d5ddea68) 
thrown [s\src\hotspot\share\prims\jni.cpp, line 520]
Event: 10.058 Thread 0x00000212e9486a70 Exception <a 'sun/nio/fs/WindowsException'{0x00000000d5ddf088}> (0x00000000d5ddf088) 
thrown [s\src\hotspot\share\prims\jni.cpp, line 520]
Event: 10.058 Thread 0x00000212e9486a70 Exception <a 'sun/nio/fs/WindowsException'{0x00000000d5ddf6a8}> (0x00000000d5ddf6a8) 
thrown [s\src\hotspot\share\prims\jni.cpp, line 520]
Event: 10.058 Thread 0x00000212e9486a70 Exception <a 'sun/nio/fs/WindowsException'{0x00000000d5ddfce0}> (0x00000000d5ddfce0) 
thrown [s\src\hotspot\share\prims\jni.cpp, line 520]
Event: 10.059 Thread 0x00000212e9486a70 Exception <a 'sun/nio/fs/WindowsException'{0x00000000d5e33f38}> (0x00000000d5e33f38) 
thrown [s\src\hotspot\share\prims\jni.cpp, line 520]
Event: 10.059 Thread 0x00000212e9486a70 Exception <a 'sun/nio/fs/WindowsException'{0x00000000d5e34588}> (0x00000000d5e34588) 
thrown [s\src\hotspot\share\prims\jni.cpp, line 520]
Event: 10.059 Thread 0x00000212e9486a70 Exception <a 'sun/nio/fs/WindowsException'{0x00000000d5e34bd8}> (0x00000000d5e34bd8) 
thrown [s\src\hotspot\share\prims\jni.cpp, line 520]
Event: 10.059 Thread 0x00000212e9486a70 Exception <a 'sun/nio/fs/WindowsException'{0x00000000d5e35240}> (0x00000000d5e35240) 
thrown [s\src\hotspot\share\prims\jni.cpp, line 520]
Event: 10.163 Thread 0x00000212e94856c0 Exception <a 'sun/nio/fs/WindowsException'{0x00000000d58aaf68}> (0x00000000d58aaf68) 
thrown [s\src\hotspot\share\prims\jni.cpp, line 520]
Event: 10.219 Thread 0x00000212ebcb93e0 Exception <a 'java/lang/IncompatibleClassChangeError'{0x00000000d5fa5548}: Found class java.lang.Object, but interface was expected> (0x00000000d5fa5548) 
thrown [s\src\hotspot\share\interpreter\linkResolver.cpp, line 840]
Event: 10.835 Thread 0x00000212e94856c0 Implicit null exception at 0x00000212d70c75ee to 0x00000212d70c7fdc
Event: 11.040 Thread 0x00000212e94856c0 Implicit null exception at 0x00000212d70bf203 to 0x00000212d70bf484
Event: 11.041 Thread 0x00000212e94856c0 Exception <a 'java/lang/NoSuchMethodError'{0x00000000d593d720}: 'java.lang.Object java.lang.invoke.DelegatingMethodHandle$Holder.reinvoke_L(java.lang.Object, int, long, java.lang.Object, java.lang.Object, int, java.lang.Object)'> (0x00000000d593d720) 
thrown [s\src\hotspot\share\interpreter\linkResolver.cpp, line 773]
Event: 12.185 Thread 0x00000212e94856c0 Exception <a 'java/lang/NoSuchMethodError'{0x00000000d5defb78}: 'int java.lang.invoke.DirectMethodHandle$Holder.invokeSpecialIFC(java.lang.Object, java.lang.Object, java.lang.Object)'> (0x00000000d5defb78) 
thrown [s\src\hotspot\share\interpreter\linkResolver.cpp, line 773]
Event: 12.309 Thread 0x00000212e94856c0 Exception <a 'java/lang/NoSuchMethodError'{0x00000000d646f8b8}: 'java.lang.Object java.lang.invoke.DirectMethodHandle$Holder.invokeStatic(java.lang.Object, java.lang.Object, int, java.lang.Object, java.lang.Object)'> (0x00000000d646f8b8) 
thrown [s\src\hotspot\share\interpreter\linkResolver.cpp, line 773]
Event: 12.482 Thread 0x00000212e94856c0 Exception <a 'java/lang/NoSuchMethodError'{0x00000000d5b19ea0}: 'java.lang.Object java.lang.invoke.DirectMethodHandle$Holder.invokeStatic(java.lang.Object, java.lang.Object, int, int)'> (0x00000000d5b19ea0) 
thrown [s\src\hotspot\share\interpreter\linkResolver.cpp, line 773]
Event: 12.482 Thread 0x00000212e94856c0 Exception <a 'java/lang/NoSuchMethodError'{0x00000000d5b1df00}: 'java.lang.Object java.lang.invoke.DirectMethodHandle$Holder.invokeSpecial(java.lang.Object, java.lang.Object, java.lang.Object, int, int)'> (0x00000000d5b1df00) 
thrown [s\src\hotspot\share\interpreter\linkResolver.cpp, line 773]
Event: 12.642 Thread 0x00000212e94856c0 Implicit null exception at 0x00000212d6ed854c to 0x00000212d6ed86a4
Event: 12.708 Thread 0x00000212e94856c0 Exception <a 'java/lang/NoSuchMethodError'{0x00000000d616e258}: 'java.lang.Object java.lang.invoke.DirectMethodHandle$Holder.invokeStatic(java.lang.Object, int, java.lang.Object)'> (0x00000000d616e258) 
thrown [s\src\hotspot\share\interpreter\linkResolver.cpp, line 773]

ZGC Phase Switch (0 events):
No events

VM Operations (20 events):
Event: 12.049 Executing safepoint VM operation: ParallelGCFailedAllocation (Allocation Failure)
Event: 12.051 Executing safepoint VM operation: ParallelGCFailedAllocation (Allocation Failure) done
Event: 12.118 Executing safepoint VM operation: ParallelGCFailedAllocation (Allocation Failure)
Event: 12.120 Executing safepoint VM operation: ParallelGCFailedAllocation (Allocation Failure) done
Event: 12.359 Executing safepoint VM operation: ICBufferFull
Event: 12.359 Executing safepoint VM operation: ICBufferFull done
Event: 12.380 Executing safepoint VM operation: ParallelGCFailedAllocation (Allocation Failure)
Event: 12.383 Executing safepoint VM operation: ParallelGCFailedAllocation (Allocation Failure) done
Event: 12.559 Executing safepoint VM operation: ICBufferFull
Event: 12.559 Executing safepoint VM operation: ICBufferFull done
Event: 12.629 Executing safepoint VM operation: ParallelGCFailedAllocation (Allocation Failure)
Event: 12.632 Executing safepoint VM operation: ParallelGCFailedAllocation (Allocation Failure) done
Event: 12.776 Executing safepoint VM operation: ICBufferFull
Event: 12.776 Executing safepoint VM operation: ICBufferFull done
Event: 12.791 Executing safepoint VM operation: ParallelGCFailedAllocation (Allocation Failure)
Event: 12.819 Executing safepoint VM operation: ParallelGCFailedAllocation (Allocation Failure) done
Event: 13.827 Executing safepoint VM operation: Cleanup
Event: 13.950 Executing safepoint VM operation: Cleanup done
Event: 14.951 Executing safepoint VM operation: Cleanup
Event: 14.951 Executing safepoint VM operation: Cleanup done

Memory protections (0 events):
No events

Nmethod flushes (20 events):
Event: 8.421 Thread 0x00000212cc17e890 flushing  nmethod 0x00000212cf904c10
Event: 8.421 Thread 0x00000212cc17e890 flushing  nmethod 0x00000212cf906190
Event: 8.421 Thread 0x00000212cc17e890 flushing  nmethod 0x00000212cf906a90
Event: 8.421 Thread 0x00000212cc17e890 flushing  nmethod 0x00000212cf908490
Event: 8.421 Thread 0x00000212cc17e890 flushing  nmethod 0x00000212cf908890
Event: 8.421 Thread 0x00000212cc17e890 flushing  nmethod 0x00000212cf908d10
Event: 8.421 Thread 0x00000212cc17e890 flushing  nmethod 0x00000212cf909210
Event: 8.421 Thread 0x00000212cc17e890 flushing  nmethod 0x00000212cf90ac10
Event: 8.421 Thread 0x00000212cc17e890 flushing  nmethod 0x00000212cf924010
Event: 8.421 Thread 0x00000212cc17e890 flushing  nmethod 0x00000212cf92ef90
Event: 8.421 Thread 0x00000212cc17e890 flushing  nmethod 0x00000212cf93f910
Event: 8.421 Thread 0x00000212cc17e890 flushing  nmethod 0x00000212cf943990
Event: 8.421 Thread 0x00000212cc17e890 flushing  nmethod 0x00000212cf94a890
Event: 8.421 Thread 0x00000212cc17e890 flushing  nmethod 0x00000212cf9df810
Event: 8.421 Thread 0x00000212cc17e890 flushing  nmethod 0x00000212cf9fb690
Event: 8.421 Thread 0x00000212cc17e890 flushing  nmethod 0x00000212cf9fbb10
Event: 8.421 Thread 0x00000212cc17e890 flushing  nmethod 0x00000212cf9ffd90
Event: 8.421 Thread 0x00000212cc17e890 flushing  nmethod 0x00000212cfa17090
Event: 8.421 Thread 0x00000212cc17e890 flushing  nmethod 0x00000212cfa18890
Event: 8.421 Thread 0x00000212cc17e890 flushing  nmethod 0x00000212cfa33f90

Events (20 events):
Event: 8.206 Thread 0x00000212cc0df480 Thread added: 0x00000212e9487e20
Event: 8.206 Thread 0x00000212cc0df480 Thread added: 0x00000212e9485030
Event: 8.206 Thread 0x00000212cc0df480 Thread added: 0x00000212ebcb86c0
Event: 8.206 Thread 0x00000212cc0df480 Thread added: 0x00000212ebcb6c80
Event: 8.206 Thread 0x00000212cc0df480 Thread added: 0x00000212ebcb65f0
Event: 8.207 Thread 0x00000212cc0df480 Thread added: 0x00000212ebcb8030
Event: 8.207 Thread 0x00000212cc0df480 Thread added: 0x00000212ebcb7310
Event: 8.207 Thread 0x00000212cc0df480 Thread added: 0x00000212ebcb5240
Event: 8.207 Thread 0x00000212cc0df480 Thread added: 0x00000212ebcb79a0
Event: 8.207 Thread 0x00000212cc0df480 Thread added: 0x00000212ebcb5f60
Event: 8.207 Thread 0x00000212cc0df480 Thread added: 0x00000212ebcb8d50
Event: 8.208 Thread 0x00000212cc0df480 Thread added: 0x00000212ebcb58d0
Event: 8.208 Thread 0x00000212cc0df480 Thread added: 0x00000212ebcbb4b0
Event: 8.243 Thread 0x00000212cc0df480 Thread added: 0x00000212ebcbbb40
Event: 8.435 Thread 0x00000212cc0df480 Thread added: 0x00000212ebcbc1d0
Event: 8.435 Thread 0x00000212cc0df480 Thread added: 0x00000212ebcb93e0
Event: 8.650 Thread 0x00000212e9487100 Thread added: 0x00000212ebcbae20
Event: 9.925 Thread 0x00000212e9486a70 Thread added: 0x00000212ebcb9a70
Event: 10.197 Thread 0x00000212ebcb9a70 Thread exited: 0x00000212ebcb9a70
Event: 12.159 Thread 0x00000212e94856c0 Thread added: 0x00000212ebcb9a70


Dynamic libraries:
0x00007ff62aa40000 - 0x00007ff62aa4e000 	c:\Users\TUF\.vscode\extensions\redhat.java-1.54.0-win32-x64\jre\21.0.10-win32-x86_64\bin\java.exe
0x00007ffc13ca0000 - 0x00007ffc13f06000 	C:\WINDOWS\SYSTEM32\ntdll.dll
0x00007ffc11a50000 - 0x00007ffc11b19000 	C:\WINDOWS\System32\KERNEL32.DLL
0x00007ffc11610000 - 0x00007ffc11a0a000 	C:\WINDOWS\System32\KERNELBASE.dll
0x00007ffc110a0000 - 0x00007ffc111ec000 	C:\WINDOWS\System32\ucrtbase.dll
0x00007ffc09870000 - 0x00007ffc0988e000 	c:\Users\TUF\.vscode\extensions\redhat.java-1.54.0-win32-x64\jre\21.0.10-win32-x86_64\bin\VCRUNTIME140.dll
0x00007ffc0b0b0000 - 0x00007ffc0b0c8000 	c:\Users\TUF\.vscode\extensions\redhat.java-1.54.0-win32-x64\jre\21.0.10-win32-x86_64\bin\jli.dll
0x00007ffc125f0000 - 0x00007ffc127b7000 	C:\WINDOWS\System32\USER32.dll
0x00007ffbfb3f0000 - 0x00007ffbfb682000 	C:\WINDOWS\WinSxS\amd64_microsoft.windows.common-controls_6595b64144ccf1df_6.0.26100.8521_none_3e08b75ce33403b3\COMCTL32.dll
0x00007ffc114a0000 - 0x00007ffc114c7000 	C:\WINDOWS\System32\win32u.dll
0x00007ffc12f30000 - 0x00007ffc12fd9000 	C:\WINDOWS\System32\msvcrt.dll
0x00007ffc11f20000 - 0x00007ffc11f4b000 	C:\WINDOWS\System32\GDI32.dll
0x00007ffc111f0000 - 0x00007ffc1131b000 	C:\WINDOWS\System32\gdi32full.dll
0x00007ffc114d0000 - 0x00007ffc11573000 	C:\WINDOWS\System32\msvcp_win.dll
0x00007ffc11a10000 - 0x00007ffc11a42000 	C:\WINDOWS\System32\IMM32.DLL
0x00007ffc0c020000 - 0x00007ffc0c02c000 	c:\Users\TUF\.vscode\extensions\redhat.java-1.54.0-win32-x64\jre\21.0.10-win32-x86_64\bin\vcruntime140_1.dll
0x00007ffbfe9e0000 - 0x00007ffbfea6d000 	c:\Users\TUF\.vscode\extensions\redhat.java-1.54.0-win32-x64\jre\21.0.10-win32-x86_64\bin\msvcp140.dll
0x00007ffb94580000 - 0x00007ffb95321000 	c:\Users\TUF\.vscode\extensions\redhat.java-1.54.0-win32-x64\jre\21.0.10-win32-x86_64\bin\server\jvm.dll
0x00007ffc13160000 - 0x00007ffc13216000 	C:\WINDOWS\System32\ADVAPI32.dll
0x00007ffc12a30000 - 0x00007ffc12ada000 	C:\WINDOWS\System32\sechost.dll
0x00007ffc12e10000 - 0x00007ffc12f28000 	C:\WINDOWS\System32\RPCRT4.dll
0x00007ffc12560000 - 0x00007ffc125e0000 	C:\WINDOWS\System32\WS2_32.dll
0x00007ffc10d90000 - 0x00007ffc10dee000 	C:\WINDOWS\SYSTEM32\POWRPROF.dll
0x00007ffc09000000 - 0x00007ffc0900b000 	C:\WINDOWS\SYSTEM32\VERSION.dll
0x00007ffc029a0000 - 0x00007ffc029d6000 	C:\WINDOWS\SYSTEM32\WINMM.dll
0x00007ffc10d70000 - 0x00007ffc10d84000 	C:\WINDOWS\SYSTEM32\UMPDC.dll
0x00007ffc0fcc0000 - 0x00007ffc0fcdb000 	C:\WINDOWS\SYSTEM32\kernel.appcore.dll
0x00007ffc0bb80000 - 0x00007ffc0bb8a000 	c:\Users\TUF\.vscode\extensions\redhat.java-1.54.0-win32-x64\jre\21.0.10-win32-x86_64\bin\jimage.dll
0x00007ffc0e610000 - 0x00007ffc0e852000 	C:\WINDOWS\SYSTEM32\DBGHELP.DLL
0x00007ffc11b20000 - 0x00007ffc11ea3000 	C:\WINDOWS\System32\combase.dll
0x00007ffc12470000 - 0x00007ffc12549000 	C:\WINDOWS\System32\OLEAUT32.dll
0x00007ffbd7d80000 - 0x00007ffbd7dbb000 	C:\WINDOWS\SYSTEM32\dbgcore.DLL
0x00007ffc10ff0000 - 0x00007ffc11098000 	C:\WINDOWS\System32\bcryptPrimitives.dll
0x00007ffc09b40000 - 0x00007ffc09b4f000 	c:\Users\TUF\.vscode\extensions\redhat.java-1.54.0-win32-x64\jre\21.0.10-win32-x86_64\bin\instrument.dll
0x00007ffc09850000 - 0x00007ffc09870000 	c:\Users\TUF\.vscode\extensions\redhat.java-1.54.0-win32-x64\jre\21.0.10-win32-x86_64\bin\java.dll
0x00007ffc134d0000 - 0x00007ffc13c54000 	C:\WINDOWS\System32\SHELL32.dll
0x00007ffc0eac0000 - 0x00007ffc0f340000 	C:\WINDOWS\SYSTEM32\windows.storage.dll
0x00007ffc133d0000 - 0x00007ffc134c6000 	C:\WINDOWS\System32\SHCORE.dll
0x00007ffc129c0000 - 0x00007ffc12a27000 	C:\WINDOWS\System32\shlwapi.dll
0x00007ffc10e50000 - 0x00007ffc10e79000 	C:\WINDOWS\SYSTEM32\profapi.dll
0x00007ffc096c0000 - 0x00007ffc096d8000 	c:\Users\TUF\.vscode\extensions\redhat.java-1.54.0-win32-x64\jre\21.0.10-win32-x86_64\bin\zip.dll
0x00007ffc09900000 - 0x00007ffc09910000 	C:\Users\TUF\.vscode\extensions\redhat.java-1.54.0-win32-x64\jre\21.0.10-win32-x86_64\bin\net.dll
0x00007ffc0a8a0000 - 0x00007ffc0a9c9000 	C:\WINDOWS\SYSTEM32\WINHTTP.dll
0x00007ffc10230000 - 0x00007ffc1029c000 	C:\WINDOWS\system32\mswsock.dll
0x00007ffc09010000 - 0x00007ffc09026000 	C:\Users\TUF\.vscode\extensions\redhat.java-1.54.0-win32-x64\jre\21.0.10-win32-x86_64\bin\nio.dll
0x00007ffc073a0000 - 0x00007ffc073b0000 	c:\Users\TUF\.vscode\extensions\redhat.java-1.54.0-win32-x64\jre\21.0.10-win32-x86_64\bin\verify.dll
0x00007ffbfe280000 - 0x00007ffbfe2c5000 	C:\Users\TUF\AppData\Roaming\Code\User\globalStorage\redhat.java\1.54.0\config_win\org.eclipse.equinox.launcher\org.eclipse.equinox.launcher.win32.win32.x86_64_1.3.0.v20260203-2149\eclipse_11919.dll
0x00007ffc12b70000 - 0x00007ffc12d08000 	C:\WINDOWS\System32\ole32.dll
0x00007ffc10510000 - 0x00007ffc1052b000 	C:\WINDOWS\SYSTEM32\CRYPTSP.dll
0x00007ffc0fc20000 - 0x00007ffc0fc59000 	C:\WINDOWS\system32\rsaenh.dll
0x00007ffc102e0000 - 0x00007ffc10313000 	C:\WINDOWS\SYSTEM32\USERENV.dll
0x00007ffc10e20000 - 0x00007ffc10e4a000 	C:\WINDOWS\SYSTEM32\bcrypt.dll
0x00007ffc10530000 - 0x00007ffc1053c000 	C:\WINDOWS\SYSTEM32\CRYPTBASE.dll
0x00007ffc0f6d0000 - 0x00007ffc0f703000 	C:\WINDOWS\SYSTEM32\IPHLPAPI.DLL
0x00007ffc13010000 - 0x00007ffc1301a000 	C:\WINDOWS\System32\NSI.dll
0x00007ffbffef0000 - 0x00007ffbfff39000 	C:\Users\TUF\AppData\Local\Temp\jna-83429\jna17502543881732342578.dll
0x00007ffc11eb0000 - 0x00007ffc11eb8000 	C:\WINDOWS\System32\PSAPI.DLL
0x00007ffc0b040000 - 0x00007ffc0b05d000 	C:\WINDOWS\SYSTEM32\dhcpcsvc6.DLL
0x00007ffc0af70000 - 0x00007ffc0af95000 	C:\WINDOWS\SYSTEM32\dhcpcsvc.DLL

JVMTI agents:
c:\Users\TUF\.vscode\extensions\redhat.java-1.54.0-win32-x64\lombok\lombok-1.18.39-4050.jar path:c:\Users\TUF\.vscode\extensions\redhat.java-1.54.0-win32-x64\jre\21.0.10-win32-x86_64\bin\instrument.dll, loaded, initialized, instrumentlib options:none

dbghelp: loaded successfully - version: 4.0.5 - missing functions: none
symbol engine: initialized successfully - sym options: 0x614 - pdb path: .;c:\Users\TUF\.vscode\extensions\redhat.java-1.54.0-win32-x64\jre\21.0.10-win32-x86_64\bin;C:\WINDOWS\SYSTEM32;C:\WINDOWS\WinSxS\amd64_microsoft.windows.common-controls_6595b64144ccf1df_6.0.26100.8521_none_3e08b75ce33403b3;c:\Users\TUF\.vscode\extensions\redhat.java-1.54.0-win32-x64\jre\21.0.10-win32-x86_64\bin\server;C:\Users\TUF\AppData\Roaming\Code\User\globalStorage\redhat.java\1.54.0\config_win\org.eclipse.equinox.launcher\org.eclipse.equinox.launcher.win32.win32.x86_64_1.3.0.v20260203-2149;C:\Users\TUF\AppData\Local\Temp\jna-83429

VM Arguments:
jvm_args: --add-modules=ALL-SYSTEM --add-opens=java.base/java.util=ALL-UNNAMED --add-opens=java.base/java.lang=ALL-UNNAMED --add-opens=java.base/sun.nio.fs=ALL-UNNAMED -Declipse.application=org.eclipse.jdt.ls.core.id1 -Dosgi.bundles.defaultStartLevel=4 -Declipse.product=org.eclipse.jdt.ls.core.product -Djava.import.generatesMetadataFilesAtProjectRoot=false -DDetectVMInstallationsJob.disabled=true -Dfile.encoding=utf8 -XX:+UseParallelGC -XX:GCTimeRatio=4 -XX:AdaptiveSizePolicyWeight=90 -Dsun.zip.disableMemoryMapping=true -Xmx2G -Xms100m -Xlog:disable -javaagent:c:\Users\TUF\.vscode\extensions\redhat.java-1.54.0-win32-x64\lombok\lombok-1.18.39-4050.jar -XX:+HeapDumpOnOutOfMemoryError -XX:HeapDumpPath=c:\Users\TUF\AppData\Roaming\Code\User\workspaceStorage\9666aa7d0958d0b855e21311c80c4bb9\redhat.java -Daether.dependencyCollector.impl=bf 
java_command: c:\Users\TUF\.vscode\extensions\redhat.java-1.54.0-win32-x64\server\plugins\org.eclipse.equinox.launcher_1.7.100.v20251111-0406.jar -configuration c:\Users\TUF\AppData\Roaming\Code\User\globalStorage\redhat.java\1.54.0\config_win -data c:\Users\TUF\AppData\Roaming\Code\User\workspaceStorage\9666aa7d0958d0b855e21311c80c4bb9\redhat.java\jdt_ws --pipe=\\.\pipe\lsp-c075f401eb37d97baec348ec2a19774d-sock
java_class_path (initial): c:\Users\TUF\.vscode\extensions\redhat.java-1.54.0-win32-x64\server\plugins\org.eclipse.equinox.launcher_1.7.100.v20251111-0406.jar
Launcher Type: SUN_STANDARD

[Global flags]
    uintx AdaptiveSizePolicyWeight                 = 90                                        {product} {command line}
     intx CICompilerCount                          = 4                                         {product} {ergonomic}
    uintx GCTimeRatio                              = 4                                         {product} {command line}
     bool HeapDumpOnOutOfMemoryError               = true                                   {manageable} {command line}
    ccstr HeapDumpPath                             = c:\Users\TUF\AppData\Roaming\Code\User\workspaceStorage\9666aa7d0958d0b855e21311c80c4bb9\redhat.java         {manageable} {command line}
   size_t InitialHeapSize                          = 104857600                                 {product} {command line}
   size_t MaxHeapSize                              = 2147483648                                {product} {command line}
   size_t MaxNewSize                               = 715653120                                 {product} {ergonomic}
   size_t MinHeapDeltaBytes                        = 524288                                    {product} {ergonomic}
   size_t MinHeapSize                              = 104857600                                 {product} {command line}
   size_t NewSize                                  = 34603008                                  {product} {ergonomic}
    uintx NonNMethodCodeHeapSize                   = 5839372                                {pd product} {ergonomic}
    uintx NonProfiledCodeHeapSize                  = 122909434                              {pd product} {ergonomic}
   size_t OldSize                                  = 70254592                                  {product} {ergonomic}
    uintx ProfiledCodeHeapSize                     = 122909434                              {pd product} {ergonomic}
    uintx ReservedCodeCacheSize                    = 251658240                              {pd product} {ergonomic}
     bool SegmentedCodeCache                       = true                                      {product} {ergonomic}
   size_t SoftMaxHeapSize                          = 2147483648                             {manageable} {ergonomic}
     bool UseCompressedOops                        = true                           {product lp64_product} {ergonomic}
     bool UseLargePagesIndividualAllocation        = false                                  {pd product} {ergonomic}
     bool UseParallelGC                            = true                                      {product} {command line}

Logging:
Log output configuration:
 #0: stdout all=off uptime,level,tags foldmultilines=false
 #1: stderr all=off uptime,level,tags foldmultilines=false

Release file:
JAVA_VERSION="21.0.10" 
MODULES="java.base java.compiler java.datatransfer java.xml java.prefs java.desktop java.instrument java.logging java.management java.security.sasl java.naming java.rmi java.management.rmi java.net.http java.scripting java.security.jgss java.transaction.xa java.sql java.sql.rowset java.xml.crypto java.se java.smartcardio jdk.accessibility jdk.internal.jvmstat jdk.attach jdk.charsets jdk.internal.opt jdk.zipfs jdk.compiler jdk.crypto.ec jdk.crypto.cryptoki jdk.crypto.mscapi jdk.dynalink jdk.internal.ed jdk.editpad jdk.hotspot.agent jdk.httpserver jdk.internal.le jdk.internal.vm.ci jdk.internal.vm.compiler jdk.internal.vm.compiler.management jdk.jartool jdk.javadoc jdk.jcmd jdk.management jdk.management.agent jdk.jconsole jdk.jdeps jdk.jdwp.agent jdk.jdi jdk.jfr jdk.jshell jdk.jsobject jdk.jstatd jdk.localedata jdk.management.jfr jdk.naming.dns jdk.naming.rmi jdk.net jdk.nio.mapmode jdk.random jdk.sctp jdk.security.auth jdk.security.jgss jdk.unsupported jdk.unsupported.desktop jdk.xml.dom" 

Environment Variables:
JAVA_HOME=C:\Program Files\Java\jdk-23
PATH=C:\Oracle\19c\bin;C:\Program Files\Common Files\Oracle\Java\javapath;C:\Program Files (x86)\Common Files\Oracle\Java\javapath;C:\Program Files\Microsoft MPI\Bin\;C:\Program Files\Python313\Scripts\;C:\Program Files\Python313\;C:\Program Files (x86)\Common Files\Intel\Shared Libraries\redist\intel64\compiler;C:\WINDOWS\system32;C:\WINDOWS;C:\WINDOWS\System32\Wbem;C:\WINDOWS\System32\WindowsPowerShell\v1.0\;C:\WINDOWS\System32\OpenSSH\;C:\Program Files\dotnet\;C:\Program Files (x86)\NVIDIA Corporation\PhysX\Common;C:\Program Files\NVIDIA Corporation\NVIDIA NvDLISR;C:\Program Files (x86)\Microsoft SQL Server\160\Tools\Binn\;C:\Program Files\Microsoft SQL Server\160\Tools\Binn\;C:\Program Files\Microsoft SQL Server\Client SDK\ODBC\170\Tools\Binn\;C:\Program Files\Microsoft SQL Server\160\DTS\Binn\;C:\Program Files (x86)\Microsoft SQL Server\160\DTS\Binn\;C:\Program Files\Microsoft SQL Server\150\Tools\Binn\;C:\Program Files\Git\cmd;C:\src\flutter\bin;;C:\Program Files\Docker\Docker\resources\bin;C:\Program Files\Kubernetes\Minikube;C:\Program Files\nodejs\;C:\Users\TUF\AppData\Local\Microsoft\WindowsApps;C:\Users\TUF\AppData\Local\Programs\Microsoft VS Code\bin;C:\Users\TUF\.dotnet\tools;C:\Program Files\Java\jdk-23\bin;%ORACLE_HOME%\bin;C:\Program Files\JetBrains\IntelliJ IDEA 2025.3.3\bin;C:\Program Files\Apache\Maven\apache-maven-3.9.14\bin;C:\Users\TUF\AppData\Local\Microsoft\WinGet\Links;C:\Users\TUF\AppData\Roaming\npm
USERNAME=TUF
OS=Windows_NT
PROCESSOR_IDENTIFIER=AMD64 Family 25 Model 68 Stepping 1, AuthenticAMD
TMP=C:\Users\TUF\AppData\Local\Temp
TEMP=C:\Users\TUF\AppData\Local\Temp




Periodic native trim disabled

---------------  S Y S T E M  ---------------

OS:
 Windows 11 , 64 bit Build 26100 (10.0.26100.8521)
OS uptime: 0 days 1:14 hours
Hyper-V role detected

CPU: total 12 (initial active 12) (12 cores per cpu, 2 threads per core) family 25 model 68 stepping 1 microcode 0xa404107, cx8, cmov, fxsr, ht, mmx, 3dnowpref, sse, sse2, sse3, ssse3, sse4a, sse4.1, sse4.2, popcnt, lzcnt, tsc, tscinvbit, avx, avx2, aes, erms, clmul, bmi1, bmi2, adx, sha, fma, vzeroupper, clflush, clflushopt, hv, rdtscp, rdpid, fsrm, f16c, cet_ss
Processor Information for processor 0
  Max Mhz: 3301, Current Mhz: 2496, Mhz Limit: 3301
Processor Information for processor 1
  Max Mhz: 3301, Current Mhz: 2496, Mhz Limit: 3301
Processor Information for processor 2
  Max Mhz: 3301, Current Mhz: 3301, Mhz Limit: 3301
Processor Information for processor 3
  Max Mhz: 3301, Current Mhz: 2496, Mhz Limit: 3301
Processor Information for processor 4
  Max Mhz: 3301, Current Mhz: 3301, Mhz Limit: 3301
Processor Information for processor 5
  Max Mhz: 3301, Current Mhz: 3301, Mhz Limit: 3301
Processor Information for processor 6
  Max Mhz: 3301, Current Mhz: 3301, Mhz Limit: 3301
Processor Information for processor 7
  Max Mhz: 3301, Current Mhz: 2496, Mhz Limit: 3301
Processor Information for processor 8
  Max Mhz: 3301, Current Mhz: 2496, Mhz Limit: 3301
Processor Information for processor 9
  Max Mhz: 3301, Current Mhz: 2496, Mhz Limit: 3301
Processor Information for processor 10
  Max Mhz: 3301, Current Mhz: 2496, Mhz Limit: 3301
Processor Information for processor 11
  Max Mhz: 3301, Current Mhz: 2496, Mhz Limit: 3301

Memory: 4k page, system-wide physical 15611M (3278M free)
TotalPageFile size 25925M (AvailPageFile size 7M)
current process WorkingSet (physical memory assigned to process): 340M, peak: 342M
current process commit charge ("private bytes"): 426M, peak: 428M

vm_info: OpenJDK 64-Bit Server VM (21.0.10+7-LTS) for windows-amd64 JRE (21.0.10+7-LTS), built on 2026-01-20T00:00:00Z by "admin" with MS VC++ 17.12 (VS2022)

END.
